#
# A fatal error has been detected by the Java Runtime Environment:
#
#  EXCEPTION_ACCESS_VIOLATION (0xc0000005) at pc=0x00007ffb47ff0adc, pid=21312, tid=14996
#
# JRE version: Java(TM) SE Runtime Environment (17.0.12+8) (build 17.0.12+8-LTS-286)
# Java VM: Java HotSpot(TM) 64-Bit Server VM (17.0.12+8-LTS-286, mixed mode, sharing, tiered, compressed oops, compressed class ptrs, g1 gc, windows-amd64)
# Problematic frame:
# V  [jvm.dll+0x360adc]
#
# No core dump will be written. Minidumps are not enabled by default on client versions of Windows
#
# If you would like to submit a bug report, please visit:
#   https://bugreport.java.com/bugreport/crash.jsp
#

---------------  S U M M A R Y ------------

Command Line: -agentlib:jdwp=transport=dt_socket,address=127.0.0.1:56784,suspend=y,server=n -javaagent:C:\Users\Expertflow\AppData\Local\JetBrains\IntelliJIdea2025.2\captureAgent\debugger-agent.jar=file:///C:/Users/EXPERT~1/AppData/Local/Temp/capture302925833245624508.props -agentpath:C:\Users\Expertflow\AppData\Local\Temp\idea_libasyncProfiler_dll_temp_folder2\libasyncProfiler.dll=version,jfr,event=wall,interval=10ms,cstack=no,file=C:\Users\Expertflow\IdeaSnapshots\ESchoolApplication_2025_11_30_184748.jfr,dbghelppath=C:\Users\Expertflow\AppData\Local\Temp\idea_dbghelp_dll_temp_folder1\dbghelp.dll,log=C:\Users\Expertflow\AppData\Local\Temp\ESchoolApplication_2025_11_30_184748.jfr.log.txt,logLevel=DEBUG -Dkotlinx.coroutines.debug.enable.creation.stack.trace=false -Ddebugger.agent.enable.coroutines=true -Dkotlinx.coroutines.debug.enable.flows.stack.trace=true -Dkotlinx.coroutines.debug.enable.mutable.state.flows.stack.trace=true -Dfile.encoding=UTF-8 com.smartsolutions.eschool.ESchoolApplication

Host: Intel(R) Core(TM) i7-7820HQ CPU @ 2.90GHz, 8 cores, 15G,  Windows 11 , 64 bit Build 26100 (10.0.26100.7019)
Time: Sun Nov 30 18:47:54 2025 Pakistan Standard Time elapsed time: 5.812519 seconds (0d 0h 0m 5s)

---------------  T H R E A D  ---------------

Current thread (0x00000230c967c690):  JavaThread "C2 CompilerThread2" daemon [_thread_in_native, id=14996, stack(0x000000371af00000,0x000000371b000000)]


Current CompileTask:
C2:   5812 3444       4       java.lang.invoke.MethodType::makeImpl (109 bytes)

Stack: [0x000000371af00000,0x000000371b000000],  sp=0x000000371affb880,  free space=1006k
Native frames: (J=compiled Java code, j=interpreted, Vv=VM code, C=native code)
V  [jvm.dll+0x360adc]
V  [jvm.dll+0x1ba30a]
V  [jvm.dll+0x216997]
V  [jvm.dll+0x215c6f]
V  [jvm.dll+0x1a2960]
V  [jvm.dll+0x22610b]
V  [jvm.dll+0x2242ab]
V  [jvm.dll+0x79075c]
V  [jvm.dll+0x78abea]
V  [jvm.dll+0x678f35]
C  [ucrtbase.dll+0x37b0]
C  [KERNEL32.DLL+0x2e8d7]
C  [ntdll.dll+0x8c53c]


siginfo: EXCEPTION_ACCESS_VIOLATION (0xc0000005), reading address 0xffffffffffffffff


Registers:
RAX=0x80000230cbb18220, RBX=0x0000000002000000, RCX=0x7ff0000000000000, RDX=0x000000000000000a
RSP=0x000000371affb880, RBP=0x000000371affb980, RSI=0x0000000000000000, RDI=0x000000000000000b
R8 =0x0000000005445000, R9 =0x00000230cacde070, R10=0x00007ffb4872e2b0, R11=0x000000000000000a
R12=0x00000230cbb181c4, R13=0x000000000000000e, R14=0x00000230cd802180, R15=0x00000230cbb18198
RIP=0x00007ffb47ff0adc, EFLAGS=0x0000000000010246


Register to memory mapping:

RIP=0x00007ffb47ff0adc jvm.dll
RAX=0x80000230cbb18220 is an unknown value
RBX=0x0000000002000000 is an unknown value
RCX=0x7ff0000000000000 is an unknown value
RDX=0x000000000000000a is an unknown value
RSP=0x000000371affb880 is pointing into the stack for thread: 0x00000230c967c690
RBP=0x000000371affb980 is pointing into the stack for thread: 0x00000230c967c690
RSI=0x0 is NULL
RDI=0x000000000000000b is an unknown value
R8 =0x0000000005445000 is an unknown value
R9 =0x00000230cacde070 points into unknown readable memory: 0x00007ffb48551c30 | 30 1c 55 48 fb 7f 00 00
R10=0x00007ffb4872e2b0 jvm.dll
R11=0x000000000000000a is an unknown value
R12=0x00000230cbb181c4 points into unknown readable memory: 12 00 00 00
R13=0x000000000000000e is an unknown value
R14=0x00000230cd802180 points into unknown readable memory: 0x3e45dac0780277f3 | f3 77 02 78 c0 da 45 3e
R15=0x00000230cbb18198 points into unknown readable memory: 0x00007ffb48566070 | 70 60 56 48 fb 7f 00 00


Top of Stack: (sp=0x000000371affb880)
0x000000371affb880:   0000000000000001 0000000000000001
0x000000371affb890:   000000371affbf30 00000230c92c3f20
0x000000371affb8a0:   000000371affb8d0 0000000000000006
0x000000371affb8b0:   0000000a0000001a 00000230cacde090
0x000000371affb8c0:   000000000000001b 00000230cacde070
0x000000371affb8d0:   0000001a00000000 0000000e00000020
0x000000371affb8e0:   0000000000000000 0000001c0000000a
0x000000371affb8f0:   0000000d0000000c 0000000000000000
0x000000371affb900:   0000001900000111 00007ffb00000e19
0x000000371affb910:   000000000000000b 0000000000000000
0x000000371affb920:   0000000200000169 0000000200000002
0x000000371affb930:   00000230cadcabc0 00000230caca8cd8
0x000000371affb940:   000000371affb960 00000230cacde0dc
0x000000371affb950:   00000230cacde0e4 00000000000001dc
0x000000371affb960:   0000000f00000014 00000230caca8da0
0x000000371affb970:   00000230cd0562c0 00000230ca420d10 

Instructions: (pc=0x00007ffb47ff0adc)
0x00007ffb47ff09dc:   00 00 00 00 48 8b 56 10 48 8b 92 d8 02 00 00 e8
0x00007ffb47ff09ec:   30 f9 33 00 44 8b ad 40 01 00 00 41 ff cc 41 ff
0x00007ffb47ff09fc:   cd 44 89 64 24 30 44 89 ad 40 01 00 00 44 89 6c
0x00007ffb47ff0a0c:   24 6c 44 89 64 24 54 8b 54 24 34 45 33 c9 8b 85
0x00007ffb47ff0a1c:   48 01 00 00 48 8b 4d 90 ff c8 4c 8b 7c 24 48 48
0x00007ffb47ff0a2c:   ff c9 89 85 48 01 00 00 48 89 4d 90 85 c0 0f 85
0x00007ffb47ff0a3c:   87 fd ff ff 8b 74 24 70 44 8b 74 24 58 8b 5c 24
0x00007ffb47ff0a4c:   50 8b 44 24 74 39 44 24 68 45 0f 47 e9 3b 5c 24
0x00007ffb47ff0a5c:   5c 41 8b 5f 28 45 0f 47 e1 44 3b eb 0f 83 23 06
0x00007ffb47ff0a6c:   00 00 ff cb 41 3b 5f 18 0f 83 ba 05 00 00 48 8b
0x00007ffb47ff0a7c:   44 24 38 48 8b 00 48 8b 3c d8 e9 ac 05 00 00 0f
0x00007ffb47ff0a8c:   28 c6 ff 15 24 7c 4d 00 85 c0 74 10 f2 41 0f 10
0x00007ffb47ff0a9c:   46 08 f2 0f 5c c6 f2 41 0f 11 46 08 41 8b 47 2c
0x00007ffb47ff0aac:   4d 8d 67 2c 83 e0 1f 3c 12 0f 85 91 00 00 00 49
0x00007ffb47ff0abc:   83 7e 18 ff 0f 84 86 00 00 00 41 83 7f 20 01 75
0x00007ffb47ff0acc:   7f 49 8b 47 10 4c 8b 4c 24 48 8b bd 48 01 00 00
0x00007ffb47ff0adc:   4c 8b 00 48 8b 85 30 01 00 00 41 8b 50 28 48 8b
0x00007ffb47ff0aec:   40 48 48 8b 48 78 4c 39 0c d1 75 5a 44 8b 54 24
0x00007ffb47ff0afc:   40 8d 57 01 49 8b cf 41 3b d2 77 35 48 8b 7c 24
0x00007ffb47ff0b0c:   38 45 33 e4 8b 41 2c 83 e0 1f 3c 12 75 19 41 3b
0x00007ffb47ff0b1c:   51 18 73 09 48 8b 07 48 8b 0c d0 eb 03 49 8b cc
0x00007ffb47ff0b2c:   ff c2 41 3b d2 76 dd 8b bd 48 01 00 00 4d 8d 67
0x00007ffb47ff0b3c:   2c 49 3b c8 75 10 49 c7 46 08 00 00 00 00 eb 06
0x00007ffb47ff0b4c:   8b bd 48 01 00 00 48 8b 45 e8 4a 8b 14 e8 48 8b
0x00007ffb47ff0b5c:   c3 48 f7 d0 48 8b 0c f2 48 23 c1 48 89 04 f2 48
0x00007ffb47ff0b6c:   85 cb 0f 84 06 01 00 00 ff 4d e0 49 8d 4e 38 e8
0x00007ffb47ff0b7c:   f0 87 36 00 84 c0 0f 84 f2 00 00 00 41 83 be 98
0x00007ffb47ff0b8c:   00 00 00 00 0f 84 e4 00 00 00 41 f6 86 a8 00 00
0x00007ffb47ff0b9c:   00 06 74 32 8b 4c 24 50 41 0f b7 86 a4 00 00 00
0x00007ffb47ff0bac:   44 8b ad 40 01 00 00 2b c8 89 4c 24 50 3b 4c 24
0x00007ffb47ff0bbc:   5c 0f 85 be 00 00 00 8b c7 89 44 24 30 89 44 24
0x00007ffb47ff0bcc:   54 e9 af 00 00 00 4c 8b 15 ff f4 7a 00 45 8b 4a 


Stack slot to memory mapping:
stack at sp + 0 slots: 0x0000000000000001 is an unknown value
stack at sp + 1 slots: 0x0000000000000001 is an unknown value
stack at sp + 2 slots: 0x000000371affbf30 is pointing into the stack for thread: 0x00000230c967c690
stack at sp + 3 slots: 0x00000230c92c3f20 points into unknown readable memory: 0x00007ffb48551c30 | 30 1c 55 48 fb 7f 00 00
stack at sp + 4 slots: 0x000000371affb8d0 is pointing into the stack for thread: 0x00000230c967c690
stack at sp + 5 slots: 0x0000000000000006 is an unknown value
stack at sp + 6 slots: 0x0000000a0000001a is an unknown value
stack at sp + 7 slots: 0x00000230cacde090 points into unknown readable memory: 0x00000230cbb18240 | 40 82 b1 cb 30 02 00 00


---------------  P R O C E S S  ---------------

Threads class SMR info:
_java_thread_list=0x00000230c93ec8f0, length=20, elements={
0x00000230deb2dfd0, 0x0000023082373890, 0x0000023082373e70, 0x0000023082387710,
0x0000023082387bf0, 0x000002308238a0e0, 0x0000023082392db0, 0x00000230823a6810,
0x00000230823a75c0, 0x00000230823a7ae0, 0x00000230824747c0, 0x000002308257c180,
0x0000023082562330, 0x000002308259f180, 0x0000023082617830, 0x0000023082865ec0,
0x00000230c8a4c700, 0x00000230c8a4b7d0, 0x00000230c967e120, 0x00000230c967c690
}

Java Threads: ( => current thread )
  0x00000230deb2dfd0 JavaThread "main" [_thread_blocked, id=6832, stack(0x0000003718e00000,0x0000003718f00000)]
  0x0000023082373890 JavaThread "Reference Handler" daemon [_thread_blocked, id=23584, stack(0x0000003719500000,0x0000003719600000)]
  0x0000023082373e70 JavaThread "Finalizer" daemon [_thread_blocked, id=20272, stack(0x0000003719600000,0x0000003719700000)]
  0x0000023082387710 JavaThread "Signal Dispatcher" daemon [_thread_blocked, id=5708, stack(0x0000003719700000,0x0000003719800000)]
  0x0000023082387bf0 JavaThread "Attach Listener" daemon [_thread_blocked, id=13676, stack(0x0000003719800000,0x0000003719900000)]
  0x000002308238a0e0 JavaThread "Service Thread" daemon [_thread_blocked, id=24804, stack(0x0000003719900000,0x0000003719a00000)]
  0x0000023082392db0 JavaThread "Monitor Deflation Thread" daemon [_thread_blocked, id=6020, stack(0x0000003719a00000,0x0000003719b00000)]
  0x00000230823a6810 JavaThread "C2 CompilerThread0" daemon [_thread_in_native, id=6788, stack(0x0000003719b00000,0x0000003719c00000)]
  0x00000230823a75c0 JavaThread "C1 CompilerThread0" daemon [_thread_blocked, id=13144, stack(0x0000003719c00000,0x0000003719d00000)]
  0x00000230823a7ae0 JavaThread "Sweeper thread" daemon [_thread_blocked, id=7028, stack(0x0000003719d00000,0x0000003719e00000)]
  0x00000230824747c0 JavaThread "Common-Cleaner" daemon [_thread_blocked, id=24116, stack(0x0000003719e00000,0x0000003719f00000)]
  0x000002308257c180 JavaThread "JDWP Transport Listener: dt_socket" daemon [_thread_blocked, id=20064, stack(0x000000371a000000,0x000000371a100000)]
  0x0000023082562330 JavaThread "JDWP Event Helper Thread" daemon [_thread_blocked, id=10476, stack(0x000000371a100000,0x000000371a200000)]
  0x000002308259f180 JavaThread "JDWP Command Reader" daemon [_thread_in_native, id=24348, stack(0x000000371a200000,0x000000371a300000)]
  0x0000023082617830 JavaThread "IntelliJ Suspend Helper" daemon [_thread_blocked, id=2840, stack(0x000000371a300000,0x000000371a400000)]
  0x0000023082865ec0 JavaThread "Notification Thread" daemon [_thread_blocked, id=18260, stack(0x000000371a400000,0x000000371a500000)]
  0x00000230c8a4c700 JavaThread "Thread-0" [_thread_blocked, id=25376, stack(0x000000371ad00000,0x000000371ae00000)]
  0x00000230c8a4b7d0 JavaThread "restartedMain" [_thread_in_Java, id=7668, stack(0x000000371ae00000,0x000000371af00000)]
  0x00000230c967e120 JavaThread "C2 CompilerThread1" daemon [_thread_in_native, id=19824, stack(0x0000003719f00000,0x000000371a000000)]
=>0x00000230c967c690 JavaThread "C2 CompilerThread2" daemon [_thread_in_native, id=14996, stack(0x000000371af00000,0x000000371b000000)]

Other Threads:
  0x0000023082372a80 VMThread "VM Thread" [stack: 0x0000003719400000,0x0000003719500000] [id=24540]
  0x00000230e6622290 WatcherThread [stack: 0x000000371a500000,0x000000371a600000] [id=13936]
  0x00000230e65aaf70 GCTaskThread "GC Thread#0" [stack: 0x0000003718f00000,0x0000003719000000] [id=15344]
  0x00000230c86ce220 GCTaskThread "GC Thread#1" [stack: 0x000000371a600000,0x000000371a700000] [id=21472]
  0x00000230c88e9ba0 GCTaskThread "GC Thread#2" [stack: 0x000000371a700000,0x000000371a800000] [id=20396]
  0x00000230c86b26d0 GCTaskThread "GC Thread#3" [stack: 0x000000371a800000,0x000000371a900000] [id=10740]
  0x00000230c88a5bd0 GCTaskThread "GC Thread#4" [stack: 0x000000371a900000,0x000000371aa00000] [id=4784]
  0x00000230c88a6150 GCTaskThread "GC Thread#5" [stack: 0x000000371aa00000,0x000000371ab00000] [id=24884]
  0x00000230c88a5e90 GCTaskThread "GC Thread#6" [stack: 0x000000371ab00000,0x000000371ac00000] [id=20612]
  0x00000230c88a6410 GCTaskThread "GC Thread#7" [stack: 0x000000371ac00000,0x000000371ad00000] [id=21528]
  0x00000230e6613030 ConcurrentGCThread "G1 Main Marker" [stack: 0x0000003719000000,0x0000003719100000] [id=19164]
  0x00000230e66148e0 ConcurrentGCThread "G1 Conc#0" [stack: 0x0000003719100000,0x0000003719200000] [id=23368]
  0x00000230c93d3560 ConcurrentGCThread "G1 Conc#1" [stack: 0x000000371b100000,0x000000371b200000] [id=22052]
  0x00000230e6720af0 ConcurrentGCThread "G1 Refine#0" [stack: 0x0000003719200000,0x0000003719300000] [id=8568]
  0x00000230e6721ef0 ConcurrentGCThread "G1 Service" [stack: 0x0000003719300000,0x0000003719400000] [id=4180]

Threads with active compile tasks:
C2 CompilerThread0     5925 3412       4       org.springframework.asm.ClassReader::readMethod (1061 bytes)
C2 CompilerThread1     5925 3693   !   4       org.springframework.beans.factory.support.DefaultSingletonBeanRegistry::getSingleton (147 bytes)
C2 CompilerThread2     5925 3444       4       java.lang.invoke.MethodType::makeImpl (109 bytes)

VM state: not at safepoint (normal execution)

VM Mutex/Monitor currently owned by a thread: None

Heap address: 0x0000000701e00000, size: 4066 MB, Compressed Oops mode: Zero based, Oop shift amount: 3

CDS archive(s) mapped at: [0x0000023083000000-0x0000023083bd0000-0x0000023083bd0000), size 12386304, SharedBaseAddress: 0x0000023083000000, ArchiveRelocationMode: 1.
Compressed class space mapped at: 0x0000023084000000-0x00000230c4000000, reserved size: 1073741824
Narrow klass base: 0x0000023083000000, Narrow klass shift: 0, Narrow klass range: 0x100000000

GC Precious Log:
 CPUs: 8 total, 8 available
 Memory: 16259M
 Large Page Support: Disabled
 NUMA Support: Disabled
 Compressed Oops: Enabled (Zero based)
 Heap Region Size: 2M
 Heap Min Capacity: 8M
 Heap Initial Capacity: 256M
 Heap Max Capacity: 4066M
 Pre-touch: Disabled
 Parallel Workers: 8
 Concurrent Workers: 2
 Concurrent Refinement Workers: 8
 Periodic GC: Disabled

Heap:
 garbage-first heap   total 55296K, used 34244K [0x0000000701e00000, 0x0000000800000000)
  region size 2048K, 10 young (20480K), 1 survivors (2048K)
 Metaspace       used 30800K, committed 31168K, reserved 1114112K
  class space    used 3748K, committed 3904K, reserved 1048576K

Heap Regions: E=young(eden), S=young(survivor), O=old, HS=humongous(starts), HC=humongous(continues), CS=collection set, F=free, OA=open archive, CA=closed archive, TAMS=top-at-mark-start (previous, next)
|   0|0x0000000701e00000, 0x0000000702000000, 0x0000000702000000|100%| O|  |TAMS 0x0000000702000000, 0x0000000701e00000| Untracked 
|   1|0x0000000702000000, 0x0000000702200000, 0x0000000702200000|100%| O|  |TAMS 0x0000000702200000, 0x0000000702000000| Untracked 
|   2|0x0000000702200000, 0x0000000702400000, 0x0000000702400000|100%| O|  |TAMS 0x0000000702400000, 0x0000000702200000| Untracked 
|   3|0x0000000702400000, 0x00000007025b8c00, 0x0000000702600000| 86%| O|  |TAMS 0x0000000702400000, 0x0000000702400000| Untracked 
|   4|0x0000000702600000, 0x0000000702800000, 0x0000000702800000|100%| O|  |TAMS 0x0000000702600000, 0x0000000702600000| Untracked 
|   5|0x0000000702800000, 0x0000000702a00000, 0x0000000702a00000|100%| O|  |TAMS 0x0000000702800000, 0x0000000702800000| Untracked 
|   6|0x0000000702a00000, 0x0000000702c00000, 0x0000000702c00000|100%| O|  |TAMS 0x0000000702a00000, 0x0000000702a00000| Untracked 
|   7|0x0000000702c00000, 0x0000000702e00000, 0x0000000702e00000|100%| O|  |TAMS 0x0000000702c00000, 0x0000000702c00000| Untracked 
|   8|0x0000000702e00000, 0x0000000702e00000, 0x0000000703000000|  0%| F|  |TAMS 0x0000000702e00000, 0x0000000702e00000| Untracked 
|   9|0x0000000703000000, 0x0000000703000000, 0x0000000703200000|  0%| F|  |TAMS 0x0000000703000000, 0x0000000703000000| Untracked 
|  10|0x0000000703200000, 0x0000000703200000, 0x0000000703400000|  0%| F|  |TAMS 0x0000000703200000, 0x0000000703200000| Untracked 
|  11|0x0000000703400000, 0x0000000703400000, 0x0000000703600000|  0%| F|  |TAMS 0x0000000703400000, 0x0000000703400000| Untracked 
|  12|0x0000000703600000, 0x0000000703600000, 0x0000000703800000|  0%| F|  |TAMS 0x0000000703600000, 0x0000000703600000| Untracked 
|  13|0x0000000703800000, 0x0000000703800000, 0x0000000703a00000|  0%| F|  |TAMS 0x0000000703800000, 0x0000000703800000| Untracked 
|  14|0x0000000703a00000, 0x0000000703a00000, 0x0000000703c00000|  0%| F|  |TAMS 0x0000000703a00000, 0x0000000703a00000| Untracked 
|  15|0x0000000703c00000, 0x0000000703c00000, 0x0000000703e00000|  0%| F|  |TAMS 0x0000000703c00000, 0x0000000703c00000| Untracked 
|  16|0x0000000703e00000, 0x0000000703fb8478, 0x0000000704000000| 85%| S|CS|TAMS 0x0000000703e00000, 0x0000000703e00000| Complete 
|  17|0x0000000704000000, 0x0000000704000000, 0x0000000704200000|  0%| F|  |TAMS 0x0000000704000000, 0x0000000704000000| Untracked 
|  18|0x0000000704200000, 0x00000007042bfab8, 0x0000000704400000| 37%| E|  |TAMS 0x0000000704200000, 0x0000000704200000| Complete 
|  19|0x0000000704400000, 0x0000000704600000, 0x0000000704600000|100%| E|CS|TAMS 0x0000000704400000, 0x0000000704400000| Complete 
|  20|0x0000000704600000, 0x0000000704800000, 0x0000000704800000|100%| E|CS|TAMS 0x0000000704600000, 0x0000000704600000| Complete 
|  21|0x0000000704800000, 0x0000000704a00000, 0x0000000704a00000|100%| E|CS|TAMS 0x0000000704800000, 0x0000000704800000| Complete 
|  22|0x0000000704a00000, 0x0000000704c00000, 0x0000000704c00000|100%| E|CS|TAMS 0x0000000704a00000, 0x0000000704a00000| Complete 
| 105|0x000000070f000000, 0x000000070f200000, 0x000000070f200000|100%| E|CS|TAMS 0x000000070f000000, 0x000000070f000000| Complete 
| 106|0x000000070f200000, 0x000000070f400000, 0x000000070f400000|100%| E|CS|TAMS 0x000000070f200000, 0x000000070f200000| Complete 
| 107|0x000000070f400000, 0x000000070f600000, 0x000000070f600000|100%| E|CS|TAMS 0x000000070f400000, 0x000000070f400000| Complete 
| 127|0x0000000711c00000, 0x0000000711e00000, 0x0000000711e00000|100%| E|CS|TAMS 0x0000000711c00000, 0x0000000711c00000| Complete 

Card table byte_map: [0x00000230f69a0000,0x00000230f71a0000] _byte_map_base: 0x00000230f3191000

Marking Bits (Prev, Next): (CMBitMap*) 0x00000230e6602b70, (CMBitMap*) 0x00000230e6602b30
 Prev Bits: [0x00000230fb930000, 0x00000230ff8b8000)
 Next Bits: [0x00000230f79a0000, 0x00000230fb928000)

Polling page: 0x00000230dc9b0000

Metaspace:

Usage:
  Non-class:     26.44 MB used.
      Class:      3.66 MB used.
       Both:     30.10 MB used.

Virtual space:
  Non-class space:       64.00 MB reserved,      26.62 MB ( 42%) committed,  1 nodes.
      Class space:        1.00 GB reserved,       3.81 MB ( <1%) committed,  1 nodes.
             Both:        1.06 GB reserved,      30.44 MB (  3%) committed. 

Chunk freelists:
   Non-Class:  5.03 MB
       Class:  12.14 MB
        Both:  17.17 MB

MaxMetaspaceSize: unlimited
CompressedClassSpaceSize: 1.00 GB
Initial GC threshold: 21.00 MB
Current GC threshold: 35.31 MB
CDS: on
MetaspaceReclaimPolicy: balanced
 - commit_granule_bytes: 65536.
 - commit_granule_words: 8192.
 - virtual_space_node_default_size: 8388608.
 - enlarge_chunks_in_place: 1.
 - new_chunks_are_fully_committed: 0.
 - uncommit_free_chunks: 1.
 - use_allocation_guard: 0.
 - handle_deallocations: 1.


Internal statistics:

num_allocs_failed_limit: 3.
num_arena_births: 264.
num_arena_deaths: 0.
num_vsnodes_births: 2.
num_vsnodes_deaths: 0.
num_space_committed: 487.
num_space_uncommitted: 0.
num_chunks_returned_to_freelist: 3.
num_chunks_taken_from_freelist: 1121.
num_chunk_merges: 3.
num_chunk_splits: 792.
num_chunks_enlarged: 641.
num_inconsistent_stats: 0.

CodeHeap 'non-profiled nmethods': size=120000Kb used=2068Kb max_used=2068Kb free=117931Kb
 bounds [0x00000230ee200000, 0x00000230ee470000, 0x00000230f5730000]
CodeHeap 'profiled nmethods': size=120000Kb used=9199Kb max_used=9199Kb free=110800Kb
 bounds [0x00000230e6730000, 0x00000230e7030000, 0x00000230edc60000]
CodeHeap 'non-nmethods': size=5760Kb used=1274Kb max_used=1342Kb free=4485Kb
 bounds [0x00000230edc60000, 0x00000230eded0000, 0x00000230ee200000]
 total_blobs=4198 nmethods=3690 adapters=420
 compilation: enabled
              stopped_count=0, restarted_count=0
 full_count=0

Compilation events (20 events):
Event: 5.701 Thread 0x00000230823a75c0 3633       3       org.springframework.core.ResolvableType$1::isAssignableFrom (24 bytes)
Event: 5.702 Thread 0x00000230823a75c0 nmethod 3633 0x00000230e6ff0f10 code [0x00000230e6ff10c0, 0x00000230e6ff12a8]
Event: 5.703 Thread 0x00000230823a75c0 3634       3       org.springframework.beans.factory.support.DefaultListableBeanFactory::requiresEagerInitForType (26 bytes)
Event: 5.704 Thread 0x00000230823a75c0 nmethod 3634 0x00000230e6ff1410 code [0x00000230e6ff15e0, 0x00000230e6ff1a38]
Event: 5.704 Thread 0x00000230823a75c0 3635       3       org.springframework.core.annotation.AnnotationTypeMapping$MirrorSets::get (7 bytes)
Event: 5.705 Thread 0x00000230823a75c0 nmethod 3635 0x00000230e6ff1c10 code [0x00000230e6ff1da0, 0x00000230e6ff1ed8]
Event: 5.716 Thread 0x00000230823a75c0 3636       3       java.lang.Package::<init> (47 bytes)
Event: 5.716 Thread 0x00000230823a75c0 nmethod 3636 0x00000230e6ff2010 code [0x00000230e6ff2200, 0x00000230e6ff2688]
Event: 5.716 Thread 0x00000230823a75c0 3638       3       java.lang.reflect.Proxy$ProxyBuilder::getElementType (19 bytes)
Event: 5.717 Thread 0x00000230823a75c0 nmethod 3638 0x00000230e6ff2990 code [0x00000230e6ff2b60, 0x00000230e6ff2e18]
Event: 5.717 Thread 0x00000230823a75c0 3637       3       java.lang.reflect.Proxy$ProxyBuilder::addElementType (19 bytes)
Event: 5.717 Thread 0x00000230823a75c0 nmethod 3637 0x00000230e6ff3010 code [0x00000230e6ff3200, 0x00000230e6ff37c8]
Event: 5.725 Thread 0x00000230823a75c0 3639       3       java.lang.Class::copyMethods (36 bytes)
Event: 5.728 Thread 0x00000230823a75c0 nmethod 3639 0x00000230e6ff3b90 code [0x00000230e6ff3de0, 0x00000230e6ff48c8]
Event: 5.737 Thread 0x00000230823a75c0 3641       3       jdk.internal.reflect.ClassFileAssembler::emitConstantPoolMethodref (28 bytes)
Event: 5.738 Thread 0x00000230823a75c0 nmethod 3641 0x00000230e6ff4f10 code [0x00000230e6ff5140, 0x00000230e6ff5848]
Event: 5.739 Thread 0x00000230823a75c0 3642  s    3       java.io.ByteArrayOutputStream::toString (18 bytes)
Event: 5.740 Thread 0x00000230823a75c0 nmethod 3642 0x00000230e6ff5d90 code [0x00000230e6ff5f40, 0x00000230e6ff61c8]
Event: 5.799 Thread 0x00000230823a75c0 3643       3       java.lang.reflect.Method::isBridge (16 bytes)
Event: 5.799 Thread 0x00000230823a75c0 nmethod 3643 0x00000230e6ff6310 code [0x00000230e6ff64a0, 0x00000230e6ff6618]

GC Heap History (14 events):
Event: 1.141 GC heap before
{Heap before GC invocations=0 (full 0):
 garbage-first heap   total 262144K, used 20480K [0x0000000701e00000, 0x0000000800000000)
  region size 2048K, 11 young (22528K), 0 survivors (0K)
 Metaspace       used 8081K, committed 8256K, reserved 1114112K
  class space    used 839K, committed 896K, reserved 1048576K
}
Event: 1.146 GC heap after
{Heap after GC invocations=1 (full 0):
 garbage-first heap   total 262144K, used 7349K [0x0000000701e00000, 0x0000000800000000)
  region size 2048K, 2 young (4096K), 2 survivors (4096K)
 Metaspace       used 8081K, committed 8256K, reserved 1114112K
  class space    used 839K, committed 896K, reserved 1048576K
}
Event: 1.899 GC heap before
{Heap before GC invocations=1 (full 0):
 garbage-first heap   total 262144K, used 31925K [0x0000000701e00000, 0x0000000800000000)
  region size 2048K, 14 young (28672K), 2 survivors (4096K)
 Metaspace       used 13420K, committed 13696K, reserved 1114112K
  class space    used 1536K, committed 1664K, reserved 1048576K
}
Event: 1.903 GC heap after
{Heap after GC invocations=2 (full 0):
 garbage-first heap   total 262144K, used 8950K [0x0000000701e00000, 0x0000000800000000)
  region size 2048K, 1 young (2048K), 1 survivors (2048K)
 Metaspace       used 13420K, committed 13696K, reserved 1114112K
  class space    used 1536K, committed 1664K, reserved 1048576K
}
Event: 2.643 GC heap before
{Heap before GC invocations=2 (full 0):
 garbage-first heap   total 262144K, used 45814K [0x0000000701e00000, 0x0000000800000000)
  region size 2048K, 20 young (40960K), 1 survivors (2048K)
 Metaspace       used 21255K, committed 21504K, reserved 1114112K
  class space    used 2623K, committed 2752K, reserved 1048576K
}
Event: 2.649 GC heap after
{Heap after GC invocations=3 (full 0):
 garbage-first heap   total 262144K, used 11758K [0x0000000701e00000, 0x0000000800000000)
  region size 2048K, 3 young (6144K), 3 survivors (6144K)
 Metaspace       used 21255K, committed 21504K, reserved 1114112K
  class space    used 2623K, committed 2752K, reserved 1048576K
}
Event: 3.341 GC heap before
{Heap before GC invocations=4 (full 0):
 garbage-first heap   total 55296K, used 38382K [0x0000000701e00000, 0x0000000800000000)
  region size 2048K, 16 young (32768K), 3 survivors (6144K)
 Metaspace       used 26059K, committed 26368K, reserved 1114112K
  class space    used 3187K, committed 3328K, reserved 1048576K
}
Event: 3.352 GC heap after
{Heap after GC invocations=5 (full 0):
 garbage-first heap   total 55296K, used 13758K [0x0000000701e00000, 0x0000000800000000)
  region size 2048K, 2 young (4096K), 2 survivors (4096K)
 Metaspace       used 26059K, committed 26368K, reserved 1114112K
  class space    used 3187K, committed 3328K, reserved 1048576K
}
Event: 3.727 GC heap before
{Heap before GC invocations=5 (full 0):
 garbage-first heap   total 55296K, used 15806K [0x0000000701e00000, 0x0000000800000000)
  region size 2048K, 3 young (6144K), 2 survivors (4096K)
 Metaspace       used 26114K, committed 26368K, reserved 1114112K
  class space    used 3187K, committed 3328K, reserved 1048576K
}
Event: 3.737 GC heap after
{Heap after GC invocations=6 (full 0):
 garbage-first heap   total 55296K, used 14198K [0x0000000701e00000, 0x0000000800000000)
  region size 2048K, 1 young (2048K), 1 survivors (2048K)
 Metaspace       used 26114K, committed 26368K, reserved 1114112K
  class space    used 3187K, committed 3328K, reserved 1048576K
}
Event: 4.783 GC heap before
{Heap before GC invocations=6 (full 0):
 garbage-first heap   total 55296K, used 34678K [0x0000000701e00000, 0x0000000800000000)
  region size 2048K, 11 young (22528K), 1 survivors (2048K)
 Metaspace       used 26806K, committed 27136K, reserved 1114112K
  class space    used 3241K, committed 3392K, reserved 1048576K
}
Event: 4.786 GC heap after
{Heap after GC invocations=7 (full 0):
 garbage-first heap   total 55296K, used 16114K [0x0000000701e00000, 0x0000000800000000)
  region size 2048K, 2 young (4096K), 2 survivors (4096K)
 Metaspace       used 26806K, committed 27136K, reserved 1114112K
  class space    used 3241K, committed 3392K, reserved 1048576K
}
Event: 5.377 GC heap before
{Heap before GC invocations=7 (full 0):
 garbage-first heap   total 55296K, used 36594K [0x0000000701e00000, 0x0000000800000000)
  region size 2048K, 12 young (24576K), 2 survivors (4096K)
 Metaspace       used 29263K, committed 29632K, reserved 1114112K
  class space    used 3543K, committed 3712K, reserved 1048576K
}
Event: 5.380 GC heap after
{Heap after GC invocations=8 (full 0):
 garbage-first heap   total 55296K, used 17860K [0x0000000701e00000, 0x0000000800000000)
  region size 2048K, 1 young (2048K), 1 survivors (2048K)
 Metaspace       used 29263K, committed 29632K, reserved 1114112K
  class space    used 3543K, committed 3712K, reserved 1048576K
}

Deoptimization events (20 events):
Event: 5.736 Thread 0x00000230c8a4b7d0 DEOPT PACKING pc=0x00000230e6eae02c sp=0x000000371aefc710
Event: 5.736 Thread 0x00000230c8a4b7d0 DEOPT UNPACKING pc=0x00000230edcb2b43 sp=0x000000371aefbcd0 mode 1
Event: 5.737 Thread 0x00000230c8a4b7d0 DEOPT PACKING pc=0x00000230e6effea9 sp=0x000000371aefc520
Event: 5.737 Thread 0x00000230c8a4b7d0 DEOPT UNPACKING pc=0x00000230edcb2b43 sp=0x000000371aefb9f8 mode 1
Event: 5.737 Thread 0x00000230c8a4b7d0 DEOPT PACKING pc=0x00000230e6eb2564 sp=0x000000371aefc5b0
Event: 5.737 Thread 0x00000230c8a4b7d0 DEOPT UNPACKING pc=0x00000230edcb2b43 sp=0x000000371aefbb50 mode 1
Event: 5.737 Thread 0x00000230c8a4b7d0 DEOPT PACKING pc=0x00000230e6eae02c sp=0x000000371aefc710
Event: 5.737 Thread 0x00000230c8a4b7d0 DEOPT UNPACKING pc=0x00000230edcb2b43 sp=0x000000371aefbcd0 mode 1
Event: 5.739 Thread 0x00000230c8a4b7d0 DEOPT PACKING pc=0x00000230e6effea9 sp=0x000000371aefc520
Event: 5.739 Thread 0x00000230c8a4b7d0 DEOPT UNPACKING pc=0x00000230edcb2b43 sp=0x000000371aefb9f8 mode 1
Event: 5.739 Thread 0x00000230c8a4b7d0 DEOPT PACKING pc=0x00000230e6eb2564 sp=0x000000371aefc5b0
Event: 5.739 Thread 0x00000230c8a4b7d0 DEOPT UNPACKING pc=0x00000230edcb2b43 sp=0x000000371aefbb50 mode 1
Event: 5.739 Thread 0x00000230c8a4b7d0 DEOPT PACKING pc=0x00000230e6eae02c sp=0x000000371aefc710
Event: 5.739 Thread 0x00000230c8a4b7d0 DEOPT UNPACKING pc=0x00000230edcb2b43 sp=0x000000371aefbcd0 mode 1
Event: 5.743 Thread 0x00000230c8a4b7d0 DEOPT PACKING pc=0x00000230e6effea9 sp=0x000000371aefc740
Event: 5.743 Thread 0x00000230c8a4b7d0 DEOPT UNPACKING pc=0x00000230edcb2b43 sp=0x000000371aefbc18 mode 1
Event: 5.743 Thread 0x00000230c8a4b7d0 DEOPT PACKING pc=0x00000230e6eb2564 sp=0x000000371aefc7d0
Event: 5.743 Thread 0x00000230c8a4b7d0 DEOPT UNPACKING pc=0x00000230edcb2b43 sp=0x000000371aefbd70 mode 1
Event: 5.743 Thread 0x00000230c8a4b7d0 DEOPT PACKING pc=0x00000230e6eae02c sp=0x000000371aefc930
Event: 5.743 Thread 0x00000230c8a4b7d0 DEOPT UNPACKING pc=0x00000230edcb2b43 sp=0x000000371aefbef0 mode 1

Classes unloaded (0 events):
No events

Classes redefined (1 events):
Event: 0.251 Thread 0x0000023082372a80 redefined class name=java.lang.Throwable, count=1

Internal exceptions (20 events):
Event: 1.968 Thread 0x00000230c8a4b7d0 Exception <a 'java/lang/NoSuchMethodError'{0x0000000711d7a248}: 'java.lang.Object java.lang.invoke.DirectMethodHandle$Holder.invokeStaticInit(java.lang.Object, java.lang.Object, long, java.lang.Object)'> (0x0000000711d7a248) 
thrown [s\open\src\hotspot\share\interpreter\linkResolver.cpp, line 759]
Event: 1.969 Thread 0x00000230c8a4b7d0 Exception <a 'java/lang/NoSuchMethodError'{0x0000000711d808e0}: 'java.lang.Object java.lang.invoke.DirectMethodHandle$Holder.newInvokeSpecial(java.lang.Object, java.lang.Object, long)'> (0x0000000711d808e0) 
thrown [s\open\src\hotspot\share\interpreter\linkResolver.cpp, line 759]
Event: 1.970 Thread 0x00000230c8a4b7d0 Exception <a 'java/lang/NoSuchMethodError'{0x0000000711d84470}: 'java.lang.Object java.lang.invoke.Invokers$Holder.linkToTargetMethod(java.lang.Object, long, java.lang.Object)'> (0x0000000711d84470) 
thrown [s\open\src\hotspot\share\interpreter\linkResolver.cpp, line 759]
Event: 1.978 Thread 0x00000230c8a4b7d0 Exception <a 'java/lang/NoSuchMethodError'{0x0000000711dbaa60}: 'java.lang.Object java.lang.invoke.DirectMethodHandle$Holder.invokeVirtual(java.lang.Object, java.lang.Object, java.lang.Object)'> (0x0000000711dbaa60) 
thrown [s\open\src\hotspot\share\interpreter\linkResolver.cpp, line 759]
Event: 1.988 Thread 0x00000230c8a4b7d0 Exception <a 'java/lang/NoSuchMethodError'{0x0000000711df23c0}: 'void java.lang.invoke.DirectMethodHandle$Holder.invokeSpecial(java.lang.Object, java.lang.Object, java.lang.Object, java.lang.Object, java.lang.Object, java.lang.Object)'> (0x0000000711df23c0) 
thrown [s\open\src\hotspot\share\interpreter\linkResolver.cpp, line 759]
Event: 1.988 Thread 0x00000230c8a4b7d0 Exception <a 'java/lang/NoSuchMethodError'{0x0000000711dfa888}: 'java.lang.Object java.lang.invoke.DirectMethodHandle$Holder.newInvokeSpecial(java.lang.Object, java.lang.Object, java.lang.Object, java.lang.Object, java.lang.Object, java.lang.Object)'> (0x0000000711dfa888) 
thrown [s\open\src\hotspot\share\interpreter\linkResolver.cpp, line 759]
Event: 2.009 Thread 0x00000230c8a4b7d0 Exception <a 'java/lang/NoSuchMethodError'{0x0000000711a71698}: 'void java.lang.invoke.DirectMethodHandle$Holder.invokeSpecial(java.lang.Object, java.lang.Object, java.lang.Object, java.lang.Object, java.lang.Object)'> (0x0000000711a71698) 
thrown [s\open\src\hotspot\share\interpreter\linkResolver.cpp, line 759]
Event: 2.019 Thread 0x00000230c8a4b7d0 Exception <a 'java/lang/NoSuchMethodError'{0x0000000711aaeef0}: 'int java.lang.invoke.DirectMethodHandle$Holder.invokeVirtual(java.lang.Object, java.lang.Object, java.lang.Object)'> (0x0000000711aaeef0) 
thrown [s\open\src\hotspot\share\interpreter\linkResolver.cpp, line 759]
Event: 2.166 Thread 0x00000230c8a4b7d0 Exception <a 'java/lang/NoSuchMethodError'{0x00000007117da190}: 'void java.lang.invoke.DirectMethodHandle$Holder.invokeSpecial(java.lang.Object, java.lang.Object, java.lang.Object)'> (0x00000007117da190) 
thrown [s\open\src\hotspot\share\interpreter\linkResolver.cpp, line 759]
Event: 2.173 Thread 0x00000230c8a4b7d0 Exception <a 'java/lang/IncompatibleClassChangeError'{0x00000007114fcbb0}: Found class java.lang.Object, but interface was expected> (0x00000007114fcbb0) 
thrown [s\open\src\hotspot\share\interpreter\linkResolver.cpp, line 826]
Event: 2.577 Thread 0x00000230c8a4b7d0 Exception <a 'sun/nio/fs/WindowsException'{0x000000070fdd4df8}> (0x000000070fdd4df8) 
thrown [s\open\src\hotspot\share\prims\jni.cpp, line 516]
Event: 2.578 Thread 0x00000230c8a4b7d0 Exception <a 'java/lang/NoSuchMethodError'{0x000000070fdd7680}: 'int java.lang.invoke.DirectMethodHandle$Holder.invokeSpecial(java.lang.Object, java.lang.Object, java.lang.Object, java.lang.Object, java.lang.Object)'> (0x000000070fdd7680) 
thrown [s\open\src\hotspot\share\interpreter\linkResolver.cpp, line 759]
Event: 2.583 Thread 0x00000230c8a4b7d0 Exception <a 'java/lang/NoSuchMethodError'{0x000000070fde5a80}: 'void java.lang.invoke.DirectMethodHandle$Holder.invokeVirtual(java.lang.Object, java.lang.Object)'> (0x000000070fde5a80) 
thrown [s\open\src\hotspot\share\interpreter\linkResolver.cpp, line 759]
Event: 2.986 Thread 0x00000230c8a4ef80 Exception <a 'java/lang/NoSuchMethodError'{0x0000000703b198e8}: 'long java.lang.invoke.DirectMethodHandle$Holder.invokeSpecial(java.lang.Object, java.lang.Object)'> (0x0000000703b198e8) 
thrown [s\open\src\hotspot\share\interpreter\linkResolver.cpp, line 759]
Event: 2.988 Thread 0x00000230c8a4ef80 Exception <a 'java/lang/NoSuchMethodError'{0x0000000703b247d8}: 'long java.lang.invoke.DirectMethodHandle$Holder.invokeStatic(java.lang.Object, java.lang.Object)'> (0x0000000703b247d8) 
thrown [s\open\src\hotspot\share\interpreter\linkResolver.cpp, line 759]
Event: 2.988 Thread 0x00000230c8a4ef80 Exception <a 'java/lang/NoSuchMethodError'{0x0000000703b27df8}: 'long java.lang.invoke.DirectMethodHandle$Holder.invokeStaticInit(java.lang.Object, java.lang.Object)'> (0x0000000703b27df8) 
thrown [s\open\src\hotspot\share\interpreter\linkResolver.cpp, line 759]
Event: 2.992 Thread 0x00000230c8a4ef80 Exception <a 'java/lang/NoSuchMethodError'{0x0000000703b359c0}: 'long java.lang.invoke.DirectMethodHandle$Holder.invokeInterface(java.lang.Object, java.lang.Object)'> (0x0000000703b359c0) 
thrown [s\open\src\hotspot\share\interpreter\linkResolver.cpp, line 759]
Event: 2.992 Thread 0x00000230c8a4ef80 Exception <a 'java/lang/IncompatibleClassChangeError'{0x0000000703b38f70}: Found class java.lang.Object, but interface was expected> (0x0000000703b38f70) 
thrown [s\open\src\hotspot\share\interpreter\linkResolver.cpp, line 826]
Event: 3.007 Thread 0x00000230c8a4ef80 Exception <a 'java/lang/NoSuchMethodError'{0x0000000703bbe828}: 'java.lang.Object java.lang.invoke.DirectMethodHandle$Holder.invokeVirtual(java.lang.Object, java.lang.Object, java.lang.Object, java.lang.Object)'> (0x0000000703bbe828) 
thrown [s\open\src\hotspot\share\interpreter\linkResolver.cpp, line 759]
Event: 4.895 Thread 0x00000230c8a4b7d0 Exception <a 'java/lang/IncompatibleClassChangeError'{0x000000070f56b0d0}: Found class java.lang.Object, but interface was expected> (0x000000070f56b0d0) 
thrown [s\open\src\hotspot\share\interpreter\linkResolver.cpp, line 826]

VM Operations (20 events):
Event: 3.143 Executing VM operation: HandshakeAllThreads
Event: 3.143 Executing VM operation: HandshakeAllThreads done
Event: 3.341 Executing VM operation: G1CollectForAllocation
Event: 3.352 Executing VM operation: G1CollectForAllocation done
Event: 3.727 Executing VM operation: G1CollectForAllocation
Event: 3.737 Executing VM operation: G1CollectForAllocation done
Event: 4.661 Executing VM operation: HandshakeAllThreads
Event: 4.661 Executing VM operation: HandshakeAllThreads done
Event: 4.685 Executing VM operation: ICBufferFull
Event: 4.685 Executing VM operation: ICBufferFull done
Event: 4.740 Executing VM operation: HandshakeAllThreads
Event: 4.740 Executing VM operation: HandshakeAllThreads done
Event: 4.783 Executing VM operation: G1CollectForAllocation
Event: 4.786 Executing VM operation: G1CollectForAllocation done
Event: 5.238 Executing VM operation: HandshakeAllThreads
Event: 5.238 Executing VM operation: HandshakeAllThreads done
Event: 5.377 Executing VM operation: G1CollectForAllocation
Event: 5.380 Executing VM operation: G1CollectForAllocation done
Event: 5.660 Executing VM operation: HandshakeAllThreads
Event: 5.660 Executing VM operation: HandshakeAllThreads done

Events (20 events):
Event: 5.744 loading class org/springframework/beans/factory/annotation/Configurable
Event: 5.744 loading class org/springframework/beans/factory/annotation/Configurable done
Event: 5.744 loading class org/springframework/beans/factory/aspectj/AbstractInterfaceDrivenDependencyInjectionAspect$ConfigurableDeserializationSupport
Event: 5.744 loading class org/springframework/beans/factory/aspectj/AbstractInterfaceDrivenDependencyInjectionAspect$ConfigurableDeserializationSupport done
Event: 5.744 loading class org/aspectj/lang/JoinPoint
Event: 5.744 loading class org/aspectj/lang/JoinPoint done
Event: 5.797 loading class org/springframework/data/auditing/AuditableBeanWrapperFactory
Event: 5.797 loading class org/springframework/data/auditing/AuditableBeanWrapperFactory done
Event: 5.798 loading class org/springframework/data/mapping/context/MappingContext
Event: 5.798 loading class org/springframework/data/mapping/context/MappingContext done
Event: 5.798 loading class org/springframework/data/auditing/Auditor
Event: 5.798 loading class org/springframework/data/auditing/Auditor done
Event: 5.799 loading class org/springframework/data/domain/AuditorAware
Event: 5.799 loading class org/springframework/data/domain/AuditorAware done
Event: 5.799 loading class org/springframework/data/auditing/AuditableBeanWrapper
Event: 5.799 loading class org/springframework/data/auditing/AuditableBeanWrapper done
Event: 5.799 loading class org/springframework/data/jpa/mapping/JpaMetamodelMappingContext
Event: 5.799 loading class org/springframework/data/jpa/mapping/JpaMetamodelMappingContext done
Event: 5.799 loading class org/springframework/data/mapping/context/AbstractMappingContext
Event: 5.799 loading class org/springframework/data/mapping/context/AbstractMappingContext done


Dynamic libraries:
0x00007ff7e5760000 - 0x00007ff7e5770000 	C:\Program Files\Java\jdk-17\bin\java.exe
0x00007ffbae1e0000 - 0x00007ffbae448000 	C:\WINDOWS\SYSTEM32\ntdll.dll
0x00007ffbad310000 - 0x00007ffbad3d9000 	C:\WINDOWS\System32\KERNEL32.DLL
0x00007ffbaba10000 - 0x00007ffbabe08000 	C:\WINDOWS\System32\KERNELBASE.dll
0x00007ffbab330000 - 0x00007ffbab47b000 	C:\WINDOWS\System32\ucrtbase.dll
0x00007ffb907c0000 - 0x00007ffb907db000 	C:\Program Files\Java\jdk-17\bin\VCRUNTIME140.dll
0x00007ffb90760000 - 0x00007ffb90779000 	C:\Program Files\Java\jdk-17\bin\jli.dll
0x00007ffbac880000 - 0x00007ffbac934000 	C:\WINDOWS\System32\ADVAPI32.dll
0x00007ffbad850000 - 0x00007ffbad8f9000 	C:\WINDOWS\System32\msvcrt.dll
0x00007ffbad1b0000 - 0x00007ffbad256000 	C:\WINDOWS\System32\sechost.dll
0x00007ffbada40000 - 0x00007ffbadb58000 	C:\WINDOWS\System32\RPCRT4.dll
0x00007ffbac510000 - 0x00007ffbac6d7000 	C:\WINDOWS\System32\USER32.dll
0x00007ffbaa440000 - 0x00007ffbaa6d4000 	C:\WINDOWS\WinSxS\amd64_microsoft.windows.common-controls_6595b64144ccf1df_6.0.26100.7019_none_3e06ffa0e335b8a8\COMCTL32.dll
0x00007ffbab530000 - 0x00007ffbab557000 	C:\WINDOWS\System32\win32u.dll
0x00007ffbac0f0000 - 0x00007ffbac11b000 	C:\WINDOWS\System32\GDI32.dll
0x00007ffbab770000 - 0x00007ffbab89c000 	C:\WINDOWS\System32\gdi32full.dll
0x00007ffbabe10000 - 0x00007ffbabeb3000 	C:\WINDOWS\System32\msvcp_win.dll
0x00007ffb9ee80000 - 0x00007ffb9ee8b000 	C:\WINDOWS\SYSTEM32\VERSION.dll
0x00007ffbac470000 - 0x00007ffbac4a1000 	C:\WINDOWS\System32\IMM32.DLL
0x00007ffb95500000 - 0x00007ffb9550c000 	C:\Program Files\Java\jdk-17\bin\vcruntime140_1.dll
0x00007ffb75bb0000 - 0x00007ffb75c3e000 	C:\Program Files\Java\jdk-17\bin\msvcp140.dll
0x00007ffb47c90000 - 0x00007ffb48870000 	C:\Program Files\Java\jdk-17\bin\server\jvm.dll
0x00007ffbae190000 - 0x00007ffbae198000 	C:\WINDOWS\System32\PSAPI.DLL
0x00007ffb90800000 - 0x00007ffb9080a000 	C:\WINDOWS\SYSTEM32\WSOCK32.dll
0x00007ffb9be50000 - 0x00007ffb9be85000 	C:\WINDOWS\SYSTEM32\WINMM.dll
0x00007ffbad9c0000 - 0x00007ffbada34000 	C:\WINDOWS\System32\WS2_32.dll
0x00007ffba97c0000 - 0x00007ffba97db000 	C:\WINDOWS\SYSTEM32\kernel.appcore.dll
0x00007ffb88760000 - 0x00007ffb8876a000 	C:\Program Files\Java\jdk-17\bin\jimage.dll
0x00007ffbaaaf0000 - 0x00007ffbaad32000 	C:\WINDOWS\SYSTEM32\DBGHELP.DLL
0x00007ffbad450000 - 0x00007ffbad7db000 	C:\WINDOWS\System32\combase.dll
0x00007ffbac120000 - 0x00007ffbac1f7000 	C:\WINDOWS\System32\OLEAUT32.dll
0x00007ffbaa9e0000 - 0x00007ffbaaa1c000 	C:\WINDOWS\SYSTEM32\dbgcore.DLL
0x00007ffbab480000 - 0x00007ffbab525000 	C:\WINDOWS\System32\bcryptPrimitives.dll
0x00007ffb748c0000 - 0x00007ffb748fb000 	C:\Program Files\Java\jdk-17\bin\jdwp.dll
0x00007ffb88750000 - 0x00007ffb8875e000 	C:\Program Files\Java\jdk-17\bin\instrument.dll
0x00007ffb7fb90000 - 0x00007ffb7fbb5000 	C:\Program Files\Java\jdk-17\bin\java.dll
0x00007ffb47a70000 - 0x00007ffb47c81000 	C:\Users\Expertflow\AppData\Local\Temp\idea_libasyncProfiler_dll_temp_folder2\libasyncProfiler.dll
0x00007ffb83200000 - 0x00007ffb83218000 	C:\Program Files\Java\jdk-17\bin\zip.dll
0x00007ffb74900000 - 0x00007ffb749d7000 	C:\Program Files\Java\jdk-17\bin\jsvml.dll
0x00007ffbac940000 - 0x00007ffbad08f000 	C:\WINDOWS\System32\SHELL32.dll
0x00007ffbab8a0000 - 0x00007ffbaba0b000 	C:\WINDOWS\System32\wintypes.dll
0x00007ffba84e0000 - 0x00007ffba8d3d000 	C:\WINDOWS\SYSTEM32\windows.storage.dll
0x00007ffbadb80000 - 0x00007ffbadc72000 	C:\WINDOWS\System32\SHCORE.dll
0x00007ffbad3e0000 - 0x00007ffbad447000 	C:\WINDOWS\System32\shlwapi.dll
0x00007ffbab250000 - 0x00007ffbab279000 	C:\WINDOWS\SYSTEM32\profapi.dll
0x00007ffb81700000 - 0x00007ffb8170c000 	C:\Program Files\Java\jdk-17\bin\dt_socket.dll
0x00007ffba9210000 - 0x00007ffba9244000 	C:\WINDOWS\SYSTEM32\IPHLPAPI.DLL
0x00007ffba9d30000 - 0x00007ffba9d9b000 	C:\WINDOWS\system32\mswsock.dll
0x00007ffb81db0000 - 0x00007ffb81dc9000 	C:\Program Files\Java\jdk-17\bin\net.dll
0x00007ffb9eb50000 - 0x00007ffb9ec78000 	C:\WINDOWS\SYSTEM32\WINHTTP.dll
0x00007ffb81b40000 - 0x00007ffb81b56000 	C:\Program Files\Java\jdk-17\bin\nio.dll
0x00007ffb814a0000 - 0x00007ffb814aa000 	C:\Program Files\Java\jdk-17\bin\management.dll
0x00007ffb74d60000 - 0x00007ffb74d6b000 	C:\Program Files\Java\jdk-17\bin\management_ext.dll
0x00007ffb814b0000 - 0x00007ffb814be000 	C:\Program Files\Java\jdk-17\bin\sunmscapi.dll
0x00007ffbab560000 - 0x00007ffbab6d7000 	C:\WINDOWS\System32\CRYPT32.dll
0x00007ffbaa400000 - 0x00007ffbaa430000 	C:\WINDOWS\SYSTEM32\ncrypt.dll
0x00007ffbaa3b0000 - 0x00007ffbaa3ef000 	C:\WINDOWS\SYSTEM32\NTASN1.dll

dbghelp: loaded successfully - version: 4.0.5 - missing functions: none
symbol engine: initialized successfully - sym options: 0x614 - pdb path: .;C:\Program Files\Java\jdk-17\bin;C:\WINDOWS\SYSTEM32;C:\WINDOWS\WinSxS\amd64_microsoft.windows.common-controls_6595b64144ccf1df_6.0.26100.7019_none_3e06ffa0e335b8a8;C:\Program Files\Java\jdk-17\bin\server;C:\Users\Expertflow\AppData\Local\Temp\idea_libasyncProfiler_dll_temp_folder2

VM Arguments:
jvm_args: -agentlib:jdwp=transport=dt_socket,address=127.0.0.1:56784,suspend=y,server=n -javaagent:C:\Users\Expertflow\AppData\Local\JetBrains\IntelliJIdea2025.2\captureAgent\debugger-agent.jar=file:///C:/Users/EXPERT~1/AppData/Local/Temp/capture302925833245624508.props -agentpath:C:\Users\Expertflow\AppData\Local\Temp\idea_libasyncProfiler_dll_temp_folder2\libasyncProfiler.dll=version,jfr,event=wall,interval=10ms,cstack=no,file=C:\Users\Expertflow\IdeaSnapshots\ESchoolApplication_2025_11_30_184748.jfr,dbghelppath=C:\Users\Expertflow\AppData\Local\Temp\idea_dbghelp_dll_temp_folder1\dbghelp.dll,log=C:\Users\Expertflow\AppData\Local\Temp\ESchoolApplication_2025_11_30_184748.jfr.log.txt,logLevel=DEBUG -Dkotlinx.coroutines.debug.enable.creation.stack.trace=false -Ddebugger.agent.enable.coroutines=true -Dkotlinx.coroutines.debug.enable.flows.stack.trace=true -Dkotlinx.coroutines.debug.enable.mutable.state.flows.stack.trace=true -Dfile.encoding=UTF-8 
java_command: com.smartsolutions.eschool.ESchoolApplication
java_class_path (initial): D:\SMS\sms\target\classes;C:\Users\Expertflow\.m2\repository\org\hibernate\orm\hibernate-core\6.4.1.Final\hibernate-core-6.4.1.Final.jar;C:\Users\Expertflow\.m2\repository\jakarta\persistence\jakarta.persistence-api\3.1.0\jakarta.persistence-api-3.1.0.jar;C:\Users\Expertflow\.m2\repository\jakarta\transaction\jakarta.transaction-api\2.0.1\jakarta.transaction-api-2.0.1.jar;C:\Users\Expertflow\.m2\repository\org\jboss\logging\jboss-logging\3.5.3.Final\jboss-logging-3.5.3.Final.jar;C:\Users\Expertflow\.m2\repository\org\hibernate\common\hibernate-commons-annotations\6.0.6.Final\hibernate-commons-annotations-6.0.6.Final.jar;C:\Users\Expertflow\.m2\repository\io\smallrye\jandex\3.1.2\jandex-3.1.2.jar;C:\Users\Expertflow\.m2\repository\com\fasterxml\classmate\1.6.0\classmate-1.6.0.jar;C:\Users\Expertflow\.m2\repository\net\bytebuddy\byte-buddy\1.14.13\byte-buddy-1.14.13.jar;C:\Users\Expertflow\.m2\repository\jakarta\xml\bind\jakarta.xml.bind-api\4.0.2\jakarta.xml.bind-api-4.0.2.jar;C:\Users\Expertflow\.m2\repository\jakarta\activation\jakarta.activation-api\2.1.3\jakarta.activation-api-2.1.3.jar;C:\Users\Expertflow\.m2\repository\org\glassfish\jaxb\jaxb-runtime\4.0.5\jaxb-runtime-4.0.5.jar;C:\Users\Expertflow\.m2\repository\org\glassfish\jaxb\jaxb-core\4.0.5\jaxb-core-4.0.5.jar;C:\Users\Expertflow\.m2\repository\org\eclipse\angus\angus-activation\2.0.2\angus-activation-2.0.2.jar;C:\Users\Expertflow\.m2\repository\org\glassfish\jaxb\txw2\4.0.5\txw2-4.0.5.jar;C:\Users\Expertflow\.m2\repository\com\sun\istack\istack-commons-runtime\4.1.2\istack-commons-runtime-4.1.2.jar;C:\Users\Expertflow\.m2\repository\jakarta\inject\jakarta.inject-api\2.0.1\jakarta.inject-api-2.0.1.jar;C:\Users\Expertflow\.m2\repository\org\antlr\antlr4-runtime\4.13.0\antlr4-runtime-4.13.0.jar;C:\Users\Expertflow\.m2\repository\org\springframework\boot\spring-boot-starter-data-jpa\3.2.5\spring-boot-starter-data-jpa-3.2.5.jar;C:\Users\Expertflow\.m2\repository\org\springframewo
Launcher Type: SUN_STANDARD

[Global flags]
     intx CICompilerCount                          = 4                                         {product} {ergonomic}
     uint ConcGCThreads                            = 2                                         {product} {ergonomic}
     uint G1ConcRefinementThreads                  = 8                                         {product} {ergonomic}
   size_t G1HeapRegionSize                         = 2097152                                   {product} {ergonomic}
    uintx GCDrainStackTargetSize                   = 64                                        {product} {ergonomic}
   size_t InitialHeapSize                          = 268435456                                 {product} {ergonomic}
   size_t MarkStackSize                            = 4194304                                   {product} {ergonomic}
   size_t MaxHeapSize                              = 4263510016                                {product} {ergonomic}
   size_t MaxNewSize                               = 2556428288                                {product} {ergonomic}
   size_t MinHeapDeltaBytes                        = 2097152                                   {product} {ergonomic}
   size_t MinHeapSize                              = 8388608                                   {product} {ergonomic}
    uintx NonNMethodCodeHeapSize                   = 5839372                                {pd product} {ergonomic}
    uintx NonProfiledCodeHeapSize                  = 122909434                              {pd product} {ergonomic}
    uintx ProfiledCodeHeapSize                     = 122909434                              {pd product} {ergonomic}
    uintx ReservedCodeCacheSize                    = 251658240                              {pd product} {ergonomic}
     bool SegmentedCodeCache                       = true                                      {product} {ergonomic}
   size_t SoftMaxHeapSize                          = 4263510016                             {manageable} {ergonomic}
     bool UseCompressedClassPointers               = true                           {product lp64_product} {ergonomic}
     bool UseCompressedOops                        = true                           {product lp64_product} {ergonomic}
     bool UseG1GC                                  = true                                      {product} {ergonomic}
     bool UseLargePagesIndividualAllocation        = false                                  {pd product} {ergonomic}

Logging:
Log output configuration:
 #0: stdout all=warning uptime,level,tags
 #1: stderr all=off uptime,level,tags

Environment Variables:
PATH=C:\Program Files\Common Files\Oracle\Java\javapath;C:\WINDOWS\system32;C:\WINDOWS;C:\WINDOWS\System32\Wbem;C:\WINDOWS\System32\WindowsPowerShell\v1.0\;C:\WINDOWS\System32\OpenSSH\;C:\Program Files\Java\jdk-17\bin;C:\Users\Expertflow\.dnx\bin;C:\Program Files\Microsoft DNX\Dnvm\;C:\Program Files\Microsoft SQL Server\120\Tools\Binn\;C:\Program Files\Microsoft SQL Server\130\Tools\Binn\;C:\Program Files\Git\cmd;C:\Program Files\nodejs\;C:\Program Files\Docker\Docker\resources\bin;C:\Program Files\apache-maven-3.9.11-bin\apache-maven-3.9.11\bin;C:\Users\Expertflow\AppData\Local\Microsoft\WindowsApps;C:\Users\Expertflow\AppData\Local\Programs\Microsoft VS Code\bin;C:\Users\Expertflow\AppData\Roaming\npm
USERNAME=Expertflow
OS=Windows_NT
PROCESSOR_IDENTIFIER=Intel64 Family 6 Model 158 Stepping 9, GenuineIntel



---------------  S Y S T E M  ---------------

OS:
 Windows 11 , 64 bit Build 26100 (10.0.26100.7019)
OS uptime: 2 days 17:07 hours
Hyper-V role detected

CPU: total 8 (initial active 8) (4 cores per cpu, 2 threads per core) family 6 model 158 stepping 9 microcode 0xf8, cx8, cmov, fxsr, ht, mmx, 3dnowpref, sse, sse2, sse3, ssse3, sse4.1, sse4.2, popcnt, lzcnt, tsc, tscinvbit, avx, avx2, aes, erms, clmul, bmi1, bmi2, rtm, adx, fma, vzeroupper, clflush, clflushopt, hv

Memory: 4k page, system-wide physical 16259M (1914M free)
TotalPageFile size 28035M (AvailPageFile size 2176M)
current process WorkingSet (physical memory assigned to process): 227M, peak: 228M
current process commit charge ("private bytes"): 278M, peak: 429M

vm_info: Java HotSpot(TM) 64-Bit Server VM (17.0.12+8-LTS-286) for windows-amd64 JRE (17.0.12+8-LTS-286), built on Jun  5 2024 06:46:59 by "mach5one" with MS VC++ 17.6 (VS2022)

END.
