#
# A fatal error has been detected by the Java Runtime Environment:
#
#  EXCEPTION_ACCESS_VIOLATION (0xc0000005) at pc=0x00007ffbb055fa02, pid=27840, tid=27672
#
# JRE version: Java(TM) SE Runtime Environment (17.0.12+8) (build 17.0.12+8-LTS-286)
# Java VM: Java HotSpot(TM) 64-Bit Server VM (17.0.12+8-LTS-286, mixed mode, sharing, tiered, compressed oops, compressed class ptrs, g1 gc, windows-amd64)
# Problematic frame:
# V  [jvm.dll+0x2efa02]
#
# No core dump will be written. Minidumps are not enabled by default on client versions of Windows
#
# If you would like to submit a bug report, please visit:
#   https://bugreport.java.com/bugreport/crash.jsp
#

---------------  S U M M A R Y ------------

Command Line: -agentlib:jdwp=transport=dt_socket,address=127.0.0.1:52683,suspend=y,server=n -javaagent:C:\Users\Expertflow\AppData\Local\JetBrains\IdeaIC2025.2\captureAgent\debugger-agent.jar=file:///C:/Users/EXPERT~1/AppData/Local/Temp/capture4707174292709146353.props -Dkotlinx.coroutines.debug.enable.creation.stack.trace=false -Ddebugger.agent.enable.coroutines=true -Dkotlinx.coroutines.debug.enable.flows.stack.trace=true -Dkotlinx.coroutines.debug.enable.mutable.state.flows.stack.trace=true -Dfile.encoding=UTF-8 com.smartsolutions.eschool.ESchoolApplication

Host: Intel(R) Core(TM) i7-7820HQ CPU @ 2.90GHz, 8 cores, 15G,  Windows 11 , 64 bit Build 26100 (10.0.26100.7623)
Time: Fri Feb  6 04:05:16 2026 Pakistan Standard Time elapsed time: 57161.979354 seconds (0d 15h 52m 41s)

---------------  T H R E A D  ---------------

Current thread (0x00000224e0d45c80):  GCTaskThread "GC Thread#4" [stack: 0x000000ec65700000,0x000000ec65800000] [id=27672]

Stack: [0x000000ec65700000,0x000000ec65800000],  sp=0x000000ec657ff4c0,  free space=1021k
Native frames: (J=compiled Java code, j=interpreted, Vv=VM code, C=native code)
V  [jvm.dll+0x2efa02]
V  [jvm.dll+0x2edd7a]
V  [jvm.dll+0x2f3cf4]
V  [jvm.dll+0x2f3e1f]
V  [jvm.dll+0x2f351d]
V  [jvm.dll+0x2f2da6]
V  [jvm.dll+0x80832b]
V  [jvm.dll+0x808376]
V  [jvm.dll+0x78abea]
V  [jvm.dll+0x678f35]
C  [ucrtbase.dll+0x37b0]
C  [KERNEL32.DLL+0x2e8d7]
C  [ntdll.dll+0x8c53c]


siginfo: EXCEPTION_ACCESS_VIOLATION (0xc0000005), reading address 0xffffffffffffffff


Registers:
RAX=0x0000022493f90000, RBX=0x00000224f5f5e670, RCX=0x0000000000000000, RDX=0x1fffffff27c40000
RSP=0x000000ec657ff4c0, RBP=0x00000007026b3a04, RSI=0x00000224e9f3fa70, RDI=0x0000000040000000
R8 =0x0400022478f18000, R9 =0x00000000000000fb, R10=0x000000ec642ff450, R11=0x0000000000000000
R12=0x000002249b00f0c8, R13=0x00000007026b39e0, R14=0x00000224e9f3fa70, R15=0x00000224e9f40020
RIP=0x00007ffbb055fa02, EFLAGS=0x0000000000010206


Register to memory mapping:

RIP=0x00007ffbb055fa02 jvm.dll
RAX=0x0000022493f90000 points into unknown readable memory: 0x0000000000000001 | 01 00 00 00 00 00 00 00
RBX=0x00000224f5f5e670 points into unknown readable memory: 0x00007ffbb0b6a258 | 58 a2 b6 b0 fb 7f 00 00
RCX=0x0 is NULL
RDX=0x1fffffff27c40000 is an unknown value
RSP=0x000000ec657ff4c0 points into unknown readable memory: 0x0000000701eb4998 | 98 49 eb 01 07 00 00 00
RBP=0x00000007026b3a04 is pointing into object: java.security.CodeSource 
{0x00000007026b39e0} - klass: 'java/security/CodeSource'
 - ---- fields (total size 5 words):
 - private final 'location' 'Ljava/net/URL;' @12  a 'java/net/URL'{0x0000000701eb4990} (e03d6932)
 - private transient 'signers' '[Ljava/security/CodeSigner;' @16  NULL (0)
 - private transient 'certs' '[Ljava/security/cert/Certificate;' @20  NULL (0)
 - private transient 'sp' 'Ljava/net/SocketPermission;' @24  NULL (0)
 - private transient 'factory' 'Ljava/security/cert/CertificateFactory;' @28  
[error occurred during error reporting (printing register info), id 0xc0000005, EXCEPTION_ACCESS_VIOLATION (0xc0000005) at pc=0x00007ffbb05feb3e]

Top of Stack: (sp=0x000000ec657ff4c0)
0x000000ec657ff4c0:   0000000701eb4998 00007ffbb055d03d
0x000000ec657ff4d0:   0000000707570820 000000070210bc68
0x000000ec657ff4e0:   00000224e9f3fa70 0000005679794109
0x000000ec657ff4f0:   000002249b00f0c0 00007ffbb055dd7a
0x000000ec657ff500:   0000000702803f44 00000007026b39fc
0x000000ec657ff510:   0000000040000000 000000ec657ff560
0x000000ec657ff520:   00007ffbb0270000 0000000000000000
0x000000ec657ff530:   000000000000000c 000000000000000c
0x000000ec657ff540:   00000224e9f3fa70 00007ffbb0563cf4
0x000000ec657ff550:   0000000703eb1820 00000007026b39e0
0x000000ec657ff560:   00000000000000fb 000000070362bfa0
0x000000ec657ff570:   0000000000000000 0000000000000000
0x000000ec657ff580:   0000000000000010 0000000000000400
0x000000ec657ff590:   00007ffbb0270000 00007ffbb0563e1f
0x000000ec657ff5a0:   00000224e9f3fa70 0000000703eb1820
0x000000ec657ff5b0:   00000224e9f3fa70 0000000703eb1820 

Instructions: (pc=0x00007ffbb055fa02)
0x00007ffbb055f902:   48 8b 7c 24 30 48 83 c4 20 5b c3 cc cc cc 40 57
0x00007ffbb055f912:   48 83 ec 20 8b 02 48 8b f9 85 c0 74 3b 8b 0d 93
0x00007ffbb055f922:   19 7b 00 48 8b 7f 10 48 89 5c 24 30 8b d8 48 d3
0x00007ffbb055f932:   e3 48 8b cf 48 03 1d 73 19 7b 00 48 8b d3 e8 5b
0x00007ffbb055f942:   00 00 00 84 c0 74 0c 48 8d 4f 18 48 8b d3 e8 9b
0x00007ffbb055f952:   06 00 00 48 8b 5c 24 30 48 83 c4 20 5f c3 e9 eb
0x00007ffbb055f962:   4b 00 00 cc cc cc cc cc cc cc cc cc cc cc e9 4b
0x00007ffbb055f972:   4f 00 00 cc cc cc cc cc cc cc cc cc cc cc 48 8b
0x00007ffbb055f982:   01 48 8b 80 c8 04 00 00 48 8b 80 98 00 00 00 c3
0x00007ffbb055f992:   cc cc cc cc cc cc cc cc cc cc cc cc cc cc 48 89
0x00007ffbb055f9a2:   5c 24 10 48 89 7c 24 18 41 56 48 83 ec 30 48 8b
0x00007ffbb055f9b2:   01 4c 8b f1 4c 8b c2 48 8b fa 8b 88 18 03 00 00
0x00007ffbb055f9c2:   48 8b 80 08 03 00 00 49 d3 e8 41 80 3c 00 02 74
0x00007ffbb055f9d2:   5f 49 8b 5e 10 48 8b cb 48 8b 03 ff 10 8b 4b 18
0x00007ffbb055f9e2:   48 8b d7 48 2b 53 08 48 8b 43 20 48 c1 ea 03 48
0x00007ffbb055f9f2:   d3 ea 48 8b ca 48 c1 e9 06 4c 8d 04 c8 0f b6 ca
0x00007ffbb055fa02:   49 8b 00 80 e1 3f ba 01 00 00 00 48 d3 e2 48 8b
0x00007ffbb055fa12:   c8 48 0b ca 48 3b c8 74 17 0f 1f 44 00 00 f0 49
0x00007ffbb055fa22:   0f b1 08 74 1e 48 8b c8 48 0b ca 48 3b c8 75 ee
0x00007ffbb055fa32:   32 c0 48 8b 5c 24 48 48 8b 7c 24 50 48 83 c4 30
0x00007ffbb055fa42:   41 5e c3 4c 8b 07 48 8d 5f 08 49 8b d0 83 e2 07
0x00007ffbb055fa52:   80 3d 88 95 81 00 00 74 37 48 83 fa 05 0f 84 a8
0x00007ffbb055fa62:   00 00 00 80 3d ec 94 81 00 00 74 14 8b 03 8b 0d
0x00007ffbb055fa72:   52 18 7b 00 48 d3 e0 48 03 05 40 18 7b 00 eb 03
0x00007ffbb055fa82:   48 8b 03 0f b6 80 b8 00 00 00 24 07 3c 05 74 15
0x00007ffbb055fa92:   48 83 fa 01 75 0f 48 b8 00 ff ff ff 7f 00 00 00
0x00007ffbb055faa2:   4c 85 c0 74 66 49 8b 06 48 8b d7 8b 88 18 03 00
0x00007ffbb055fab2:   00 48 8b 80 08 03 00 00 48 d3 ea 80 3c 02 00 75
0x00007ffbb055fac2:   4a 48 89 74 24 40 49 8b b6 a8 05 00 00 48 89 7c
0x00007ffbb055fad2:   24 20 4c 89 44 24 28 48 8b 56 20 48 3b 56 08 75
0x00007ffbb055fae2:   0a 48 8b ce e8 25 cd f5 ff 33 d2 48 8b 46 38 48
0x00007ffbb055faf2:   8b ca 0f 28 44 24 20 48 03 c9 0f 11 04 c8 48 8d 


Stack slot to memory mapping:
stack at sp + 0 slots: 0x0000000701eb4998 is pointing into object: java.net.URL 
{0x0000000701eb4990} - klass: 'java/net/URL'
 - ---- fields (total size 8 words):
 - private 'port' 'I' @12  -1 (ffffffff)
 - private 'hashCode' 'I' @16  -1 (ffffffff)
 - private 'protocol' 'Ljava/lang/String;' @20  "file"{0x000000070210fbf8} (e0421f7f)
 - private 'host' 'Ljava/lang/String;' @24  ""{0x000000070210fc28} (e0421f85)
 - private 'file' 'Ljava/lang/String;' @28  "/C:/Users/Expertflow/.m2/repository/jakarta/validation/jakarta.validation-api/3.0.2/jakarta.validation-api-3.0.2.jar"{0x0000000701eb49d0} (e03d693a)
 - private transient 'query' 'Ljava/lang/String;' @32  NULL (0)
 - private 'authority' 'Ljava/lang/String;' @36  ""{0x000000070210fc28} (e0421f85)
 - private transient 'path' 'Ljava/lang/String;' @40  "/C:/Users/Expertflow/.m2/repository/jakarta/validation/jakarta.validation-api/3.0.2/jakarta.validation-api-3.0.2.jar"{0x0000000701eb49d0} (e03d693a)
 - private transient 'userInfo' 'Ljava/lang/String;' @44  NULL (0)
 - private 'ref' 'Ljava/lang/String;' @48  NULL (0)
 - private transient 'hostAddress' 'Ljava/net/InetAddress;' @52  NULL (0)
 - transient 'handler' 'Ljava/net/URLStreamHandler;' @56  a 'sun/net/www/protocol/file/Handler'{0x000000070210fcd8} (e0421f9b)
 - private transient 'tempState' 'Ljava/net/UrlDeserializedState;' @60  NULL (0)
stack at sp + 1 slots: 0x00007ffbb055d03d jvm.dll
stack at sp + 2 slots: 0x0000000707570820 is an oop: java.lang.Class$ReflectionData 
{0x0000000707570820} - klass: 'java/lang/Class$ReflectionData'
 - ---- fields (total size 8 words):
 - final 'redefinedCount' 'I' @12  0
 - volatile 'declaredFields' '[Ljava/lang/reflect/Field;' @16  NULL (0)
 - volatile 'publicFields' '[Ljava/lang/reflect/Field;' @20  NULL (0)
 - volatile 'declaredMethods' '[Ljava/lang/reflect/Method;' @24  a 'java/lang/reflect/Method'[26] {0x0000000707570860} (e0eae10c)
 - volatile 'publicMethods' '[Ljava/lang/reflect/Method;' @28  a 'java/lang/reflect/Method'[22] {0x00000007075708d8} (e0eae11b)
 - volatile 'declaredConstructors' '[Ljava/lang/reflect/Constructor;' @32  NULL (0)
 - volatile 'publicConstructors' '[Ljava/lang/reflect/Constructor;' @36  NULL (0)
 - volatile 'declaredPublicFields' '[Ljava/lang/reflect/Field;' @40  NULL (0)
 - volatile 'declaredPublicMethods' '[Ljava/lang/reflect/Method;' @44  a 'java/lang/reflect/Method'[19] {0x0000000707570f78} (e0eae1ef)
 - volatile 'interfaces' '[Ljava/lang/Class;' @48  a 'java/lang/Class'[2] {0x0000000707570fd8} (e0eae1fb)
 - 'simpleName' 'Ljava/lang/String;' @52  NULL (0)
 - 'canonicalName' 'Ljava/lang/String;' @56  NULL (0)
stack at sp + 3 slots: 0x000000070210bc68 is an oop: jdk.internal.loader.ClassLoaders$AppClassLoader 
{0x000000070210bc68} - klass: 'jdk/internal/loader/ClassLoaders$AppClassLoader'
 - ---- fields (total size 13 words):
 - private 'defaultAssertionStatus' 'Z' @12  false
 - private final 'parent' 'Ljava/lang/ClassLoader;' @24  a 'jdk/internal/loader/ClassLoaders$PlatformClassLoader'{0x00000007020eab90} (e041d572)
 - private final 'name' 'Ljava/lang/String;' @28  "app"{0x0000000701f29340} (e03e5268)
 - private final 'unnamedModule' 'Ljava/lang/Module;' @32  a 'java/lang/Module'{0x0000000702110740} (e04220e8)
 - private final 'nameAndId' 'Ljava/lang/String;' @36  "'app'"{0x0000000701f29310} (e03e5262)
 - private final 'parallelLockMap' 'Ljava/util/concurrent/ConcurrentHashMap;' @40  a 'java/util/concurrent/ConcurrentHashMap'{0x0000000701fc5c30} (e03f8b86)
 - private final 'package2certs' 'Ljava/util/concurrent/ConcurrentHashMap;' @44  a 'java/util/concurrent/ConcurrentHashMap'{0x0000000701f8b1c0} (e03f1638)
 - private final 'classes' 'Ljava/util/ArrayList;' @48  a 'java/util/ArrayList'{0x0000000701f8b1a8} (e03f1635)
 - private final 'defaultDomain' 'Ljava/security/ProtectionDomain;' @52  a 'java/security/ProtectionDomain'{0x0000000701f8b138} (e03f1627)
 - private final 'packages' 'Ljava/util/concurrent/ConcurrentHashMap;' @56  a 'java/util/concurrent/ConcurrentHashMap'{0x0000000701f89c00} (e03f1380)
 - private final 'libraries' 'Ljdk/internal/loader/NativeLibraries;' @60  a 'jdk/internal/loader/NativeLibraries'{0x0000000701f89ba0} (e03f1374)
 - final 'assertionLock' 'Ljava/lang/Object;' @64  a 'java/lang/Object'{0x0000000701f89b90} (e03f1372)
 - private 'packageAssertionStatus' 'Ljava/util/Map;' @68  NULL (0)
 - 'classAssertionStatus' 'Ljava/util/Map;' @72  NULL (0)
 - private volatile 'classLoaderValueMap' 'Ljava/util/concurrent/ConcurrentHashMap;' @76  a 'java/util/concurrent/ConcurrentHashMap'{0x0000000701f899e8} (e03f133d)
 - private final 'pdcache' 'Ljava/util/Map;' @80  a 'java/util/concurrent/ConcurrentHashMap'{0x0000000701f89798} (e03f12f3)
 - private final 'parent' 'Ljdk/internal/loader/BuiltinClassLoader;' @84  a 'jdk/internal/loader/ClassLoaders$PlatformClassLoader'{0x00000007020eab90} (e041d572)
 - private synchronized 'ucp' 'Ljdk/internal/loader/URLClassPath;' @88  a 'jdk/internal/loader/URLClassPath'{0x0000000701f838b0} (e03f0716)
 - private final 'nameToModule' 'Ljava/util/Map;' @92  a 'java/util/concurrent/ConcurrentHashMap'{0x0000000701f834f0} (e03f069e)
 - private final 'moduleToReader' 'Ljava/util/Map;' @96  a 'java/util/concurrent/ConcurrentHashMap'{0x0000000701f82ff8} (e03f05ff)
 - private volatile 'resourceCache' 'Ljava/lang/ref/SoftReference;' @100  a 'java/lang/ref/SoftReference'{0x0000000701f82f70} (e03f05ee)
stack at sp + 4 slots: 0x00000224e9f3fa70 points into unknown readable memory: 0x000000ec642ff1b0 | b0 f1 2f 64 ec 00 00 00
stack at sp + 5 slots: 0x0000005679794109 is an unknown value
stack at sp + 6 slots: 0x000002249b00f0c0 is pointing into metadata
stack at sp + 7 slots: 0x00007ffbb055dd7a jvm.dll


---------------  P R O C E S S  ---------------

Threads class SMR info:
_java_thread_list=0x0000022502db8880, length=26, elements={
0x000002249aa40bc0, 0x000002249aa422f0, 0x000002249aa54df0, 0x000002249aa577c0,
0x000002249aa5a8a0, 0x000002249aa5c570, 0x000002249aa6fb50, 0x000002249aa72480,
0x000002249aa72d90, 0x000002249a3c9e80, 0x000002249ac2a840, 0x000002249ac1f5f0,
0x000002249ac475a0, 0x000002249ad56bd0, 0x000002249adf5b70, 0x000002249aaedd40,
0x00000224e9140240, 0x00000224e9142ac0, 0x00000224e5bc26b0, 0x00000224e5bc6880,
0x00000224e5bc4f30, 0x00000224e5bc1780, 0x00000224ebf5c740, 0x00000224e31124d0,
0x00000224e83c81a0, 0x00000224e4ecd620
}

Java Threads: ( => current thread )
  0x000002249aa40bc0 JavaThread "Reference Handler" daemon [_thread_blocked, id=31456, stack(0x000000ec64300000,0x000000ec64400000)]
  0x000002249aa422f0 JavaThread "Finalizer" daemon [_thread_blocked, id=24364, stack(0x000000ec64400000,0x000000ec64500000)]
  0x000002249aa54df0 JavaThread "Signal Dispatcher" daemon [_thread_blocked, id=27276, stack(0x000000ec64500000,0x000000ec64600000)]
  0x000002249aa577c0 JavaThread "Attach Listener" daemon [_thread_blocked, id=12520, stack(0x000000ec64600000,0x000000ec64700000)]
  0x000002249aa5a8a0 JavaThread "Service Thread" daemon [_thread_blocked, id=30760, stack(0x000000ec64700000,0x000000ec64800000)]
  0x000002249aa5c570 JavaThread "Monitor Deflation Thread" daemon [_thread_blocked, id=15660, stack(0x000000ec64800000,0x000000ec64900000)]
  0x000002249aa6fb50 JavaThread "C2 CompilerThread0" daemon [_thread_blocked, id=17740, stack(0x000000ec64900000,0x000000ec64a00000)]
  0x000002249aa72480 JavaThread "C1 CompilerThread0" daemon [_thread_blocked, id=30472, stack(0x000000ec64a00000,0x000000ec64b00000)]
  0x000002249aa72d90 JavaThread "Sweeper thread" daemon [_thread_blocked, id=30368, stack(0x000000ec64b00000,0x000000ec64c00000)]
  0x000002249a3c9e80 JavaThread "Common-Cleaner" daemon [_thread_blocked, id=23232, stack(0x000000ec64c00000,0x000000ec64d00000)]
  0x000002249ac2a840 JavaThread "JDWP Transport Listener: dt_socket" daemon [_thread_blocked, id=1524, stack(0x000000ec64d00000,0x000000ec64e00000)]
  0x000002249ac1f5f0 JavaThread "JDWP Event Helper Thread" daemon [_thread_blocked, id=25776, stack(0x000000ec64e00000,0x000000ec64f00000)]
  0x000002249ac475a0 JavaThread "JDWP Command Reader" daemon [_thread_in_native, id=9432, stack(0x000000ec64f00000,0x000000ec65000000)]
  0x000002249ad56bd0 JavaThread "IntelliJ Suspend Helper" daemon [_thread_blocked, id=8336, stack(0x000000ec65000000,0x000000ec65100000)]
  0x000002249adf5b70 JavaThread "Notification Thread" daemon [_thread_blocked, id=22672, stack(0x000000ec65100000,0x000000ec65200000)]
  0x000002249aaedd40 JavaThread "mysql-cj-abandoned-connection-cleanup" daemon [_thread_blocked, id=18016, stack(0x000000ec65e00000,0x000000ec65f00000)]
  0x00000224e9140240 JavaThread "Live Reload Server" daemon [_thread_in_native, id=13772, stack(0x000000ec66700000,0x000000ec66800000)]
  0x00000224e9142ac0 JavaThread "DestroyJavaVM" [_thread_blocked, id=1952, stack(0x000000ec63c00000,0x000000ec63d00000)]
  0x00000224e5bc26b0 JavaThread "File Watcher" daemon [_thread_blocked, id=10836, stack(0x000000ec63b00000,0x000000ec63c00000)]
  0x00000224e5bc6880 JavaThread "File Watcher" daemon [_thread_blocked, id=9780, stack(0x000000ec65d00000,0x000000ec65e00000)]
  0x00000224e5bc4f30 JavaThread "File Watcher" daemon [_thread_blocked, id=12852, stack(0x000000ec65c00000,0x000000ec65d00000)]
  0x00000224e5bc1780 JavaThread "File Watcher" daemon [_thread_blocked, id=21372, stack(0x000000ec65300000,0x000000ec65400000)]
  0x00000224ebf5c740 JavaThread "File Watcher" daemon [_thread_blocked, id=20352, stack(0x000000ec66000000,0x000000ec66100000)]
  0x00000224e31124d0 JavaThread "Catalina-utility-1" [_thread_blocked, id=6264, stack(0x000000ec66300000,0x000000ec66400000)]
  0x00000224e83c81a0 JavaThread "Catalina-utility-2" [_thread_blocked, id=26848, stack(0x000000ec66400000,0x000000ec66500000)]
  0x00000224e4ecd620 JavaThread "Thread-131" [_thread_blocked, id=27792, stack(0x000000ec66100000,0x000000ec66200000)]

Other Threads:
  0x000002249aa39e00 VMThread "VM Thread" [stack: 0x000000ec64200000,0x000000ec64300000] [id=7748]
  0x000002249adfbc50 WatcherThread [stack: 0x000000ec65200000,0x000000ec65300000] [id=4000]
  0x00000224f5bae7e0 GCTaskThread "GC Thread#0" [stack: 0x000000ec63d00000,0x000000ec63e00000] [id=27480]
  0x00000224e11c2230 GCTaskThread "GC Thread#1" [stack: 0x000000ec65400000,0x000000ec65500000] [id=19832]
  0x00000224e0f10210 GCTaskThread "GC Thread#2" [stack: 0x000000ec65500000,0x000000ec65600000] [id=24292]
  0x00000224e1366790 GCTaskThread "GC Thread#3" [stack: 0x000000ec65600000,0x000000ec65700000] [id=29148]
=>0x00000224e0d45c80 GCTaskThread "GC Thread#4" [stack: 0x000000ec65700000,0x000000ec65800000] [id=27672]
  0x00000224e1205120 GCTaskThread "GC Thread#5" [stack: 0x000000ec65800000,0x000000ec65900000] [id=28072]
  0x00000224e0eac510 GCTaskThread "GC Thread#6" [stack: 0x000000ec65900000,0x000000ec65a00000] [id=29584]
  0x00000224e12f1a10 GCTaskThread "GC Thread#7" [stack: 0x000000ec65a00000,0x000000ec65b00000] [id=28000]
  0x00000224f5f6f8e0 ConcurrentGCThread "G1 Main Marker" [stack: 0x000000ec63e00000,0x000000ec63f00000] [id=20160]
  0x00000224f5f70a90 ConcurrentGCThread "G1 Conc#0" [stack: 0x000000ec63f00000,0x000000ec64000000] [id=17756]
  0x00000224e24d0410 ConcurrentGCThread "G1 Conc#1" [stack: 0x000000ec65f00000,0x000000ec66000000] [id=22432]
  0x000002249a296fe0 ConcurrentGCThread "G1 Refine#0" [stack: 0x000000ec64000000,0x000000ec64100000] [id=28772]
  0x000002249a2978b0 ConcurrentGCThread "G1 Service" [stack: 0x000000ec64100000,0x000000ec64200000] [id=18664]

Threads with active compile tasks:

VM state: at safepoint (normal execution)

VM Mutex/Monitor currently owned by a thread:  ([mutex/lock_event])
[0x00000224f5af5390] Threads_lock - owner thread: 0x000002249aa39e00
[0x00000224f5ef0630] Heap_lock - owner thread: 0x00000224e4ecd620

Heap address: 0x0000000701e00000, size: 4066 MB, Compressed Oops mode: Zero based, Oop shift amount: 3

CDS archive(s) mapped at: [0x000002249b000000-0x000002249bbd0000-0x000002249bbd0000), size 12386304, SharedBaseAddress: 0x000002249b000000, ArchiveRelocationMode: 1.
Compressed class space mapped at: 0x000002249c000000-0x00000224dc000000, reserved size: 1073741824
Narrow klass base: 0x000002249b000000, Narrow klass shift: 0, Narrow klass range: 0x100000000

GC Precious Log:
 CPUs: 8 total, 8 available
 Memory: 16259M
 Large Page Support: Disabled
 NUMA Support: Disabled
 Compressed Oops: Enabled (Zero based)
 Heap Region Size: 2M
 Heap Min Capacity: 8M
 Heap Initial Capacity: 256M
 Heap Max Capacity: 4066M
 Pre-touch: Disabled
 Parallel Workers: 8
 Concurrent Workers: 2
 Concurrent Refinement Workers: 8
 Periodic GC: Disabled

Heap:
 garbage-first heap   total 393216K, used 257109K [0x0000000701e00000, 0x0000000800000000)
  region size 2048K, 54 young (110592K), 1 survivors (2048K)
 Metaspace       used 253411K, committed 280576K, reserved 1376256K
  class space    used 24851K, committed 28736K, reserved 1048576K

Heap Regions: E=young(eden), S=young(survivor), O=old, HS=humongous(starts), HC=humongous(continues), CS=collection set, F=free, OA=open archive, CA=closed archive, TAMS=top-at-mark-start (previous, next)
|   0|0x0000000701e00000, 0x0000000702000000, 0x0000000702000000|100%| O|  |TAMS 0x0000000702000000, 0x0000000701e00000| Untracked 
|   1|0x0000000702000000, 0x00000007021fffe0, 0x0000000702200000| 99%| O|  |TAMS 0x00000007021fffe0, 0x0000000702000000| Untracked 
|   2|0x0000000702200000, 0x00000007023fffe8, 0x0000000702400000| 99%| O|  |TAMS 0x00000007023fffe8, 0x0000000702200000| Untracked 
|   3|0x0000000702400000, 0x00000007025fffc0, 0x0000000702600000| 99%| O|  |TAMS 0x00000007025fffc0, 0x0000000702400000| Untracked 
|   4|0x0000000702600000, 0x00000007027fff88, 0x0000000702800000| 99%| O|  |TAMS 0x00000007027fff88, 0x0000000702600000| Untracked 
|   5|0x0000000702800000, 0x0000000702a00000, 0x0000000702a00000|100%| O|  |TAMS 0x0000000702a00000, 0x0000000702800000| Untracked 
|   6|0x0000000702a00000, 0x0000000702bfffd8, 0x0000000702c00000| 99%| O|  |TAMS 0x0000000702bfffd8, 0x0000000702a00000| Untracked 
|   7|0x0000000702c00000, 0x0000000702dfffe8, 0x0000000702e00000| 99%| O|  |TAMS 0x0000000702dfffe8, 0x0000000702c00000| Untracked 
|   8|0x0000000702e00000, 0x0000000702ffffa0, 0x0000000703000000| 99%| O|  |TAMS 0x0000000702ffffa0, 0x0000000702e00000| Untracked 
|   9|0x0000000703000000, 0x00000007031fffe0, 0x0000000703200000| 99%| O|  |TAMS 0x00000007031fffe0, 0x0000000703000000| Untracked 
|  10|0x0000000703200000, 0x00000007033fffd8, 0x0000000703400000| 99%| O|  |TAMS 0x00000007033fffd8, 0x0000000703200000| Untracked 
|  11|0x0000000703400000, 0x0000000703600000, 0x0000000703600000|100%| O|  |TAMS 0x0000000703600000, 0x0000000703400000| Untracked 
|  12|0x0000000703600000, 0x0000000703800000, 0x0000000703800000|100%| O|  |TAMS 0x0000000703800000, 0x0000000703600000| Untracked 
|  13|0x0000000703800000, 0x00000007039fffe8, 0x0000000703a00000| 99%| O|  |TAMS 0x00000007039fffe8, 0x0000000703800000| Untracked 
|  14|0x0000000703a00000, 0x0000000703bfffd0, 0x0000000703c00000| 99%| O|  |TAMS 0x0000000703bfffd0, 0x0000000703a00000| Untracked 
|  15|0x0000000703c00000, 0x0000000703dfffb0, 0x0000000703e00000| 99%| O|  |TAMS 0x0000000703dfffb0, 0x0000000703c00000| Untracked 
|  16|0x0000000703e00000, 0x0000000703fffe58, 0x0000000704000000| 99%| O|  |TAMS 0x0000000703fffe58, 0x0000000703e00000| Untracked 
|  17|0x0000000704000000, 0x00000007041ffff0, 0x0000000704200000| 99%| O|  |TAMS 0x00000007041ffff0, 0x0000000704000000| Untracked 
|  18|0x0000000704200000, 0x00000007043fffb8, 0x0000000704400000| 99%| O|  |TAMS 0x00000007043fffb8, 0x0000000704200000| Untracked 
|  19|0x0000000704400000, 0x00000007045fffb8, 0x0000000704600000| 99%| O|  |TAMS 0x00000007045fffb8, 0x0000000704400000| Untracked 
|  20|0x0000000704600000, 0x00000007047fffe8, 0x0000000704800000| 99%| O|  |TAMS 0x00000007047fffe8, 0x0000000704600000| Untracked 
|  21|0x0000000704800000, 0x00000007049ffff8, 0x0000000704a00000| 99%| O|  |TAMS 0x00000007049ffff8, 0x0000000704800000| Untracked 
|  22|0x0000000704a00000, 0x0000000704c00000, 0x0000000704c00000|100%| O|  |TAMS 0x0000000704c00000, 0x0000000704a00000| Untracked 
|  23|0x0000000704c00000, 0x0000000704e00000, 0x0000000704e00000|100%| O|  |TAMS 0x0000000704e00000, 0x0000000704c00000| Untracked 
|  24|0x0000000704e00000, 0x0000000704ffffd8, 0x0000000705000000| 99%| O|  |TAMS 0x0000000704ffffd8, 0x0000000704e00000| Untracked 
|  25|0x0000000705000000, 0x0000000705200000, 0x0000000705200000|100%| O|  |TAMS 0x0000000705200000, 0x0000000705000000| Untracked 
|  26|0x0000000705200000, 0x00000007053ffff0, 0x0000000705400000| 99%| O|  |TAMS 0x00000007053ffff0, 0x0000000705200000| Untracked 
|  27|0x0000000705400000, 0x00000007055fffd8, 0x0000000705600000| 99%| O|  |TAMS 0x00000007055fffd8, 0x0000000705400000| Untracked 
|  28|0x0000000705600000, 0x00000007057fffd0, 0x0000000705800000| 99%| O|  |TAMS 0x00000007057fffd0, 0x0000000705600000| Untracked 
|  29|0x0000000705800000, 0x00000007059fffe8, 0x0000000705a00000| 99%| O|  |TAMS 0x00000007059fffe8, 0x0000000705800000| Untracked 
|  30|0x0000000705a00000, 0x0000000705bfffb8, 0x0000000705c00000| 99%| O|  |TAMS 0x0000000705bfffb8, 0x0000000705a00000| Untracked 
|  31|0x0000000705c00000, 0x0000000705e00000, 0x0000000705e00000|100%| O|  |TAMS 0x0000000705e00000, 0x0000000705c00000| Untracked 
|  32|0x0000000705e00000, 0x0000000706000000, 0x0000000706000000|100%| O|  |TAMS 0x0000000706000000, 0x0000000705e00000| Untracked 
|  33|0x0000000706000000, 0x00000007061fffe8, 0x0000000706200000| 99%| O|  |TAMS 0x00000007061fffe8, 0x0000000706000000| Untracked 
|  34|0x0000000706200000, 0x0000000706400000, 0x0000000706400000|100%| O|  |TAMS 0x0000000706400000, 0x0000000706200000| Untracked 
|  35|0x0000000706400000, 0x0000000706521e20, 0x0000000706600000| 56%| O|  |TAMS 0x0000000706521e20, 0x0000000706400000| Untracked 
|  36|0x0000000706600000, 0x00000007067fffb0, 0x0000000706800000| 99%| O|  |TAMS 0x00000007067fffb0, 0x0000000706600000| Untracked 
|  37|0x0000000706800000, 0x00000007068f9ee0, 0x0000000706a00000| 48%| O|  |TAMS 0x00000007068f9ee0, 0x0000000706800000| Untracked 
|  38|0x0000000706a00000, 0x0000000706c00000, 0x0000000706c00000|100%| O|  |TAMS 0x0000000706a00000, 0x0000000706a00000| Untracked 
|  39|0x0000000706c00000, 0x0000000706e00000, 0x0000000706e00000|100%| O|  |TAMS 0x0000000706e00000, 0x0000000706c00000| Untracked 
|  40|0x0000000706e00000, 0x0000000706fffff8, 0x0000000707000000| 99%| O|  |TAMS 0x0000000706fffff8, 0x0000000706e00000| Untracked 
|  41|0x0000000707000000, 0x00000007070d0b60, 0x0000000707200000| 40%| O|  |TAMS 0x00000007070d0b60, 0x0000000707000000| Untracked 
|  42|0x0000000707200000, 0x0000000707400000, 0x0000000707400000|100%| O|  |TAMS 0x0000000707400000, 0x0000000707200000| Untracked 
|  43|0x0000000707400000, 0x0000000707600000, 0x0000000707600000|100%| O|  |TAMS 0x0000000707600000, 0x0000000707400000| Untracked 
|  44|0x0000000707600000, 0x0000000707800000, 0x0000000707800000|100%| O|  |TAMS 0x0000000707800000, 0x0000000707600000| Untracked 
|  45|0x0000000707800000, 0x0000000707a00000, 0x0000000707a00000|100%| O|  |TAMS 0x0000000707a00000, 0x0000000707800000| Untracked 
|  46|0x0000000707a00000, 0x0000000707c00000, 0x0000000707c00000|100%| O|  |TAMS 0x0000000707c00000, 0x0000000707a00000| Untracked 
|  47|0x0000000707c00000, 0x0000000707e00000, 0x0000000707e00000|100%| O|  |TAMS 0x0000000707e00000, 0x0000000707c00000| Untracked 
|  48|0x0000000707e00000, 0x0000000707fffff0, 0x0000000708000000| 99%| O|  |TAMS 0x0000000707fffff0, 0x0000000707e00000| Untracked 
|  49|0x0000000708000000, 0x00000007081c4608, 0x0000000708200000| 88%| O|  |TAMS 0x00000007081c4608, 0x0000000708000000| Untracked 
|  50|0x0000000708200000, 0x0000000708400000, 0x0000000708400000|100%| O|  |TAMS 0x0000000708400000, 0x0000000708200000| Untracked 
|  51|0x0000000708400000, 0x0000000708600000, 0x0000000708600000|100%| O|  |TAMS 0x0000000708600000, 0x0000000708400000| Untracked 
|  52|0x0000000708600000, 0x0000000708800000, 0x0000000708800000|100%| O|  |TAMS 0x0000000708800000, 0x0000000708600000| Untracked 
|  53|0x0000000708800000, 0x00000007089a4fe8, 0x0000000708a00000| 82%| O|  |TAMS 0x00000007089a4fe8, 0x0000000708800000| Untracked 
|  54|0x0000000708a00000, 0x0000000708c00000, 0x0000000708c00000|100%| O|  |TAMS 0x0000000708c00000, 0x0000000708a00000| Untracked 
|  55|0x0000000708c00000, 0x0000000708e00000, 0x0000000708e00000|100%| O|  |TAMS 0x0000000708e00000, 0x0000000708c00000| Untracked 
|  56|0x0000000708e00000, 0x0000000709000000, 0x0000000709000000|100%| O|  |TAMS 0x0000000709000000, 0x0000000708e00000| Untracked 
|  57|0x0000000709000000, 0x0000000709200000, 0x0000000709200000|100%| O|  |TAMS 0x0000000709200000, 0x0000000709000000| Untracked 
|  58|0x0000000709200000, 0x0000000709400000, 0x0000000709400000|100%| O|  |TAMS 0x0000000709400000, 0x0000000709200000| Untracked 
|  59|0x0000000709400000, 0x0000000709600000, 0x0000000709600000|100%| O|  |TAMS 0x0000000709600000, 0x0000000709400000| Untracked 
|  60|0x0000000709600000, 0x0000000709800000, 0x0000000709800000|100%| O|  |TAMS 0x0000000709800000, 0x0000000709600000| Untracked 
|  61|0x0000000709800000, 0x0000000709a00000, 0x0000000709a00000|100%| O|  |TAMS 0x0000000709a00000, 0x0000000709800000| Untracked 
|  62|0x0000000709a00000, 0x0000000709c00000, 0x0000000709c00000|100%| O|  |TAMS 0x0000000709c00000, 0x0000000709a00000| Untracked 
|  63|0x0000000709c00000, 0x0000000709e00000, 0x0000000709e00000|100%| O|  |TAMS 0x0000000709e00000, 0x0000000709c00000| Untracked 
|  64|0x0000000709e00000, 0x000000070a000000, 0x000000070a000000|100%| O|  |TAMS 0x000000070a000000, 0x0000000709e00000| Untracked 
|  65|0x000000070a000000, 0x000000070a200000, 0x000000070a200000|100%| O|  |TAMS 0x000000070a200000, 0x000000070a000000| Untracked 
|  66|0x000000070a200000, 0x000000070a400000, 0x000000070a400000|100%| O|  |TAMS 0x000000070a400000, 0x000000070a200000| Untracked 
|  67|0x000000070a400000, 0x000000070a5fffe8, 0x000000070a600000| 99%| O|  |TAMS 0x000000070a5fffe8, 0x000000070a400000| Untracked 
|  68|0x000000070a600000, 0x000000070a800000, 0x000000070a800000|100%| O|  |TAMS 0x000000070a800000, 0x000000070a600000| Untracked 
|  69|0x000000070a800000, 0x000000070aa00000, 0x000000070aa00000|100%| O|  |TAMS 0x000000070aa00000, 0x000000070a800000| Untracked 
|  70|0x000000070aa00000, 0x000000070ac00000, 0x000000070ac00000|100%| O|  |TAMS 0x000000070aba4200, 0x000000070aa00000| Untracked 
|  71|0x000000070ac00000, 0x000000070ae00000, 0x000000070ae00000|100%| O|  |TAMS 0x000000070ac00000, 0x000000070ac00000| Untracked 
|  72|0x000000070ae00000, 0x000000070aed5800, 0x000000070b000000| 41%| O|  |TAMS 0x000000070ae00000, 0x000000070ae00000| Untracked 
|  73|0x000000070b000000, 0x000000070b000000, 0x000000070b200000|  0%| F|  |TAMS 0x000000070b000000, 0x000000070b000000| Untracked 
|  74|0x000000070b200000, 0x000000070b200000, 0x000000070b400000|  0%| F|  |TAMS 0x000000070b200000, 0x000000070b200000| Untracked 
|  75|0x000000070b400000, 0x000000070b5ffff0, 0x000000070b600000| 99%| O|  |TAMS 0x000000070b5ffff0, 0x000000070b400000| Untracked 
|  76|0x000000070b600000, 0x000000070b600000, 0x000000070b800000|  0%| F|  |TAMS 0x000000070b600000, 0x000000070b600000| Untracked 
|  77|0x000000070b800000, 0x000000070b800000, 0x000000070ba00000|  0%| F|  |TAMS 0x000000070b800000, 0x000000070b800000| Untracked 
|  78|0x000000070ba00000, 0x000000070ba00000, 0x000000070bc00000|  0%| F|  |TAMS 0x000000070ba00000, 0x000000070ba00000| Untracked 
|  79|0x000000070bc00000, 0x000000070bc00000, 0x000000070be00000|  0%| F|  |TAMS 0x000000070bc00000, 0x000000070bc00000| Untracked 
|  80|0x000000070be00000, 0x000000070be00000, 0x000000070c000000|  0%| F|  |TAMS 0x000000070be00000, 0x000000070be00000| Untracked 
|  81|0x000000070c000000, 0x000000070c000000, 0x000000070c200000|  0%| F|  |TAMS 0x000000070c000000, 0x000000070c000000| Untracked 
|  82|0x000000070c200000, 0x000000070c244918, 0x000000070c400000| 13%| O|  |TAMS 0x000000070c244918, 0x000000070c200000| Untracked 
|  83|0x000000070c400000, 0x000000070c400000, 0x000000070c600000|  0%| F|  |TAMS 0x000000070c400000, 0x000000070c400000| Untracked 
|  84|0x000000070c600000, 0x000000070c600000, 0x000000070c800000|  0%| F|  |TAMS 0x000000070c600000, 0x000000070c600000| Untracked 
|  85|0x000000070c800000, 0x000000070c800000, 0x000000070ca00000|  0%| F|  |TAMS 0x000000070c800000, 0x000000070c800000| Untracked 
|  86|0x000000070ca00000, 0x000000070ca00000, 0x000000070cc00000|  0%| F|  |TAMS 0x000000070ca00000, 0x000000070ca00000| Untracked 
|  87|0x000000070cc00000, 0x000000070cc00000, 0x000000070ce00000|  0%| F|  |TAMS 0x000000070cc00000, 0x000000070cc00000| Untracked 
|  88|0x000000070ce00000, 0x000000070ce00000, 0x000000070d000000|  0%| F|  |TAMS 0x000000070ce00000, 0x000000070ce00000| Untracked 
|  89|0x000000070d000000, 0x000000070d000000, 0x000000070d200000|  0%| F|  |TAMS 0x000000070d000000, 0x000000070d000000| Untracked 
|  90|0x000000070d200000, 0x000000070d200000, 0x000000070d400000|  0%| F|  |TAMS 0x000000070d200000, 0x000000070d200000| Untracked 
|  91|0x000000070d400000, 0x000000070d400000, 0x000000070d600000|  0%| F|  |TAMS 0x000000070d400000, 0x000000070d400000| Untracked 
|  92|0x000000070d600000, 0x000000070d600000, 0x000000070d800000|  0%| F|  |TAMS 0x000000070d600000, 0x000000070d600000| Untracked 
|  93|0x000000070d800000, 0x000000070d800000, 0x000000070da00000|  0%| F|  |TAMS 0x000000070d800000, 0x000000070d800000| Untracked 
|  94|0x000000070da00000, 0x000000070da00000, 0x000000070dc00000|  0%| F|  |TAMS 0x000000070da00000, 0x000000070da00000| Untracked 
|  95|0x000000070dc00000, 0x000000070dc00000, 0x000000070de00000|  0%| F|  |TAMS 0x000000070dc00000, 0x000000070dc00000| Untracked 
|  96|0x000000070de00000, 0x000000070de00000, 0x000000070e000000|  0%| F|  |TAMS 0x000000070de00000, 0x000000070de00000| Untracked 
|  97|0x000000070e000000, 0x000000070e000000, 0x000000070e200000|  0%| F|  |TAMS 0x000000070e000000, 0x000000070e000000| Untracked 
|  98|0x000000070e200000, 0x000000070e200000, 0x000000070e400000|  0%| F|  |TAMS 0x000000070e200000, 0x000000070e200000| Untracked 
|  99|0x000000070e400000, 0x000000070e400000, 0x000000070e600000|  0%| F|  |TAMS 0x000000070e400000, 0x000000070e400000| Untracked 
| 100|0x000000070e600000, 0x000000070e600000, 0x000000070e800000|  0%| F|  |TAMS 0x000000070e600000, 0x000000070e600000| Untracked 
| 101|0x000000070e800000, 0x000000070e800000, 0x000000070ea00000|  0%| F|  |TAMS 0x000000070e800000, 0x000000070e800000| Untracked 
| 102|0x000000070ea00000, 0x000000070ea00000, 0x000000070ec00000|  0%| F|  |TAMS 0x000000070ea00000, 0x000000070ea00000| Untracked 
| 103|0x000000070ec00000, 0x000000070ec00000, 0x000000070ee00000|  0%| F|  |TAMS 0x000000070ec00000, 0x000000070ec00000| Untracked 
| 104|0x000000070ee00000, 0x000000070ee00000, 0x000000070f000000|  0%| F|  |TAMS 0x000000070ee00000, 0x000000070ee00000| Untracked 
| 105|0x000000070f000000, 0x000000070f000000, 0x000000070f200000|  0%| F|  |TAMS 0x000000070f000000, 0x000000070f000000| Untracked 
| 106|0x000000070f200000, 0x000000070f200000, 0x000000070f400000|  0%| F|  |TAMS 0x000000070f200000, 0x000000070f200000| Untracked 
| 107|0x000000070f400000, 0x000000070f400000, 0x000000070f600000|  0%| F|  |TAMS 0x000000070f400000, 0x000000070f400000| Untracked 
| 108|0x000000070f600000, 0x000000070f600000, 0x000000070f800000|  0%| F|  |TAMS 0x000000070f600000, 0x000000070f600000| Untracked 
| 109|0x000000070f800000, 0x000000070f800000, 0x000000070fa00000|  0%| F|  |TAMS 0x000000070f800000, 0x000000070f800000| Untracked 
| 110|0x000000070fa00000, 0x000000070fa00000, 0x000000070fc00000|  0%| F|  |TAMS 0x000000070fa00000, 0x000000070fa00000| Untracked 
| 111|0x000000070fc00000, 0x000000070fc00000, 0x000000070fe00000|  0%| F|  |TAMS 0x000000070fc00000, 0x000000070fc00000| Untracked 
| 112|0x000000070fe00000, 0x000000070fe00000, 0x0000000710000000|  0%| F|  |TAMS 0x000000070fe00000, 0x000000070fe00000| Untracked 
| 113|0x0000000710000000, 0x0000000710000000, 0x0000000710200000|  0%| F|  |TAMS 0x0000000710000000, 0x0000000710000000| Untracked 
| 114|0x0000000710200000, 0x0000000710200000, 0x0000000710400000|  0%| F|  |TAMS 0x0000000710200000, 0x0000000710200000| Untracked 
| 115|0x0000000710400000, 0x0000000710400000, 0x0000000710600000|  0%| F|  |TAMS 0x0000000710400000, 0x0000000710400000| Untracked 
| 116|0x0000000710600000, 0x0000000710600000, 0x0000000710800000|  0%| F|  |TAMS 0x0000000710600000, 0x0000000710600000| Untracked 
| 117|0x0000000710800000, 0x0000000710800000, 0x0000000710a00000|  0%| F|  |TAMS 0x0000000710800000, 0x0000000710800000| Untracked 
| 118|0x0000000710a00000, 0x0000000710a00000, 0x0000000710c00000|  0%| F|  |TAMS 0x0000000710a00000, 0x0000000710a00000| Untracked 
| 119|0x0000000710c00000, 0x0000000710c00000, 0x0000000710e00000|  0%| F|  |TAMS 0x0000000710c00000, 0x0000000710c00000| Untracked 
| 120|0x0000000710e00000, 0x0000000710e00000, 0x0000000711000000|  0%| F|  |TAMS 0x0000000710e00000, 0x0000000710e00000| Untracked 
| 121|0x0000000711000000, 0x0000000711000000, 0x0000000711200000|  0%| F|  |TAMS 0x0000000711000000, 0x0000000711000000| Untracked 
| 122|0x0000000711200000, 0x0000000711200000, 0x0000000711400000|  0%| F|  |TAMS 0x0000000711200000, 0x0000000711200000| Untracked 
| 123|0x0000000711400000, 0x0000000711400000, 0x0000000711600000|  0%| F|  |TAMS 0x0000000711400000, 0x0000000711400000| Untracked 
| 124|0x0000000711600000, 0x0000000711600000, 0x0000000711800000|  0%| F|  |TAMS 0x0000000711600000, 0x0000000711600000| Untracked 
| 125|0x0000000711800000, 0x0000000711800000, 0x0000000711a00000|  0%| F|  |TAMS 0x0000000711800000, 0x0000000711800000| Untracked 
| 126|0x0000000711a00000, 0x0000000711a00000, 0x0000000711c00000|  0%| F|  |TAMS 0x0000000711a00000, 0x0000000711a00000| Untracked 
| 127|0x0000000711c00000, 0x0000000711c00000, 0x0000000711e00000|  0%| F|  |TAMS 0x0000000711c00000, 0x0000000711c00000| Untracked 
| 128|0x0000000711e00000, 0x0000000711e00000, 0x0000000712000000|  0%| F|  |TAMS 0x0000000711e00000, 0x0000000711e00000| Untracked 
| 129|0x0000000712000000, 0x0000000712000000, 0x0000000712200000|  0%| F|  |TAMS 0x0000000712000000, 0x0000000712000000| Untracked 
| 130|0x0000000712200000, 0x0000000712200000, 0x0000000712400000|  0%| F|  |TAMS 0x0000000712200000, 0x0000000712200000| Untracked 
| 131|0x0000000712400000, 0x0000000712400000, 0x0000000712600000|  0%| F|  |TAMS 0x0000000712400000, 0x0000000712400000| Untracked 
| 132|0x0000000712600000, 0x0000000712600000, 0x0000000712800000|  0%| F|  |TAMS 0x0000000712600000, 0x0000000712600000| Untracked 
| 133|0x0000000712800000, 0x0000000712800000, 0x0000000712a00000|  0%| F|  |TAMS 0x0000000712800000, 0x0000000712800000| Untracked 
| 134|0x0000000712a00000, 0x0000000712a00000, 0x0000000712c00000|  0%| F|  |TAMS 0x0000000712a00000, 0x0000000712a00000| Untracked 
| 135|0x0000000712c00000, 0x0000000712c00000, 0x0000000712e00000|  0%| F|  |TAMS 0x0000000712c00000, 0x0000000712c00000| Untracked 
| 136|0x0000000712e00000, 0x0000000712e00000, 0x0000000713000000|  0%| F|  |TAMS 0x0000000712e00000, 0x0000000712e00000| Untracked 
| 137|0x0000000713000000, 0x0000000713000000, 0x0000000713200000|  0%| F|  |TAMS 0x0000000713000000, 0x0000000713000000| Untracked 
| 138|0x0000000713200000, 0x00000007133fb700, 0x0000000713400000| 99%| E|  |TAMS 0x0000000713200000, 0x0000000713200000| Complete 
| 139|0x0000000713400000, 0x0000000713600000, 0x0000000713600000|100%| E|  |TAMS 0x0000000713400000, 0x0000000713400000| Complete 
| 140|0x0000000713600000, 0x0000000713800000, 0x0000000713800000|100%| E|  |TAMS 0x0000000713600000, 0x0000000713600000| Complete 
| 141|0x0000000713800000, 0x0000000713a00000, 0x0000000713a00000|100%| E|  |TAMS 0x0000000713800000, 0x0000000713800000| Complete 
| 142|0x0000000713a00000, 0x0000000713c00000, 0x0000000713c00000|100%| E|  |TAMS 0x0000000713a00000, 0x0000000713a00000| Complete 
| 143|0x0000000713c00000, 0x0000000713e00000, 0x0000000713e00000|100%| E|  |TAMS 0x0000000713c00000, 0x0000000713c00000| Complete 
| 144|0x0000000713e00000, 0x0000000714000000, 0x0000000714000000|100%| E|  |TAMS 0x0000000713e00000, 0x0000000713e00000| Complete 
| 145|0x0000000714000000, 0x0000000714200000, 0x0000000714200000|100%| E|  |TAMS 0x0000000714000000, 0x0000000714000000| Complete 
| 146|0x0000000714200000, 0x0000000714400000, 0x0000000714400000|100%| E|  |TAMS 0x0000000714200000, 0x0000000714200000| Complete 
| 147|0x0000000714400000, 0x0000000714600000, 0x0000000714600000|100%| E|  |TAMS 0x0000000714400000, 0x0000000714400000| Complete 
| 148|0x0000000714600000, 0x0000000714800000, 0x0000000714800000|100%| E|  |TAMS 0x0000000714600000, 0x0000000714600000| Complete 
| 149|0x0000000714800000, 0x0000000714a00000, 0x0000000714a00000|100%| E|  |TAMS 0x0000000714800000, 0x0000000714800000| Complete 
| 150|0x0000000714a00000, 0x0000000714c00000, 0x0000000714c00000|100%| E|  |TAMS 0x0000000714a00000, 0x0000000714a00000| Complete 
| 151|0x0000000714c00000, 0x0000000714e00000, 0x0000000714e00000|100%| E|  |TAMS 0x0000000714c00000, 0x0000000714c00000| Complete 
| 152|0x0000000714e00000, 0x0000000715000000, 0x0000000715000000|100%| E|  |TAMS 0x0000000714e00000, 0x0000000714e00000| Complete 
| 153|0x0000000715000000, 0x0000000715200000, 0x0000000715200000|100%| E|  |TAMS 0x0000000715000000, 0x0000000715000000| Complete 
| 154|0x0000000715200000, 0x0000000715400000, 0x0000000715400000|100%| E|  |TAMS 0x0000000715200000, 0x0000000715200000| Complete 
| 155|0x0000000715400000, 0x0000000715600000, 0x0000000715600000|100%| E|  |TAMS 0x0000000715400000, 0x0000000715400000| Complete 
| 156|0x0000000715600000, 0x0000000715800000, 0x0000000715800000|100%| E|  |TAMS 0x0000000715600000, 0x0000000715600000| Complete 
| 157|0x0000000715800000, 0x0000000715a00000, 0x0000000715a00000|100%| E|  |TAMS 0x0000000715800000, 0x0000000715800000| Complete 
| 158|0x0000000715a00000, 0x0000000715c00000, 0x0000000715c00000|100%| E|  |TAMS 0x0000000715a00000, 0x0000000715a00000| Complete 
| 159|0x0000000715c00000, 0x0000000715e00000, 0x0000000715e00000|100%| E|  |TAMS 0x0000000715c00000, 0x0000000715c00000| Complete 
| 160|0x0000000715e00000, 0x0000000716000000, 0x0000000716000000|100%| E|  |TAMS 0x0000000715e00000, 0x0000000715e00000| Complete 
| 161|0x0000000716000000, 0x0000000716200000, 0x0000000716200000|100%| E|  |TAMS 0x0000000716000000, 0x0000000716000000| Complete 
| 162|0x0000000716200000, 0x0000000716400000, 0x0000000716400000|100%| E|  |TAMS 0x0000000716200000, 0x0000000716200000| Complete 
| 163|0x0000000716400000, 0x0000000716600000, 0x0000000716600000|100%| E|  |TAMS 0x0000000716400000, 0x0000000716400000| Complete 
| 164|0x0000000716600000, 0x0000000716800000, 0x0000000716800000|100%| E|  |TAMS 0x0000000716600000, 0x0000000716600000| Complete 
| 165|0x0000000716800000, 0x0000000716a00000, 0x0000000716a00000|100%| E|  |TAMS 0x0000000716800000, 0x0000000716800000| Complete 
| 166|0x0000000716a00000, 0x0000000716c00000, 0x0000000716c00000|100%| E|  |TAMS 0x0000000716a00000, 0x0000000716a00000| Complete 
| 167|0x0000000716c00000, 0x0000000716e00000, 0x0000000716e00000|100%| E|  |TAMS 0x0000000716c00000, 0x0000000716c00000| Complete 
| 168|0x0000000716e00000, 0x0000000717000000, 0x0000000717000000|100%| E|  |TAMS 0x0000000716e00000, 0x0000000716e00000| Complete 
| 169|0x0000000717000000, 0x0000000717200000, 0x0000000717200000|100%| E|  |TAMS 0x0000000717000000, 0x0000000717000000| Complete 
| 170|0x0000000717200000, 0x0000000717400000, 0x0000000717400000|100%| E|  |TAMS 0x0000000717200000, 0x0000000717200000| Complete 
| 171|0x0000000717400000, 0x0000000717600000, 0x0000000717600000|100%| E|  |TAMS 0x0000000717400000, 0x0000000717400000| Complete 
| 172|0x0000000717600000, 0x0000000717800000, 0x0000000717800000|100%| E|  |TAMS 0x0000000717600000, 0x0000000717600000| Complete 
| 173|0x0000000717800000, 0x0000000717a00000, 0x0000000717a00000|100%| E|  |TAMS 0x0000000717800000, 0x0000000717800000| Complete 
| 174|0x0000000717a00000, 0x0000000717c00000, 0x0000000717c00000|100%| E|  |TAMS 0x0000000717a00000, 0x0000000717a00000| Complete 
| 175|0x0000000717c00000, 0x0000000717e00000, 0x0000000717e00000|100%| E|  |TAMS 0x0000000717c00000, 0x0000000717c00000| Complete 
| 176|0x0000000717e00000, 0x0000000718000000, 0x0000000718000000|100%| E|  |TAMS 0x0000000717e00000, 0x0000000717e00000| Complete 
| 177|0x0000000718000000, 0x0000000718200000, 0x0000000718200000|100%| E|  |TAMS 0x0000000718000000, 0x0000000718000000| Complete 
| 178|0x0000000718200000, 0x0000000718400000, 0x0000000718400000|100%| E|  |TAMS 0x0000000718200000, 0x0000000718200000| Complete 
| 179|0x0000000718400000, 0x0000000718600000, 0x0000000718600000|100%| E|  |TAMS 0x0000000718400000, 0x0000000718400000| Complete 
| 180|0x0000000718600000, 0x0000000718800000, 0x0000000718800000|100%| E|  |TAMS 0x0000000718600000, 0x0000000718600000| Complete 
| 181|0x0000000718800000, 0x0000000718a00000, 0x0000000718a00000|100%| E|  |TAMS 0x0000000718800000, 0x0000000718800000| Complete 
| 182|0x0000000718a00000, 0x0000000718c00000, 0x0000000718c00000|100%| E|  |TAMS 0x0000000718a00000, 0x0000000718a00000| Complete 
| 183|0x0000000718c00000, 0x0000000718e00000, 0x0000000718e00000|100%| E|  |TAMS 0x0000000718c00000, 0x0000000718c00000| Complete 
| 184|0x0000000718e00000, 0x0000000718faa760, 0x0000000719000000| 83%| S|  |TAMS 0x0000000718e00000, 0x0000000718e00000| Complete 
| 185|0x0000000719000000, 0x0000000719200000, 0x0000000719200000|100%| E|  |TAMS 0x0000000719000000, 0x0000000719000000| Complete 
| 186|0x0000000719200000, 0x0000000719400000, 0x0000000719400000|100%| E|  |TAMS 0x0000000719200000, 0x0000000719200000| Complete 
| 187|0x0000000719400000, 0x0000000719600000, 0x0000000719600000|100%| E|  |TAMS 0x0000000719400000, 0x0000000719400000| Complete 
| 188|0x0000000719600000, 0x0000000719800000, 0x0000000719800000|100%| E|  |TAMS 0x0000000719600000, 0x0000000719600000| Complete 
| 189|0x0000000719800000, 0x0000000719a00000, 0x0000000719a00000|100%| E|  |TAMS 0x0000000719800000, 0x0000000719800000| Complete 
| 190|0x0000000719a00000, 0x0000000719c00000, 0x0000000719c00000|100%| E|  |TAMS 0x0000000719a00000, 0x0000000719a00000| Complete 
| 191|0x0000000719c00000, 0x0000000719e00000, 0x0000000719e00000|100%| E|  |TAMS 0x0000000719c00000, 0x0000000719c00000| Complete 

Card table byte_map: [0x000002248f000000,0x000002248f800000] _byte_map_base: 0x000002248b7f1000

Marking Bits (Prev, Next): (CMBitMap*) 0x00000224f5f5e630, (CMBitMap*) 0x00000224f5f5e670
 Prev Bits: [0x0000022490000000, 0x0000022493f88000)
 Next Bits: [0x0000022493f90000, 0x0000022497f18000)

Polling page: 0x00000224f5fb0000

Metaspace:

Usage:
  Non-class:    223.20 MB used.
      Class:     24.27 MB used.
       Both:    247.47 MB used.

Virtual space:
  Non-class space:      320.00 MB reserved,     245.94 MB ( 77%) committed,  5 nodes.
      Class space:        1.00 GB reserved,      28.06 MB (  3%) committed,  1 nodes.
             Both:        1.31 GB reserved,     274.00 MB ( 20%) committed. 

Chunk freelists:
   Non-Class:  47.72 MB
       Class:  6.81 MB
        Both:  54.52 MB

MaxMetaspaceSize: unlimited
CompressedClassSpaceSize: 1.00 GB
Initial GC threshold: 21.00 MB
Current GC threshold: 496.25 MB
CDS: on
MetaspaceReclaimPolicy: balanced
 - commit_granule_bytes: 65536.
 - commit_granule_words: 8192.
 - virtual_space_node_default_size: 8388608.
 - enlarge_chunks_in_place: 1.
 - new_chunks_are_fully_committed: 0.
 - uncommit_free_chunks: 1.
 - use_allocation_guard: 0.
 - handle_deallocations: 1.


Internal statistics:

num_allocs_failed_limit: 11.
num_arena_births: 11676.
num_arena_deaths: 8684.
num_vsnodes_births: 6.
num_vsnodes_deaths: 0.
num_space_committed: 5810.
num_space_uncommitted: 1426.
num_chunks_returned_to_freelist: 25890.
num_chunks_taken_from_freelist: 43259.
num_chunk_merges: 5586.
num_chunk_splits: 18723.
num_chunks_enlarged: 9693.
num_inconsistent_stats: 0.

CodeHeap 'non-profiled nmethods': size=120000Kb used=47546Kb max_used=47546Kb free=72453Kb
 bounds [0x0000022487ad0000, 0x000002248a940000, 0x000002248f000000]
CodeHeap 'profiled nmethods': size=120000Kb used=53604Kb max_used=53604Kb free=66395Kb
 bounds [0x0000022480000000, 0x00000224834a0000, 0x0000022487530000]
CodeHeap 'non-nmethods': size=5760Kb used=1500Kb max_used=1674Kb free=4259Kb
 bounds [0x0000022487530000, 0x00000224877a0000, 0x0000022487ad0000]
 total_blobs=28551 nmethods=27780 adapters=681
 compilation: enabled
              stopped_count=0, restarted_count=0
 full_count=0

Compilation events (20 events):
Event: 57106.477 Thread 0x000002249aa72480 39151       3       nonapi.io.github.classgraph.recycler.Recycler::forceClose (63 bytes)
Event: 57106.477 Thread 0x000002249aa72480 nmethod 39151 0x0000022481546d10 code [0x0000022481546f20, 0x00000224815478c8]
Event: 57106.478 Thread 0x000002249aa72480 39152       3       nonapi.io.github.classgraph.concurrency.SingletonMap::values (84 bytes)
Event: 57106.480 Thread 0x000002249aa72480 nmethod 39152 0x0000022481fa7310 code [0x0000022481fa75a0, 0x0000022481fa84c8]
Event: 57106.618 Thread 0x000002249aa72480 39153       3       io.github.classgraph.ScanResult::<init> (339 bytes)
Event: 57106.666 Thread 0x000002249aa72480 nmethod 39153 0x0000022481517990 code [0x0000022481517de0, 0x000002248151a688]
Event: 57106.666 Thread 0x000002249aa72480 39154       3       io.github.classgraph.Scanner::newClasspathEntryWorkUnitProcessor (11 bytes)
Event: 57106.667 Thread 0x000002249aa72480 nmethod 39154 0x0000022482d16790 code [0x0000022482d16940, 0x0000022482d16c98]
Event: 57107.418 Thread 0x000002249aa72480 39155       3       org.springframework.boot.autoconfigure.logging.ConditionEvaluationReportLoggingListener$ConditionEvaluationReportListener::supportsEventType (35 bytes)
Event: 57107.418 Thread 0x000002249aa72480 nmethod 39155 0x0000022481a30c90 code [0x0000022481a30e60, 0x0000022481a311a8]
Event: 57129.932 Thread 0x000002249aa6fb50 39156       4       org.apache.catalina.webresources.StandardRoot::gc (70 bytes)
Event: 57129.975 Thread 0x000002249aa6fb50 nmethod 39156 0x000002248a93ce10 code [0x000002248a93cfe0, 0x000002248a93d9e8]
Event: 57161.866 Thread 0x000002249aa72480 39157       3       com.zaxxer.hikari.util.ConcurrentBag::remove (93 bytes)
Event: 57161.868 Thread 0x000002249aa72480 nmethod 39157 0x00000224822a9b10 code [0x00000224822a9d60, 0x00000224822aa608]
Event: 57161.868 Thread 0x000002249aa72480 39158       3       com.zaxxer.hikari.pool.PoolEntry::close (114 bytes)
Event: 57161.870 Thread 0x000002249aa72480 nmethod 39158 0x0000022482202590 code [0x00000224822027e0, 0x0000022482203238]
Event: 57161.879 Thread 0x000002249aa6fb50 39159       4       com.mysql.cj.protocol.a.NativePacketPayload::<init> (38 bytes)
Event: 57161.886 Thread 0x000002249aa6fb50 nmethod 39159 0x000002248a93e410 code [0x000002248a93e5a0, 0x000002248a93e998]
Event: 57161.889 Thread 0x000002249aa72480 39160   !   3       com.zaxxer.hikari.pool.PoolBase::quietlyCloseConnection (129 bytes)
Event: 57161.898 Thread 0x000002249aa72480 nmethod 39160 0x0000022481562710 code [0x00000224815629c0, 0x0000022481563c68]

GC Heap History (20 events):
Event: 57097.631 GC heap after
{Heap after GC invocations=792 (full 29):
 garbage-first heap   total 327680K, used 110029K [0x0000000701e00000, 0x0000000800000000)
  region size 2048K, 4 young (8192K), 4 survivors (8192K)
 Metaspace       used 246335K, committed 280576K, reserved 1376256K
  class space    used 24361K, committed 28736K, reserved 1048576K
}
Event: 57098.999 GC heap before
{Heap before GC invocations=793 (full 29):
 garbage-first heap   total 327680K, used 269773K [0x0000000701e00000, 0x0000000800000000)
  region size 2048K, 82 young (167936K), 4 survivors (8192K)
 Metaspace       used 247523K, committed 280576K, reserved 1376256K
  class space    used 24495K, committed 28736K, reserved 1048576K
}
Event: 57099.010 GC heap after
{Heap after GC invocations=794 (full 29):
 garbage-first heap   total 327680K, used 111778K [0x0000000701e00000, 0x0000000800000000)
  region size 2048K, 5 young (10240K), 5 survivors (10240K)
 Metaspace       used 247523K, committed 280576K, reserved 1376256K
  class space    used 24495K, committed 28736K, reserved 1048576K
}
Event: 57101.187 GC heap before
{Heap before GC invocations=794 (full 29):
 garbage-first heap   total 327680K, used 271522K [0x0000000701e00000, 0x0000000800000000)
  region size 2048K, 83 young (169984K), 5 survivors (10240K)
 Metaspace       used 248633K, committed 280576K, reserved 1376256K
  class space    used 24576K, committed 28736K, reserved 1048576K
}
Event: 57101.202 GC heap after
{Heap after GC invocations=795 (full 29):
 garbage-first heap   total 327680K, used 120919K [0x0000000701e00000, 0x0000000800000000)
  region size 2048K, 9 young (18432K), 9 survivors (18432K)
 Metaspace       used 248633K, committed 280576K, reserved 1376256K
  class space    used 24576K, committed 28736K, reserved 1048576K
}
Event: 57103.062 GC heap before
{Heap before GC invocations=796 (full 29):
 garbage-first heap   total 327680K, used 266327K [0x0000000701e00000, 0x0000000800000000)
  region size 2048K, 80 young (163840K), 9 survivors (18432K)
 Metaspace       used 250140K, committed 280576K, reserved 1376256K
  class space    used 24674K, committed 28736K, reserved 1048576K
}
Event: 57103.084 GC heap after
{Heap after GC invocations=797 (full 29):
 garbage-first heap   total 327680K, used 128812K [0x0000000701e00000, 0x0000000800000000)
  region size 2048K, 9 young (18432K), 9 survivors (18432K)
 Metaspace       used 250140K, committed 280576K, reserved 1376256K
  class space    used 24674K, committed 28736K, reserved 1048576K
}
Event: 57104.830 GC heap before
{Heap before GC invocations=797 (full 29):
 garbage-first heap   total 327680K, used 266028K [0x0000000701e00000, 0x0000000800000000)
  region size 2048K, 76 young (155648K), 9 survivors (18432K)
 Metaspace       used 252700K, committed 280576K, reserved 1376256K
  class space    used 24842K, committed 28736K, reserved 1048576K
}
Event: 57104.854 GC heap after
{Heap after GC invocations=798 (full 29):
 garbage-first heap   total 327680K, used 137917K [0x0000000701e00000, 0x0000000800000000)
  region size 2048K, 9 young (18432K), 9 survivors (18432K)
 Metaspace       used 252700K, committed 280576K, reserved 1376256K
  class space    used 24842K, committed 28736K, reserved 1048576K
}
Event: 57106.307 GC heap before
{Heap before GC invocations=799 (full 29):
 garbage-first heap   total 327680K, used 266941K [0x0000000701e00000, 0x0000000800000000)
  region size 2048K, 72 young (147456K), 9 survivors (18432K)
 Metaspace       used 253637K, committed 280576K, reserved 1376256K
  class space    used 24900K, committed 28736K, reserved 1048576K
}
Event: 57106.328 GC heap after
{Heap after GC invocations=800 (full 29):
 garbage-first heap   total 327680K, used 142871K [0x0000000701e00000, 0x0000000800000000)
  region size 2048K, 8 young (16384K), 8 survivors (16384K)
 Metaspace       used 253637K, committed 280576K, reserved 1376256K
  class space    used 24900K, committed 28736K, reserved 1048576K
}
Event: 57106.335 GC heap before
{Heap before GC invocations=800 (full 29):
 garbage-first heap   total 327680K, used 144919K [0x0000000701e00000, 0x0000000800000000)
  region size 2048K, 9 young (18432K), 8 survivors (16384K)
 Metaspace       used 253637K, committed 280576K, reserved 1376256K
  class space    used 24900K, committed 28736K, reserved 1048576K
}
Event: 57106.348 GC heap after
{Heap after GC invocations=801 (full 29):
 garbage-first heap   total 393216K, used 145606K [0x0000000701e00000, 0x0000000800000000)
  region size 2048K, 2 young (4096K), 2 survivors (4096K)
 Metaspace       used 253637K, committed 280576K, reserved 1376256K
  class space    used 24900K, committed 28736K, reserved 1048576K
}
Event: 57107.128 GC heap before
{Heap before GC invocations=801 (full 29):
 garbage-first heap   total 393216K, used 315590K [0x0000000701e00000, 0x0000000800000000)
  region size 2048K, 86 young (176128K), 2 survivors (4096K)
 Metaspace       used 253681K, committed 280576K, reserved 1376256K
  class space    used 24903K, committed 28736K, reserved 1048576K
}
Event: 57107.141 GC heap after
{Heap after GC invocations=802 (full 29):
 garbage-first heap   total 393216K, used 156179K [0x0000000701e00000, 0x0000000800000000)
  region size 2048K, 7 young (14336K), 7 survivors (14336K)
 Metaspace       used 253681K, committed 280576K, reserved 1376256K
  class space    used 24903K, committed 28736K, reserved 1048576K
}
Event: 57137.375 GC heap before
{Heap before GC invocations=803 (full 29):
 garbage-first heap   total 393216K, used 311827K [0x0000000701e00000, 0x0000000800000000)
  region size 2048K, 84 young (172032K), 7 survivors (14336K)
 Metaspace       used 253408K, committed 280576K, reserved 1376256K
  class space    used 24850K, committed 28736K, reserved 1048576K
}
Event: 57137.385 GC heap after
{Heap after GC invocations=804 (full 29):
 garbage-first heap   total 393216K, used 149594K [0x0000000701e00000, 0x0000000800000000)
  region size 2048K, 2 young (4096K), 2 survivors (4096K)
 Metaspace       used 253408K, committed 280576K, reserved 1376256K
  class space    used 24850K, committed 28736K, reserved 1048576K
}
Event: 57140.390 GC heap before
{Heap before GC invocations=804 (full 29):
 garbage-first heap   total 393216K, used 163930K [0x0000000701e00000, 0x0000000800000000)
  region size 2048K, 9 young (18432K), 2 survivors (4096K)
 Metaspace       used 253408K, committed 280576K, reserved 1376256K
  class space    used 24850K, committed 28736K, reserved 1048576K
}
Event: 57140.398 GC heap after
{Heap after GC invocations=805 (full 29):
 garbage-first heap   total 393216K, used 148584K [0x0000000701e00000, 0x0000000800000000)
  region size 2048K, 1 young (2048K), 1 survivors (2048K)
 Metaspace       used 253408K, committed 280576K, reserved 1376256K
  class space    used 24850K, committed 28736K, reserved 1048576K
}
Event: 57161.910 GC heap before
{Heap before GC invocations=805 (full 29):
 garbage-first heap   total 393216K, used 255080K [0x0000000701e00000, 0x0000000800000000)
  region size 2048K, 54 young (110592K), 1 survivors (2048K)
 Metaspace       used 253411K, committed 280576K, reserved 1376256K
  class space    used 24851K, committed 28736K, reserved 1048576K
}

Deoptimization events (20 events):
Event: 57161.895 Thread 0x00000224e6b01a70 DEOPT PACKING pc=0x0000022481a14f24 sp=0x000000ec666fe870
Event: 57161.895 Thread 0x00000224e6b01a70 DEOPT UNPACKING pc=0x0000022487582b43 sp=0x000000ec666fddb8 mode 1
Event: 57161.895 Thread 0x00000224e6b01a70 DEOPT PACKING pc=0x00000224818dec1c sp=0x000000ec666fea10
Event: 57161.895 Thread 0x00000224e6b01a70 DEOPT UNPACKING pc=0x0000022487582b43 sp=0x000000ec666fdf30 mode 1
Event: 57161.895 Thread 0x00000224e6b01a70 DEOPT PACKING pc=0x0000022480e689d4 sp=0x000000ec666feb00
Event: 57161.895 Thread 0x00000224e6b01a70 DEOPT UNPACKING pc=0x0000022487582b43 sp=0x000000ec666fdf60 mode 1
Event: 57161.896 Thread 0x00000224e6b01a70 DEOPT PACKING pc=0x0000022480e2e0d7 sp=0x000000ec666fe970
Event: 57161.896 Thread 0x00000224e6b01a70 DEOPT UNPACKING pc=0x0000022487582b43 sp=0x000000ec666fde18 mode 1
Event: 57161.897 Thread 0x00000224e6b01a70 DEOPT PACKING pc=0x00000224818dec1c sp=0x000000ec666feaf0
Event: 57161.897 Thread 0x00000224e6b01a70 DEOPT UNPACKING pc=0x0000022487582b43 sp=0x000000ec666fe010 mode 1
Event: 57161.897 Thread 0x00000224e6b01a70 DEOPT PACKING pc=0x0000022480e88d54 sp=0x000000ec666febe0
Event: 57161.897 Thread 0x00000224e6b01a70 DEOPT UNPACKING pc=0x0000022487582b43 sp=0x000000ec666fe038 mode 1
Event: 57161.903 Thread 0x00000224e83c81a0 DEOPT PACKING pc=0x0000022488dee968 sp=0x000000ec664ff480
Event: 57161.903 Thread 0x00000224e83c81a0 DEOPT UNPACKING pc=0x0000022487582b43 sp=0x000000ec664fe978 mode 1
Event: 57161.903 Thread 0x00000224e83c81a0 DEOPT PACKING pc=0x000002248a462e48 sp=0x000000ec664ff550
Event: 57161.903 Thread 0x00000224e83c81a0 DEOPT UNPACKING pc=0x0000022487582b43 sp=0x000000ec664fe968 mode 1
Event: 57161.903 Thread 0x00000224e31124d0 DEOPT PACKING pc=0x0000022488dee8c8 sp=0x000000ec663fee80
Event: 57161.903 Thread 0x00000224e31124d0 DEOPT UNPACKING pc=0x0000022487582b43 sp=0x000000ec663fe378 mode 1
Event: 57161.903 Thread 0x00000224e31124d0 DEOPT PACKING pc=0x000002248a462e48 sp=0x000000ec663fef50
Event: 57161.903 Thread 0x00000224e31124d0 DEOPT UNPACKING pc=0x0000022487582b43 sp=0x000000ec663fe368 mode 1

Classes unloaded (20 events):
Event: 57107.442 Thread 0x000002249aa39e00 Unloading class 0x000002249d1b4800 'jdk/internal/reflect/GeneratedSerializationConstructorAccessor3319'
Event: 57107.442 Thread 0x000002249aa39e00 Unloading class 0x000002249d48c400 'jdk/internal/reflect/GeneratedSerializationConstructorAccessor3318'
Event: 57107.442 Thread 0x000002249aa39e00 Unloading class 0x000002249cdb9800 'jdk/internal/reflect/GeneratedSerializationConstructorAccessor3317'
Event: 57107.442 Thread 0x000002249aa39e00 Unloading class 0x000002249d304800 'jdk/internal/reflect/GeneratedSerializationConstructorAccessor3316'
Event: 57107.442 Thread 0x000002249aa39e00 Unloading class 0x000002249d310400 'jdk/internal/reflect/GeneratedSerializationConstructorAccessor3315'
Event: 57107.442 Thread 0x000002249aa39e00 Unloading class 0x000002249d350400 'jdk/internal/reflect/GeneratedSerializationConstructorAccessor3314'
Event: 57107.442 Thread 0x000002249aa39e00 Unloading class 0x000002249d350800 'jdk/internal/reflect/GeneratedSerializationConstructorAccessor3313'
Event: 57107.442 Thread 0x000002249aa39e00 Unloading class 0x000002249d822400 'jdk/internal/reflect/GeneratedSerializationConstructorAccessor3312'
Event: 57107.442 Thread 0x000002249aa39e00 Unloading class 0x000002249d351000 'jdk/internal/reflect/GeneratedSerializationConstructorAccessor3311'
Event: 57107.442 Thread 0x000002249aa39e00 Unloading class 0x000002249d850000 'jdk/internal/reflect/GeneratedSerializationConstructorAccessor3310'
Event: 57107.442 Thread 0x000002249aa39e00 Unloading class 0x000002249d23e800 'jdk/internal/reflect/GeneratedSerializationConstructorAccessor3309'
Event: 57107.442 Thread 0x000002249aa39e00 Unloading class 0x000002249cf31000 'jdk/internal/reflect/GeneratedSerializationConstructorAccessor3308'
Event: 57107.442 Thread 0x000002249aa39e00 Unloading class 0x000002249ce79800 'jdk/internal/reflect/GeneratedSerializationConstructorAccessor3307'
Event: 57107.442 Thread 0x000002249aa39e00 Unloading class 0x000002249d638400 'jdk/internal/reflect/GeneratedSerializationConstructorAccessor3306'
Event: 57107.442 Thread 0x000002249aa39e00 Unloading class 0x000002249d782c00 'jdk/internal/reflect/GeneratedSerializationConstructorAccessor3305'
Event: 57107.442 Thread 0x000002249aa39e00 Unloading class 0x000002249d788000 'jdk/internal/reflect/GeneratedSerializationConstructorAccessor3304'
Event: 57107.442 Thread 0x000002249aa39e00 Unloading class 0x000002249d795800 'jdk/internal/reflect/GeneratedSerializationConstructorAccessor3303'
Event: 57107.442 Thread 0x000002249aa39e00 Unloading class 0x000002249d1c4400 'jdk/internal/reflect/GeneratedSerializationConstructorAccessor3302'
Event: 57107.442 Thread 0x000002249aa39e00 Unloading class 0x000002249d091800 'jdk/internal/reflect/GeneratedSerializationConstructorAccessor3301'
Event: 57107.442 Thread 0x000002249aa39e00 Unloading class 0x000002249d9a4800 'jdk/internal/reflect/GeneratedSerializationConstructorAccessor3300'

Classes redefined (1 events):
Event: 0.222 Thread 0x000002249aa39e00 redefined class name=java.lang.Throwable, count=1

Internal exceptions (20 events):
Event: 57106.673 Thread 0x00000224e6c0da90 Exception <a 'sun/nio/fs/WindowsException'{0x0000000713762bc8}> (0x0000000713762bc8) 
thrown [s\open\src\hotspot\share\prims\jni.cpp, line 516]
Event: 57106.678 Thread 0x00000224e6c0da90 Exception <a 'sun/nio/fs/WindowsException'{0x0000000713763588}> (0x0000000713763588) 
thrown [s\open\src\hotspot\share\prims\jni.cpp, line 516]
Event: 57106.678 Thread 0x00000224e6c0da90 Exception <a 'sun/nio/fs/WindowsException'{0x0000000713763828}> (0x0000000713763828) 
thrown [s\open\src\hotspot\share\prims\jni.cpp, line 516]
Event: 57106.679 Thread 0x00000224e6c0da90 Exception <a 'sun/nio/fs/WindowsException'{0x00000007137641c0}> (0x00000007137641c0) 
thrown [s\open\src\hotspot\share\prims\jni.cpp, line 516]
Event: 57106.679 Thread 0x00000224e6c0da90 Exception <a 'sun/nio/fs/WindowsException'{0x0000000713764430}> (0x0000000713764430) 
thrown [s\open\src\hotspot\share\prims\jni.cpp, line 516]
Event: 57106.680 Thread 0x00000224e6c0da90 Exception <a 'sun/nio/fs/WindowsException'{0x0000000713764d48}> (0x0000000713764d48) 
thrown [s\open\src\hotspot\share\prims\jni.cpp, line 516]
Event: 57106.680 Thread 0x00000224e6c0da90 Exception <a 'sun/nio/fs/WindowsException'{0x0000000713764f40}> (0x0000000713764f40) 
thrown [s\open\src\hotspot\share\prims\jni.cpp, line 516]
Event: 57106.681 Thread 0x00000224e6c0da90 Exception <a 'sun/nio/fs/WindowsException'{0x0000000713765868}> (0x0000000713765868) 
thrown [s\open\src\hotspot\share\prims\jni.cpp, line 516]
Event: 57106.681 Thread 0x00000224e6c0da90 Exception <a 'sun/nio/fs/WindowsException'{0x0000000713765ac8}> (0x0000000713765ac8) 
thrown [s\open\src\hotspot\share\prims\jni.cpp, line 516]
Event: 57106.683 Thread 0x00000224e6c0da90 Exception <a 'sun/nio/fs/WindowsException'{0x00000007137663e0}> (0x00000007137663e0) 
thrown [s\open\src\hotspot\share\prims\jni.cpp, line 516]
Event: 57106.683 Thread 0x00000224e6c0da90 Exception <a 'sun/nio/fs/WindowsException'{0x00000007137665d8}> (0x00000007137665d8) 
thrown [s\open\src\hotspot\share\prims\jni.cpp, line 516]
Event: 57106.684 Thread 0x00000224e6c0da90 Exception <a 'sun/nio/fs/WindowsException'{0x0000000713766f00}> (0x0000000713766f00) 
thrown [s\open\src\hotspot\share\prims\jni.cpp, line 516]
Event: 57106.684 Thread 0x00000224e6c0da90 Exception <a 'sun/nio/fs/WindowsException'{0x0000000713767160}> (0x0000000713767160) 
thrown [s\open\src\hotspot\share\prims\jni.cpp, line 516]
Event: 57106.684 Thread 0x00000224e6c0da90 Exception <a 'sun/nio/fs/WindowsException'{0x0000000713767af8}> (0x0000000713767af8) 
thrown [s\open\src\hotspot\share\prims\jni.cpp, line 516]
Event: 57106.684 Thread 0x00000224e6c0da90 Exception <a 'sun/nio/fs/WindowsException'{0x0000000713767d68}> (0x0000000713767d68) 
thrown [s\open\src\hotspot\share\prims\jni.cpp, line 516]
Event: 57106.685 Thread 0x00000224e6c0da90 Exception <a 'sun/nio/fs/WindowsException'{0x0000000713768718}> (0x0000000713768718) 
thrown [s\open\src\hotspot\share\prims\jni.cpp, line 516]
Event: 57106.686 Thread 0x00000224e6c0da90 Exception <a 'sun/nio/fs/WindowsException'{0x00000007137689a8}> (0x00000007137689a8) 
thrown [s\open\src\hotspot\share\prims\jni.cpp, line 516]
Event: 57106.686 Thread 0x00000224e6c0da90 Exception <a 'sun/nio/fs/WindowsException'{0x0000000713769350}> (0x0000000713769350) 
thrown [s\open\src\hotspot\share\prims\jni.cpp, line 516]
Event: 57106.687 Thread 0x00000224e6c0da90 Exception <a 'sun/nio/fs/WindowsException'{0x00000007137695e0}> (0x00000007137695e0) 
thrown [s\open\src\hotspot\share\prims\jni.cpp, line 516]
Event: 57161.903 Thread 0x00000224e83c7780 Exception <a 'java/lang/InterruptedException'{0x0000000713391358}: sleep interrupted> (0x0000000713391358) 
thrown [s\open\src\hotspot\share\prims\jvm.cpp, line 3064]

VM Operations (20 events):
Event: 57105.264 Executing VM operation: G1Concurrent done
Event: 57106.265 Executing VM operation: Cleanup
Event: 57106.267 Executing VM operation: Cleanup done
Event: 57106.306 Executing VM operation: G1CollectForAllocation
Event: 57106.329 Executing VM operation: G1CollectForAllocation done
Event: 57106.335 Executing VM operation: G1CollectForAllocation
Event: 57106.349 Executing VM operation: G1CollectForAllocation done
Event: 57107.127 Executing VM operation: G1CollectForAllocation
Event: 57107.147 Executing VM operation: G1CollectForAllocation done
Event: 57107.440 Executing VM operation: G1Concurrent
Event: 57107.507 Executing VM operation: G1Concurrent done
Event: 57107.687 Executing VM operation: G1Concurrent
Event: 57107.688 Executing VM operation: G1Concurrent done
Event: 57134.321 Executing VM operation: HandshakeAllThreads
Event: 57134.321 Executing VM operation: HandshakeAllThreads done
Event: 57137.375 Executing VM operation: G1CollectForAllocation
Event: 57137.385 Executing VM operation: G1CollectForAllocation done
Event: 57140.390 Executing VM operation: G1CollectForAllocation
Event: 57140.399 Executing VM operation: G1CollectForAllocation done
Event: 57161.904 Executing VM operation: G1CollectFull

Events (20 events):
Event: 57161.782 loading class org/hotswap/agent/HotswapAgent
Event: 57161.782 loading class org/hotswap/agent/HotswapAgent done
Event: 57161.785 Thread 0x00000224e4ecd620 Thread added: 0x00000224e4ecd620
Event: 57161.791 Thread 0x00000224e80ca870 Thread exited: 0x00000224e80ca870
Event: 57161.847 Thread 0x00000224e4ecea60 Thread exited: 0x00000224e4ecea60
Event: 57161.847 Thread 0x00000224e4ecd110 Thread exited: 0x00000224e4ecd110
Event: 57161.849 Thread 0x00000224e4ecf480 Thread exited: 0x00000224e4ecf480
Event: 57161.849 Thread 0x00000225052dc200 Thread exited: 0x00000225052dc200
Event: 57161.849 Thread 0x00000224e80c9940 Thread exited: 0x00000224e80c9940
Event: 57161.849 Thread 0x00000224e4ecf990 Thread exited: 0x00000224e4ecf990
Event: 57161.849 Thread 0x00000224e4ece040 Thread exited: 0x00000224e4ece040
Event: 57161.849 Thread 0x00000224e3f385d0 Thread exited: 0x00000224e3f385d0
Event: 57161.849 Thread 0x00000224e80c70c0 Thread exited: 0x00000224e80c70c0
Event: 57161.849 Thread 0x00000224e80c9430 Thread exited: 0x00000224e80c9430
Event: 57161.850 Thread 0x00000224e4ed08c0 Thread exited: 0x00000224e4ed08c0
Event: 57161.850 Thread 0x00000224e4ece550 Thread exited: 0x00000224e4ece550
Event: 57161.866 Thread 0x00000224e6b01a70 Thread added: 0x00000224e6b01a70
Event: 57161.867 Thread 0x00000224e80ca360 Thread exited: 0x00000224e80ca360
Event: 57161.897 Thread 0x00000224e6b01a70 Thread exited: 0x00000224e6b01a70
Event: 57161.904 Thread 0x00000224e83c7780 Thread exited: 0x00000224e83c7780


Dynamic libraries:
0x00007ff7163a0000 - 0x00007ff7163b0000 	C:\Program Files\Java\jdk-17\bin\java.exe
0x00007ffc24cc0000 - 0x00007ffc24f27000 	C:\WINDOWS\SYSTEM32\ntdll.dll
0x00007ffc23e70000 - 0x00007ffc23f39000 	C:\WINDOWS\System32\KERNEL32.DLL
0x00007ffc21e10000 - 0x00007ffc221ff000 	C:\WINDOWS\System32\KERNELBASE.dll
0x00007ffc224b0000 - 0x00007ffc225fb000 	C:\WINDOWS\System32\ucrtbase.dll
0x00007ffc18930000 - 0x00007ffc1894b000 	C:\Program Files\Java\jdk-17\bin\VCRUNTIME140.dll
0x00007ffc18970000 - 0x00007ffc18989000 	C:\Program Files\Java\jdk-17\bin\jli.dll
0x00007ffc23d90000 - 0x00007ffc23e44000 	C:\WINDOWS\System32\ADVAPI32.dll
0x00007ffc249b0000 - 0x00007ffc24a59000 	C:\WINDOWS\System32\msvcrt.dll
0x00007ffc24870000 - 0x00007ffc24916000 	C:\WINDOWS\System32\sechost.dll
0x00007ffc230a0000 - 0x00007ffc231b8000 	C:\WINDOWS\System32\RPCRT4.dll
0x00007ffc231f0000 - 0x00007ffc233b5000 	C:\WINDOWS\System32\USER32.dll
0x00007ffc222a0000 - 0x00007ffc222c7000 	C:\WINDOWS\System32\win32u.dll
0x00007ffc20f10000 - 0x00007ffc211a3000 	C:\WINDOWS\WinSxS\amd64_microsoft.windows.common-controls_6595b64144ccf1df_6.0.26100.7309_none_3e05feeae336a044\COMCTL32.dll
0x00007ffc231c0000 - 0x00007ffc231eb000 	C:\WINDOWS\System32\GDI32.dll
0x00007ffc22380000 - 0x00007ffc224ac000 	C:\WINDOWS\System32\gdi32full.dll
0x00007ffc222d0000 - 0x00007ffc22373000 	C:\WINDOWS\System32\msvcp_win.dll
0x00007ffc159a0000 - 0x00007ffc159ab000 	C:\WINDOWS\SYSTEM32\VERSION.dll
0x00007ffc23f40000 - 0x00007ffc23f71000 	C:\WINDOWS\System32\IMM32.DLL
0x00007ffc189b0000 - 0x00007ffc189bc000 	C:\Program Files\Java\jdk-17\bin\vcruntime140_1.dll
0x00007ffbf8e50000 - 0x00007ffbf8ede000 	C:\Program Files\Java\jdk-17\bin\msvcp140.dll
0x00007ffbb0270000 - 0x00007ffbb0e50000 	C:\Program Files\Java\jdk-17\bin\server\jvm.dll
0x00007ffc24a60000 - 0x00007ffc24a68000 	C:\WINDOWS\System32\PSAPI.DLL
0x00007ffc12eb0000 - 0x00007ffc12ee5000 	C:\WINDOWS\SYSTEM32\WINMM.dll
0x00007ffc013b0000 - 0x00007ffc013ba000 	C:\WINDOWS\SYSTEM32\WSOCK32.dll
0x00007ffc23d10000 - 0x00007ffc23d84000 	C:\WINDOWS\System32\WS2_32.dll
0x00007ffc20290000 - 0x00007ffc202ab000 	C:\WINDOWS\SYSTEM32\kernel.appcore.dll
0x00007ffc188c0000 - 0x00007ffc188ca000 	C:\Program Files\Java\jdk-17\bin\jimage.dll
0x00007ffc215e0000 - 0x00007ffc21822000 	C:\WINDOWS\SYSTEM32\DBGHELP.DLL
0x00007ffc22cb0000 - 0x00007ffc23036000 	C:\WINDOWS\System32\combase.dll
0x00007ffc22a60000 - 0x00007ffc22b36000 	C:\WINDOWS\System32\OLEAUT32.dll
0x00007ffc212b0000 - 0x00007ffc212ec000 	C:\WINDOWS\SYSTEM32\dbgcore.DLL
0x00007ffc229b0000 - 0x00007ffc22a55000 	C:\WINDOWS\System32\bcryptPrimitives.dll
0x00007ffc13e40000 - 0x00007ffc13e7b000 	C:\Program Files\Java\jdk-17\bin\jdwp.dll
0x00007ffc16ab0000 - 0x00007ffc16abe000 	C:\Program Files\Java\jdk-17\bin\instrument.dll
0x00007ffc04cd0000 - 0x00007ffc04cf5000 	C:\Program Files\Java\jdk-17\bin\java.dll
0x00007ffc0ee60000 - 0x00007ffc0ee78000 	C:\Program Files\Java\jdk-17\bin\zip.dll
0x00007ffbf3740000 - 0x00007ffbf3817000 	C:\Program Files\Java\jdk-17\bin\jsvml.dll
0x00007ffc235a0000 - 0x00007ffc23cf3000 	C:\WINDOWS\System32\SHELL32.dll
0x00007ffc22600000 - 0x00007ffc2276a000 	C:\WINDOWS\System32\wintypes.dll
0x00007ffc1efe0000 - 0x00007ffc1f83e000 	C:\WINDOWS\SYSTEM32\windows.storage.dll
0x00007ffc24670000 - 0x00007ffc24765000 	C:\WINDOWS\System32\SHCORE.dll
0x00007ffc245f0000 - 0x00007ffc24656000 	C:\WINDOWS\System32\shlwapi.dll
0x00007ffc21d30000 - 0x00007ffc21d59000 	C:\WINDOWS\SYSTEM32\profapi.dll
0x00007ffc10de0000 - 0x00007ffc10dec000 	C:\Program Files\Java\jdk-17\bin\dt_socket.dll
0x00007ffc1fce0000 - 0x00007ffc1fd14000 	C:\WINDOWS\SYSTEM32\IPHLPAPI.DLL
0x00007ffc207c0000 - 0x00007ffc2082b000 	C:\WINDOWS\system32\mswsock.dll
0x00007ffc0c840000 - 0x00007ffc0c859000 	C:\Program Files\Java\jdk-17\bin\net.dll
0x00007ffc153c0000 - 0x00007ffc154e8000 	C:\WINDOWS\SYSTEM32\WINHTTP.dll
0x00007ffc04d50000 - 0x00007ffc04d66000 	C:\Program Files\Java\jdk-17\bin\nio.dll
0x00007ffc0c2a0000 - 0x00007ffc0c2aa000 	C:\Program Files\Java\jdk-17\bin\management.dll
0x00007ffc08110000 - 0x00007ffc0811b000 	C:\Program Files\Java\jdk-17\bin\management_ext.dll
0x00007ffc0c800000 - 0x00007ffc0c80e000 	C:\Program Files\Java\jdk-17\bin\sunmscapi.dll
0x00007ffc22770000 - 0x00007ffc228e7000 	C:\WINDOWS\System32\CRYPT32.dll
0x00007ffc20ed0000 - 0x00007ffc20f00000 	C:\WINDOWS\SYSTEM32\ncrypt.dll
0x00007ffc20e80000 - 0x00007ffc20ebf000 	C:\WINDOWS\SYSTEM32\NTASN1.dll
0x00007ffc21930000 - 0x00007ffc2194b000 	C:\WINDOWS\SYSTEM32\CRYPTSP.dll
0x00007ffc208e0000 - 0x00007ffc2091a000 	C:\WINDOWS\system32\rsaenh.dll
0x00007ffc20830000 - 0x00007ffc2085b000 	C:\WINDOWS\SYSTEM32\USERENV.dll
0x00007ffc21d00000 - 0x00007ffc21d2a000 	C:\WINDOWS\SYSTEM32\bcrypt.dll
0x00007ffc20dc0000 - 0x00007ffc20dcc000 	C:\WINDOWS\SYSTEM32\CRYPTBASE.dll
0x00007ffc24660000 - 0x00007ffc2466a000 	C:\WINDOWS\System32\NSI.dll
0x00007ffc14db0000 - 0x00007ffc14dce000 	C:\WINDOWS\SYSTEM32\dhcpcsvc6.DLL
0x00007ffc14d10000 - 0x00007ffc14d33000 	C:\WINDOWS\SYSTEM32\dhcpcsvc.DLL
0x00007ffc1fd20000 - 0x00007ffc1fe4c000 	C:\WINDOWS\SYSTEM32\DNSAPI.dll
0x00007ffc04cc0000 - 0x00007ffc04cd0000 	C:\Program Files\Java\jdk-17\bin\verify.dll
0x00007ffc111e0000 - 0x00007ffc111eb000 	C:\Windows\System32\rasadhlp.dll
0x00007ffc13f00000 - 0x00007ffc13f86000 	C:\WINDOWS\System32\fwpuclnt.dll
0x00007ffc17280000 - 0x00007ffc17288000 	C:\WINDOWS\system32\wshunix.dll

dbghelp: loaded successfully - version: 4.0.5 - missing functions: none
symbol engine: initialized successfully - sym options: 0x614 - pdb path: .;C:\Program Files\Java\jdk-17\bin;C:\WINDOWS\SYSTEM32;C:\WINDOWS\WinSxS\amd64_microsoft.windows.common-controls_6595b64144ccf1df_6.0.26100.7309_none_3e05feeae336a044;C:\Program Files\Java\jdk-17\bin\server

VM Arguments:
jvm_args: -agentlib:jdwp=transport=dt_socket,address=127.0.0.1:52683,suspend=y,server=n -javaagent:C:\Users\Expertflow\AppData\Local\JetBrains\IdeaIC2025.2\captureAgent\debugger-agent.jar=file:///C:/Users/EXPERT~1/AppData/Local/Temp/capture4707174292709146353.props -Dkotlinx.coroutines.debug.enable.creation.stack.trace=false -Ddebugger.agent.enable.coroutines=true -Dkotlinx.coroutines.debug.enable.flows.stack.trace=true -Dkotlinx.coroutines.debug.enable.mutable.state.flows.stack.trace=true -Dfile.encoding=UTF-8 
java_command: com.smartsolutions.eschool.ESchoolApplication
java_class_path (initial): D:\SMS\sms\target\classes;C:\Users\Expertflow\.m2\repository\org\hibernate\orm\hibernate-core\6.4.1.Final\hibernate-core-6.4.1.Final.jar;C:\Users\Expertflow\.m2\repository\jakarta\persistence\jakarta.persistence-api\3.1.0\jakarta.persistence-api-3.1.0.jar;C:\Users\Expertflow\.m2\repository\jakarta\transaction\jakarta.transaction-api\2.0.1\jakarta.transaction-api-2.0.1.jar;C:\Users\Expertflow\.m2\repository\org\jboss\logging\jboss-logging\3.5.3.Final\jboss-logging-3.5.3.Final.jar;C:\Users\Expertflow\.m2\repository\org\hibernate\common\hibernate-commons-annotations\6.0.6.Final\hibernate-commons-annotations-6.0.6.Final.jar;C:\Users\Expertflow\.m2\repository\io\smallrye\jandex\3.1.2\jandex-3.1.2.jar;C:\Users\Expertflow\.m2\repository\com\fasterxml\classmate\1.6.0\classmate-1.6.0.jar;C:\Users\Expertflow\.m2\repository\net\bytebuddy\byte-buddy\1.14.13\byte-buddy-1.14.13.jar;C:\Users\Expertflow\.m2\repository\jakarta\xml\bind\jakarta.xml.bind-api\4.0.2\jakarta.xml.bind-api-4.0.2.jar;C:\Users\Expertflow\.m2\repository\jakarta\activation\jakarta.activation-api\2.1.3\jakarta.activation-api-2.1.3.jar;C:\Users\Expertflow\.m2\repository\org\glassfish\jaxb\jaxb-runtime\4.0.5\jaxb-runtime-4.0.5.jar;C:\Users\Expertflow\.m2\repository\org\glassfish\jaxb\jaxb-core\4.0.5\jaxb-core-4.0.5.jar;C:\Users\Expertflow\.m2\repository\org\eclipse\angus\angus-activation\2.0.2\angus-activation-2.0.2.jar;C:\Users\Expertflow\.m2\repository\org\glassfish\jaxb\txw2\4.0.5\txw2-4.0.5.jar;C:\Users\Expertflow\.m2\repository\com\sun\istack\istack-commons-runtime\4.1.2\istack-commons-runtime-4.1.2.jar;C:\Users\Expertflow\.m2\repository\jakarta\inject\jakarta.inject-api\2.0.1\jakarta.inject-api-2.0.1.jar;C:\Users\Expertflow\.m2\repository\org\antlr\antlr4-runtime\4.13.0\antlr4-runtime-4.13.0.jar;C:\Users\Expertflow\.m2\repository\org\springframework\boot\spring-boot-starter-data-jpa\3.2.5\spring-boot-starter-data-jpa-3.2.5.jar;C:\Users\Expertflow\.m2\repository\org\springframewo
Launcher Type: SUN_STANDARD

[Global flags]
     intx CICompilerCount                          = 4                                         {product} {ergonomic}
     uint ConcGCThreads                            = 2                                         {product} {ergonomic}
     uint G1ConcRefinementThreads                  = 8                                         {product} {ergonomic}
   size_t G1HeapRegionSize                         = 2097152                                   {product} {ergonomic}
    uintx GCDrainStackTargetSize                   = 64                                        {product} {ergonomic}
   size_t InitialHeapSize                          = 268435456                                 {product} {ergonomic}
   size_t MarkStackSize                            = 4194304                                   {product} {ergonomic}
   size_t MaxHeapSize                              = 4263510016                                {product} {ergonomic}
   size_t MaxNewSize                               = 2556428288                                {product} {ergonomic}
   size_t MinHeapDeltaBytes                        = 2097152                                   {product} {ergonomic}
   size_t MinHeapSize                              = 8388608                                   {product} {ergonomic}
    uintx NonNMethodCodeHeapSize                   = 5839372                                {pd product} {ergonomic}
    uintx NonProfiledCodeHeapSize                  = 122909434                              {pd product} {ergonomic}
    uintx ProfiledCodeHeapSize                     = 122909434                              {pd product} {ergonomic}
    uintx ReservedCodeCacheSize                    = 251658240                              {pd product} {ergonomic}
     bool SegmentedCodeCache                       = true                                      {product} {ergonomic}
   size_t SoftMaxHeapSize                          = 4263510016                             {manageable} {ergonomic}
     bool UseCompressedClassPointers               = true                           {product lp64_product} {ergonomic}
     bool UseCompressedOops                        = true                           {product lp64_product} {ergonomic}
     bool UseG1GC                                  = true                                      {product} {ergonomic}
     bool UseLargePagesIndividualAllocation        = false                                  {pd product} {ergonomic}

Logging:
Log output configuration:
 #0: stdout all=warning uptime,level,tags
 #1: stderr all=off uptime,level,tags

Environment Variables:
PATH=C:\Program Files\Common Files\Oracle\Java\javapath;C:\WINDOWS\system32;C:\WINDOWS;C:\WINDOWS\System32\Wbem;C:\WINDOWS\System32\WindowsPowerShell\v1.0\;C:\WINDOWS\System32\OpenSSH\;C:\Program Files\Java\jdk-17\bin;C:\Users\Expertflow\.dnx\bin;C:\Program Files\Microsoft DNX\Dnvm\;C:\Program Files\Microsoft SQL Server\120\Tools\Binn\;C:\Program Files\Microsoft SQL Server\130\Tools\Binn\;C:\Program Files\Git\cmd;C:\Program Files\nodejs\;C:\Program Files\Docker\Docker\resources\bin;C:\Program Files\apache-maven-3.9.11-bin\apache-maven-3.9.11\bin;C:\Users\Expertflow\AppData\Local\Microsoft\WindowsApps;C:\Users\Expertflow\AppData\Local\Programs\Microsoft VS Code\bin;C:\Users\Expertflow\AppData\Roaming\npm
USERNAME=Expertflow
OS=Windows_NT
PROCESSOR_IDENTIFIER=Intel64 Family 6 Model 158 Stepping 9, GenuineIntel



---------------  S Y S T E M  ---------------

OS:
 Windows 11 , 64 bit Build 26100 (10.0.26100.7623)
OS uptime: 5 days 13:19 hours
Hyper-V role detected

CPU: total 8 (initial active 8) (4 cores per cpu, 2 threads per core) family 6 model 158 stepping 9 microcode 0xf8, cx8, cmov, fxsr, ht, mmx, 3dnowpref, sse, sse2, sse3, ssse3, sse4.1, sse4.2, popcnt, lzcnt, tsc, tscinvbit, avx, avx2, aes, erms, clmul, bmi1, bmi2, rtm, adx, fma, vzeroupper, clflush, clflushopt, hv

Memory: 4k page, system-wide physical 16259M (2540M free)
TotalPageFile size 33901M (AvailPageFile size 3341M)
current process WorkingSet (physical memory assigned to process): 902M, peak: 1462M
current process commit charge ("private bytes"): 1189M, peak: 1796M

vm_info: Java HotSpot(TM) 64-Bit Server VM (17.0.12+8-LTS-286) for windows-amd64 JRE (17.0.12+8-LTS-286), built on Jun  5 2024 06:46:59 by "mach5one" with MS VC++ 17.6 (VS2022)

END.
