#
# A fatal error has been detected by the Java Runtime Environment:
#
#  EXCEPTION_ACCESS_VIOLATION (0xc0000005) at pc=0x00007ff86bb8173d, pid=25752, tid=16380
#
# JRE version: Java(TM) SE Runtime Environment (17.0.12+8) (build 17.0.12+8-LTS-286)
# Java VM: Java HotSpot(TM) 64-Bit Server VM (17.0.12+8-LTS-286, mixed mode, sharing, tiered, compressed oops, compressed class ptrs, g1 gc, windows-amd64)
# Problematic frame:
# V  [jvm.dll+0x12173d]
#
# No core dump will be written. Minidumps are not enabled by default on client versions of Windows
#
# If you would like to submit a bug report, please visit:
#   https://bugreport.java.com/bugreport/crash.jsp
#

---------------  S U M M A R Y ------------

Command Line: -agentlib:jdwp=transport=dt_socket,address=127.0.0.1:30655,suspend=y,server=n -javaagent:C:\Users\Expertflow\AppData\Local\JetBrains\IdeaIC2025.2\captureAgent\debugger-agent.jar=file:///C:/Users/EXPERT~1/AppData/Local/Temp/capture14405422162831335723.props -Dkotlinx.coroutines.debug.enable.creation.stack.trace=false -Ddebugger.agent.enable.coroutines=true -Dkotlinx.coroutines.debug.enable.flows.stack.trace=true -Dkotlinx.coroutines.debug.enable.mutable.state.flows.stack.trace=true -Dfile.encoding=UTF-8 com.smartsolutions.eschool.ESchoolApplication

Host: Intel(R) Core(TM) i7-7820HQ CPU @ 2.90GHz, 8 cores, 15G,  Windows 11 , 64 bit Build 26100 (10.0.26100.7309)
Time: Thu Dec 25 23:19:17 2025 Pakistan Standard Time elapsed time: 21.796884 seconds (0d 0h 0m 21s)

---------------  T H R E A D  ---------------

Current thread (0x0000018c77776c10):  JavaThread "C2 CompilerThread1" daemon [_thread_in_native, id=16380, stack(0x00000054ead00000,0x00000054eae00000)]


Current CompileTask:
C2:  21797 6526       4       java.lang.Class::annotationData (44 bytes)

Stack: [0x00000054ead00000,0x00000054eae00000],  sp=0x00000054eadfbe80,  free space=1007k
Native frames: (J=compiled Java code, j=interpreted, Vv=VM code, C=native code)
V  [jvm.dll+0x12173d]
V  [jvm.dll+0x216a63]
V  [jvm.dll+0x215c6f]
V  [jvm.dll+0x1a2960]
V  [jvm.dll+0x22610b]
V  [jvm.dll+0x2242ab]
V  [jvm.dll+0x79075c]
V  [jvm.dll+0x78abea]
V  [jvm.dll+0x678f35]
C  [ucrtbase.dll+0x37b0]
C  [KERNEL32.DLL+0x2e8d7]
C  [ntdll.dll+0x8c53c]


siginfo: EXCEPTION_ACCESS_VIOLATION (0xc0000005), reading address 0xffffffffffffffff


Registers:
RAX=0x0008018c4298ac78, RBX=0x00000054eadfbfc0, RCX=0x0000018c79043d90, RDX=0x0000018c7f1bc178
RSP=0x00000054eadfbe80, RBP=0x0000000000000493, RSI=0x0000000000000001, RDI=0x0000018c4298abe8
R8 =0x00007ff86c5827e0, R9 =0x0000000000000000, R10=0x0000000000000000, R11=0x0000000000000246
R12=0x0000018c79043d90, R13=0x0000000000002498, R14=0x0000000000000001, R15=0x0000000000000642
RIP=0x00007ff86bb8173d, EFLAGS=0x0000000000010293


Register to memory mapping:

RIP=0x00007ff86bb8173d jvm.dll
RAX=0x0008018c4298ac78 is an unknown value
RBX=0x00000054eadfbfc0 is pointing into the stack for thread: 0x0000018c77776c10
RCX=0x0000018c79043d90 points into unknown readable memory: 0x00007ff86c3535b0 | b0 35 35 6c f8 7f 00 00
RDX=0x0000018c7f1bc178 points into unknown readable memory: 0x00007ff86c3534d8 | d8 34 35 6c f8 7f 00 00
RSP=0x00000054eadfbe80 is pointing into the stack for thread: 0x0000018c77776c10
RBP=0x0000000000000493 is an unknown value
RSI=0x0000000000000001 is an unknown value
RDI=0x0000018c4298abe8 points into unknown readable memory: 0x00007ff86c321c30 | 30 1c 32 6c f8 7f 00 00
R8 =0x00007ff86c5827e0 jvm.dll
R9 =0x0 is NULL
R10=0x0 is NULL
R11=0x0000000000000246 is an unknown value
R12=0x0000018c79043d90 points into unknown readable memory: 0x00007ff86c3535b0 | b0 35 35 6c f8 7f 00 00
R13=0x0000000000002498 is an unknown value
R14=0x0000000000000001 is an unknown value
R15=0x0000000000000642 is an unknown value


Top of Stack: (sp=0x00000054eadfbe80)
0x00000054eadfbe80:   0000000000000000 0000000000000000
0x00000054eadfbe90:   00007ff86c345380 0000018c70de9000
0x00000054eadfbea0:   0000000000000000 00007ff86c345390
0x00000054eadfbeb0:   0000018c781121c0 0000018c781121a0
0x00000054eadfbec0:   00000054eadfbfd0 00007ff86bc76a63
0x00000054eadfbed0:   0000000000000050 0000018c70de9000
0x00000054eadfbee0:   00000054eadfe9a0 0000018c76898220
0x00000054eadfbef0:   0000018c426b4000 0000000000000000
0x00000054eadfbf00:   0000000000000000 0000000000000000
0x00000054eadfbf10:   0000018c7c39cee0 0000000000000000
0x00000054eadfbf20:   0000000000000000 00007ff86c345380
0x00000054eadfbf30:   0000000000000000 00000054eadfe9a0
0x00000054eadfbf40:   0000000000000000 00007ff86c345380
0x00000054eadfbf50:   0000018c7f3ed600 0000000000000000
0x00000054eadfbf60:   0000000000000000 0000000000000000
0x00000054eadfbf70:   0000018c7ca2d6b0 0000000000000000 

Instructions: (pc=0x00007ff86bb8173d)
0x00007ff86bb8163d:   00 00 00 48 8b 40 40 48 8b 00 80 b8 88 00 00 00
0x00007ff86bb8164d:   00 75 f0 c3 cc cc cc cc cc cc cc cc cc cc cc cc
0x00007ff86bb8165d:   cc cc cc 83 79 18 00 76 0b 48 8b 41 20 48 8b 08
0x00007ff86bb8166d:   8b 41 18 c3 33 c0 8b 40 18 c3 cc cc cc cc cc cc
0x00007ff86bb8167d:   cc cc cc 83 79 18 00 76 12 48 8b 41 20 8b ca 48
0x00007ff86bb8168d:   8b 00 48 8b 40 08 48 8b 04 c8 c3 33 c0 8b ca 48
0x00007ff86bb8169d:   8b 40 08 48 8b 04 c8 c3 cc cc cc cc cc cc cc cc
0x00007ff86bb816ad:   cc cc cc 4c 8b c2 8b 51 18 8d 42 01 89 41 18 e9
0x00007ff86bb816bd:   2f f9 ff ff cc cc cc cc cc cc cc cc cc cc cc cc
0x00007ff86bb816cd:   cc cc cc 48 89 5c 24 18 55 56 57 41 56 41 57 48
0x00007ff86bb816dd:   83 ec 20 44 8b 79 40 41 be 01 00 00 00 48 8b d9
0x00007ff86bb816ed:   41 8b ee 45 3b fe 0f 86 eb 00 00 00 4c 89 6c 24
0x00007ff86bb816fd:   58 4c 89 64 24 50 0f 1f 40 00 66 0f 1f 84 00 00
0x00007ff86bb8170d:   00 00 00 8b c5 4c 8d 2c c5 00 00 00 00 48 8b 43
0x00007ff86bb8171d:   30 4a 8b 3c 28 80 bf 88 00 00 00 00 0f 85 ab 00
0x00007ff86bb8172d:   00 00 8b 77 28 ff ce 3b 77 18 73 0a 48 8b 47 20
0x00007ff86bb8173d:   4c 8b 24 f0 eb 03 45 33 e4 49 8b 04 24 49 8b cc
0x00007ff86bb8174d:   ff 50 20 49 3b c4 74 03 2b 77 48 3b 77 18 73 0a
0x00007ff86bb8175d:   48 8b 47 20 48 8b 14 f0 eb 02 33 d2 8b 42 2c 83
0x00007ff86bb8176d:   e0 3f 3c 25 75 0b 48 8b d7 48 8b cb e8 d2 da ff
0x00007ff86bb8177d:   ff 48 8b 43 08 80 b8 12 01 00 00 00 75 44 48 8b
0x00007ff86bb8178d:   d7 48 8b cb e8 3a f6 ff ff 84 c0 74 35 44 8b c5
0x00007ff86bb8179d:   48 8b d7 48 8b cb e8 08 fc ff ff 48 8b cf 41 ff
0x00007ff86bb817ad:   cf e8 bd fd ff ff 84 c0 74 16 48 8b 53 30 44 8b
0x00007ff86bb817bd:   c5 48 8b cb 4a 8b 14 2a e8 e6 fb ff ff 41 ff cf
0x00007ff86bb817cd:   ff cd ff c5 41 3b ef 0f 82 36 ff ff ff 4c 8b 64
0x00007ff86bb817dd:   24 50 4c 8b 6c 24 58 8b 6b 40 41 3b ee 0f 86 b1
0x00007ff86bb817ed:   00 00 00 be 02 00 00 00 66 66 66 0f 1f 84 00 00
0x00007ff86bb817fd:   00 00 00 41 8b c6 4c 8d 3c c5 00 00 00 00 48 8b
0x00007ff86bb8180d:   43 30 49 8b 3c 07 48 8b cf e8 c5 f4 ff ff 85 c0
0x00007ff86bb8181d:   74 74 48 8b cf e8 b9 f4 ff ff 85 c0 74 0f 83 f8
0x00007ff86bb8182d:   01 75 03 ff 4f 28 c6 87 88 00 00 00 01 48 8b 4b 


Stack slot to memory mapping:
stack at sp + 0 slots: 0x0 is NULL
stack at sp + 1 slots: 0x0 is NULL
stack at sp + 2 slots: 0x00007ff86c345380 jvm.dll
stack at sp + 3 slots: 0x0000018c70de9000 points into unknown readable memory: 0x0000000000000000 | 00 00 00 00 00 00 00 00
stack at sp + 4 slots: 0x0 is NULL
stack at sp + 5 slots: 0x00007ff86c345390 jvm.dll
stack at sp + 6 slots: 0x0000018c781121c0 points into unknown readable memory: 0x0000018c77776c10 | 10 6c 77 77 8c 01 00 00
stack at sp + 7 slots: 0x0000018c781121a0 points into unknown readable memory: 0x0000000000000000 | 00 00 00 00 00 00 00 00


---------------  P R O C E S S  ---------------

Threads class SMR info:
_java_thread_list=0x0000018c7b11a4a0, length=23, elements={
0x0000018c4e092500, 0x0000018c75049040, 0x0000018c7504ba20, 0x0000018c7505ac90,
0x0000018c7505b650, 0x0000018c7505c010, 0x0000018c7505c9d0, 0x0000018c75067200,
0x0000018c75067cb0, 0x0000018c75088e70, 0x0000018c70deaa20, 0x0000018c75216830,
0x0000018c75271bb0, 0x0000018c7527d890, 0x0000018c752e1280, 0x0000018c753e93f0,
0x0000018c764d7c80, 0x0000018c764db430, 0x0000018c77776c10, 0x0000018c777776b0,
0x0000018c764d95d0, 0x0000018c434940f0, 0x0000018c43495020
}

Java Threads: ( => current thread )
  0x0000018c4e092500 JavaThread "main" [_thread_blocked, id=14600, stack(0x00000054e8d00000,0x00000054e8e00000)]
  0x0000018c75049040 JavaThread "Reference Handler" daemon [_thread_blocked, id=26976, stack(0x00000054e9400000,0x00000054e9500000)]
  0x0000018c7504ba20 JavaThread "Finalizer" daemon [_thread_blocked, id=10592, stack(0x00000054e9500000,0x00000054e9600000)]
  0x0000018c7505ac90 JavaThread "Signal Dispatcher" daemon [_thread_blocked, id=9380, stack(0x00000054e9600000,0x00000054e9700000)]
  0x0000018c7505b650 JavaThread "Attach Listener" daemon [_thread_blocked, id=7556, stack(0x00000054e9700000,0x00000054e9800000)]
  0x0000018c7505c010 JavaThread "Service Thread" daemon [_thread_blocked, id=25160, stack(0x00000054e9800000,0x00000054e9900000)]
  0x0000018c7505c9d0 JavaThread "Monitor Deflation Thread" daemon [_thread_blocked, id=23332, stack(0x00000054e9900000,0x00000054e9a00000)]
  0x0000018c75067200 JavaThread "C2 CompilerThread0" daemon [_thread_in_vm, id=25492, stack(0x00000054e9a00000,0x00000054e9b00000)]
  0x0000018c75067cb0 JavaThread "C1 CompilerThread0" daemon [_thread_blocked, id=4744, stack(0x00000054e9b00000,0x00000054e9c00000)]
  0x0000018c75088e70 JavaThread "Sweeper thread" daemon [_thread_blocked, id=968, stack(0x00000054e9c00000,0x00000054e9d00000)]
  0x0000018c70deaa20 JavaThread "Common-Cleaner" daemon [_thread_blocked, id=2008, stack(0x00000054e9d00000,0x00000054e9e00000)]
  0x0000018c75216830 JavaThread "JDWP Transport Listener: dt_socket" daemon [_thread_blocked, id=16948, stack(0x00000054e9e00000,0x00000054e9f00000)]
  0x0000018c75271bb0 JavaThread "JDWP Event Helper Thread" daemon [_thread_blocked, id=27820, stack(0x00000054e9f00000,0x00000054ea000000)]
  0x0000018c7527d890 JavaThread "JDWP Command Reader" daemon [_thread_in_native, id=17576, stack(0x00000054ea000000,0x00000054ea100000)]
  0x0000018c752e1280 JavaThread "IntelliJ Suspend Helper" daemon [_thread_blocked, id=25672, stack(0x00000054ea100000,0x00000054ea200000)]
  0x0000018c753e93f0 JavaThread "Notification Thread" daemon [_thread_blocked, id=27168, stack(0x00000054ea200000,0x00000054ea300000)]
  0x0000018c764d7c80 JavaThread "Thread-0" [_thread_blocked, id=14328, stack(0x00000054ea400000,0x00000054ea500000)]
  0x0000018c764db430 JavaThread "restartedMain" [_thread_in_vm, id=27244, stack(0x00000054eac00000,0x00000054ead00000)]
=>0x0000018c77776c10 JavaThread "C2 CompilerThread1" daemon [_thread_in_native, id=16380, stack(0x00000054ead00000,0x00000054eae00000)]
  0x0000018c777776b0 JavaThread "C2 CompilerThread2" daemon [_thread_in_native, id=26468, stack(0x00000054eb000000,0x00000054eb100000)]
  0x0000018c764d95d0 JavaThread "mysql-cj-abandoned-connection-cleanup" daemon [_thread_blocked, id=5828, stack(0x00000054eaf00000,0x00000054eb000000)]
  0x0000018c434940f0 JavaThread "HikariPool-1 housekeeper" daemon [_thread_blocked, id=6124, stack(0x00000054eb200000,0x00000054eb300000)]
  0x0000018c43495020 JavaThread "HikariPool-1 connection adder" daemon [_thread_blocked, id=13264, stack(0x00000054eb300000,0x00000054eb400000)]

Other Threads:
  0x0000018c70df9460 VMThread "VM Thread" [stack: 0x00000054e9300000,0x00000054e9400000] [id=10228]
  0x0000018c753da010 WatcherThread [stack: 0x00000054ea300000,0x00000054ea400000] [id=24956]
  0x0000018c4e0ff380 GCTaskThread "GC Thread#0" [stack: 0x00000054e8e00000,0x00000054e8f00000] [id=25268]
  0x0000018c76290980 GCTaskThread "GC Thread#1" [stack: 0x00000054ea500000,0x00000054ea600000] [id=23172]
  0x0000018c76148200 GCTaskThread "GC Thread#2" [stack: 0x00000054ea600000,0x00000054ea700000] [id=21480]
  0x0000018c763290c0 GCTaskThread "GC Thread#3" [stack: 0x00000054ea700000,0x00000054ea800000] [id=13072]
  0x0000018c761ee8c0 GCTaskThread "GC Thread#4" [stack: 0x00000054ea800000,0x00000054ea900000] [id=20368]
  0x0000018c762ba340 GCTaskThread "GC Thread#5" [stack: 0x00000054ea900000,0x00000054eaa00000] [id=9524]
  0x0000018c7626be20 GCTaskThread "GC Thread#6" [stack: 0x00000054eaa00000,0x00000054eab00000] [id=28636]
  0x0000018c762af3e0 GCTaskThread "GC Thread#7" [stack: 0x00000054eab00000,0x00000054eac00000] [id=7656]
  0x0000018c4e111dc0 ConcurrentGCThread "G1 Main Marker" [stack: 0x00000054e8f00000,0x00000054e9000000] [id=25536]
  0x0000018c4e112f70 ConcurrentGCThread "G1 Conc#0" [stack: 0x00000054e9000000,0x00000054e9100000] [id=19480]
  0x0000018c7708b2d0 ConcurrentGCThread "G1 Conc#1" [stack: 0x00000054eae00000,0x00000054eaf00000] [id=30180]
  0x0000018c70cab1f0 ConcurrentGCThread "G1 Refine#0" [stack: 0x00000054e9100000,0x00000054e9200000] [id=24420]
  0x0000018c70cacad0 ConcurrentGCThread "G1 Service" [stack: 0x00000054e9200000,0x00000054e9300000] [id=23744]

Threads with active compile tasks:
C2 CompilerThread0    22051 6659       4       java.lang.Class::searchMethods (104 bytes)
C2 CompilerThread1    22051 6526       4       java.lang.Class::annotationData (44 bytes)
C2 CompilerThread2    22052 6636       4       java.lang.Class::getAnnotation (22 bytes)

VM state: not at safepoint (normal execution)

VM Mutex/Monitor currently owned by a thread: None

Heap address: 0x0000000701e00000, size: 4066 MB, Compressed Oops mode: Zero based, Oop shift amount: 3

CDS archive(s) mapped at: [0x0000018c00000000-0x0000018c00bd0000-0x0000018c00bd0000), size 12386304, SharedBaseAddress: 0x0000018c00000000, ArchiveRelocationMode: 1.
Compressed class space mapped at: 0x0000018c01000000-0x0000018c41000000, reserved size: 1073741824
Narrow klass base: 0x0000018c00000000, Narrow klass shift: 0, Narrow klass range: 0x100000000

GC Precious Log:
 CPUs: 8 total, 8 available
 Memory: 16259M
 Large Page Support: Disabled
 NUMA Support: Disabled
 Compressed Oops: Enabled (Zero based)
 Heap Region Size: 2M
 Heap Min Capacity: 8M
 Heap Initial Capacity: 256M
 Heap Max Capacity: 4066M
 Pre-touch: Disabled
 Parallel Workers: 8
 Concurrent Workers: 2
 Concurrent Refinement Workers: 8
 Periodic GC: Disabled

Heap:
 garbage-first heap   total 161792K, used 100743K [0x0000000701e00000, 0x0000000800000000)
  region size 2048K, 38 young (77824K), 4 survivors (8192K)
 Metaspace       used 59358K, committed 59840K, reserved 1114112K
  class space    used 7428K, committed 7680K, reserved 1048576K

Heap Regions: E=young(eden), S=young(survivor), O=old, HS=humongous(starts), HC=humongous(continues), CS=collection set, F=free, OA=open archive, CA=closed archive, TAMS=top-at-mark-start (previous, next)
|   0|0x0000000701e00000, 0x0000000702000000, 0x0000000702000000|100%| O|  |TAMS 0x0000000702000000, 0x0000000701e00000| Untracked 
|   1|0x0000000702000000, 0x0000000702200000, 0x0000000702200000|100%| O|  |TAMS 0x0000000702200000, 0x0000000702000000| Untracked 
|   2|0x0000000702200000, 0x0000000702400000, 0x0000000702400000|100%| O|  |TAMS 0x0000000702400000, 0x0000000702200000| Untracked 
|   3|0x0000000702400000, 0x0000000702563a00, 0x0000000702600000| 69%| O|  |TAMS 0x0000000702563a00, 0x0000000702400000| Untracked 
|   4|0x0000000702600000, 0x0000000702800000, 0x0000000702800000|100%| O|  |TAMS 0x0000000702800000, 0x0000000702600000| Untracked 
|   5|0x0000000702800000, 0x0000000702a00000, 0x0000000702a00000|100%| O|  |TAMS 0x0000000702a00000, 0x0000000702800000| Untracked 
|   6|0x0000000702a00000, 0x0000000702c00000, 0x0000000702c00000|100%| O|  |TAMS 0x0000000702c00000, 0x0000000702a00000| Untracked 
|   7|0x0000000702c00000, 0x0000000702e00000, 0x0000000702e00000|100%| O|  |TAMS 0x0000000702e00000, 0x0000000702c00000| Untracked 
|   8|0x0000000702e00000, 0x0000000703000000, 0x0000000703000000|100%| O|  |TAMS 0x0000000703000000, 0x0000000702e00000| Untracked 
|   9|0x0000000703000000, 0x0000000703200000, 0x0000000703200000|100%| O|  |TAMS 0x0000000703200000, 0x0000000703000000| Untracked 
|  10|0x0000000703200000, 0x0000000703400000, 0x0000000703400000|100%| O|  |TAMS 0x0000000703400000, 0x0000000703200000| Untracked 
|  11|0x0000000703400000, 0x0000000703600000, 0x0000000703600000|100%| O|  |TAMS 0x0000000703600000, 0x0000000703400000| Untracked 
|  12|0x0000000703600000, 0x0000000703800000, 0x0000000703800000|100%| O|  |TAMS 0x0000000703800000, 0x0000000703600000| Untracked 
|  13|0x0000000703800000, 0x0000000703827200, 0x0000000703a00000|  7%| O|  |TAMS 0x0000000703827200, 0x0000000703800000| Untracked 
|  14|0x0000000703a00000, 0x0000000703a00000, 0x0000000703c00000|  0%| F|  |TAMS 0x0000000703a00000, 0x0000000703a00000| Untracked 
|  15|0x0000000703c00000, 0x0000000703c00000, 0x0000000703e00000|  0%| F|  |TAMS 0x0000000703c00000, 0x0000000703c00000| Untracked 
|  16|0x0000000703e00000, 0x0000000703e00000, 0x0000000704000000|  0%| F|  |TAMS 0x0000000703e00000, 0x0000000703e00000| Untracked 
|  17|0x0000000704000000, 0x0000000704000000, 0x0000000704200000|  0%| F|  |TAMS 0x0000000704000000, 0x0000000704000000| Untracked 
|  18|0x0000000704200000, 0x0000000704200000, 0x0000000704400000|  0%| F|  |TAMS 0x0000000704200000, 0x0000000704200000| Untracked 
|  19|0x0000000704400000, 0x0000000704400000, 0x0000000704600000|  0%| F|  |TAMS 0x0000000704400000, 0x0000000704400000| Untracked 
|  20|0x0000000704600000, 0x0000000704600000, 0x0000000704800000|  0%| F|  |TAMS 0x0000000704600000, 0x0000000704600000| Untracked 
|  21|0x0000000704800000, 0x0000000704800000, 0x0000000704a00000|  0%| F|  |TAMS 0x0000000704800000, 0x0000000704800000| Untracked 
|  22|0x0000000704a00000, 0x0000000704a00000, 0x0000000704c00000|  0%| F|  |TAMS 0x0000000704a00000, 0x0000000704a00000| Untracked 
|  23|0x0000000704c00000, 0x0000000704c00000, 0x0000000704e00000|  0%| F|  |TAMS 0x0000000704c00000, 0x0000000704c00000| Untracked 
|  24|0x0000000704e00000, 0x0000000704e00000, 0x0000000705000000|  0%| F|  |TAMS 0x0000000704e00000, 0x0000000704e00000| Untracked 
|  25|0x0000000705000000, 0x0000000705000000, 0x0000000705200000|  0%| F|  |TAMS 0x0000000705000000, 0x0000000705000000| Untracked 
|  26|0x0000000705200000, 0x0000000705200000, 0x0000000705400000|  0%| F|  |TAMS 0x0000000705200000, 0x0000000705200000| Untracked 
|  27|0x0000000705400000, 0x0000000705400000, 0x0000000705600000|  0%| F|  |TAMS 0x0000000705400000, 0x0000000705400000| Untracked 
|  28|0x0000000705600000, 0x0000000705600000, 0x0000000705800000|  0%| F|  |TAMS 0x0000000705600000, 0x0000000705600000| Untracked 
|  29|0x0000000705800000, 0x0000000705800000, 0x0000000705a00000|  0%| F|  |TAMS 0x0000000705800000, 0x0000000705800000| Untracked 
|  30|0x0000000705a00000, 0x0000000705a00000, 0x0000000705c00000|  0%| F|  |TAMS 0x0000000705a00000, 0x0000000705a00000| Untracked 
|  31|0x0000000705c00000, 0x0000000705cd7140, 0x0000000705e00000| 42%| S|CS|TAMS 0x0000000705c00000, 0x0000000705c00000| Complete 
|  32|0x0000000705e00000, 0x0000000706000000, 0x0000000706000000|100%| S|CS|TAMS 0x0000000705e00000, 0x0000000705e00000| Complete 
|  33|0x0000000706000000, 0x0000000706200000, 0x0000000706200000|100%| S|CS|TAMS 0x0000000706000000, 0x0000000706000000| Complete 
|  34|0x0000000706200000, 0x0000000706400000, 0x0000000706400000|100%| S|CS|TAMS 0x0000000706200000, 0x0000000706200000| Complete 
|  35|0x0000000706400000, 0x0000000706400000, 0x0000000706600000|  0%| F|  |TAMS 0x0000000706400000, 0x0000000706400000| Untracked 
|  36|0x0000000706600000, 0x0000000706600000, 0x0000000706800000|  0%| F|  |TAMS 0x0000000706600000, 0x0000000706600000| Untracked 
|  37|0x0000000706800000, 0x0000000706800000, 0x0000000706a00000|  0%| F|  |TAMS 0x0000000706800000, 0x0000000706800000| Untracked 
|  38|0x0000000706a00000, 0x0000000706a00000, 0x0000000706c00000|  0%| F|  |TAMS 0x0000000706a00000, 0x0000000706a00000| Untracked 
|  39|0x0000000706c00000, 0x0000000706c00000, 0x0000000706e00000|  0%| F|  |TAMS 0x0000000706c00000, 0x0000000706c00000| Untracked 
|  40|0x0000000706e00000, 0x0000000706e00000, 0x0000000707000000|  0%| F|  |TAMS 0x0000000706e00000, 0x0000000706e00000| Untracked 
|  41|0x0000000707000000, 0x0000000707000000, 0x0000000707200000|  0%| F|  |TAMS 0x0000000707000000, 0x0000000707000000| Untracked 
|  42|0x0000000707200000, 0x0000000707200000, 0x0000000707400000|  0%| F|  |TAMS 0x0000000707200000, 0x0000000707200000| Untracked 
|  43|0x0000000707400000, 0x0000000707400000, 0x0000000707600000|  0%| F|  |TAMS 0x0000000707400000, 0x0000000707400000| Untracked 
|  44|0x0000000707600000, 0x0000000707600000, 0x0000000707800000|  0%| F|  |TAMS 0x0000000707600000, 0x0000000707600000| Untracked 
|  45|0x0000000707800000, 0x0000000707900800, 0x0000000707a00000| 50%| E|  |TAMS 0x0000000707800000, 0x0000000707800000| Complete 
|  46|0x0000000707a00000, 0x0000000707c00000, 0x0000000707c00000|100%| E|CS|TAMS 0x0000000707a00000, 0x0000000707a00000| Complete 
|  47|0x0000000707c00000, 0x0000000707e00000, 0x0000000707e00000|100%| E|CS|TAMS 0x0000000707c00000, 0x0000000707c00000| Complete 
|  48|0x0000000707e00000, 0x0000000708000000, 0x0000000708000000|100%| E|CS|TAMS 0x0000000707e00000, 0x0000000707e00000| Complete 
|  49|0x0000000708000000, 0x0000000708200000, 0x0000000708200000|100%| E|CS|TAMS 0x0000000708000000, 0x0000000708000000| Complete 
|  50|0x0000000708200000, 0x0000000708400000, 0x0000000708400000|100%| E|CS|TAMS 0x0000000708200000, 0x0000000708200000| Complete 
|  51|0x0000000708400000, 0x0000000708600000, 0x0000000708600000|100%| E|CS|TAMS 0x0000000708400000, 0x0000000708400000| Complete 
|  52|0x0000000708600000, 0x0000000708800000, 0x0000000708800000|100%| E|CS|TAMS 0x0000000708600000, 0x0000000708600000| Complete 
|  53|0x0000000708800000, 0x0000000708a00000, 0x0000000708a00000|100%| E|CS|TAMS 0x0000000708800000, 0x0000000708800000| Complete 
|  54|0x0000000708a00000, 0x0000000708c00000, 0x0000000708c00000|100%| E|CS|TAMS 0x0000000708a00000, 0x0000000708a00000| Complete 
|  55|0x0000000708c00000, 0x0000000708e00000, 0x0000000708e00000|100%| E|CS|TAMS 0x0000000708c00000, 0x0000000708c00000| Complete 
|  56|0x0000000708e00000, 0x0000000709000000, 0x0000000709000000|100%| E|CS|TAMS 0x0000000708e00000, 0x0000000708e00000| Complete 
|  57|0x0000000709000000, 0x0000000709200000, 0x0000000709200000|100%| E|CS|TAMS 0x0000000709000000, 0x0000000709000000| Complete 
|  58|0x0000000709200000, 0x0000000709400000, 0x0000000709400000|100%| E|CS|TAMS 0x0000000709200000, 0x0000000709200000| Complete 
|  59|0x0000000709400000, 0x0000000709600000, 0x0000000709600000|100%| E|CS|TAMS 0x0000000709400000, 0x0000000709400000| Complete 
|  60|0x0000000709600000, 0x0000000709800000, 0x0000000709800000|100%| E|CS|TAMS 0x0000000709600000, 0x0000000709600000| Complete 
|  61|0x0000000709800000, 0x0000000709a00000, 0x0000000709a00000|100%| E|CS|TAMS 0x0000000709800000, 0x0000000709800000| Complete 
|  62|0x0000000709a00000, 0x0000000709c00000, 0x0000000709c00000|100%| E|CS|TAMS 0x0000000709a00000, 0x0000000709a00000| Complete 
|  63|0x0000000709c00000, 0x0000000709e00000, 0x0000000709e00000|100%| E|CS|TAMS 0x0000000709c00000, 0x0000000709c00000| Complete 
|  64|0x0000000709e00000, 0x000000070a000000, 0x000000070a000000|100%| E|CS|TAMS 0x0000000709e00000, 0x0000000709e00000| Complete 
|  65|0x000000070a000000, 0x000000070a200000, 0x000000070a200000|100%| E|CS|TAMS 0x000000070a000000, 0x000000070a000000| Complete 
|  66|0x000000070a200000, 0x000000070a400000, 0x000000070a400000|100%| E|CS|TAMS 0x000000070a200000, 0x000000070a200000| Complete 
|  67|0x000000070a400000, 0x000000070a600000, 0x000000070a600000|100%| E|CS|TAMS 0x000000070a400000, 0x000000070a400000| Complete 
|  68|0x000000070a600000, 0x000000070a800000, 0x000000070a800000|100%| E|CS|TAMS 0x000000070a600000, 0x000000070a600000| Complete 
|  69|0x000000070a800000, 0x000000070aa00000, 0x000000070aa00000|100%| E|CS|TAMS 0x000000070a800000, 0x000000070a800000| Complete 
|  70|0x000000070aa00000, 0x000000070ac00000, 0x000000070ac00000|100%| E|CS|TAMS 0x000000070aa00000, 0x000000070aa00000| Complete 
|  71|0x000000070ac00000, 0x000000070ae00000, 0x000000070ae00000|100%| E|CS|TAMS 0x000000070ac00000, 0x000000070ac00000| Complete 
|  72|0x000000070ae00000, 0x000000070b000000, 0x000000070b000000|100%| E|CS|TAMS 0x000000070ae00000, 0x000000070ae00000| Complete 
|  73|0x000000070b000000, 0x000000070b200000, 0x000000070b200000|100%| E|CS|TAMS 0x000000070b000000, 0x000000070b000000| Complete 
| 105|0x000000070f000000, 0x000000070f200000, 0x000000070f200000|100%| E|CS|TAMS 0x000000070f000000, 0x000000070f000000| Complete 
| 106|0x000000070f200000, 0x000000070f400000, 0x000000070f400000|100%| E|CS|TAMS 0x000000070f200000, 0x000000070f200000| Complete 
| 107|0x000000070f400000, 0x000000070f600000, 0x000000070f600000|100%| E|CS|TAMS 0x000000070f400000, 0x000000070f400000| Complete 
| 126|0x0000000711a00000, 0x0000000711c00000, 0x0000000711c00000|100%| E|CS|TAMS 0x0000000711a00000, 0x0000000711a00000| Complete 
| 127|0x0000000711c00000, 0x0000000711e00000, 0x0000000711e00000|100%| E|CS|TAMS 0x0000000711c00000, 0x0000000711c00000| Complete 

Card table byte_map: [0x0000018c65460000,0x0000018c65c60000] _byte_map_base: 0x0000018c61c51000

Marking Bits (Prev, Next): (CMBitMap*) 0x0000018c4e0ff9e0, (CMBitMap*) 0x0000018c4e0ff9a0
 Prev Bits: [0x0000018c6a3f0000, 0x0000018c6e378000)
 Next Bits: [0x0000018c66460000, 0x0000018c6a3e8000)

Polling page: 0x0000018c4bfc0000

Metaspace:

Usage:
  Non-class:     50.71 MB used.
      Class:      7.25 MB used.
       Both:     57.97 MB used.

Virtual space:
  Non-class space:       64.00 MB reserved,      50.94 MB ( 80%) committed,  1 nodes.
      Class space:        1.00 GB reserved,       7.50 MB ( <1%) committed,  1 nodes.
             Both:        1.06 GB reserved,      58.44 MB (  5%) committed. 

Chunk freelists:
   Non-Class:  12.95 MB
       Class:  8.53 MB
        Both:  21.48 MB

MaxMetaspaceSize: unlimited
CompressedClassSpaceSize: 1.00 GB
Initial GC threshold: 21.00 MB
Current GC threshold: 71.56 MB
CDS: on
MetaspaceReclaimPolicy: balanced
 - commit_granule_bytes: 65536.
 - commit_granule_words: 8192.
 - virtual_space_node_default_size: 8388608.
 - enlarge_chunks_in_place: 1.
 - new_chunks_are_fully_committed: 0.
 - uncommit_free_chunks: 1.
 - use_allocation_guard: 0.
 - handle_deallocations: 1.


Internal statistics:

num_allocs_failed_limit: 6.
num_arena_births: 612.
num_arena_deaths: 0.
num_vsnodes_births: 2.
num_vsnodes_deaths: 0.
num_space_committed: 935.
num_space_uncommitted: 0.
num_chunks_returned_to_freelist: 6.
num_chunks_taken_from_freelist: 2470.
num_chunk_merges: 6.
num_chunk_splits: 1748.
num_chunks_enlarged: 1346.
num_inconsistent_stats: 0.

CodeHeap 'non-profiled nmethods': size=120000Kb used=4579Kb max_used=4579Kb free=115420Kb
 bounds [0x0000018c5d400000, 0x0000018c5d880000, 0x0000018c64930000]
CodeHeap 'profiled nmethods': size=120000Kb used=12836Kb max_used=12836Kb free=107163Kb
 bounds [0x0000018c55930000, 0x0000018c565c0000, 0x0000018c5ce60000]
CodeHeap 'non-nmethods': size=5760Kb used=1366Kb max_used=1470Kb free=4393Kb
 bounds [0x0000018c5ce60000, 0x0000018c5d0d0000, 0x0000018c5d400000]
 total_blobs=6555 nmethods=5935 adapters=532
 compilation: enabled
              stopped_count=0, restarted_count=0
 full_count=0

Compilation events (20 events):
Event: 21.343 Thread 0x0000018c75067cb0 6634   !   3       jdk.proxy2.$Proxy130::scale (32 bytes)
Event: 21.344 Thread 0x0000018c75067cb0 nmethod 6634 0x0000018c565a3410 code [0x0000018c565a35e0, 0x0000018c565a3a78]
Event: 21.414 Thread 0x0000018c75067cb0 6635       3       org.apache.tomcat.util.http.RequestUtil::normalize (240 bytes)
Event: 21.423 Thread 0x0000018c75067cb0 nmethod 6635 0x0000018c565a3c90 code [0x0000018c565a4220, 0x0000018c565a6a78]
Event: 21.424 Thread 0x0000018c75067cb0 6637       1       org.hibernate.boot.model.relational.Namespace$Name::getCatalog (5 bytes)
Event: 21.424 Thread 0x0000018c75067cb0 nmethod 6637 0x0000018c5d84a890 code [0x0000018c5d84aa20, 0x0000018c5d84aaf8]
Event: 21.424 Thread 0x0000018c75067cb0 6638       1       org.hibernate.boot.model.relational.Namespace$Name::getSchema (5 bytes)
Event: 21.424 Thread 0x0000018c75067cb0 nmethod 6638 0x0000018c5d84ab90 code [0x0000018c5d84ad20, 0x0000018c5d84adf8]
Event: 21.426 Thread 0x0000018c75067cb0 6639   !   3       jdk.internal.reflect.GeneratedConstructorAccessor48::newInstance (53 bytes)
Event: 21.427 Thread 0x0000018c75067cb0 nmethod 6639 0x0000018c565a7b10 code [0x0000018c565a7d60, 0x0000018c565a8668]
Event: 21.475 Thread 0x0000018c777776b0 nmethod 6606 0x0000018c5d84ae90 code [0x0000018c5d84b440, 0x0000018c5d853e98]
Event: 21.478 Thread 0x0000018c777776b0 6636       4       java.lang.Class::getAnnotation (22 bytes)
Event: 21.558 Thread 0x0000018c75067cb0 6640   !   3       jdk.proxy2.$Proxy138::annotationType (29 bytes)
Event: 21.558 Thread 0x0000018c75067cb0 nmethod 6640 0x0000018c565a8b10 code [0x0000018c565a8ce0, 0x0000018c565a9138]
Event: 21.626 Thread 0x0000018c75067200 nmethod 6580 0x0000018c5d857590 code [0x0000018c5d857d60, 0x0000018c5d863f98]
Event: 21.630 Thread 0x0000018c75067200 6605       4       java.time.Instant::ofEpochSecond (31 bytes)
Event: 21.636 Thread 0x0000018c75067200 nmethod 6605 0x0000018c5d86a790 code [0x0000018c5d86a920, 0x0000018c5d86ab58]
Event: 21.637 Thread 0x0000018c75067200 6618       4       java.lang.Class::privateGetDeclaredMethods (64 bytes)
Event: 21.661 Thread 0x0000018c75067200 nmethod 6618 0x0000018c5d86ad10 code [0x0000018c5d86aee0, 0x0000018c5d86b6f8]
Event: 21.662 Thread 0x0000018c75067200 6597   !   4       ch.qos.logback.core.OutputStreamAppender::subAppend (54 bytes)

GC Heap History (20 events):
Event: 7.353 GC heap before
{Heap before GC invocations=6 (full 0):
 garbage-first heap   total 61440K, used 37983K [0x0000000701e00000, 0x0000000800000000)
  region size 2048K, 13 young (26624K), 2 survivors (4096K)
 Metaspace       used 29486K, committed 29760K, reserved 1114112K
  class space    used 3562K, committed 3712K, reserved 1048576K
}
Event: 7.362 GC heap after
{Heap after GC invocations=7 (full 0):
 garbage-first heap   total 61440K, used 20047K [0x0000000701e00000, 0x0000000800000000)
  region size 2048K, 2 young (4096K), 2 survivors (4096K)
 Metaspace       used 29486K, committed 29760K, reserved 1114112K
  class space    used 3562K, committed 3712K, reserved 1048576K
}
Event: 8.473 GC heap before
{Heap before GC invocations=7 (full 0):
 garbage-first heap   total 61440K, used 42575K [0x0000000701e00000, 0x0000000800000000)
  region size 2048K, 13 young (26624K), 2 survivors (4096K)
 Metaspace       used 31560K, committed 31872K, reserved 1114112K
  class space    used 3826K, committed 3968K, reserved 1048576K
}
Event: 8.479 GC heap after
{Heap after GC invocations=8 (full 0):
 garbage-first heap   total 61440K, used 20954K [0x0000000701e00000, 0x0000000800000000)
  region size 2048K, 2 young (4096K), 2 survivors (4096K)
 Metaspace       used 31560K, committed 31872K, reserved 1114112K
  class space    used 3826K, committed 3968K, reserved 1048576K
}
Event: 9.532 GC heap before
{Heap before GC invocations=8 (full 0):
 garbage-first heap   total 61440K, used 43482K [0x0000000701e00000, 0x0000000800000000)
  region size 2048K, 13 young (26624K), 2 survivors (4096K)
 Metaspace       used 33771K, committed 34048K, reserved 1114112K
  class space    used 4076K, committed 4224K, reserved 1048576K
}
Event: 9.536 GC heap after
{Heap after GC invocations=9 (full 0):
 garbage-first heap   total 61440K, used 22255K [0x0000000701e00000, 0x0000000800000000)
  region size 2048K, 2 young (4096K), 2 survivors (4096K)
 Metaspace       used 33771K, committed 34048K, reserved 1114112K
  class space    used 4076K, committed 4224K, reserved 1048576K
}
Event: 10.619 GC heap before
{Heap before GC invocations=9 (full 0):
 garbage-first heap   total 61440K, used 44783K [0x0000000701e00000, 0x0000000800000000)
  region size 2048K, 13 young (26624K), 2 survivors (4096K)
 Metaspace       used 35848K, committed 36288K, reserved 1114112K
  class space    used 4367K, committed 4608K, reserved 1048576K
}
Event: 10.627 GC heap after
{Heap after GC invocations=10 (full 0):
 garbage-first heap   total 61440K, used 23949K [0x0000000701e00000, 0x0000000800000000)
  region size 2048K, 2 young (4096K), 2 survivors (4096K)
 Metaspace       used 35848K, committed 36288K, reserved 1114112K
  class space    used 4367K, committed 4608K, reserved 1048576K
}
Event: 10.709 GC heap before
{Heap before GC invocations=10 (full 0):
 garbage-first heap   total 61440K, used 25997K [0x0000000701e00000, 0x0000000800000000)
  region size 2048K, 4 young (8192K), 2 survivors (4096K)
 Metaspace       used 35999K, committed 36416K, reserved 1114112K
  class space    used 4388K, committed 4608K, reserved 1048576K
}
Event: 10.714 GC heap after
{Heap after GC invocations=11 (full 0):
 garbage-first heap   total 61440K, used 24482K [0x0000000701e00000, 0x0000000800000000)
  region size 2048K, 2 young (4096K), 2 survivors (4096K)
 Metaspace       used 35999K, committed 36416K, reserved 1114112K
  class space    used 4388K, committed 4608K, reserved 1048576K
}
Event: 11.765 GC heap before
{Heap before GC invocations=12 (full 0):
 garbage-first heap   total 61440K, used 42914K [0x0000000701e00000, 0x0000000800000000)
  region size 2048K, 11 young (22528K), 2 survivors (4096K)
 Metaspace       used 38462K, committed 38912K, reserved 1114112K
  class space    used 4777K, committed 4992K, reserved 1048576K
}
Event: 11.770 GC heap after
{Heap after GC invocations=13 (full 0):
 garbage-first heap   total 61440K, used 26303K [0x0000000701e00000, 0x0000000800000000)
  region size 2048K, 2 young (4096K), 2 survivors (4096K)
 Metaspace       used 38462K, committed 38912K, reserved 1114112K
  class space    used 4777K, committed 4992K, reserved 1048576K
}
Event: 12.892 GC heap before
{Heap before GC invocations=13 (full 0):
 garbage-first heap   total 61440K, used 44735K [0x0000000701e00000, 0x0000000800000000)
  region size 2048K, 11 young (22528K), 2 survivors (4096K)
 Metaspace       used 41409K, committed 41856K, reserved 1114112K
  class space    used 5108K, committed 5312K, reserved 1048576K
}
Event: 12.900 GC heap after
{Heap after GC invocations=14 (full 0):
 garbage-first heap   total 61440K, used 27674K [0x0000000701e00000, 0x0000000800000000)
  region size 2048K, 1 young (2048K), 1 survivors (2048K)
 Metaspace       used 41409K, committed 41856K, reserved 1114112K
  class space    used 5108K, committed 5312K, reserved 1048576K
}
Event: 13.625 GC heap before
{Heap before GC invocations=14 (full 0):
 garbage-first heap   total 61440K, used 46106K [0x0000000701e00000, 0x0000000800000000)
  region size 2048K, 10 young (20480K), 1 survivors (2048K)
 Metaspace       used 43329K, committed 43776K, reserved 1114112K
  class space    used 5362K, committed 5568K, reserved 1048576K
}
Event: 13.631 GC heap after
{Heap after GC invocations=15 (full 0):
 garbage-first heap   total 61440K, used 28260K [0x0000000701e00000, 0x0000000800000000)
  region size 2048K, 2 young (4096K), 2 survivors (4096K)
 Metaspace       used 43329K, committed 43776K, reserved 1114112K
  class space    used 5362K, committed 5568K, reserved 1048576K
}
Event: 14.423 GC heap before
{Heap before GC invocations=16 (full 0):
 garbage-first heap   total 61440K, used 44644K [0x0000000701e00000, 0x0000000800000000)
  region size 2048K, 10 young (20480K), 2 survivors (4096K)
 Metaspace       used 46176K, committed 46592K, reserved 1114112K
  class space    used 5802K, committed 6016K, reserved 1048576K
}
Event: 14.429 GC heap after
{Heap after GC invocations=17 (full 0):
 garbage-first heap   total 161792K, used 28832K [0x0000000701e00000, 0x0000000800000000)
  region size 2048K, 2 young (4096K), 2 survivors (4096K)
 Metaspace       used 46176K, committed 46592K, reserved 1114112K
  class space    used 5802K, committed 6016K, reserved 1048576K
}
Event: 18.983 GC heap before
{Heap before GC invocations=17 (full 0):
 garbage-first heap   total 161792K, used 118944K [0x0000000701e00000, 0x0000000800000000)
  region size 2048K, 46 young (94208K), 2 survivors (4096K)
 Metaspace       used 59103K, committed 59584K, reserved 1114112K
  class space    used 7417K, committed 7680K, reserved 1048576K
}
Event: 19.001 GC heap after
{Heap after GC invocations=18 (full 0):
 garbage-first heap   total 161792K, used 33159K [0x0000000701e00000, 0x0000000800000000)
  region size 2048K, 4 young (8192K), 4 survivors (8192K)
 Metaspace       used 59103K, committed 59584K, reserved 1114112K
  class space    used 7417K, committed 7680K, reserved 1048576K
}

Deoptimization events (20 events):
Event: 21.757 Thread 0x0000018c764db430 DEOPT PACKING pc=0x0000018c5649aea4 sp=0x00000054eacf8440
Event: 21.757 Thread 0x0000018c764db430 DEOPT UNPACKING pc=0x0000018c5ceb2b43 sp=0x00000054eacf7990 mode 1
Event: 21.757 Thread 0x0000018c764db430 DEOPT PACKING pc=0x0000018c564869bc sp=0x00000054eacf8550
Event: 21.757 Thread 0x0000018c764db430 DEOPT UNPACKING pc=0x0000018c5ceb2b43 sp=0x00000054eacf7ad0 mode 1
Event: 21.757 Thread 0x0000018c764db430 DEOPT PACKING pc=0x0000018c5649aea4 sp=0x00000054eacf8440
Event: 21.757 Thread 0x0000018c764db430 DEOPT UNPACKING pc=0x0000018c5ceb2b43 sp=0x00000054eacf7990 mode 1
Event: 21.757 Thread 0x0000018c764db430 DEOPT PACKING pc=0x0000018c564869bc sp=0x00000054eacf8550
Event: 21.757 Thread 0x0000018c764db430 DEOPT UNPACKING pc=0x0000018c5ceb2b43 sp=0x00000054eacf7ad0 mode 1
Event: 21.762 Thread 0x0000018c764db430 DEOPT PACKING pc=0x0000018c5649aea4 sp=0x00000054eacf8380
Event: 21.762 Thread 0x0000018c764db430 DEOPT UNPACKING pc=0x0000018c5ceb2b43 sp=0x00000054eacf78d0 mode 1
Event: 21.762 Thread 0x0000018c764db430 DEOPT PACKING pc=0x0000018c564869bc sp=0x00000054eacf8490
Event: 21.762 Thread 0x0000018c764db430 DEOPT UNPACKING pc=0x0000018c5ceb2b43 sp=0x00000054eacf7a10 mode 1
Event: 21.763 Thread 0x0000018c764db430 DEOPT PACKING pc=0x0000018c5649aea4 sp=0x00000054eacf8380
Event: 21.763 Thread 0x0000018c764db430 DEOPT UNPACKING pc=0x0000018c5ceb2b43 sp=0x00000054eacf78d0 mode 1
Event: 21.763 Thread 0x0000018c764db430 DEOPT PACKING pc=0x0000018c564869bc sp=0x00000054eacf8490
Event: 21.763 Thread 0x0000018c764db430 DEOPT UNPACKING pc=0x0000018c5ceb2b43 sp=0x00000054eacf7a10 mode 1
Event: 21.763 Thread 0x0000018c764db430 DEOPT PACKING pc=0x0000018c5649aea4 sp=0x00000054eacf82f0
Event: 21.763 Thread 0x0000018c764db430 DEOPT UNPACKING pc=0x0000018c5ceb2b43 sp=0x00000054eacf7840 mode 1
Event: 21.763 Thread 0x0000018c764db430 DEOPT PACKING pc=0x0000018c564869bc sp=0x00000054eacf8400
Event: 21.763 Thread 0x0000018c764db430 DEOPT UNPACKING pc=0x0000018c5ceb2b43 sp=0x00000054eacf7980 mode 1

Classes unloaded (0 events):
No events

Classes redefined (1 events):
Event: 0.448 Thread 0x0000018c70df9460 redefined class name=java.lang.Throwable, count=1

Internal exceptions (20 events):
Event: 11.726 Thread 0x0000018c764db430 Exception <a 'java/lang/NoSuchMethodError'{0x0000000704545b28}: 'java.lang.Object java.lang.invoke.DirectMethodHandle$Holder.newInvokeSpecial(java.lang.Object, java.lang.Object, java.lang.Object, int)'> (0x0000000704545b28) 
thrown [s\open\src\hotspot\share\interpreter\linkResolver.cpp, line 759]
Event: 11.728 Thread 0x0000018c764db430 Exception <a 'java/lang/NoSuchMethodError'{0x0000000704549e30}: 'java.lang.Object java.lang.invoke.DirectMethodHandle$Holder.invokeSpecial(java.lang.Object, java.lang.Object, java.lang.Object, java.lang.Object, int)'> (0x0000000704549e30) 
thrown [s\open\src\hotspot\share\interpreter\linkResolver.cpp, line 759]
Event: 11.729 Thread 0x0000018c764db430 Exception <a 'java/lang/NoSuchMethodError'{0x000000070454da18}: 'java.lang.Object java.lang.invoke.Invokers$Holder.linkToTargetMethod(java.lang.Object, java.lang.Object, int, java.lang.Object)'> (0x000000070454da18) 
thrown [s\open\src\hotspot\share\interpreter\linkResolver.cpp, line 759]
Event: 11.963 Thread 0x0000018c764db430 Exception <a 'java/lang/NoSuchMethodError'{0x0000000711bb9270}: 'java.lang.Object java.lang.invoke.DirectMethodHandle$Holder.invokeStaticInit(java.lang.Object, int, int, int, int)'> (0x0000000711bb9270) 
thrown [s\open\src\hotspot\share\interpreter\linkResolver.cpp, line 759]
Event: 12.320 Thread 0x0000018c764db430 Exception <a 'java/lang/NoSuchMethodError'{0x000000070f4d9b50}: 'java.lang.Object java.lang.invoke.DirectMethodHandle$Holder.invokeStaticInit(java.lang.Object, java.lang.Object, int, int, int, int)'> (0x000000070f4d9b50) 
thrown [s\open\src\hotspot\share\interpreter\linkResolver.cpp, line 759]
Event: 12.631 Thread 0x0000018c764db430 Exception <a 'sun/nio/fs/WindowsException'{0x0000000704cfb790}> (0x0000000704cfb790) 
thrown [s\open\src\hotspot\share\prims\jni.cpp, line 516]
Event: 12.634 Thread 0x0000018c764db430 Exception <a 'sun/nio/fs/WindowsException'{0x0000000704d01258}> (0x0000000704d01258) 
thrown [s\open\src\hotspot\share\prims\jni.cpp, line 516]
Event: 12.634 Thread 0x0000018c764db430 Exception <a 'sun/nio/fs/WindowsException'{0x0000000704d01970}> (0x0000000704d01970) 
thrown [s\open\src\hotspot\share\prims\jni.cpp, line 516]
Event: 12.716 Thread 0x0000018c764db430 Exception <a 'java/lang/NoSuchMethodError'{0x0000000704a71488}: 'java.lang.Object java.lang.invoke.DirectMethodHandle$Holder.invokeSpecial(java.lang.Object, java.lang.Object, long, java.lang.Object, java.lang.Object, java.lang.Object, java.lang.Object, java.lang.Object, java.lang.Object)'> (0x0000000704a71488) 
thrown [s\open\src\hotspot\share\interpreter\linkResolver.cpp, line 759]
Event: 12.716 Thread 0x0000018c764db430 Exception <a 'java/lang/NoSuchMethodError'{0x0000000704a76010}: 'java.lang.Object java.lang.invoke.DelegatingMethodHandle$Holder.reinvoke_L(java.lang.Object, long, java.lang.Object, java.lang.Object, java.lang.Object, java.lang.Object, java.lang.Object, java.lang.Object)'> (0x0000000704a76010) 
thrown [s\open\src\hotspot\share\interpreter\linkResolver.cpp, line 759]
Event: 12.765 Thread 0x0000018c764db430 Implicit null exception at 0x0000018c5d4d0323 to 0x0000018c5d4d1b78
Event: 12.801 Thread 0x0000018c764db430 Exception <a 'java/io/FileNotFoundException'{0x0000000704beca90}> (0x0000000704beca90) 
thrown [s\open\src\hotspot\share\prims\jni.cpp, line 516]
Event: 12.858 Thread 0x0000018c764db430 Exception <a 'java/lang/NoSuchMethodError'{0x00000007049a9af8}: 'int java.lang.invoke.DirectMethodHandle$Holder.invokeInterface(java.lang.Object, java.lang.Object, java.lang.Object, java.lang.Object)'> (0x00000007049a9af8) 
thrown [s\open\src\hotspot\share\interpreter\linkResolver.cpp, line 759]
Event: 13.350 Thread 0x0000018c764db430 Exception <a 'sun/nio/fs/WindowsException'{0x000000070f1b7a58}> (0x000000070f1b7a58) 
thrown [s\open\src\hotspot\share\prims\jni.cpp, line 516]
Event: 13.491 Thread 0x0000018c764db430 Implicit null exception at 0x0000018c5d431ef7 to 0x0000018c5d432578
Event: 14.827 Thread 0x0000018c764db430 Exception <a 'java/lang/NoSuchMethodError'{0x000000070f3ef1b0}: 'int java.lang.invoke.DirectMethodHandle$Holder.invokeStatic(java.lang.Object)'> (0x000000070f3ef1b0) 
thrown [s\open\src\hotspot\share\interpreter\linkResolver.cpp, line 759]
Event: 15.427 Thread 0x0000018c764db430 Exception <a 'sun/nio/fs/WindowsException'{0x000000070a92a370}> (0x000000070a92a370) 
thrown [s\open\src\hotspot\share\prims\jni.cpp, line 516]
Event: 15.452 Thread 0x0000018c764db430 Exception <a 'java/lang/NoSuchMethodError'{0x000000070a96dc78}: 'int java.lang.invoke.DirectMethodHandle$Holder.invokeStaticInit(java.lang.Object, java.lang.Object, java.lang.Object, java.lang.Object)'> (0x000000070a96dc78) 
thrown [s\open\src\hotspot\share\interpreter\linkResolver.cpp, line 759]
Event: 16.515 Thread 0x0000018c764db430 Exception <a 'java/lang/NoSuchMethodError'{0x0000000709fd82d8}: 'java.lang.Object java.lang.invoke.DirectMethodHandle$Holder.invokeStaticInit(java.lang.Object, java.lang.Object, java.lang.Object, java.lang.Object)'> (0x0000000709fd82d8) 
thrown [s\open\src\hotspot\share\interpreter\linkResolver.cpp, line 759]
Event: 19.994 Thread 0x0000018c764db430 Implicit null exception at 0x0000018c5d7c4420 to 0x0000018c5d7d098c

VM Operations (20 events):
Event: 15.991 Executing VM operation: HandshakeAllThreads
Event: 15.991 Executing VM operation: HandshakeAllThreads done
Event: 16.977 Executing VM operation: HandshakeAllThreads
Event: 16.977 Executing VM operation: HandshakeAllThreads done
Event: 16.977 Executing VM operation: Cleanup
Event: 16.978 Executing VM operation: Cleanup done
Event: 17.001 Executing VM operation: HandshakeAllThreads
Event: 17.001 Executing VM operation: HandshakeAllThreads done
Event: 17.843 Executing VM operation: HandshakeAllThreads
Event: 17.844 Executing VM operation: HandshakeAllThreads done
Event: 18.844 Executing VM operation: Cleanup
Event: 18.845 Executing VM operation: Cleanup done
Event: 18.983 Executing VM operation: G1CollectForAllocation
Event: 19.010 Executing VM operation: G1CollectForAllocation done
Event: 19.997 Executing VM operation: HandshakeAllThreads
Event: 19.997 Executing VM operation: HandshakeAllThreads done
Event: 20.271 Executing VM operation: ICBufferFull
Event: 20.271 Executing VM operation: ICBufferFull done
Event: 21.272 Executing VM operation: Cleanup
Event: 21.273 Executing VM operation: Cleanup done

Events (20 events):
Event: 21.641 loading class com/smartsolutions/eschool/sclass/model/package-info
Event: 21.641 loading class com/smartsolutions/eschool/sclass/model/package-info done
Event: 21.642 loading class com/smartsolutions/eschool/sclass/model/package-info
Event: 21.642 loading class com/smartsolutions/eschool/sclass/model/package-info done
Event: 21.644 loading class com/smartsolutions/eschool/sclass/model/package-info
Event: 21.644 loading class com/smartsolutions/eschool/sclass/model/package-info done
Event: 21.645 loading class com/smartsolutions/eschool/sclass/model/package-info
Event: 21.645 loading class com/smartsolutions/eschool/sclass/model/package-info done
Event: 21.648 loading class com/smartsolutions/eschool/sclass/model/package-info
Event: 21.648 loading class com/smartsolutions/eschool/sclass/model/package-info done
Event: 21.740 loading class com/smartsolutions/eschool/sclass/model/package-info
Event: 21.740 loading class com/smartsolutions/eschool/sclass/model/package-info done
Event: 21.741 loading class com/smartsolutions/eschool/sclass/model/package-info
Event: 21.741 loading class com/smartsolutions/eschool/sclass/model/package-info done
Event: 21.744 loading class com/smartsolutions/eschool/sclass/model/package-info
Event: 21.744 loading class com/smartsolutions/eschool/sclass/model/package-info done
Event: 21.744 loading class com/smartsolutions/eschool/sclass/model/package-info
Event: 21.744 loading class com/smartsolutions/eschool/sclass/model/package-info done
Event: 21.746 loading class com/smartsolutions/eschool/sclass/model/package-info
Event: 21.746 loading class com/smartsolutions/eschool/sclass/model/package-info done


Dynamic libraries:
0x00007ff656440000 - 0x00007ff656450000 	C:\Program Files\Java\jdk-17\bin\java.exe
0x00007ff8fc260000 - 0x00007ff8fc4c7000 	C:\WINDOWS\SYSTEM32\ntdll.dll
0x00007ff8fb6d0000 - 0x00007ff8fb799000 	C:\WINDOWS\System32\KERNEL32.DLL
0x00007ff8f9880000 - 0x00007ff8f9c6f000 	C:\WINDOWS\System32\KERNELBASE.dll
0x00007ff8f20a0000 - 0x00007ff8f213f000 	C:\WINDOWS\SYSTEM32\apphelp.dll
0x00007ff8f9d30000 - 0x00007ff8f9e7b000 	C:\WINDOWS\System32\ucrtbase.dll
0x00007ff8ec4a0000 - 0x00007ff8ec4b9000 	C:\Program Files\Java\jdk-17\bin\jli.dll
0x00007ff8e36e0000 - 0x00007ff8e36fb000 	C:\Program Files\Java\jdk-17\bin\VCRUNTIME140.dll
0x00007ff8fbcc0000 - 0x00007ff8fbd74000 	C:\WINDOWS\System32\ADVAPI32.dll
0x00007ff8fa980000 - 0x00007ff8faa29000 	C:\WINDOWS\System32\msvcrt.dll
0x00007ff8fc170000 - 0x00007ff8fc216000 	C:\WINDOWS\System32\sechost.dll
0x00007ff8fbdb0000 - 0x00007ff8fbec8000 	C:\WINDOWS\System32\RPCRT4.dll
0x00007ff8fb9e0000 - 0x00007ff8fbba5000 	C:\WINDOWS\System32\USER32.dll
0x00007ff8f84b0000 - 0x00007ff8f8743000 	C:\WINDOWS\WinSxS\amd64_microsoft.windows.common-controls_6595b64144ccf1df_6.0.26100.7309_none_3e05feeae336a044\COMCTL32.dll
0x00007ff8f9520000 - 0x00007ff8f9547000 	C:\WINDOWS\System32\win32u.dll
0x00007ff8fbd80000 - 0x00007ff8fbdab000 	C:\WINDOWS\System32\GDI32.dll
0x00007ff8f95e0000 - 0x00007ff8f970c000 	C:\WINDOWS\System32\gdi32full.dll
0x00007ff8f9470000 - 0x00007ff8f9513000 	C:\WINDOWS\System32\msvcp_win.dll
0x00007ff8ec070000 - 0x00007ff8ec07b000 	C:\WINDOWS\SYSTEM32\VERSION.dll
0x00007ff8fb7b0000 - 0x00007ff8fb7e1000 	C:\WINDOWS\System32\IMM32.DLL
0x00007ff8efd70000 - 0x00007ff8efd7c000 	C:\Program Files\Java\jdk-17\bin\vcruntime140_1.dll
0x00007ff8cccc0000 - 0x00007ff8ccd4e000 	C:\Program Files\Java\jdk-17\bin\msvcp140.dll
0x00007ff86ba60000 - 0x00007ff86c640000 	C:\Program Files\Java\jdk-17\bin\server\jvm.dll
0x00007ff8fb7f0000 - 0x00007ff8fb7f8000 	C:\WINDOWS\System32\PSAPI.DLL
0x00007ff8dc030000 - 0x00007ff8dc03a000 	C:\WINDOWS\SYSTEM32\WSOCK32.dll
0x00007ff8e77a0000 - 0x00007ff8e77d5000 	C:\WINDOWS\SYSTEM32\WINMM.dll
0x00007ff8fa1a0000 - 0x00007ff8fa214000 	C:\WINDOWS\System32\WS2_32.dll
0x00007ff8f7830000 - 0x00007ff8f784b000 	C:\WINDOWS\SYSTEM32\kernel.appcore.dll
0x00007ff8ec690000 - 0x00007ff8ec69a000 	C:\Program Files\Java\jdk-17\bin\jimage.dll
0x00007ff8f8b60000 - 0x00007ff8f8da2000 	C:\WINDOWS\SYSTEM32\DBGHELP.DLL
0x00007ff8fae40000 - 0x00007ff8fb1c5000 	C:\WINDOWS\System32\combase.dll
0x00007ff8faa90000 - 0x00007ff8fab66000 	C:\WINDOWS\System32\OLEAUT32.dll
0x00007ff8f8a50000 - 0x00007ff8f8a8c000 	C:\WINDOWS\SYSTEM32\dbgcore.DLL
0x00007ff8f9c80000 - 0x00007ff8f9d25000 	C:\WINDOWS\System32\bcryptPrimitives.dll
0x00007ff8cfc10000 - 0x00007ff8cfc4b000 	C:\Program Files\Java\jdk-17\bin\jdwp.dll
0x00007ff8e36b0000 - 0x00007ff8e36be000 	C:\Program Files\Java\jdk-17\bin\instrument.dll
0x00007ff8e2840000 - 0x00007ff8e2865000 	C:\Program Files\Java\jdk-17\bin\java.dll
0x00007ff8e28c0000 - 0x00007ff8e28d8000 	C:\Program Files\Java\jdk-17\bin\zip.dll
0x00007ff8ccbe0000 - 0x00007ff8cccb7000 	C:\Program Files\Java\jdk-17\bin\jsvml.dll
0x00007ff8fa220000 - 0x00007ff8fa973000 	C:\WINDOWS\System32\SHELL32.dll
0x00007ff8f9710000 - 0x00007ff8f987a000 	C:\WINDOWS\System32\wintypes.dll
0x00007ff8f6540000 - 0x00007ff8f6d9e000 	C:\WINDOWS\SYSTEM32\windows.storage.dll
0x00007ff8fbed0000 - 0x00007ff8fbfc5000 	C:\WINDOWS\System32\SHCORE.dll
0x00007ff8fb660000 - 0x00007ff8fb6c6000 	C:\WINDOWS\System32\shlwapi.dll
0x00007ff8f92d0000 - 0x00007ff8f92f9000 	C:\WINDOWS\SYSTEM32\profapi.dll
0x00007ff8e3680000 - 0x00007ff8e368c000 	C:\Program Files\Java\jdk-17\bin\dt_socket.dll
0x00007ff8f7280000 - 0x00007ff8f72b4000 	C:\WINDOWS\SYSTEM32\IPHLPAPI.DLL
0x00007ff8f7d60000 - 0x00007ff8f7dcb000 	C:\WINDOWS\system32\mswsock.dll
0x00007ff8e2620000 - 0x00007ff8e2639000 	C:\Program Files\Java\jdk-17\bin\net.dll
0x00007ff8ecbc0000 - 0x00007ff8ecce8000 	C:\WINDOWS\SYSTEM32\WINHTTP.dll
0x00007ff8e0020000 - 0x00007ff8e0036000 	C:\Program Files\Java\jdk-17\bin\nio.dll
0x00007ff8e27d0000 - 0x00007ff8e27da000 	C:\Program Files\Java\jdk-17\bin\management.dll
0x00007ff8e2610000 - 0x00007ff8e261b000 	C:\Program Files\Java\jdk-17\bin\management_ext.dll
0x00007ff8e2920000 - 0x00007ff8e292e000 	C:\Program Files\Java\jdk-17\bin\sunmscapi.dll
0x00007ff8f9e80000 - 0x00007ff8f9ff7000 	C:\WINDOWS\System32\CRYPT32.dll
0x00007ff8f8470000 - 0x00007ff8f84a0000 	C:\WINDOWS\SYSTEM32\ncrypt.dll
0x00007ff8f8420000 - 0x00007ff8f845f000 	C:\WINDOWS\SYSTEM32\NTASN1.dll
0x00007ff8f8ed0000 - 0x00007ff8f8eeb000 	C:\WINDOWS\SYSTEM32\CRYPTSP.dll
0x00007ff8f7e80000 - 0x00007ff8f7eba000 	C:\WINDOWS\system32\rsaenh.dll
0x00007ff8f7e10000 - 0x00007ff8f7e3b000 	C:\WINDOWS\SYSTEM32\USERENV.dll
0x00007ff8f92a0000 - 0x00007ff8f92ca000 	C:\WINDOWS\SYSTEM32\bcrypt.dll
0x00007ff8f8090000 - 0x00007ff8f809c000 	C:\WINDOWS\SYSTEM32\CRYPTBASE.dll
0x00007ff8fac30000 - 0x00007ff8fac3a000 	C:\WINDOWS\System32\NSI.dll
0x00007ff8ecd90000 - 0x00007ff8ecdae000 	C:\WINDOWS\SYSTEM32\dhcpcsvc6.DLL
0x00007ff8ecb90000 - 0x00007ff8ecbb3000 	C:\WINDOWS\SYSTEM32\dhcpcsvc.DLL
0x00007ff8f7370000 - 0x00007ff8f749c000 	C:\WINDOWS\SYSTEM32\DNSAPI.dll
0x00007ff8e1c00000 - 0x00007ff8e1c10000 	C:\Program Files\Java\jdk-17\bin\verify.dll
0x00007ff8eb340000 - 0x00007ff8eb34b000 	C:\Windows\System32\rasadhlp.dll
0x00007ff8ec080000 - 0x00007ff8ec106000 	C:\WINDOWS\System32\fwpuclnt.dll

dbghelp: loaded successfully - version: 4.0.5 - missing functions: none
symbol engine: initialized successfully - sym options: 0x614 - pdb path: .;C:\Program Files\Java\jdk-17\bin;C:\WINDOWS\SYSTEM32;C:\WINDOWS\WinSxS\amd64_microsoft.windows.common-controls_6595b64144ccf1df_6.0.26100.7309_none_3e05feeae336a044;C:\Program Files\Java\jdk-17\bin\server

VM Arguments:
jvm_args: -agentlib:jdwp=transport=dt_socket,address=127.0.0.1:30655,suspend=y,server=n -javaagent:C:\Users\Expertflow\AppData\Local\JetBrains\IdeaIC2025.2\captureAgent\debugger-agent.jar=file:///C:/Users/EXPERT~1/AppData/Local/Temp/capture14405422162831335723.props -Dkotlinx.coroutines.debug.enable.creation.stack.trace=false -Ddebugger.agent.enable.coroutines=true -Dkotlinx.coroutines.debug.enable.flows.stack.trace=true -Dkotlinx.coroutines.debug.enable.mutable.state.flows.stack.trace=true -Dfile.encoding=UTF-8 
java_command: com.smartsolutions.eschool.ESchoolApplication
java_class_path (initial): D:\SMS\sms\target\classes;C:\Users\Expertflow\.m2\repository\org\hibernate\orm\hibernate-core\6.4.1.Final\hibernate-core-6.4.1.Final.jar;C:\Users\Expertflow\.m2\repository\jakarta\persistence\jakarta.persistence-api\3.1.0\jakarta.persistence-api-3.1.0.jar;C:\Users\Expertflow\.m2\repository\jakarta\transaction\jakarta.transaction-api\2.0.1\jakarta.transaction-api-2.0.1.jar;C:\Users\Expertflow\.m2\repository\org\jboss\logging\jboss-logging\3.5.3.Final\jboss-logging-3.5.3.Final.jar;C:\Users\Expertflow\.m2\repository\org\hibernate\common\hibernate-commons-annotations\6.0.6.Final\hibernate-commons-annotations-6.0.6.Final.jar;C:\Users\Expertflow\.m2\repository\io\smallrye\jandex\3.1.2\jandex-3.1.2.jar;C:\Users\Expertflow\.m2\repository\com\fasterxml\classmate\1.6.0\classmate-1.6.0.jar;C:\Users\Expertflow\.m2\repository\net\bytebuddy\byte-buddy\1.14.13\byte-buddy-1.14.13.jar;C:\Users\Expertflow\.m2\repository\jakarta\xml\bind\jakarta.xml.bind-api\4.0.2\jakarta.xml.bind-api-4.0.2.jar;C:\Users\Expertflow\.m2\repository\jakarta\activation\jakarta.activation-api\2.1.3\jakarta.activation-api-2.1.3.jar;C:\Users\Expertflow\.m2\repository\org\glassfish\jaxb\jaxb-runtime\4.0.5\jaxb-runtime-4.0.5.jar;C:\Users\Expertflow\.m2\repository\org\glassfish\jaxb\jaxb-core\4.0.5\jaxb-core-4.0.5.jar;C:\Users\Expertflow\.m2\repository\org\eclipse\angus\angus-activation\2.0.2\angus-activation-2.0.2.jar;C:\Users\Expertflow\.m2\repository\org\glassfish\jaxb\txw2\4.0.5\txw2-4.0.5.jar;C:\Users\Expertflow\.m2\repository\com\sun\istack\istack-commons-runtime\4.1.2\istack-commons-runtime-4.1.2.jar;C:\Users\Expertflow\.m2\repository\jakarta\inject\jakarta.inject-api\2.0.1\jakarta.inject-api-2.0.1.jar;C:\Users\Expertflow\.m2\repository\org\antlr\antlr4-runtime\4.13.0\antlr4-runtime-4.13.0.jar;C:\Users\Expertflow\.m2\repository\org\springframework\boot\spring-boot-starter-data-jpa\3.2.5\spring-boot-starter-data-jpa-3.2.5.jar;C:\Users\Expertflow\.m2\repository\org\springframewo
Launcher Type: SUN_STANDARD

[Global flags]
     intx CICompilerCount                          = 4                                         {product} {ergonomic}
     uint ConcGCThreads                            = 2                                         {product} {ergonomic}
     uint G1ConcRefinementThreads                  = 8                                         {product} {ergonomic}
   size_t G1HeapRegionSize                         = 2097152                                   {product} {ergonomic}
    uintx GCDrainStackTargetSize                   = 64                                        {product} {ergonomic}
   size_t InitialHeapSize                          = 268435456                                 {product} {ergonomic}
   size_t MarkStackSize                            = 4194304                                   {product} {ergonomic}
   size_t MaxHeapSize                              = 4263510016                                {product} {ergonomic}
   size_t MaxNewSize                               = 2556428288                                {product} {ergonomic}
   size_t MinHeapDeltaBytes                        = 2097152                                   {product} {ergonomic}
   size_t MinHeapSize                              = 8388608                                   {product} {ergonomic}
    uintx NonNMethodCodeHeapSize                   = 5839372                                {pd product} {ergonomic}
    uintx NonProfiledCodeHeapSize                  = 122909434                              {pd product} {ergonomic}
    uintx ProfiledCodeHeapSize                     = 122909434                              {pd product} {ergonomic}
    uintx ReservedCodeCacheSize                    = 251658240                              {pd product} {ergonomic}
     bool SegmentedCodeCache                       = true                                      {product} {ergonomic}
   size_t SoftMaxHeapSize                          = 4263510016                             {manageable} {ergonomic}
     bool UseCompressedClassPointers               = true                           {product lp64_product} {ergonomic}
     bool UseCompressedOops                        = true                           {product lp64_product} {ergonomic}
     bool UseG1GC                                  = true                                      {product} {ergonomic}
     bool UseLargePagesIndividualAllocation        = false                                  {pd product} {ergonomic}

Logging:
Log output configuration:
 #0: stdout all=warning uptime,level,tags
 #1: stderr all=off uptime,level,tags

Environment Variables:
PATH=C:\Program Files\Common Files\Oracle\Java\javapath;C:\WINDOWS\system32;C:\WINDOWS;C:\WINDOWS\System32\Wbem;C:\WINDOWS\System32\WindowsPowerShell\v1.0\;C:\WINDOWS\System32\OpenSSH\;C:\Program Files\Java\jdk-17\bin;C:\Users\Expertflow\.dnx\bin;C:\Program Files\Microsoft DNX\Dnvm\;C:\Program Files\Microsoft SQL Server\120\Tools\Binn\;C:\Program Files\Microsoft SQL Server\130\Tools\Binn\;C:\Program Files\Git\cmd;C:\Program Files\nodejs\;C:\Program Files\Docker\Docker\resources\bin;C:\Program Files\apache-maven-3.9.11-bin\apache-maven-3.9.11\bin;C:\Users\Expertflow\AppData\Local\Microsoft\WindowsApps;C:\Users\Expertflow\AppData\Local\Programs\Microsoft VS Code\bin;C:\Users\Expertflow\AppData\Roaming\npm
USERNAME=Expertflow
OS=Windows_NT
PROCESSOR_IDENTIFIER=Intel64 Family 6 Model 158 Stepping 9, GenuineIntel



---------------  S Y S T E M  ---------------

OS:
 Windows 11 , 64 bit Build 26100 (10.0.26100.7309)
OS uptime: 6 days 7:11 hours
Hyper-V role detected

CPU: total 8 (initial active 8) (4 cores per cpu, 2 threads per core) family 6 model 158 stepping 9 microcode 0xf8, cx8, cmov, fxsr, ht, mmx, 3dnowpref, sse, sse2, sse3, ssse3, sse4.1, sse4.2, popcnt, lzcnt, tsc, tscinvbit, avx, avx2, aes, erms, clmul, bmi1, bmi2, rtm, adx, fma, vzeroupper, clflush, clflushopt, hv

Memory: 4k page, system-wide physical 16259M (1501M free)
TotalPageFile size 30083M (AvailPageFile size 5516M)
current process WorkingSet (physical memory assigned to process): 429M, peak: 451M
current process commit charge ("private bytes"): 484M, peak: 504M

vm_info: Java HotSpot(TM) 64-Bit Server VM (17.0.12+8-LTS-286) for windows-amd64 JRE (17.0.12+8-LTS-286), built on Jun  5 2024 06:46:59 by "mach5one" with MS VC++ 17.6 (VS2022)

END.
