#
# A fatal error has been detected by the Java Runtime Environment:
#
#  Internal Error (macroAssembler_x86.cpp:864), pid=23280, tid=16404
#  fatal error: DEBUG MESSAGE: illegal bytecode sequence - method not verified
#
# JRE version: Java(TM) SE Runtime Environment (17.0.12+8) (build 17.0.12+8-LTS-286)
# Java VM: Java HotSpot(TM) 64-Bit Server VM (17.0.12+8-LTS-286, mixed mode, sharing, tiered, compressed oops, compressed class ptrs, g1 gc, windows-amd64)
# No core dump will be written. Minidumps are not enabled by default on client versions of Windows
#
# If you would like to submit a bug report, please visit:
#   https://bugreport.java.com/bugreport/crash.jsp
#

---------------  S U M M A R Y ------------

Command Line: -agentlib:jdwp=transport=dt_socket,address=127.0.0.1:13658,suspend=y,server=n -javaagent:C:\Users\Expertflow\AppData\Local\JetBrains\IdeaIC2025.2\captureAgent\debugger-agent.jar=file:///C:/Users/EXPERT~1/AppData/Local/Temp/capture6351173391424489015.props -Dkotlinx.coroutines.debug.enable.creation.stack.trace=false -Ddebugger.agent.enable.coroutines=true -Dkotlinx.coroutines.debug.enable.flows.stack.trace=true -Dkotlinx.coroutines.debug.enable.mutable.state.flows.stack.trace=true -Dfile.encoding=UTF-8 com.smartsolutions.eschool.ESchoolApplication

Host: Intel(R) Core(TM) i7-7820HQ CPU @ 2.90GHz, 8 cores, 15G,  Windows 11 , 64 bit Build 26100 (10.0.26100.7705)
Time: Tue Feb 17 01:26:49 2026 Pakistan Standard Time elapsed time: 16019.573147 seconds (0d 4h 26m 59s)

---------------  T H R E A D  ---------------

Current thread (0x00000275468c57d0):  JavaThread "restartedMain" [_thread_in_Java, id=16404, stack(0x000000f480600000,0x000000f480700000)]

Stack: [0x000000f480600000,0x000000f480700000]
Native frames: (J=compiled Java code, j=interpreted, Vv=VM code, C=native code)
V  [jvm.dll+0x67a04a]
V  [jvm.dll+0x7da4ed]
V  [jvm.dll+0x7dbe33]
V  [jvm.dll+0x244ddb]
V  [jvm.dll+0x5affce]
C  0x0000027558d29117


---------------  P R O C E S S  ---------------

Threads class SMR info:
_java_thread_list=0x0000027571a46980, length=27, elements={
0x000002756ccb17c0, 0x000002756ccb2290, 0x0000027571008bd0, 0x00000275710094a0,
0x000002757100ad80, 0x000002757100bdf0, 0x0000027571011250, 0x00000275710143c0,
0x0000027571017480, 0x00000275711376b0, 0x0000027571211460, 0x00000275711e07c0,
0x000002757120e170, 0x0000027571265a80, 0x0000027571375a60, 0x0000027573eaf640,
0x000002757b49ab80, 0x000002757b49bfc0, 0x00000275468c5ce0, 0x00000275468c48a0,
0x00000275468c2a40, 0x00000275468c57d0, 0x000002757b4913a0, 0x000002757b497df0,
0x000002757b49a160, 0x000002757b49bab0, 0x000002757b49b090
}

Java Threads: ( => current thread )
  0x000002756ccb17c0 JavaThread "Reference Handler" daemon [_thread_blocked, id=26024, stack(0x000000f4fd100000,0x000000f4fd200000)]
  0x000002756ccb2290 JavaThread "Finalizer" daemon [_thread_blocked, id=21912, stack(0x000000f4fd200000,0x000000f4fd300000)]
  0x0000027571008bd0 JavaThread "Signal Dispatcher" daemon [_thread_blocked, id=22380, stack(0x000000f4fd300000,0x000000f4fd400000)]
  0x00000275710094a0 JavaThread "Attach Listener" daemon [_thread_blocked, id=25284, stack(0x000000f4fd400000,0x000000f4fd500000)]
  0x000002757100ad80 JavaThread "Service Thread" daemon [_thread_blocked, id=15512, stack(0x000000f4fd500000,0x000000f4fd600000)]
  0x000002757100bdf0 JavaThread "Monitor Deflation Thread" daemon [_thread_blocked, id=840, stack(0x000000f4fd600000,0x000000f4fd700000)]
  0x0000027571011250 JavaThread "C2 CompilerThread0" daemon [_thread_blocked, id=2340, stack(0x000000f4fd700000,0x000000f4fd800000)]
  0x00000275710143c0 JavaThread "C1 CompilerThread0" daemon [_thread_blocked, id=22936, stack(0x000000f4fd800000,0x000000f4fd900000)]
  0x0000027571017480 JavaThread "Sweeper thread" daemon [_thread_blocked, id=21020, stack(0x000000f4fd900000,0x000000f4fda00000)]
  0x00000275711376b0 JavaThread "Common-Cleaner" daemon [_thread_blocked, id=23752, stack(0x000000f4fda00000,0x000000f4fdb00000)]
  0x0000027571211460 JavaThread "JDWP Transport Listener: dt_socket" daemon [_thread_blocked, id=20776, stack(0x000000f4fdb00000,0x000000f4fdc00000)]
  0x00000275711e07c0 JavaThread "JDWP Event Helper Thread" daemon [_thread_blocked, id=18972, stack(0x000000f4fdc00000,0x000000f4fdd00000)]
  0x000002757120e170 JavaThread "JDWP Command Reader" daemon [_thread_in_native, id=6408, stack(0x000000f4fdd00000,0x000000f4fde00000)]
  0x0000027571265a80 JavaThread "IntelliJ Suspend Helper" daemon [_thread_blocked, id=21216, stack(0x000000f4fde00000,0x000000f4fdf00000)]
  0x0000027571375a60 JavaThread "Notification Thread" daemon [_thread_blocked, id=18076, stack(0x000000f4fdf00000,0x000000f4fe000000)]
  0x0000027573eaf640 JavaThread "mysql-cj-abandoned-connection-cleanup" daemon [_thread_blocked, id=24028, stack(0x000000f4feb00000,0x000000f4fec00000)]
  0x000002757b49ab80 JavaThread "Live Reload Server" daemon [_thread_in_native, id=24472, stack(0x000000f480200000,0x000000f480300000)]
  0x000002757b49bfc0 JavaThread "DestroyJavaVM" [_thread_blocked, id=6588, stack(0x000000f4fca00000,0x000000f4fcb00000)]
  0x00000275468c5ce0 JavaThread "Thread-5" [_thread_blocked, id=22784, stack(0x000000f480e00000,0x000000f480f00000)]
  0x00000275468c48a0 JavaThread "File Watcher" daemon [_thread_blocked, id=11100, stack(0x000000f480400000,0x000000f480500000)]
  0x00000275468c2a40 JavaThread "File Watcher" daemon [_thread_blocked, id=24388, stack(0x000000f480500000,0x000000f480600000)]
=>0x00000275468c57d0 JavaThread "restartedMain" [_thread_in_Java, id=16404, stack(0x000000f480600000,0x000000f480700000)]
  0x000002757b4913a0 JavaThread "Catalina-utility-1" [_thread_blocked, id=12452, stack(0x000000f480900000,0x000000f480a00000)]
  0x000002757b497df0 JavaThread "Catalina-utility-2" [_thread_blocked, id=19172, stack(0x000000f480a00000,0x000000f480b00000)]
  0x000002757b49a160 JavaThread "container-1" [_thread_blocked, id=6232, stack(0x000000f480b00000,0x000000f480c00000)]
  0x000002757b49bab0 JavaThread "HikariPool-2 housekeeper" daemon [_thread_blocked, id=18684, stack(0x000000f480700000,0x000000f480800000)]
  0x000002757b49b090 JavaThread "HikariPool-2 connection adder" daemon [_thread_blocked, id=23228, stack(0x000000f480800000,0x000000f480900000)]

Other Threads:
  0x000002756ccab660 VMThread "VM Thread" [stack: 0x000000f4fd000000,0x000000f4fd100000] [id=22768] _threads_hazard_ptr=0x0000027571a46980
  0x0000027549fdef00 WatcherThread [stack: 0x000000f4fe000000,0x000000f4fe100000] [id=4100]
  0x0000027549fae620 GCTaskThread "GC Thread#0" [stack: 0x000000f4fcb00000,0x000000f4fcc00000] [id=24672]
  0x0000027572061020 GCTaskThread "GC Thread#1" [stack: 0x000000f4fe200000,0x000000f4fe300000] [id=23116]
  0x0000027571fa0ee0 GCTaskThread "GC Thread#2" [stack: 0x000000f4fe300000,0x000000f4fe400000] [id=4040]
  0x00000275720b5010 GCTaskThread "GC Thread#3" [stack: 0x000000f4fe400000,0x000000f4fe500000] [id=21748]
  0x0000027571f81470 GCTaskThread "GC Thread#4" [stack: 0x000000f4fe500000,0x000000f4fe600000] [id=10460]
  0x000002757211b790 GCTaskThread "GC Thread#5" [stack: 0x000000f4fe600000,0x000000f4fe700000] [id=3872]
  0x0000027571f1bf40 GCTaskThread "GC Thread#6" [stack: 0x000000f4fe700000,0x000000f4fe800000] [id=21856]
  0x000002757219dba0 GCTaskThread "GC Thread#7" [stack: 0x000000f4fe800000,0x000000f4fe900000] [id=14684]
  0x0000027549fbff60 ConcurrentGCThread "G1 Main Marker" [stack: 0x000000f4fcc00000,0x000000f4fcd00000] [id=24444]
  0x0000027549fc1020 ConcurrentGCThread "G1 Conc#0" [stack: 0x000000f4fcd00000,0x000000f4fce00000] [id=25584]
  0x0000027572d89ac0 ConcurrentGCThread "G1 Conc#1" [stack: 0x000000f4fed00000,0x000000f4fee00000] [id=19320]
  0x000002756cb5f550 ConcurrentGCThread "G1 Refine#0" [stack: 0x000000f4fce00000,0x000000f4fcf00000] [id=20024]
  0x000002756cb5fd30 ConcurrentGCThread "G1 Service" [stack: 0x000000f4fcf00000,0x000000f4fd000000] [id=14092]

Threads with active compile tasks:

VM state: synchronizing (normal execution)

VM Mutex/Monitor currently owned by a thread:  ([mutex/lock_event])
[0x0000027547d06a00] Threads_lock - owner thread: 0x000002756ccab660

Heap address: 0x0000000701e00000, size: 4066 MB, Compressed Oops mode: Zero based, Oop shift amount: 3

CDS archive(s) mapped at: [0x0000027500000000-0x0000027500bd0000-0x0000027500bd0000), size 12386304, SharedBaseAddress: 0x0000027500000000, ArchiveRelocationMode: 1.
Compressed class space mapped at: 0x0000027501000000-0x0000027541000000, reserved size: 1073741824
Narrow klass base: 0x0000027500000000, Narrow klass shift: 0, Narrow klass range: 0x100000000

GC Precious Log:
 CPUs: 8 total, 8 available
 Memory: 16259M
 Large Page Support: Disabled
 NUMA Support: Disabled
 Compressed Oops: Enabled (Zero based)
 Heap Region Size: 2M
 Heap Min Capacity: 8M
 Heap Initial Capacity: 256M
 Heap Max Capacity: 4066M
 Pre-touch: Disabled
 Parallel Workers: 8
 Concurrent Workers: 2
 Concurrent Refinement Workers: 8
 Periodic GC: Disabled

Heap:
 garbage-first heap   total 266240K, used 204009K [0x0000000701e00000, 0x0000000800000000)
  region size 2048K, 59 young (120832K), 0 survivors (0K)
 Metaspace       used 118348K, committed 120448K, reserved 1179648K
  class space    used 14105K, committed 15040K, reserved 1048576K

Heap Regions: E=young(eden), S=young(survivor), O=old, HS=humongous(starts), HC=humongous(continues), CS=collection set, F=free, OA=open archive, CA=closed archive, TAMS=top-at-mark-start (previous, next)
|   0|0x0000000701e00000, 0x0000000702000000, 0x0000000702000000|100%| O|  |TAMS 0x0000000702000000, 0x0000000701e00000| Untracked 
|   1|0x0000000702000000, 0x00000007021c2ad0, 0x0000000702200000| 88%| O|  |TAMS 0x0000000702000000, 0x0000000702000000| Untracked 
|   2|0x0000000702200000, 0x00000007023ffff8, 0x0000000702400000| 99%| O|  |TAMS 0x0000000702200000, 0x0000000702200000| Untracked 
|   3|0x0000000702400000, 0x00000007025ffff8, 0x0000000702600000| 99%| O|  |TAMS 0x0000000702400000, 0x0000000702400000| Untracked 
|   4|0x0000000702600000, 0x00000007027ffff8, 0x0000000702800000| 99%| O|  |TAMS 0x0000000702600000, 0x0000000702600000| Untracked 
|   5|0x0000000702800000, 0x00000007029ffff8, 0x0000000702a00000| 99%| O|  |TAMS 0x0000000702800000, 0x0000000702800000| Untracked 
|   6|0x0000000702a00000, 0x0000000702c00000, 0x0000000702c00000|100%| O|  |TAMS 0x0000000702a00000, 0x0000000702a00000| Untracked 
|   7|0x0000000702c00000, 0x0000000702dfffe0, 0x0000000702e00000| 99%| O|  |TAMS 0x0000000702c00000, 0x0000000702c00000| Untracked 
|   8|0x0000000702e00000, 0x0000000702ffffc8, 0x0000000703000000| 99%| O|  |TAMS 0x0000000702e00000, 0x0000000702e00000| Untracked 
|   9|0x0000000703000000, 0x00000007031ffff8, 0x0000000703200000| 99%| O|  |TAMS 0x0000000703000000, 0x0000000703000000| Untracked 
|  10|0x0000000703200000, 0x0000000703400000, 0x0000000703400000|100%| O|  |TAMS 0x0000000703200000, 0x0000000703200000| Untracked 
|  11|0x0000000703400000, 0x00000007035ffd90, 0x0000000703600000| 99%| O|  |TAMS 0x0000000703400000, 0x0000000703400000| Untracked 
|  12|0x0000000703600000, 0x0000000703800000, 0x0000000703800000|100%| O|  |TAMS 0x0000000703600000, 0x0000000703600000| Untracked 
|  13|0x0000000703800000, 0x0000000703a00000, 0x0000000703a00000|100%| O|  |TAMS 0x0000000703800000, 0x0000000703800000| Untracked 
|  14|0x0000000703a00000, 0x0000000703c00000, 0x0000000703c00000|100%| O|  |TAMS 0x0000000703a00000, 0x0000000703a00000| Untracked 
|  15|0x0000000703c00000, 0x0000000703dffff8, 0x0000000703e00000| 99%| O|  |TAMS 0x0000000703c00000, 0x0000000703c00000| Untracked 
|  16|0x0000000703e00000, 0x0000000703fffff8, 0x0000000704000000| 99%| O|  |TAMS 0x0000000703e00000, 0x0000000703e00000| Untracked 
|  17|0x0000000704000000, 0x00000007041fffe8, 0x0000000704200000| 99%| O|  |TAMS 0x0000000704000000, 0x0000000704000000| Untracked 
|  18|0x0000000704200000, 0x00000007043fffe8, 0x0000000704400000| 99%| O|  |TAMS 0x0000000704200000, 0x0000000704200000| Untracked 
|  19|0x0000000704400000, 0x00000007044a1fb0, 0x0000000704600000| 31%| O|  |TAMS 0x0000000704400000, 0x0000000704400000| Untracked 
|  20|0x0000000704600000, 0x0000000704800000, 0x0000000704800000|100%| O|  |TAMS 0x0000000704600000, 0x0000000704600000| Untracked 
|  21|0x0000000704800000, 0x0000000704800000, 0x0000000704a00000|  0%| F|  |TAMS 0x0000000704800000, 0x0000000704800000| Untracked 
|  22|0x0000000704a00000, 0x0000000704bfffe0, 0x0000000704c00000| 99%| O|  |TAMS 0x0000000704a00000, 0x0000000704a00000| Untracked 
|  23|0x0000000704c00000, 0x0000000704e00000, 0x0000000704e00000|100%| O|  |TAMS 0x0000000704c00000, 0x0000000704c00000| Untracked 
|  24|0x0000000704e00000, 0x0000000705000000, 0x0000000705000000|100%| O|  |TAMS 0x0000000705000000, 0x0000000704e00000| Untracked 
|  25|0x0000000705000000, 0x00000007051fffc8, 0x0000000705200000| 99%| O|  |TAMS 0x0000000705000000, 0x0000000705000000| Untracked 
|  26|0x0000000705200000, 0x00000007053ffff0, 0x0000000705400000| 99%| O|  |TAMS 0x0000000705200000, 0x0000000705200000| Untracked 
|  27|0x0000000705400000, 0x0000000705600000, 0x0000000705600000|100%| O|  |TAMS 0x0000000705400000, 0x0000000705400000| Untracked 
|  28|0x0000000705600000, 0x0000000705600000, 0x0000000705800000|  0%| F|  |TAMS 0x0000000705600000, 0x0000000705600000| Untracked 
|  29|0x0000000705800000, 0x00000007059ffff8, 0x0000000705a00000| 99%| O|  |TAMS 0x0000000705800000, 0x0000000705800000| Untracked 
|  30|0x0000000705a00000, 0x0000000705bfffd8, 0x0000000705c00000| 99%| O|  |TAMS 0x0000000705a00000, 0x0000000705a00000| Untracked 
|  31|0x0000000705c00000, 0x0000000705e00000, 0x0000000705e00000|100%| O|  |TAMS 0x0000000705c00000, 0x0000000705c00000| Untracked 
|  32|0x0000000705e00000, 0x0000000705ffed40, 0x0000000706000000| 99%| O|  |TAMS 0x0000000705e00000, 0x0000000705e00000| Untracked 
|  33|0x0000000706000000, 0x00000007061523e0, 0x0000000706200000| 66%| O|  |TAMS 0x0000000706000000, 0x0000000706000000| Untracked 
|  34|0x0000000706200000, 0x00000007063ffff0, 0x0000000706400000| 99%| O|  |TAMS 0x0000000706200000, 0x0000000706200000| Untracked 
|  35|0x0000000706400000, 0x00000007065ffff0, 0x0000000706600000| 99%| O|  |TAMS 0x0000000706400000, 0x0000000706400000| Untracked 
|  36|0x0000000706600000, 0x000000070666f320, 0x0000000706800000| 21%| O|  |TAMS 0x0000000706600000, 0x0000000706600000| Untracked 
|  37|0x0000000706800000, 0x00000007069ffff0, 0x0000000706a00000| 99%| O|  |TAMS 0x0000000706800000, 0x0000000706800000| Untracked 
|  38|0x0000000706a00000, 0x0000000706a00000, 0x0000000706c00000|  0%| F|  |TAMS 0x0000000706a00000, 0x0000000706a00000| Untracked 
|  39|0x0000000706c00000, 0x0000000706c00000, 0x0000000706e00000|  0%| F|  |TAMS 0x0000000706c00000, 0x0000000706c00000| Untracked 
|  40|0x0000000706e00000, 0x0000000706ffffe0, 0x0000000707000000| 99%| O|  |TAMS 0x0000000706e00000, 0x0000000706e00000| Untracked 
|  41|0x0000000707000000, 0x0000000707000000, 0x0000000707200000|  0%| F|  |TAMS 0x0000000707000000, 0x0000000707000000| Untracked 
|  42|0x0000000707200000, 0x0000000707400000, 0x0000000707400000|100%| O|  |TAMS 0x0000000707200000, 0x0000000707200000| Untracked 
|  43|0x0000000707400000, 0x0000000707400000, 0x0000000707600000|  0%| F|  |TAMS 0x0000000707400000, 0x0000000707400000| Untracked 
|  44|0x0000000707600000, 0x0000000707784e48, 0x0000000707800000| 75%| O|  |TAMS 0x0000000707600000, 0x0000000707600000| Untracked 
|  45|0x0000000707800000, 0x0000000707800000, 0x0000000707a00000|  0%| F|  |TAMS 0x0000000707800000, 0x0000000707800000| Untracked 
|  46|0x0000000707a00000, 0x0000000707bfffd8, 0x0000000707c00000| 99%| O|  |TAMS 0x0000000707a00000, 0x0000000707a00000| Untracked 
|  47|0x0000000707c00000, 0x0000000707c00000, 0x0000000707e00000|  0%| F|  |TAMS 0x0000000707c00000, 0x0000000707c00000| Untracked 
|  48|0x0000000707e00000, 0x0000000707ffffe8, 0x0000000708000000| 99%| O|  |TAMS 0x0000000707e00000, 0x0000000707e00000| Untracked 
|  49|0x0000000708000000, 0x0000000708000000, 0x0000000708200000|  0%| F|  |TAMS 0x0000000708000000, 0x0000000708000000| Untracked 
|  50|0x0000000708200000, 0x0000000708334d50, 0x0000000708400000| 60%| O|  |TAMS 0x0000000708200000, 0x0000000708200000| Untracked 
|  51|0x0000000708400000, 0x0000000708400000, 0x0000000708600000|  0%| F|  |TAMS 0x0000000708400000, 0x0000000708400000| Untracked 
|  52|0x0000000708600000, 0x0000000708800000, 0x0000000708800000|100%| O|  |TAMS 0x0000000708600000, 0x0000000708600000| Untracked 
|  53|0x0000000708800000, 0x0000000708800000, 0x0000000708a00000|  0%| F|  |TAMS 0x0000000708800000, 0x0000000708800000| Untracked 
|  54|0x0000000708a00000, 0x0000000708c00000, 0x0000000708c00000|100%| O|  |TAMS 0x0000000708a00000, 0x0000000708a00000| Untracked 
|  55|0x0000000708c00000, 0x0000000708c5bfa0, 0x0000000708e00000| 17%| O|  |TAMS 0x0000000708c00000, 0x0000000708c00000| Untracked 
|  56|0x0000000708e00000, 0x0000000708e00000, 0x0000000709000000|  0%| F|  |TAMS 0x0000000708e00000, 0x0000000708e00000| Untracked 
|  57|0x0000000709000000, 0x0000000709000000, 0x0000000709200000|  0%| F|  |TAMS 0x0000000709000000, 0x0000000709000000| Untracked 
|  58|0x0000000709200000, 0x0000000709200000, 0x0000000709400000|  0%| F|  |TAMS 0x0000000709200000, 0x0000000709200000| Untracked 
|  59|0x0000000709400000, 0x0000000709400000, 0x0000000709600000|  0%| F|  |TAMS 0x0000000709400000, 0x0000000709400000| Untracked 
|  60|0x0000000709600000, 0x0000000709600000, 0x0000000709800000|  0%| F|  |TAMS 0x0000000709600000, 0x0000000709600000| Untracked 
|  61|0x0000000709800000, 0x0000000709800000, 0x0000000709a00000|  0%| F|  |TAMS 0x0000000709800000, 0x0000000709800000| Untracked 
|  62|0x0000000709a00000, 0x0000000709a00000, 0x0000000709c00000|  0%| F|  |TAMS 0x0000000709a00000, 0x0000000709a00000| Untracked 
|  63|0x0000000709c00000, 0x0000000709c00000, 0x0000000709e00000|  0%| F|  |TAMS 0x0000000709c00000, 0x0000000709c00000| Untracked 
|  64|0x0000000709e00000, 0x0000000709e00000, 0x000000070a000000|  0%| F|  |TAMS 0x0000000709e00000, 0x0000000709e00000| Untracked 
|  65|0x000000070a000000, 0x000000070a000000, 0x000000070a200000|  0%| F|  |TAMS 0x000000070a000000, 0x000000070a000000| Untracked 
|  66|0x000000070a200000, 0x000000070a200000, 0x000000070a400000|  0%| F|  |TAMS 0x000000070a200000, 0x000000070a200000| Untracked 
|  67|0x000000070a400000, 0x000000070a400000, 0x000000070a600000|  0%| F|  |TAMS 0x000000070a400000, 0x000000070a400000| Untracked 
|  68|0x000000070a600000, 0x000000070a600000, 0x000000070a800000|  0%| F|  |TAMS 0x000000070a600000, 0x000000070a600000| Untracked 
|  69|0x000000070a800000, 0x000000070a800000, 0x000000070aa00000|  0%| F|  |TAMS 0x000000070a800000, 0x000000070a800000| Untracked 
|  70|0x000000070aa00000, 0x000000070aa00000, 0x000000070ac00000|  0%| F|  |TAMS 0x000000070aa00000, 0x000000070aa00000| Untracked 
|  71|0x000000070ac00000, 0x000000070adfdcc8, 0x000000070ae00000| 99%| E|  |TAMS 0x000000070ac00000, 0x000000070ac00000| Complete 
|  72|0x000000070ae00000, 0x000000070b000000, 0x000000070b000000|100%| E|CS|TAMS 0x000000070ae00000, 0x000000070ae00000| Complete 
|  73|0x000000070b000000, 0x000000070b200000, 0x000000070b200000|100%| E|CS|TAMS 0x000000070b000000, 0x000000070b000000| Complete 
|  74|0x000000070b200000, 0x000000070b400000, 0x000000070b400000|100%| E|CS|TAMS 0x000000070b200000, 0x000000070b200000| Complete 
|  75|0x000000070b400000, 0x000000070b600000, 0x000000070b600000|100%| E|CS|TAMS 0x000000070b400000, 0x000000070b400000| Complete 
|  76|0x000000070b600000, 0x000000070b800000, 0x000000070b800000|100%| E|CS|TAMS 0x000000070b600000, 0x000000070b600000| Complete 
|  77|0x000000070b800000, 0x000000070ba00000, 0x000000070ba00000|100%| E|CS|TAMS 0x000000070b800000, 0x000000070b800000| Complete 
|  78|0x000000070ba00000, 0x000000070bc00000, 0x000000070bc00000|100%| E|CS|TAMS 0x000000070ba00000, 0x000000070ba00000| Complete 
|  79|0x000000070bc00000, 0x000000070be00000, 0x000000070be00000|100%| E|CS|TAMS 0x000000070bc00000, 0x000000070bc00000| Complete 
|  80|0x000000070be00000, 0x000000070c000000, 0x000000070c000000|100%| E|CS|TAMS 0x000000070be00000, 0x000000070be00000| Complete 
|  81|0x000000070c000000, 0x000000070c200000, 0x000000070c200000|100%| E|CS|TAMS 0x000000070c000000, 0x000000070c000000| Complete 
|  82|0x000000070c200000, 0x000000070c400000, 0x000000070c400000|100%| E|CS|TAMS 0x000000070c200000, 0x000000070c200000| Complete 
|  83|0x000000070c400000, 0x000000070c600000, 0x000000070c600000|100%| E|CS|TAMS 0x000000070c400000, 0x000000070c400000| Complete 
|  84|0x000000070c600000, 0x000000070c800000, 0x000000070c800000|100%| E|CS|TAMS 0x000000070c600000, 0x000000070c600000| Complete 
|  85|0x000000070c800000, 0x000000070ca00000, 0x000000070ca00000|100%| E|CS|TAMS 0x000000070c800000, 0x000000070c800000| Complete 
|  86|0x000000070ca00000, 0x000000070cc00000, 0x000000070cc00000|100%| E|CS|TAMS 0x000000070ca00000, 0x000000070ca00000| Complete 
|  87|0x000000070cc00000, 0x000000070ce00000, 0x000000070ce00000|100%| E|CS|TAMS 0x000000070cc00000, 0x000000070cc00000| Complete 
|  88|0x000000070ce00000, 0x000000070d000000, 0x000000070d000000|100%| E|CS|TAMS 0x000000070ce00000, 0x000000070ce00000| Complete 
|  89|0x000000070d000000, 0x000000070d200000, 0x000000070d200000|100%| E|CS|TAMS 0x000000070d000000, 0x000000070d000000| Complete 
|  90|0x000000070d200000, 0x000000070d400000, 0x000000070d400000|100%| E|CS|TAMS 0x000000070d200000, 0x000000070d200000| Complete 
|  91|0x000000070d400000, 0x000000070d600000, 0x000000070d600000|100%| E|CS|TAMS 0x000000070d400000, 0x000000070d400000| Complete 
|  92|0x000000070d600000, 0x000000070d800000, 0x000000070d800000|100%| E|CS|TAMS 0x000000070d600000, 0x000000070d600000| Complete 
|  93|0x000000070d800000, 0x000000070da00000, 0x000000070da00000|100%| E|CS|TAMS 0x000000070d800000, 0x000000070d800000| Complete 
|  94|0x000000070da00000, 0x000000070dc00000, 0x000000070dc00000|100%| E|CS|TAMS 0x000000070da00000, 0x000000070da00000| Complete 
|  95|0x000000070dc00000, 0x000000070de00000, 0x000000070de00000|100%| E|CS|TAMS 0x000000070dc00000, 0x000000070dc00000| Complete 
|  96|0x000000070de00000, 0x000000070e000000, 0x000000070e000000|100%| E|CS|TAMS 0x000000070de00000, 0x000000070de00000| Complete 
|  97|0x000000070e000000, 0x000000070e200000, 0x000000070e200000|100%| E|CS|TAMS 0x000000070e000000, 0x000000070e000000| Complete 
|  98|0x000000070e200000, 0x000000070e400000, 0x000000070e400000|100%| E|CS|TAMS 0x000000070e200000, 0x000000070e200000| Complete 
|  99|0x000000070e400000, 0x000000070e600000, 0x000000070e600000|100%| E|CS|TAMS 0x000000070e400000, 0x000000070e400000| Complete 
| 100|0x000000070e600000, 0x000000070e800000, 0x000000070e800000|100%| E|CS|TAMS 0x000000070e600000, 0x000000070e600000| Complete 
| 101|0x000000070e800000, 0x000000070ea00000, 0x000000070ea00000|100%| E|CS|TAMS 0x000000070e800000, 0x000000070e800000| Complete 
| 102|0x000000070ea00000, 0x000000070ec00000, 0x000000070ec00000|100%| E|CS|TAMS 0x000000070ea00000, 0x000000070ea00000| Complete 
| 103|0x000000070ec00000, 0x000000070ee00000, 0x000000070ee00000|100%| E|CS|TAMS 0x000000070ec00000, 0x000000070ec00000| Complete 
| 104|0x000000070ee00000, 0x000000070f000000, 0x000000070f000000|100%| E|CS|TAMS 0x000000070ee00000, 0x000000070ee00000| Complete 
| 105|0x000000070f000000, 0x000000070f200000, 0x000000070f200000|100%| E|CS|TAMS 0x000000070f000000, 0x000000070f000000| Complete 
| 106|0x000000070f200000, 0x000000070f400000, 0x000000070f400000|100%| E|CS|TAMS 0x000000070f200000, 0x000000070f200000| Complete 
| 107|0x000000070f400000, 0x000000070f600000, 0x000000070f600000|100%| E|CS|TAMS 0x000000070f400000, 0x000000070f400000| Complete 
| 108|0x000000070f600000, 0x000000070f800000, 0x000000070f800000|100%| E|CS|TAMS 0x000000070f600000, 0x000000070f600000| Complete 
| 109|0x000000070f800000, 0x000000070fa00000, 0x000000070fa00000|100%| E|CS|TAMS 0x000000070f800000, 0x000000070f800000| Complete 
| 110|0x000000070fa00000, 0x000000070fc00000, 0x000000070fc00000|100%| E|CS|TAMS 0x000000070fa00000, 0x000000070fa00000| Complete 
| 111|0x000000070fc00000, 0x000000070fe00000, 0x000000070fe00000|100%| E|CS|TAMS 0x000000070fc00000, 0x000000070fc00000| Complete 
| 112|0x000000070fe00000, 0x0000000710000000, 0x0000000710000000|100%| E|CS|TAMS 0x000000070fe00000, 0x000000070fe00000| Complete 
| 113|0x0000000710000000, 0x0000000710200000, 0x0000000710200000|100%| E|CS|TAMS 0x0000000710000000, 0x0000000710000000| Complete 
| 114|0x0000000710200000, 0x0000000710400000, 0x0000000710400000|100%| E|CS|TAMS 0x0000000710200000, 0x0000000710200000| Complete 
| 115|0x0000000710400000, 0x0000000710600000, 0x0000000710600000|100%| E|CS|TAMS 0x0000000710400000, 0x0000000710400000| Complete 
| 116|0x0000000710600000, 0x0000000710800000, 0x0000000710800000|100%| E|CS|TAMS 0x0000000710600000, 0x0000000710600000| Complete 
| 117|0x0000000710800000, 0x0000000710a00000, 0x0000000710a00000|100%| E|CS|TAMS 0x0000000710800000, 0x0000000710800000| Complete 
| 118|0x0000000710a00000, 0x0000000710c00000, 0x0000000710c00000|100%| E|CS|TAMS 0x0000000710a00000, 0x0000000710a00000| Complete 
| 119|0x0000000710c00000, 0x0000000710e00000, 0x0000000710e00000|100%| E|CS|TAMS 0x0000000710c00000, 0x0000000710c00000| Complete 
| 120|0x0000000710e00000, 0x0000000711000000, 0x0000000711000000|100%| E|CS|TAMS 0x0000000710e00000, 0x0000000710e00000| Complete 
| 121|0x0000000711000000, 0x0000000711200000, 0x0000000711200000|100%| E|CS|TAMS 0x0000000711000000, 0x0000000711000000| Complete 
| 122|0x0000000711200000, 0x0000000711400000, 0x0000000711400000|100%| E|CS|TAMS 0x0000000711200000, 0x0000000711200000| Complete 
| 123|0x0000000711400000, 0x0000000711600000, 0x0000000711600000|100%| E|CS|TAMS 0x0000000711400000, 0x0000000711400000| Complete 
| 124|0x0000000711600000, 0x0000000711800000, 0x0000000711800000|100%| E|CS|TAMS 0x0000000711600000, 0x0000000711600000| Complete 
| 125|0x0000000711800000, 0x0000000711a00000, 0x0000000711a00000|100%| E|CS|TAMS 0x0000000711800000, 0x0000000711800000| Complete 
| 187|0x0000000719400000, 0x0000000719600000, 0x0000000719600000|100%| E|CS|TAMS 0x0000000719400000, 0x0000000719400000| Complete 
| 188|0x0000000719600000, 0x0000000719800000, 0x0000000719800000|100%| E|CS|TAMS 0x0000000719600000, 0x0000000719600000| Complete 
| 189|0x0000000719800000, 0x0000000719a00000, 0x0000000719a00000|100%| E|CS|TAMS 0x0000000719800000, 0x0000000719800000| Complete 
| 190|0x0000000719a00000, 0x0000000719c00000, 0x0000000719c00000|100%| E|CS|TAMS 0x0000000719a00000, 0x0000000719a00000| Complete 

Card table byte_map: [0x0000027561320000,0x0000027561b20000] _byte_map_base: 0x000002755db11000

Marking Bits (Prev, Next): (CMBitMap*) 0x0000027549faeb90, (CMBitMap*) 0x0000027549faeb50
 Prev Bits: [0x00000275662b0000, 0x000002756a238000)
 Next Bits: [0x0000027562320000, 0x00000275662a8000)

Polling page: 0x0000027547e60000

Metaspace:

Usage:
  Non-class:    101.80 MB used.
      Class:     13.77 MB used.
       Both:    115.57 MB used.

Virtual space:
  Non-class space:      128.00 MB reserved,     102.94 MB ( 80%) committed,  2 nodes.
      Class space:        1.00 GB reserved,      14.69 MB (  1%) committed,  1 nodes.
             Both:        1.12 GB reserved,     117.62 MB ( 10%) committed. 

Chunk freelists:
   Non-Class:  9.28 MB
       Class:  1.75 MB
        Both:  11.04 MB

MaxMetaspaceSize: unlimited
CompressedClassSpaceSize: 1.00 GB
Initial GC threshold: 21.00 MB
Current GC threshold: 195.88 MB
CDS: on
MetaspaceReclaimPolicy: balanced
 - commit_granule_bytes: 65536.
 - commit_granule_words: 8192.
 - virtual_space_node_default_size: 8388608.
 - enlarge_chunks_in_place: 1.
 - new_chunks_are_fully_committed: 0.
 - uncommit_free_chunks: 1.
 - use_allocation_guard: 0.
 - handle_deallocations: 1.


Internal statistics:

num_allocs_failed_limit: 9.
num_arena_births: 2638.
num_arena_deaths: 964.
num_vsnodes_births: 3.
num_vsnodes_deaths: 0.
num_space_committed: 1882.
num_space_uncommitted: 0.
num_chunks_returned_to_freelist: 1260.
num_chunks_taken_from_freelist: 7835.
num_chunk_merges: 418.
num_chunk_splits: 4921.
num_chunks_enlarged: 3032.
num_inconsistent_stats: 0.

CodeHeap 'non-profiled nmethods': size=120000Kb used=19479Kb max_used=19586Kb free=100520Kb
 bounds [0x00000275592c0000, 0x000002755a630000, 0x00000275607f0000]
CodeHeap 'profiled nmethods': size=120000Kb used=42107Kb max_used=42107Kb free=77892Kb
 bounds [0x00000275517f0000, 0x0000027554120000, 0x0000027558d20000]
CodeHeap 'non-nmethods': size=5760Kb used=1527Kb max_used=1683Kb free=4232Kb
 bounds [0x0000027558d20000, 0x0000027558f90000, 0x00000275592c0000]
 total_blobs=20404 nmethods=19592 adapters=722
 compilation: enabled
              stopped_count=0, restarted_count=0
 full_count=0

Compilation events (20 events):
Event: 16017.791 Thread 0x00000275710143c0 25311       3       org.hibernate.query.sqm.produce.function.StandardFunctionReturnTypeResolvers$1::<init> (10 bytes)
Event: 16017.791 Thread 0x00000275710143c0 nmethod 25311 0x0000027554107990 code [0x0000027554107b20, 0x0000027554107cf8]
Event: 16017.835 Thread 0x00000275710143c0 25312       3       java.security.GeneralSecurityException::<init> (6 bytes)
Event: 16017.836 Thread 0x00000275710143c0 nmethod 25312 0x0000027554107d90 code [0x0000027554107f40, 0x00000275541080e8]
Event: 16018.234 Thread 0x00000275710143c0 25313       3       java.util.HashMap$KeySpliterator::forEachRemaining (186 bytes)
Event: 16018.235 Thread 0x00000275710143c0 nmethod 25313 0x0000027554108190 code [0x00000275541083a0, 0x0000027554108c48]
Event: 16018.766 Thread 0x0000027571011250 25314       4       sun.security.provider.DigestBase::engineUpdate (32 bytes)
Event: 16018.801 Thread 0x0000027571011250 nmethod 25314 0x000002755a083390 code [0x000002755a083540, 0x000002755a083e98]
Event: 16018.969 Thread 0x00000275710143c0 25315       1       org.hibernate.query.sqm.function.NamedSqmFunctionDescriptor::alwaysIncludesParentheses (5 bytes)
Event: 16018.970 Thread 0x00000275710143c0 nmethod 25315 0x000002755a45a490 code [0x000002755a45a620, 0x000002755a45a6f8]
Event: 16018.971 Thread 0x00000275710143c0 25316       3       org.hibernate.query.internal.QueryEngineImpl$$Lambda$1110/0x000002750184be28::accept (8 bytes)
Event: 16018.976 Thread 0x00000275710143c0 nmethod 25316 0x0000027554108f90 code [0x0000027554109420, 0x000002755410bf68]
Event: 16018.976 Thread 0x00000275710143c0 25317       3       org.hibernate.query.internal.QueryEngineImpl::lambda$createFunctionRegistry$0 (30 bytes)
Event: 16018.981 Thread 0x00000275710143c0 nmethod 25317 0x000002755410d110 code [0x000002755410d6e0, 0x0000027554111128]
Event: 16019.079 Thread 0x00000275710143c0 25318       3       java.lang.Class::getSimpleName (26 bytes)
Event: 16019.080 Thread 0x00000275710143c0 nmethod 25318 0x0000027554112890 code [0x0000027554112a40, 0x0000027554112c78]
Event: 16019.193 Thread 0x0000027571011250 25319       4       sun.security.util.math.IntegerModuloP::pow (77 bytes)
Event: 16019.198 Thread 0x00000275710143c0 25320       3       java.math.BigInteger::oddModPow (795 bytes)
Event: 16019.205 Thread 0x00000275710143c0 nmethod 25320 0x0000027554112d90 code [0x0000027554113200, 0x0000027554115f58]
Event: 16019.265 Thread 0x0000027571011250 nmethod 25319 0x000002755a080f10 code [0x000002755a081160, 0x000002755a082990]

GC Heap History (20 events):
Event: 15341.847 GC heap before
{Heap before GC invocations=283 (full 0):
 garbage-first heap   total 266240K, used 234760K [0x0000000701e00000, 0x0000000800000000)
  region size 2048K, 55 young (112640K), 1 survivors (2048K)
 Metaspace       used 118722K, committed 120064K, reserved 1179648K
  class space    used 14250K, committed 14912K, reserved 1048576K
}
Event: 15341.906 GC heap after
{Heap after GC invocations=284 (full 0):
 garbage-first heap   total 266240K, used 124533K [0x0000000701e00000, 0x0000000800000000)
  region size 2048K, 1 young (2048K), 1 survivors (2048K)
 Metaspace       used 118722K, committed 120064K, reserved 1179648K
  class space    used 14250K, committed 14912K, reserved 1048576K
}
Event: 15402.289 GC heap before
{Heap before GC invocations=284 (full 0):
 garbage-first heap   total 266240K, used 235125K [0x0000000701e00000, 0x0000000800000000)
  region size 2048K, 55 young (112640K), 1 survivors (2048K)
 Metaspace       used 118814K, committed 120128K, reserved 1179648K
  class space    used 14266K, committed 14912K, reserved 1048576K
}
Event: 15402.334 GC heap after
{Heap after GC invocations=285 (full 0):
 garbage-first heap   total 266240K, used 124405K [0x0000000701e00000, 0x0000000800000000)
  region size 2048K, 1 young (2048K), 1 survivors (2048K)
 Metaspace       used 118814K, committed 120128K, reserved 1179648K
  class space    used 14266K, committed 14912K, reserved 1048576K
}
Event: 15425.230 GC heap before
{Heap before GC invocations=285 (full 0):
 garbage-first heap   total 266240K, used 234997K [0x0000000701e00000, 0x0000000800000000)
  region size 2048K, 55 young (112640K), 1 survivors (2048K)
 Metaspace       used 118814K, committed 120128K, reserved 1179648K
  class space    used 14266K, committed 14912K, reserved 1048576K
}
Event: 15425.232 GC heap after
{Heap after GC invocations=286 (full 0):
 garbage-first heap   total 266240K, used 124622K [0x0000000701e00000, 0x0000000800000000)
  region size 2048K, 1 young (2048K), 1 survivors (2048K)
 Metaspace       used 118814K, committed 120128K, reserved 1179648K
  class space    used 14266K, committed 14912K, reserved 1048576K
}
Event: 15488.536 GC heap before
{Heap before GC invocations=286 (full 0):
 garbage-first heap   total 266240K, used 235214K [0x0000000701e00000, 0x0000000800000000)
  region size 2048K, 55 young (112640K), 1 survivors (2048K)
 Metaspace       used 118815K, committed 120128K, reserved 1179648K
  class space    used 14266K, committed 14912K, reserved 1048576K
}
Event: 15488.540 GC heap after
{Heap after GC invocations=287 (full 0):
 garbage-first heap   total 266240K, used 124177K [0x0000000701e00000, 0x0000000800000000)
  region size 2048K, 1 young (2048K), 1 survivors (2048K)
 Metaspace       used 118815K, committed 120128K, reserved 1179648K
  class space    used 14266K, committed 14912K, reserved 1048576K
}
Event: 15606.542 GC heap before
{Heap before GC invocations=287 (full 0):
 garbage-first heap   total 266240K, used 234769K [0x0000000701e00000, 0x0000000800000000)
  region size 2048K, 55 young (112640K), 1 survivors (2048K)
 Metaspace       used 118815K, committed 120128K, reserved 1179648K
  class space    used 14266K, committed 14912K, reserved 1048576K
}
Event: 15606.544 GC heap after
{Heap after GC invocations=288 (full 0):
 garbage-first heap   total 266240K, used 124362K [0x0000000701e00000, 0x0000000800000000)
  region size 2048K, 1 young (2048K), 1 survivors (2048K)
 Metaspace       used 118815K, committed 120128K, reserved 1179648K
  class space    used 14266K, committed 14912K, reserved 1048576K
}
Event: 15698.317 GC heap before
{Heap before GC invocations=288 (full 0):
 garbage-first heap   total 266240K, used 234954K [0x0000000701e00000, 0x0000000800000000)
  region size 2048K, 55 young (112640K), 1 survivors (2048K)
 Metaspace       used 118816K, committed 120128K, reserved 1179648K
  class space    used 14266K, committed 14912K, reserved 1048576K
}
Event: 15698.320 GC heap after
{Heap after GC invocations=289 (full 0):
 garbage-first heap   total 266240K, used 124194K [0x0000000701e00000, 0x0000000800000000)
  region size 2048K, 1 young (2048K), 1 survivors (2048K)
 Metaspace       used 118816K, committed 120128K, reserved 1179648K
  class space    used 14266K, committed 14912K, reserved 1048576K
}
Event: 15733.301 GC heap before
{Heap before GC invocations=289 (full 0):
 garbage-first heap   total 266240K, used 234786K [0x0000000701e00000, 0x0000000800000000)
  region size 2048K, 55 young (112640K), 1 survivors (2048K)
 Metaspace       used 118816K, committed 120128K, reserved 1179648K
  class space    used 14266K, committed 14912K, reserved 1048576K
}
Event: 15733.303 GC heap after
{Heap after GC invocations=290 (full 0):
 garbage-first heap   total 266240K, used 124582K [0x0000000701e00000, 0x0000000800000000)
  region size 2048K, 1 young (2048K), 1 survivors (2048K)
 Metaspace       used 118816K, committed 120128K, reserved 1179648K
  class space    used 14266K, committed 14912K, reserved 1048576K
}
Event: 15745.881 GC heap before
{Heap before GC invocations=290 (full 0):
 garbage-first heap   total 266240K, used 235174K [0x0000000701e00000, 0x0000000800000000)
  region size 2048K, 55 young (112640K), 1 survivors (2048K)
 Metaspace       used 118830K, committed 120128K, reserved 1179648K
  class space    used 14267K, committed 14912K, reserved 1048576K
}
Event: 15745.900 GC heap after
{Heap after GC invocations=291 (full 0):
 garbage-first heap   total 266240K, used 124239K [0x0000000701e00000, 0x0000000800000000)
  region size 2048K, 1 young (2048K), 1 survivors (2048K)
 Metaspace       used 118830K, committed 120128K, reserved 1179648K
  class space    used 14267K, committed 14912K, reserved 1048576K
}
Event: 15855.342 GC heap before
{Heap before GC invocations=291 (full 0):
 garbage-first heap   total 266240K, used 234831K [0x0000000701e00000, 0x0000000800000000)
  region size 2048K, 55 young (112640K), 1 survivors (2048K)
 Metaspace       used 118830K, committed 120128K, reserved 1179648K
  class space    used 14267K, committed 14912K, reserved 1048576K
}
Event: 15855.368 GC heap after
{Heap after GC invocations=292 (full 0):
 garbage-first heap   total 266240K, used 124267K [0x0000000701e00000, 0x0000000800000000)
  region size 2048K, 1 young (2048K), 1 survivors (2048K)
 Metaspace       used 118830K, committed 120128K, reserved 1179648K
  class space    used 14267K, committed 14912K, reserved 1048576K
}
Event: 15891.219 GC heap before
{Heap before GC invocations=292 (full 0):
 garbage-first heap   total 266240K, used 140651K [0x0000000701e00000, 0x0000000800000000)
  region size 2048K, 10 young (20480K), 1 survivors (2048K)
 Metaspace       used 118931K, committed 120320K, reserved 1179648K
  class space    used 14287K, committed 15040K, reserved 1048576K
}
Event: 15965.368 GC heap after
{Heap after GC invocations=293 (full 1):
 garbage-first heap   total 266240K, used 85225K [0x0000000701e00000, 0x0000000800000000)
  region size 2048K, 0 young (0K), 0 survivors (0K)
 Metaspace       used 117714K, committed 120320K, reserved 1179648K
  class space    used 14041K, committed 15040K, reserved 1048576K
}

Deoptimization events (20 events):
Event: 16019.197 Thread 0x000002757b49b090 DEOPT PACKING pc=0x0000027553456e04 sp=0x000000f4808fd6a0
Event: 16019.197 Thread 0x000002757b49b090 DEOPT UNPACKING pc=0x0000027558d72b43 sp=0x000000f4808fcbd0 mode 1
Event: 16019.197 Thread 0x000002757b49b090 DEOPT PACKING pc=0x00000275540fdce4 sp=0x000000f4808fd790
Event: 16019.197 Thread 0x000002757b49b090 DEOPT UNPACKING pc=0x0000027558d72b43 sp=0x000000f4808fccc0 mode 1
Event: 16019.198 Thread 0x000002757b49b090 DEOPT PACKING pc=0x0000027553456e04 sp=0x000000f4808fd6a0
Event: 16019.198 Thread 0x000002757b49b090 DEOPT UNPACKING pc=0x0000027558d72b43 sp=0x000000f4808fcbd0 mode 1
Event: 16019.198 Thread 0x000002757b49b090 DEOPT PACKING pc=0x00000275540fdce4 sp=0x000000f4808fd790
Event: 16019.198 Thread 0x000002757b49b090 DEOPT UNPACKING pc=0x0000027558d72b43 sp=0x000000f4808fccc0 mode 1
Event: 16019.199 Thread 0x000002757b49b090 DEOPT PACKING pc=0x00000275522b870f sp=0x000000f4808fd850
Event: 16019.199 Thread 0x000002757b49b090 DEOPT UNPACKING pc=0x0000027558d72b43 sp=0x000000f4808fccc0 mode 1
Event: 16019.199 Thread 0x000002757b49b090 DEOPT PACKING pc=0x0000027553ee689c sp=0x000000f4808fd9b0
Event: 16019.199 Thread 0x000002757b49b090 DEOPT UNPACKING pc=0x0000027558d72b43 sp=0x000000f4808fced0 mode 1
Event: 16019.199 Thread 0x000002757b49b090 DEOPT PACKING pc=0x0000027553ee5f54 sp=0x000000f4808fdaa0
Event: 16019.199 Thread 0x000002757b49b090 DEOPT UNPACKING pc=0x0000027558d72b43 sp=0x000000f4808fcf58 mode 1
Event: 16019.200 Thread 0x000002757b49b090 DEOPT PACKING pc=0x00000275530c6df9 sp=0x000000f4808fd680
Event: 16019.200 Thread 0x000002757b49b090 DEOPT UNPACKING pc=0x0000027558d72b43 sp=0x000000f4808fcb38 mode 1
Event: 16019.200 Thread 0x000002757b49b090 DEOPT PACKING pc=0x0000027553ee689c sp=0x000000f4808fd7a0
Event: 16019.200 Thread 0x000002757b49b090 DEOPT UNPACKING pc=0x0000027558d72b43 sp=0x000000f4808fccc0 mode 1
Event: 16019.200 Thread 0x000002757b49b090 DEOPT PACKING pc=0x0000027553ee5f54 sp=0x000000f4808fd890
Event: 16019.200 Thread 0x000002757b49b090 DEOPT UNPACKING pc=0x0000027558d72b43 sp=0x000000f4808fcd48 mode 1

Classes unloaded (20 events):
Event: 15927.308 Thread 0x000002756ccab660 Unloading class 0x0000027501208000 'jdk/internal/reflect/GeneratedConstructorAccessor1'
Event: 15927.308 Thread 0x000002756ccab660 Unloading class 0x00000275011d0800 'java/lang/invoke/LambdaForm$MH+0x00000275011d0800'
Event: 15927.322 Thread 0x000002756ccab660 Unloading class 0x00000275011d0400 'java/lang/invoke/LambdaForm$MH+0x00000275011d0400'
Event: 15927.322 Thread 0x000002756ccab660 Unloading class 0x00000275011d0000 'java/lang/invoke/LambdaForm$MH+0x00000275011d0000'
Event: 15927.353 Thread 0x000002756ccab660 Unloading class 0x00000275011b0800 'java/lang/invoke/LambdaForm$DMH+0x00000275011b0800'
Event: 15927.353 Thread 0x000002756ccab660 Unloading class 0x0000027501081000 'java/lang/invoke/LambdaForm$MH+0x0000027501081000'
Event: 15927.381 Thread 0x000002756ccab660 Unloading class 0x0000027501080c00 'java/lang/invoke/LambdaForm$MH+0x0000027501080c00'
Event: 15927.381 Thread 0x000002756ccab660 Unloading class 0x0000027501080800 'java/lang/invoke/LambdaForm$MH+0x0000027501080800'
Event: 15927.381 Thread 0x000002756ccab660 Unloading class 0x0000027501080400 'java/lang/invoke/LambdaForm$MH+0x0000027501080400'
Event: 15927.381 Thread 0x000002756ccab660 Unloading class 0x0000027501080000 'java/lang/invoke/LambdaForm$MH+0x0000027501080000'
Event: 15927.382 Thread 0x000002756ccab660 Unloading class 0x000002750101bc00 'java/lang/invoke/LambdaForm$MH+0x000002750101bc00'
Event: 15927.382 Thread 0x000002756ccab660 Unloading class 0x000002750101b800 'java/lang/invoke/LambdaForm$MH+0x000002750101b800'
Event: 15927.382 Thread 0x000002756ccab660 Unloading class 0x0000027501012c00 'java/lang/invoke/LambdaForm$MH+0x0000027501012c00'
Event: 15927.382 Thread 0x000002756ccab660 Unloading class 0x0000027501012400 'java/lang/invoke/LambdaForm$MH+0x0000027501012400'
Event: 15927.382 Thread 0x000002756ccab660 Unloading class 0x0000027501012000 'java/lang/invoke/LambdaForm$MH+0x0000027501012000'
Event: 15927.392 Thread 0x000002756ccab660 Unloading class 0x0000027501011c00 'java/lang/invoke/LambdaForm$MH+0x0000027501011c00'
Event: 15927.392 Thread 0x000002756ccab660 Unloading class 0x0000027501011800 'java/lang/invoke/LambdaForm$MH+0x0000027501011800'
Event: 15927.392 Thread 0x000002756ccab660 Unloading class 0x0000027501011400 'java/lang/invoke/LambdaForm$MH+0x0000027501011400'
Event: 15927.392 Thread 0x000002756ccab660 Unloading class 0x0000027501010c00 'java/lang/invoke/LambdaForm$MH+0x0000027501010c00'
Event: 15927.392 Thread 0x000002756ccab660 Unloading class 0x0000027501010400 'java/lang/invoke/LambdaForm$MH+0x0000027501010400'

Classes redefined (1 events):
Event: 0.336 Thread 0x000002756ccab660 redefined class name=java.lang.Throwable, count=1

Internal exceptions (20 events):
Event: 15998.866 Thread 0x00000275468c2a40 Exception <a 'java/io/FileNotFoundException'{0x000000070ec8a138}> (0x000000070ec8a138) 
thrown [s\open\src\hotspot\share\prims\jni.cpp, line 516]
Event: 15999.013 Thread 0x00000275468c2a40 Exception <a 'java/io/FileNotFoundException'{0x000000070ea7dff0}> (0x000000070ea7dff0) 
thrown [s\open\src\hotspot\share\prims\jni.cpp, line 516]
Event: 15999.068 Thread 0x00000275468c2a40 Implicit null exception at 0x0000027559a69ea0 to 0x0000027559a6a3c8
Event: 15999.082 Thread 0x00000275468c2a40 Exception <a 'java/lang/reflect/InvocationTargetException'{0x000000070eb9d158}> (0x000000070eb9d158) 
thrown [s\open\src\hotspot\share\runtime\reflection.cpp, line 1121]
Event: 15999.229 Thread 0x00000275468c3970 Exception <a 'java/lang/InterruptedException'{0x000000070ebfd7e0}: sleep interrupted> (0x000000070ebfd7e0) 
thrown [s\open\src\hotspot\share\prims\jvm.cpp, line 3064]
Event: 15999.239 Thread 0x00000275468c2a40 Exception <a 'java/lang/NoClassDefFoundError'{0x000000070ebe2600}: liquibase/exception/ChangeLogParseException> (0x000000070ebe2600) 
thrown [s\open\src\hotspot\share\classfile\systemDictionary.cpp, line 245]
Event: 15999.244 Thread 0x00000275468c2a40 Exception <a 'java/lang/reflect/InvocationTargetException'{0x000000070e804d08}> (0x000000070e804d08) 
thrown [s\open\src\hotspot\share\runtime\reflection.cpp, line 1121]
Event: 16009.096 Thread 0x00000275468c48a0 Implicit null exception at 0x0000027559c8086b to 0x0000027559c83fc0
Event: 16010.530 Thread 0x00000275468c57d0 Exception <a 'sun/nio/fs/WindowsException'{0x000000070e784378}> (0x000000070e784378) 
thrown [s\open\src\hotspot\share\prims\jni.cpp, line 516]
Event: 16012.016 Thread 0x00000275468c57d0 Exception <a 'java/lang/NoClassDefFoundError'{0x000000070cb2df20}: org/flywaydb/core/Flyway> (0x000000070cb2df20) 
thrown [s\open\src\hotspot\share\oops\constantPool.cpp, line 837]
Event: 16012.016 Thread 0x00000275468c57d0 Exception <a 'java/lang/NoClassDefFoundError'{0x000000070cb2e5b0}: liquibase/integration/spring/SpringLiquibase> (0x000000070cb2e5b0) 
thrown [s\open\src\hotspot\share\oops\constantPool.cpp, line 837]
Event: 16012.034 Thread 0x00000275468c57d0 Exception <a 'java/lang/NoClassDefFoundError'{0x000000070cb8e7e0}: org/jooq/DSLContext> (0x000000070cb8e7e0) 
thrown [s\open\src\hotspot\share\oops\constantPool.cpp, line 837]
Event: 16012.036 Thread 0x00000275468c57d0 Exception <a 'java/lang/NoClassDefFoundError'{0x000000070cb95960}: org/springframework/batch/core/repository/JobRepository> (0x000000070cb95960) 
thrown [s\open\src\hotspot\share\oops\constantPool.cpp, line 837]
Event: 16012.036 Thread 0x00000275468c57d0 Exception <a 'java/lang/NoClassDefFoundError'{0x000000070cb95fe8}: org/quartz/Scheduler> (0x000000070cb95fe8) 
thrown [s\open\src\hotspot\share\oops\constantPool.cpp, line 837]
Event: 16012.036 Thread 0x00000275468c57d0 Exception <a 'java/lang/NoClassDefFoundError'{0x000000070cb96698}: org/springframework/session/jdbc/JdbcIndexedSessionRepository> (0x000000070cb96698) 
thrown [s\open\src\hotspot\share\oops\constantPool.cpp, line 837]
Event: 16012.258 Thread 0x00000275468c57d0 Exception <a 'sun/nio/fs/WindowsException'{0x000000070c2fea50}> (0x000000070c2fea50) 
thrown [s\open\src\hotspot\share\prims\jni.cpp, line 516]
Event: 16012.259 Thread 0x00000275468c57d0 Exception <a 'sun/nio/fs/WindowsException'{0x000000070c2ff1f0}> (0x000000070c2ff1f0) 
thrown [s\open\src\hotspot\share\prims\jni.cpp, line 516]
Event: 16012.260 Thread 0x00000275468c57d0 Exception <a 'sun/nio/fs/WindowsException'{0x000000070c2ff908}> (0x000000070c2ff908) 
thrown [s\open\src\hotspot\share\prims\jni.cpp, line 516]
Event: 16012.362 Thread 0x00000275468c57d0 Exception <a 'java/io/FileNotFoundException'{0x000000070c367fd0}> (0x000000070c367fd0) 
thrown [s\open\src\hotspot\share\prims\jni.cpp, line 516]
Event: 16012.504 Thread 0x00000275468c57d0 Exception <a 'java/io/FileNotFoundException'{0x000000070c199b18}> (0x000000070c199b18) 
thrown [s\open\src\hotspot\share\prims\jni.cpp, line 516]

VM Operations (20 events):
Event: 15998.043 Executing VM operation: Cleanup
Event: 15998.043 Executing VM operation: Cleanup done
Event: 15999.052 Executing VM operation: Cleanup
Event: 15999.067 Executing VM operation: Cleanup done
Event: 16000.081 Executing VM operation: Cleanup
Event: 16000.081 Executing VM operation: Cleanup done
Event: 16011.142 Executing VM operation: Cleanup
Event: 16011.142 Executing VM operation: Cleanup done
Event: 16012.143 Executing VM operation: Cleanup
Event: 16012.143 Executing VM operation: Cleanup done
Event: 16013.151 Executing VM operation: Cleanup
Event: 16013.395 Executing VM operation: Cleanup done
Event: 16014.401 Executing VM operation: Cleanup
Event: 16014.446 Executing VM operation: Cleanup done
Event: 16015.452 Executing VM operation: Cleanup
Event: 16015.475 Executing VM operation: Cleanup done
Event: 16016.487 Executing VM operation: Cleanup
Event: 16016.520 Executing VM operation: Cleanup done
Event: 16017.530 Executing VM operation: Cleanup
Event: 16017.545 Executing VM operation: Cleanup done

Events (20 events):
Event: 16013.129 loading class org/hibernate/internal/CoreMessageLogger_$logger_en
Event: 16013.129 loading class org/hibernate/internal/CoreMessageLogger_$logger_en done
Event: 16013.260 Thread 0x000002757563e070 Thread exited: 0x000002757563e070
Event: 16014.172 Thread 0x000002757563cb30 Thread exited: 0x000002757563cb30
Event: 16014.354 Thread 0x000002757b49bab0 Thread added: 0x000002757b49bab0
Event: 16014.577 Thread 0x000002757b49b090 Thread added: 0x000002757b49b090
Event: 16014.588 loading class org/hibernate/dialect/MySQLDialect
Event: 16014.588 loading class org/hibernate/dialect/MySQLDialect done
Event: 16015.061 loading class org/hibernate/internal/CoreMessageLogger_$logger_en_US
Event: 16015.061 loading class org/hibernate/internal/CoreMessageLogger_$logger_en_US done
Event: 16015.061 loading class org/hibernate/internal/CoreMessageLogger_$logger_en
Event: 16015.061 loading class org/hibernate/internal/CoreMessageLogger_$logger_en done
Event: 16015.324 loading class jakarta/validation/ConstraintViolation
Event: 16015.324 loading class jakarta/validation/ConstraintViolation done
Event: 16015.325 loading class org/hibernate/boot/beanvalidation/TypeSafeActivator
Event: 16015.325 loading class org/hibernate/boot/beanvalidation/TypeSafeActivator done
Event: 16015.429 loading class javax/money/MonetaryAmount
Event: 16015.429 loading class javax/money/MonetaryAmount done
Event: 16015.468 loading class org/joda/time/ReadableInstant
Event: 16015.475 loading class org/joda/time/ReadableInstant done


Dynamic libraries:
0x00007ff6a8880000 - 0x00007ff6a8890000 	C:\Program Files\Java\jdk-17\bin\java.exe
0x00007fffad0e0000 - 0x00007fffad348000 	C:\WINDOWS\SYSTEM32\ntdll.dll
0x00007fffabd50000 - 0x00007fffabe19000 	C:\WINDOWS\System32\KERNEL32.DLL
0x00007fffa9f50000 - 0x00007fffaa341000 	C:\WINDOWS\System32\KERNELBASE.dll
0x00007fffaa4c0000 - 0x00007fffaa60b000 	C:\WINDOWS\System32\ucrtbase.dll
0x00007fff887c0000 - 0x00007fff887db000 	C:\Program Files\Java\jdk-17\bin\VCRUNTIME140.dll
0x00007fff8bf60000 - 0x00007fff8bf79000 	C:\Program Files\Java\jdk-17\bin\jli.dll
0x00007fffabe60000 - 0x00007fffabf14000 	C:\WINDOWS\System32\ADVAPI32.dll
0x00007fffab7b0000 - 0x00007fffab859000 	C:\WINDOWS\System32\msvcrt.dll
0x00007fffac890000 - 0x00007fffac936000 	C:\WINDOWS\System32\sechost.dll
0x00007fffac6f0000 - 0x00007fffac808000 	C:\WINDOWS\System32\RPCRT4.dll
0x00007fffaae80000 - 0x00007fffab046000 	C:\WINDOWS\System32\USER32.dll
0x00007fffa9c60000 - 0x00007fffa9c87000 	C:\WINDOWS\System32\win32u.dll
0x00007fffa8ac0000 - 0x00007fffa8d53000 	C:\WINDOWS\WinSxS\amd64_microsoft.windows.common-controls_6595b64144ccf1df_6.0.26100.7824_none_3e0870b2e3345462\COMCTL32.dll
0x00007fffab870000 - 0x00007fffab89b000 	C:\WINDOWS\System32\GDI32.dll
0x00007fffa99c0000 - 0x00007fffa9aeb000 	C:\WINDOWS\System32\gdi32full.dll
0x00007fffa9bb0000 - 0x00007fffa9c53000 	C:\WINDOWS\System32\msvcp_win.dll
0x00007fff9d5b0000 - 0x00007fff9d5bb000 	C:\WINDOWS\SYSTEM32\VERSION.dll
0x00007fffabe20000 - 0x00007fffabe51000 	C:\WINDOWS\System32\IMM32.DLL
0x00007fff97480000 - 0x00007fff9748c000 	C:\Program Files\Java\jdk-17\bin\vcruntime140_1.dll
0x00007fff7ebc0000 - 0x00007fff7ec4e000 	C:\Program Files\Java\jdk-17\bin\msvcp140.dll
0x00007fff2d220000 - 0x00007fff2de00000 	C:\Program Files\Java\jdk-17\bin\server\jvm.dll
0x00007fffabd30000 - 0x00007fffabd38000 	C:\WINDOWS\System32\PSAPI.DLL
0x00007fff99350000 - 0x00007fff99385000 	C:\WINDOWS\SYSTEM32\WINMM.dll
0x00007fff8f540000 - 0x00007fff8f54a000 	C:\WINDOWS\SYSTEM32\WSOCK32.dll
0x00007fffab5d0000 - 0x00007fffab644000 	C:\WINDOWS\System32\WS2_32.dll
0x00007fffa8040000 - 0x00007fffa805b000 	C:\WINDOWS\SYSTEM32\kernel.appcore.dll
0x00007fff97380000 - 0x00007fff9738a000 	C:\Program Files\Java\jdk-17\bin\jimage.dll
0x00007fffa9190000 - 0x00007fffa93d2000 	C:\WINDOWS\SYSTEM32\DBGHELP.DLL
0x00007fffab050000 - 0x00007fffab3d6000 	C:\WINDOWS\System32\combase.dll
0x00007fffabf20000 - 0x00007fffabff7000 	C:\WINDOWS\System32\OLEAUT32.dll
0x00007fffa9060000 - 0x00007fffa909b000 	C:\WINDOWS\SYSTEM32\dbgcore.DLL
0x00007fffa9ea0000 - 0x00007fffa9f45000 	C:\WINDOWS\System32\bcryptPrimitives.dll
0x00007fff80bf0000 - 0x00007fff80c2b000 	C:\Program Files\Java\jdk-17\bin\jdwp.dll
0x00007fff97310000 - 0x00007fff9731e000 	C:\Program Files\Java\jdk-17\bin\instrument.dll
0x00007fff88790000 - 0x00007fff887b5000 	C:\Program Files\Java\jdk-17\bin\java.dll
0x00007fff803f0000 - 0x00007fff80408000 	C:\Program Files\Java\jdk-17\bin\zip.dll
0x00007fff7db70000 - 0x00007fff7dc47000 	C:\Program Files\Java\jdk-17\bin\jsvml.dll
0x00007fffac940000 - 0x00007fffad092000 	C:\WINDOWS\System32\SHELL32.dll
0x00007fffaa350000 - 0x00007fffaa4ba000 	C:\WINDOWS\System32\wintypes.dll
0x00007fffaa610000 - 0x00007fffaae73000 	C:\WINDOWS\System32\windows.storage.dll
0x00007fffab440000 - 0x00007fffab536000 	C:\WINDOWS\System32\SHCORE.dll
0x00007fffab650000 - 0x00007fffab6b7000 	C:\WINDOWS\System32\shlwapi.dll
0x00007fffa98e0000 - 0x00007fffa9909000 	C:\WINDOWS\SYSTEM32\profapi.dll
0x00007fff8dba0000 - 0x00007fff8dbac000 	C:\Program Files\Java\jdk-17\bin\dt_socket.dll
0x00007fffa7a60000 - 0x00007fffa7a94000 	C:\WINDOWS\SYSTEM32\IPHLPAPI.DLL
0x00007fffa8570000 - 0x00007fffa85db000 	C:\WINDOWS\system32\mswsock.dll
0x00007fff87420000 - 0x00007fff87439000 	C:\Program Files\Java\jdk-17\bin\net.dll
0x00007fff9d940000 - 0x00007fff9da67000 	C:\WINDOWS\SYSTEM32\WINHTTP.dll
0x00007fff815c0000 - 0x00007fff815d6000 	C:\Program Files\Java\jdk-17\bin\nio.dll
0x00007fff8b840000 - 0x00007fff8b84a000 	C:\Program Files\Java\jdk-17\bin\management.dll
0x00007fff88780000 - 0x00007fff8878b000 	C:\Program Files\Java\jdk-17\bin\management_ext.dll
0x00007fff8cd40000 - 0x00007fff8cd4e000 	C:\Program Files\Java\jdk-17\bin\sunmscapi.dll
0x00007fffa9d20000 - 0x00007fffa9e97000 	C:\WINDOWS\System32\CRYPT32.dll
0x00007fffa8a80000 - 0x00007fffa8ab0000 	C:\WINDOWS\SYSTEM32\ncrypt.dll
0x00007fffa8a30000 - 0x00007fffa8a6f000 	C:\WINDOWS\SYSTEM32\NTASN1.dll
0x00007fffa94e0000 - 0x00007fffa94fb000 	C:\WINDOWS\SYSTEM32\CRYPTSP.dll
0x00007fffa7fa0000 - 0x00007fffa7fd9000 	C:\WINDOWS\system32\rsaenh.dll
0x00007fffa8620000 - 0x00007fffa864b000 	C:\WINDOWS\SYSTEM32\USERENV.dll
0x00007fffa98b0000 - 0x00007fffa98da000 	C:\WINDOWS\SYSTEM32\bcrypt.dll
0x00007fffa8970000 - 0x00007fffa897c000 	C:\WINDOWS\SYSTEM32\CRYPTBASE.dll
0x00007fffac080000 - 0x00007fffac08a000 	C:\WINDOWS\System32\NSI.dll
0x00007fff9d8a0000 - 0x00007fff9d8be000 	C:\WINDOWS\SYSTEM32\dhcpcsvc6.DLL
0x00007fff9d670000 - 0x00007fff9d693000 	C:\WINDOWS\SYSTEM32\dhcpcsvc.DLL
0x00007fffa7aa0000 - 0x00007fffa7bcc000 	C:\WINDOWS\SYSTEM32\DNSAPI.dll
0x00007fff88740000 - 0x00007fff88750000 	C:\Program Files\Java\jdk-17\bin\verify.dll
0x00007fff97710000 - 0x00007fff9771b000 	C:\Windows\System32\rasadhlp.dll
0x00007fff9cee0000 - 0x00007fff9cf66000 	C:\WINDOWS\System32\fwpuclnt.dll
0x00007fff80b90000 - 0x00007fff80b98000 	C:\WINDOWS\system32\wshunix.dll

dbghelp: loaded successfully - version: 4.0.5 - missing functions: none
symbol engine: initialized successfully - sym options: 0x614 - pdb path: .;C:\Program Files\Java\jdk-17\bin;C:\WINDOWS\SYSTEM32;C:\WINDOWS\WinSxS\amd64_microsoft.windows.common-controls_6595b64144ccf1df_6.0.26100.7824_none_3e0870b2e3345462;C:\Program Files\Java\jdk-17\bin\server

VM Arguments:
jvm_args: -agentlib:jdwp=transport=dt_socket,address=127.0.0.1:13658,suspend=y,server=n -javaagent:C:\Users\Expertflow\AppData\Local\JetBrains\IdeaIC2025.2\captureAgent\debugger-agent.jar=file:///C:/Users/EXPERT~1/AppData/Local/Temp/capture6351173391424489015.props -Dkotlinx.coroutines.debug.enable.creation.stack.trace=false -Ddebugger.agent.enable.coroutines=true -Dkotlinx.coroutines.debug.enable.flows.stack.trace=true -Dkotlinx.coroutines.debug.enable.mutable.state.flows.stack.trace=true -Dfile.encoding=UTF-8 
java_command: com.smartsolutions.eschool.ESchoolApplication
java_class_path (initial): D:\SMS\sms\target\classes;C:\Users\Expertflow\.m2\repository\org\hibernate\orm\hibernate-core\6.4.1.Final\hibernate-core-6.4.1.Final.jar;C:\Users\Expertflow\.m2\repository\jakarta\persistence\jakarta.persistence-api\3.1.0\jakarta.persistence-api-3.1.0.jar;C:\Users\Expertflow\.m2\repository\jakarta\transaction\jakarta.transaction-api\2.0.1\jakarta.transaction-api-2.0.1.jar;C:\Users\Expertflow\.m2\repository\org\jboss\logging\jboss-logging\3.5.3.Final\jboss-logging-3.5.3.Final.jar;C:\Users\Expertflow\.m2\repository\org\hibernate\common\hibernate-commons-annotations\6.0.6.Final\hibernate-commons-annotations-6.0.6.Final.jar;C:\Users\Expertflow\.m2\repository\io\smallrye\jandex\3.1.2\jandex-3.1.2.jar;C:\Users\Expertflow\.m2\repository\com\fasterxml\classmate\1.6.0\classmate-1.6.0.jar;C:\Users\Expertflow\.m2\repository\net\bytebuddy\byte-buddy\1.14.13\byte-buddy-1.14.13.jar;C:\Users\Expertflow\.m2\repository\jakarta\xml\bind\jakarta.xml.bind-api\4.0.2\jakarta.xml.bind-api-4.0.2.jar;C:\Users\Expertflow\.m2\repository\jakarta\activation\jakarta.activation-api\2.1.3\jakarta.activation-api-2.1.3.jar;C:\Users\Expertflow\.m2\repository\org\glassfish\jaxb\jaxb-runtime\4.0.5\jaxb-runtime-4.0.5.jar;C:\Users\Expertflow\.m2\repository\org\glassfish\jaxb\jaxb-core\4.0.5\jaxb-core-4.0.5.jar;C:\Users\Expertflow\.m2\repository\org\eclipse\angus\angus-activation\2.0.2\angus-activation-2.0.2.jar;C:\Users\Expertflow\.m2\repository\org\glassfish\jaxb\txw2\4.0.5\txw2-4.0.5.jar;C:\Users\Expertflow\.m2\repository\com\sun\istack\istack-commons-runtime\4.1.2\istack-commons-runtime-4.1.2.jar;C:\Users\Expertflow\.m2\repository\jakarta\inject\jakarta.inject-api\2.0.1\jakarta.inject-api-2.0.1.jar;C:\Users\Expertflow\.m2\repository\org\antlr\antlr4-runtime\4.13.0\antlr4-runtime-4.13.0.jar;C:\Users\Expertflow\.m2\repository\org\springframework\boot\spring-boot-starter-data-jpa\3.2.5\spring-boot-starter-data-jpa-3.2.5.jar;C:\Users\Expertflow\.m2\repository\org\springframewo
Launcher Type: SUN_STANDARD

[Global flags]
     intx CICompilerCount                          = 4                                         {product} {ergonomic}
     uint ConcGCThreads                            = 2                                         {product} {ergonomic}
     uint G1ConcRefinementThreads                  = 8                                         {product} {ergonomic}
   size_t G1HeapRegionSize                         = 2097152                                   {product} {ergonomic}
    uintx GCDrainStackTargetSize                   = 64                                        {product} {ergonomic}
   size_t InitialHeapSize                          = 268435456                                 {product} {ergonomic}
   size_t MarkStackSize                            = 4194304                                   {product} {ergonomic}
   size_t MaxHeapSize                              = 4263510016                                {product} {ergonomic}
   size_t MaxNewSize                               = 2556428288                                {product} {ergonomic}
   size_t MinHeapDeltaBytes                        = 2097152                                   {product} {ergonomic}
   size_t MinHeapSize                              = 8388608                                   {product} {ergonomic}
    uintx NonNMethodCodeHeapSize                   = 5839372                                {pd product} {ergonomic}
    uintx NonProfiledCodeHeapSize                  = 122909434                              {pd product} {ergonomic}
    uintx ProfiledCodeHeapSize                     = 122909434                              {pd product} {ergonomic}
    uintx ReservedCodeCacheSize                    = 251658240                              {pd product} {ergonomic}
     bool SegmentedCodeCache                       = true                                      {product} {ergonomic}
   size_t SoftMaxHeapSize                          = 4263510016                             {manageable} {ergonomic}
     bool UseCompressedClassPointers               = true                           {product lp64_product} {ergonomic}
     bool UseCompressedOops                        = true                           {product lp64_product} {ergonomic}
     bool UseG1GC                                  = true                                      {product} {ergonomic}
     bool UseLargePagesIndividualAllocation        = false                                  {pd product} {ergonomic}

Logging:
Log output configuration:
 #0: stdout all=warning uptime,level,tags
 #1: stderr all=off uptime,level,tags

Environment Variables:
PATH=C:\Program Files\Common Files\Oracle\Java\javapath;C:\WINDOWS\system32;C:\WINDOWS;C:\WINDOWS\System32\Wbem;C:\WINDOWS\System32\WindowsPowerShell\v1.0\;C:\WINDOWS\System32\OpenSSH\;C:\Program Files\Java\jdk-17\bin;C:\Users\Expertflow\.dnx\bin;C:\Program Files\Microsoft DNX\Dnvm\;C:\Program Files\Microsoft SQL Server\120\Tools\Binn\;C:\Program Files\Microsoft SQL Server\130\Tools\Binn\;C:\Program Files\Git\cmd;C:\Program Files\nodejs\;C:\Program Files\Docker\Docker\resources\bin;C:\Program Files\apache-maven-3.9.11-bin\apache-maven-3.9.11\bin;C:\Users\Expertflow\AppData\Local\Microsoft\WindowsApps;C:\Users\Expertflow\AppData\Local\Programs\Microsoft VS Code\bin;C:\Users\Expertflow\AppData\Roaming\npm;C:\Users\Expertflow\AppData\Local\Programs\Antigravity\bin
USERNAME=Expertflow
OS=Windows_NT
PROCESSOR_IDENTIFIER=Intel64 Family 6 Model 158 Stepping 9, GenuineIntel



---------------  S Y S T E M  ---------------

OS:
 Windows 11 , 64 bit Build 26100 (10.0.26100.7705)
OS uptime: 2 days 0:46 hours
Hyper-V role detected

CPU: total 8 (initial active 8) (4 cores per cpu, 2 threads per core) family 6 model 158 stepping 9 microcode 0xf8, cx8, cmov, fxsr, ht, mmx, 3dnowpref, sse, sse2, sse3, ssse3, sse4.1, sse4.2, popcnt, lzcnt, tsc, tscinvbit, avx, avx2, aes, erms, clmul, bmi1, bmi2, rtm, adx, fma, vzeroupper, clflush, clflushopt, hv

Memory: 4k page, system-wide physical 16259M (893M free)
TotalPageFile size 33667M (AvailPageFile size 6890M)
current process WorkingSet (physical memory assigned to process): 580M, peak: 711M
current process commit charge ("private bytes"): 747M, peak: 762M

vm_info: Java HotSpot(TM) 64-Bit Server VM (17.0.12+8-LTS-286) for windows-amd64 JRE (17.0.12+8-LTS-286), built on Jun  5 2024 06:46:59 by "mach5one" with MS VC++ 17.6 (VS2022)

END.
