#
# A fatal error has been detected by the Java Runtime Environment:
#
#  EXCEPTION_ACCESS_VIOLATION (0xc0000005) at pc=0x00007ffe9607ca30, pid=16124, tid=11356
#
# JRE version: OpenJDK Runtime Environment Temurin-21.0.9+10 (21.0.9+10) (build 21.0.9+10-LTS)
# Java VM: OpenJDK 64-Bit Server VM Temurin-21.0.9+10 (21.0.9+10-LTS, mixed mode, sharing, tiered, compressed oops, compressed class ptrs, parallel gc, windows-amd64)
# Problematic frame:
# V  [jvm.dll+0xca30]
#
# No core dump will be written. Minidumps are not enabled by default on client versions of Windows
#
# If you would like to submit a bug report, please visit:
#   https://github.com/adoptium/adoptium-support/issues
#

---------------  S U M M A R Y ------------

Command Line: --add-modules=ALL-SYSTEM --add-opens=java.base/java.util=ALL-UNNAMED --add-opens=java.base/java.lang=ALL-UNNAMED --add-opens=java.base/sun.nio.fs=ALL-UNNAMED -Declipse.application=org.eclipse.jdt.ls.core.id1 -Dosgi.bundles.defaultStartLevel=4 -Declipse.product=org.eclipse.jdt.ls.core.product -Djava.import.generatesMetadataFilesAtProjectRoot=false -DDetectVMInstallationsJob.disabled=true -Dfile.encoding=utf8 -XX:+UseParallelGC -XX:GCTimeRatio=4 -XX:AdaptiveSizePolicyWeight=90 -Dsun.zip.disableMemoryMapping=true -Xmx2G -Xms100m -Xlog:disable -javaagent:c:\Users\Expertflow\.vscode\extensions\redhat.java-1.52.0-win32-x64\lombok\lombok-1.18.39-4050.jar -XX:+HeapDumpOnOutOfMemoryError -XX:HeapDumpPath=c:\Users\Expertflow\AppData\Roaming\Code\User\workspaceStorage\782133077b2946f882cd12a4b71ceda4\redhat.java -Daether.dependencyCollector.impl=bf c:\Users\Expertflow\.vscode\extensions\redhat.java-1.52.0-win32-x64\server\plugins\org.eclipse.equinox.launcher_1.7.100.v20251111-0406.jar -configuration c:\Users\Expertflow\AppData\Roaming\Code\User\globalStorage\redhat.java\1.52.0\config_win -data c:\Users\Expertflow\AppData\Roaming\Code\User\workspaceStorage\782133077b2946f882cd12a4b71ceda4\redhat.java\jdt_ws --pipe=\\.\pipe\lsp-2700f743dfdbef001e5af13f14b57571-sock

Host: Intel(R) Core(TM) i7-7820HQ CPU @ 2.90GHz, 8 cores, 15G,  Windows 11 , 64 bit Build 26100 (10.0.26100.7623)
Time: Mon Feb  9 23:20:20 2026 Pakistan Standard Time elapsed time: 125127.714372 seconds (1d 10h 45m 27s)

---------------  T H R E A D  ---------------

Current thread (0x000001484ba61330):  WorkerThread "GC Thread#7"    [id=11356, stack(0x0000001b43a00000,0x0000001b43b00000) (1024K)]

Stack: [0x0000001b43a00000,0x0000001b43b00000],  sp=0x0000001b43affb28,  free space=1022k
Native frames: (J=compiled Java code, j=interpreted, Vv=VM code, C=native code)
V  [jvm.dll+0xca30]


siginfo: EXCEPTION_ACCESS_VIOLATION (0xc0000005), reading address 0x0000000000000100


Registers:
RAX=0x0000000000000000, RBX=0x00000000c6ac9c0c, RCX=0x0000014805000000, RDX=0x00000000d57b91f8
RSP=0x0000001b43affb28, RBP=0x0000001b43affb80, RSI=0x00000000d57b91f8, RDI=0x00000148045bfd00
R8 =0x0000014805000000, R9 =0x0000000000000000, R10=0x0000014805000000, R11=0x00000148045bfd00
R12=0x0000000000000010, R13=0x000000000000000c, R14=0x00000148045bfd00, R15=0x0000000000000000
RIP=0x00007ffe9607ca30, EFLAGS=0x0000000000010246

XMM[0]=0x0000000000000400 0x00000000c6c6f920
XMM[1]=0x000000600000005f 0x0000005e0000005c
XMM[2]=0x000000300000002f 0x0000002e0000002d
XMM[3]=0x0000003a00000039 0x0000003800000036
XMM[4]=0x0000004400000043 0x0000004200000041
XMM[5]=0x0000006400000063 0x0000006200000061
XMM[6]=0x0000000000000000 0x0000000000000000
XMM[7]=0x0000000000000000 0x0000000000000000
XMM[8]=0x0000000000000000 0x0000000000000000
XMM[9]=0x0000000000000000 0x0000000000000000
XMM[10]=0x0000000000000000 0x0000000000000000
XMM[11]=0x0000000000000000 0x0000000000000000
XMM[12]=0x0000000000000000 0x0000000000000000
XMM[13]=0x0000000000000000 0x0000000000000000
XMM[14]=0x0000000000000000 0x0000000000000000
XMM[15]=0x0000000000000000 0x0000000000000000
  MXCSR=0x00001fa0


Register to memory mapping:

RAX=0x0 is null
RBX=0x00000000c6ac9c0c is pointing into object: [Ljava.lang.Object; 
{0x00000000c6aaec20} - klass: 'java/lang/Object'[]
 - length: 181660
RCX=0x0000014805000000 is pointing into metadata
RDX=0x00000000d57b91f8 points into unknown readable memory: 0x000000000000e878 | 78 e8 00 00 00 00 00 00
RSP=0x0000001b43affb28 points into unknown readable memory: 0x00007ffe96783d25 | 25 3d 78 96 fe 7f 00 00
RBP=0x0000001b43affb80 points into unknown readable memory: 0x0000000000000000 | 00 00 00 00 00 00 00 00
RSI=0x00000000d57b91f8 points into unknown readable memory: 0x000000000000e878 | 78 e8 00 00 00 00 00 00
RDI=0x00000148045bfd00 points into unknown readable memory: 0x00007ffe96b09b38 | 38 9b b0 96 fe 7f 00 00
R8 =0x0000014805000000 is pointing into metadata
R9 =0x0 is null
R10=0x0000014805000000 is pointing into metadata
R11=0x00000148045bfd00 points into unknown readable memory: 0x00007ffe96b09b38 | 38 9b b0 96 fe 7f 00 00
R12=0x0000000000000010 is an unknown value
R13=0x000000000000000c is an unknown value
R14=0x00000148045bfd00 points into unknown readable memory: 0x00007ffe96b09b38 | 38 9b b0 96 fe 7f 00 00
R15=0x0 is null

Top of Stack: (sp=0x0000001b43affb28)
0x0000001b43affb28:   00007ffe96783d25 00000000c6c1b908
0x0000001b43affb38:   0000001b43affbb0 00000000d6076dd0
0x0000001b43affb48:   00007ffe9646694e 0000000000000001
0x0000001b43affb58:   00007ffe9678423e 00000000c6c1b908
0x0000001b43affb68:   00000000d6076dd0 000000000000000c
0x0000001b43affb78:   0000000000000010 0000000000000000
0x0000001b43affb88:   0000000000000000 00000148045bfd00
0x0000001b43affb98:   0000000000003338 0000001b42ffeef0
0x0000001b43affba8:   00007ffe96784b29 00000000c6ac9c10
0x0000001b43affbb8:   00007ffe963afa30 000000000000e878
0x0000001b43affbc8:   0000000000000000 0000001b42ffee98
0x0000001b43affbd8:   0000000000000000 000001484bd9ef00
0x0000001b43affbe8:   0000000000000005 00000148045bfd00
0x0000001b43affbf8:   0000000000000005 0000001b42ffeef0
0x0000001b43affc08:   00007ffe96787264 00000000d5eb9682
0x0000001b43affc18:   0000001b00000000 0000000000000005
0x0000001b43affc28:   00000000d5eb9682 0000000000000005
0x0000001b43affc38:   0000001b42ffed90 0000001b42ffeed0
0x0000001b43affc48:   00007ffe9678770f 0000000000000000
0x0000001b43affc58:   0000001b43affce9 00000000d5eb9682
0x0000001b43affc68:   0000000000000000 00000148045bfd00
0x0000001b43affc78:   0000000000000005 0000000000000008
0x0000001b43affc88:   00000000d1e2e410 00000148045bfd00
0x0000001b43affc98:   00007ffe00000005 00007ffe96b09e18
0x0000001b43affca8:   00000148045bfd00 0000001b42ffed90
0x0000001b43affcb8:   000001484bdc27d0 00000000000003d8
0x0000001b43affcc8:   000001484bdc27e0 000001484bdc2bb8
0x0000001b43affcd8:   00007ffe96b09e08 0000000000000005
0x0000001b43affce8:   0000000000000000 0000000000000000
0x0000001b43affcf8:   0000000000000000 0000000000000000
0x0000001b43affd08:   0000eb56035c558c 000001484bc18170
0x0000001b43affd18:   0000000000000000 0000000000000000 

Instructions: (pc=0x00007ffe9607ca30)
0x00007ffe9607c930:   a9 00 f0 00 00 75 43 0f b6 c2 24 30 3c 30 74 3a
0x00007ffe9607c940:   48 c1 e9 0c 48 8d 05 e5 b5 94 00 83 e1 0f 8b 0c
0x00007ffe9607c950:   88 48 8b 05 20 e2 cd 00 48 d3 ea 48 c1 e8 15 48
0x00007ffe9607c960:   c1 ea 15 48 23 d0 48 8b 05 03 e5 cd 00 48 8b 48
0x00007ffe9607c970:   60 48 8b 04 d1 48 85 c0 75 08 48 8b 05 f7 e4 cd
0x00007ffe9607c980:   00 c3 48 8b 05 e7 e4 cd 00 c3 cc cc cc cc cc cc
0x00007ffe9607c990:   8b 05 a2 b6 c2 00 c3 cc cc cc cc cc cc cc cc cc
0x00007ffe9607c9a0:   0f b6 05 65 d1 c2 00 48 8b d1 84 c0 74 16 44 8b
0x00007ffe9607c9b0:   41 08 8b 0d 80 b6 c2 00 49 d3 e0 4c 03 05 6e b6
0x00007ffe9607c9c0:   c2 00 eb 04 4c 8b 41 08 45 8b 48 08 45 85 c9 7e
0x00007ffe9607c9d0:   0e 41 f6 c1 01 75 53 41 c1 f9 03 49 63 c1 c3 79
0x00007ffe9607c9e0:   49 84 c0 41 b8 0c 00 00 00 8b 05 b9 c7 c2 00 b9
0x00007ffe9607c9f0:   10 00 00 00 41 0f 45 c8 ff c8 4c 63 c0 41 8b c1
0x00007ffe9607ca00:   48 c1 f8 10 0f b6 c0 48 63 14 11 41 8b c9 83 e1
0x00007ffe9607ca10:   3f 48 d3 e2 49 8d 0c 10 49 f7 d0 48 03 c1 49 c1
0x00007ffe9607ca20:   e8 03 48 c1 e8 03 49 23 c0 c3 49 8b 00 49 8b c8
0x00007ffe9607ca30:   48 ff a0 00 01 00 00 cc cc cc cc cc cc cc cc cc
0x00007ffe9607ca40:   8b 44 24 30 45 03 c9 44 2b 4c 24 28 83 c0 0b 44
0x00007ffe9607ca50:   03 ca 45 03 c8 41 03 c1 c3 cc cc cc cc cc cc cc
0x00007ffe9607ca60:   4c 8b c2 48 8b d1 45 8b 48 08 45 85 c9 7e 0e 41
0x00007ffe9607ca70:   f6 c1 01 75 56 41 c1 f9 03 49 63 c1 c3 79 4c 80
0x00007ffe9607ca80:   3d 86 d0 c2 00 00 b8 0c 00 00 00 b9 10 00 00 00
0x00007ffe9607ca90:   0f 45 c8 8b 05 0f c7 c2 00 ff c8 4c 63 c0 41 8b
0x00007ffe9607caa0:   c1 48 c1 f8 10 48 63 14 11 41 8b c9 83 e1 3f 0f
0x00007ffe9607cab0:   b6 c0 48 d3 e2 49 8d 0c 10 49 f7 d0 48 03 c1 49
0x00007ffe9607cac0:   c1 e8 03 48 c1 e8 03 49 23 c0 c3 49 8b 00 49 8b
0x00007ffe9607cad0:   c8 48 ff a0 00 01 00 00 cc cc cc cc cc cc cc cc
0x00007ffe9607cae0:   48 8b 41 08 0f b7 48 2c 0f b7 40 2a 83 c0 48 03
0x00007ffe9607caf0:   c1 c3 cc cc cc cc cc cc cc cc cc cc cc cc cc cc
0x00007ffe9607cb00:   48 89 5c 24 08 57 48 83 ec 20 0f b6 05 af cc cd
0x00007ffe9607cb10:   00 48 8b fa 48 8b d9 84 c0 74 4f 48 85 15 56 c4
0x00007ffe9607cb20:   cd 00 74 38 48 8b ca e8 94 98 8d 00 48 8b d0 48 


Stack slot to memory mapping:

stack at sp + 0 slots: 0x00007ffe96783d25 jvm.dll
stack at sp + 1 slots: 0x00000000c6c1b908 is an oop: [Ljdk.internal.vm.FillerElement; 
{0x00000000c6c1b908} - klass: {type array int}
 - length: 2
stack at sp + 2 slots: 0x0000001b43affbb0 points into unknown readable memory: 0x00000000c6ac9c10 | 10 9c ac c6 00 00 00 00
stack at sp + 3 slots: 0x00000000d6076dd0 is an oop: [I 
{0x00000000d6076dd0} - klass: {type array int}
 - length: 1
stack at sp + 4 slots: 0x00007ffe9646694e jvm.dll
stack at sp + 5 slots: 0x0000000000000001 is an unknown value
stack at sp + 6 slots: 0x00007ffe9678423e jvm.dll
stack at sp + 7 slots: 0x00000000c6c1b908 is an oop: [Ljdk.internal.vm.FillerElement; 
{0x00000000c6c1b908} - klass: {type array int}
 - length: 2


---------------  P R O C E S S  ---------------

Threads class SMR info:
_java_thread_list=0x000001484fbe92a0, length=55, elements={
0x000001486d78bc00, 0x000001486d847b70, 0x000001486d848a80, 0x00000148045c3f60,
0x00000148045c4c30, 0x00000148045c7690, 0x00000148045c80e0, 0x00000148045caf20,
0x000001484b03e720, 0x000001484b1fe1f0, 0x000001484b245d20, 0x000001484ba6aed0,
0x000001484b4c66f0, 0x000001484bdeff20, 0x000001484bb78070, 0x000001484b8f48a0,
0x000001484d14a070, 0x000001484c45f740, 0x000001484be5e010, 0x000001484c864180,
0x000001484c865530, 0x000001484c862740, 0x000001484dbf8f50, 0x000001484dbf7510,
0x000001484dbf8230, 0x000001484dbf9c70, 0x000001484dbf88c0, 0x000001484dbf95e0,
0x000001484dbfa300, 0x000001484dbf6e80, 0x000001484dbfa990, 0x000001484dbfb020,
0x0000014850e2dd70, 0x0000014850e2f7b0, 0x0000014850e2c9c0, 0x0000014850e2a8f0,
0x0000014850e2a260, 0x0000014850e2af80, 0x0000014850e2b610, 0x0000014850e2fe40,
0x0000014850e304d0, 0x0000014850e2f120, 0x0000014850e30b60, 0x0000014850e2d6e0,
0x000001484c48fb10, 0x000001484c48c690, 0x000001484c48e760, 0x000001484c490830,
0x000001484c4901a0, 0x000001484c490ec0, 0x000001484c48da40, 0x000001484c491550,
0x000001484c493cb0, 0x000001484c492270, 0x000001484c492f90
}

Java Threads: ( => current thread )
  0x000001486d78bc00 JavaThread "main"                              [_thread_blocked, id=24440, stack(0x0000001b42c00000,0x0000001b42d00000) (1024K)]
  0x000001486d847b70 JavaThread "Reference Handler"          daemon [_thread_blocked, id=4700, stack(0x0000001b43000000,0x0000001b43100000) (1024K)]
  0x000001486d848a80 JavaThread "Finalizer"                  daemon [_thread_blocked, id=16288, stack(0x0000001b43100000,0x0000001b43200000) (1024K)]
  0x00000148045c3f60 JavaThread "Signal Dispatcher"          daemon [_thread_blocked, id=2548, stack(0x0000001b43200000,0x0000001b43300000) (1024K)]
  0x00000148045c4c30 JavaThread "Attach Listener"            daemon [_thread_blocked, id=7744, stack(0x0000001b43300000,0x0000001b43400000) (1024K)]
  0x00000148045c7690 JavaThread "Service Thread"             daemon [_thread_blocked, id=17792, stack(0x0000001b43400000,0x0000001b43500000) (1024K)]
  0x00000148045c80e0 JavaThread "Monitor Deflation Thread"   daemon [_thread_blocked, id=29604, stack(0x0000001b43500000,0x0000001b43600000) (1024K)]
  0x00000148045caf20 JavaThread "C2 CompilerThread0"         daemon [_thread_blocked, id=30656, stack(0x0000001b43600000,0x0000001b43700000) (1024K)]
  0x000001484b03e720 JavaThread "C1 CompilerThread0"         daemon [_thread_blocked, id=7580, stack(0x0000001b43700000,0x0000001b43800000) (1024K)]
  0x000001484b1fe1f0 JavaThread "Common-Cleaner"             daemon [_thread_blocked, id=22380, stack(0x0000001b43900000,0x0000001b43a00000) (1024K)]
  0x000001484b245d20 JavaThread "Notification Thread"        daemon [_thread_blocked, id=17468, stack(0x0000001b43800000,0x0000001b43900000) (1024K)]
  0x000001484ba6aed0 JavaThread "Active Thread: Equinox Container: aab23f22-48b5-4e65-8af7-631ed89ec362"        [_thread_blocked, id=26432, stack(0x0000001b44200000,0x0000001b44300000) (1024K)]
  0x000001484b4c66f0 JavaThread "Refresh Thread: Equinox Container: aab23f22-48b5-4e65-8af7-631ed89ec362" daemon [_thread_blocked, id=30552, stack(0x0000001b43b00000,0x0000001b43c00000) (1024K)]
  0x000001484bdeff20 JavaThread "Framework Event Dispatcher: Equinox Container: aab23f22-48b5-4e65-8af7-631ed89ec362" daemon [_thread_blocked, id=21528, stack(0x0000001b44300000,0x0000001b44400000) (1024K)]
  0x000001484bb78070 JavaThread "Start Level: Equinox Container: aab23f22-48b5-4e65-8af7-631ed89ec362" daemon [_thread_blocked, id=4320, stack(0x0000001b44400000,0x0000001b44500000) (1024K)]
  0x000001484b8f48a0 JavaThread "Bundle File Closer"         daemon [_thread_blocked, id=28112, stack(0x0000001b44600000,0x0000001b44700000) (1024K)]
  0x000001484d14a070 JavaThread "SCR Component Actor"        daemon [_thread_blocked, id=25752, stack(0x0000001b44500000,0x0000001b44600000) (1024K)]
  0x000001484c45f740 JavaThread "Worker-JM"                         [_thread_blocked, id=19040, stack(0x0000001b44900000,0x0000001b44a00000) (1024K)]
  0x000001484be5e010 JavaThread "JNA Cleaner"                daemon [_thread_blocked, id=21292, stack(0x0000001b44700000,0x0000001b44800000) (1024K)]
  0x000001484c864180 JavaThread "Java indexing"              daemon [_thread_blocked, id=27592, stack(0x0000001b44d00000,0x0000001b44e00000) (1024K)]
  0x000001484c865530 JavaThread "Thread-1"                   daemon [_thread_in_native, id=23436, stack(0x0000001b45300000,0x0000001b45400000) (1024K)]
  0x000001484c862740 JavaThread "Thread-2"                   daemon [_thread_in_native, id=30576, stack(0x0000001b45400000,0x0000001b45500000) (1024K)]
  0x000001484dbf8f50 JavaThread "Thread-3"                   daemon [_thread_in_native, id=17396, stack(0x0000001b45500000,0x0000001b45600000) (1024K)]
  0x000001484dbf7510 JavaThread "Thread-4"                   daemon [_thread_in_native, id=636, stack(0x0000001b45600000,0x0000001b45700000) (1024K)]
  0x000001484dbf8230 JavaThread "Thread-5"                   daemon [_thread_in_native, id=27984, stack(0x0000001b45700000,0x0000001b45800000) (1024K)]
  0x000001484dbf9c70 JavaThread "Thread-6"                   daemon [_thread_in_native, id=13120, stack(0x0000001b45800000,0x0000001b45900000) (1024K)]
  0x000001484dbf88c0 JavaThread "Thread-7"                   daemon [_thread_in_native, id=27228, stack(0x0000001b45900000,0x0000001b45a00000) (1024K)]
  0x000001484dbf95e0 JavaThread "Thread-8"                   daemon [_thread_in_native, id=25496, stack(0x0000001b45a00000,0x0000001b45b00000) (1024K)]
  0x000001484dbfa300 JavaThread "Thread-9"                   daemon [_thread_in_native, id=2124, stack(0x0000001b45b00000,0x0000001b45c00000) (1024K)]
  0x000001484dbf6e80 JavaThread "pool-2-thread-1"                   [_thread_blocked, id=4120, stack(0x0000001b45c00000,0x0000001b45d00000) (1024K)]
  0x000001484dbfa990 JavaThread "WorkspaceEventsHandler"            [_thread_blocked, id=22408, stack(0x0000001b45e00000,0x0000001b45f00000) (1024K)]
  0x000001484dbfb020 JavaThread "pool-1-thread-1"                   [_thread_blocked, id=26152, stack(0x0000001b45f00000,0x0000001b46000000) (1024K)]
  0x0000014850e2dd70 JavaThread "Cleaner-0"                  daemon [_thread_blocked, id=30676, stack(0x0000001b46800000,0x0000001b46900000) (1024K)]
  0x0000014850e2f7b0 JavaThread "Worker-41"                         [_thread_blocked, id=24160, stack(0x0000001b44800000,0x0000001b44900000) (1024K)]
  0x0000014850e2c9c0 JavaThread "Worker-44"                         [_thread_blocked, id=15224, stack(0x0000001b42a00000,0x0000001b42b00000) (1024K)]
  0x0000014850e2a8f0 JavaThread "Worker-45"                         [_thread_blocked, id=27780, stack(0x0000001b42b00000,0x0000001b42c00000) (1024K)]
  0x0000014850e2a260 JavaThread "Compiler Source File Reader" daemon [_thread_blocked, id=572, stack(0x0000001b44a00000,0x0000001b44b00000) (1024K)]
  0x0000014850e2af80 JavaThread "Compiler Source File Reader" daemon [_thread_blocked, id=15312, stack(0x0000001b44b00000,0x0000001b44c00000) (1024K)]
  0x0000014850e2b610 JavaThread "Compiler Source File Reader" daemon [_thread_blocked, id=5852, stack(0x0000001b44c00000,0x0000001b44d00000) (1024K)]
  0x0000014850e2fe40 JavaThread "Compiler Source File Reader" daemon [_thread_blocked, id=8328, stack(0x0000001b44e00000,0x0000001b44f00000) (1024K)]
  0x0000014850e304d0 JavaThread "Compiler Source File Reader" daemon [_thread_blocked, id=26972, stack(0x0000001b44f00000,0x0000001b45000000) (1024K)]
  0x0000014850e2f120 JavaThread "Compiler Processing Task"   daemon [_thread_blocked, id=18536, stack(0x0000001b45000000,0x0000001b45100000) (1024K)]
  0x0000014850e30b60 JavaThread "Compiler Source File Reader" daemon [_thread_blocked, id=19452, stack(0x0000001b45100000,0x0000001b45200000) (1024K)]
  0x0000014850e2d6e0 JavaThread "Worker-46"                         [_thread_blocked, id=29732, stack(0x0000001b45200000,0x0000001b45300000) (1024K)]
  0x000001484c48fb10 JavaThread "LocalFile Deleter"          daemon [_thread_blocked, id=14000, stack(0x0000001b46200000,0x0000001b46300000) (1024K)]
  0x000001484c48c690 JavaThread "LocalFile Deleter"          daemon [_thread_blocked, id=1544, stack(0x0000001b46300000,0x0000001b46400000) (1024K)]
  0x000001484c48e760 JavaThread "LocalFile Deleter"          daemon [_thread_blocked, id=17796, stack(0x0000001b46400000,0x0000001b46500000) (1024K)]
  0x000001484c490830 JavaThread "LocalFile Deleter"          daemon [_thread_blocked, id=13028, stack(0x0000001b46600000,0x0000001b46700000) (1024K)]
  0x000001484c4901a0 JavaThread "Worker-47: Building"               [_thread_blocked, id=26080, stack(0x0000001b46900000,0x0000001b46a00000) (1024K)]
  0x000001484c490ec0 JavaThread "Compiler Class File Writer" daemon [_thread_blocked, id=30872, stack(0x0000001b46a00000,0x0000001b46b00000) (1024K)]
  0x000001484c48da40 JavaThread "Compiler Class File Writer" daemon [_thread_blocked, id=6056, stack(0x0000001b46b00000,0x0000001b46c00000) (1024K)]
  0x000001484c491550 JavaThread "Compiler Class File Writer" daemon [_thread_blocked, id=21328, stack(0x0000001b46c00000,0x0000001b46d00000) (1024K)]
  0x000001484c493cb0 JavaThread "Compiler Class File Writer" daemon [_thread_blocked, id=18268, stack(0x0000001b46d00000,0x0000001b46e00000) (1024K)]
  0x000001484c492270 JavaThread "Compiler Class File Writer" daemon [_thread_blocked, id=19236, stack(0x0000001b46e00000,0x0000001b46f00000) (1024K)]
  0x000001484c492f90 JavaThread "Compiler Class File Writer" daemon [_thread_blocked, id=7156, stack(0x0000001b46f00000,0x0000001b47000000) (1024K)]
Total: 55

Other Threads:
  0x000001486d82e780 VMThread "VM Thread"                           [id=17036, stack(0x0000001b42f00000,0x0000001b43000000) (1024K)]
  0x00000148044dca00 WatcherThread "VM Periodic Task Thread"        [id=13280, stack(0x0000001b42e00000,0x0000001b42f00000) (1024K)]
  0x000001486d7ac4c0 WorkerThread "GC Thread#0"                     [id=27504, stack(0x0000001b42d00000,0x0000001b42e00000) (1024K)]
  0x000001484b45cac0 WorkerThread "GC Thread#1"                     [id=24124, stack(0x0000001b43c00000,0x0000001b43d00000) (1024K)]
  0x000001484b45ce60 WorkerThread "GC Thread#2"                     [id=26172, stack(0x0000001b43d00000,0x0000001b43e00000) (1024K)]
  0x000001484b45d200 WorkerThread "GC Thread#3"                     [id=28868, stack(0x0000001b43e00000,0x0000001b43f00000) (1024K)]
  0x000001484be20cd0 WorkerThread "GC Thread#4"                     [id=30080, stack(0x0000001b43f00000,0x0000001b44000000) (1024K)]
  0x000001484be21070 WorkerThread "GC Thread#5"                     [id=24376, stack(0x0000001b44000000,0x0000001b44100000) (1024K)]
  0x000001484be21410 WorkerThread "GC Thread#6"                     [id=25508, stack(0x0000001b44100000,0x0000001b44200000) (1024K)]
=>0x000001484ba61330 WorkerThread "GC Thread#7"                     [id=11356, stack(0x0000001b43a00000,0x0000001b43b00000) (1024K)]
Total: 10

Threads with active compile tasks:
Total: 0

VM state: at safepoint (normal execution)

VM Mutex/Monitor currently owned by a thread:  ([mutex/lock_event])
[0x00007ffe96d2d570] Threads_lock - owner thread: 0x000001486d82e780
[0x00007ffe96d2d670] Heap_lock - owner thread: 0x000001484c4901a0

Heap address: 0x0000000080000000, size: 2048 MB, Compressed Oops mode: 32-bit

CDS archive(s) mapped at: [0x0000014805000000-0x0000014805ba0000-0x0000014805ba0000), size 12189696, SharedBaseAddress: 0x0000014805000000, ArchiveRelocationMode: 1.
Compressed class space mapped at: 0x0000014806000000-0x0000014846000000, reserved size: 1073741824
Narrow klass base: 0x0000014805000000, Narrow klass shift: 0, Narrow klass range: 0x100000000

GC Precious Log:
 CardTable entry size: 512
 CPUs: 8 total, 8 available
 Memory: 16259M
 Large Page Support: Disabled
 NUMA Support: Disabled
 Compressed Oops: Enabled (32-bit)
 Alignments: Space 512K, Generation 512K, Heap 2M
 Heap Min Capacity: 100M
 Heap Initial Capacity: 100M
 Heap Max Capacity: 2G
 Pre-touch: Disabled
 Parallel Workers: 8

Heap:
 PSYoungGen      total 5632K, used 5616K [0x00000000d5580000, 0x00000000d6580000, 0x0000000100000000)
  eden space 3072K, 100% used [0x00000000d5580000,0x00000000d5880000,0x00000000d5880000)
  from space 2560K, 99% used [0x00000000d5e00000,0x00000000d607c380,0x00000000d6080000)
  to   space 5632K, 20% used [0x00000000d5880000,0x00000000d59a0000,0x00000000d5e00000)
 ParOldGen       total 1159680K, used 1159654K [0x0000000080000000, 0x00000000c6c80000, 0x00000000d5580000)
  object space 1159680K, 99% used [0x0000000080000000,0x00000000c6c79920,0x00000000c6c80000)
 Metaspace       used 95470K, committed 97216K, reserved 1179648K
  class space    used 9396K, committed 10176K, reserved 1048576K

Card table byte_map: [0x000001486d140000,0x000001486d550000] _byte_map_base: 0x000001486cd40000

Marking Bits: (ParMarkBitMap*) 0x00007ffe96d32460
 Begin Bits: [0x0000014800000000, 0x0000014802000000)
 End Bits:   [0x0000014802000000, 0x0000014804000000)

Polling page: 0x000001486b660000

Metaspace:

Usage:
  Non-class:     84.06 MB used.
      Class:      9.18 MB used.
       Both:     93.23 MB used.

Virtual space:
  Non-class space:      128.00 MB reserved,      85.00 MB ( 66%) committed,  2 nodes.
      Class space:        1.00 GB reserved,       9.94 MB ( <1%) committed,  1 nodes.
             Both:        1.12 GB reserved,      94.94 MB (  8%) committed. 

Chunk freelists:
   Non-Class:  10.98 MB
       Class:  6.04 MB
        Both:  17.02 MB

MaxMetaspaceSize: unlimited
CompressedClassSpaceSize: 1.00 GB
Initial GC threshold: 21.00 MB
Current GC threshold: 158.06 MB
CDS: on
 - commit_granule_bytes: 65536.
 - commit_granule_words: 8192.
 - virtual_space_node_default_size: 8388608.
 - enlarge_chunks_in_place: 1.
 - use_allocation_guard: 0.


Internal statistics:

num_allocs_failed_limit: 9.
num_arena_births: 2104.
num_arena_deaths: 680.
num_vsnodes_births: 3.
num_vsnodes_deaths: 0.
num_space_committed: 1518.
num_space_uncommitted: 0.
num_chunks_returned_to_freelist: 834.
num_chunks_taken_from_freelist: 7181.
num_chunk_merges: 217.
num_chunk_splits: 3990.
num_chunks_enlarged: 2101.
num_inconsistent_stats: 0.

CodeHeap 'non-profiled nmethods': size=120000Kb used=16281Kb max_used=29328Kb free=103718Kb
 bounds [0x0000014878460000, 0x000001487a110000, 0x000001487f990000]
CodeHeap 'profiled nmethods': size=120000Kb used=12439Kb max_used=55698Kb free=107560Kb
 bounds [0x0000014870990000, 0x0000014874060000, 0x0000014877ec0000]
CodeHeap 'non-nmethods': size=5760Kb used=1552Kb max_used=1717Kb free=4207Kb
 bounds [0x0000014877ec0000, 0x0000014878130000, 0x0000014878460000]
CodeCache: size=245760Kb, used=30272Kb, max_used=86743Kb, free=215485Kb
 total_blobs=8228, nmethods=7353, adapters=776, full_count=0
Compilation: enabled, stopped_count=0, restarted_count=0

Compilation events (20 events):
Event: 125127.006 Thread 0x000001484b03e720 31381       3       org.eclipse.core.internal.jobs.JobManager::wakeUp (53 bytes)
Event: 125127.007 Thread 0x000001484b03e720 nmethod 31381 0x0000014870cc6890 code [0x0000014870cc6ae0, 0x0000014870cc7410]
Event: 125127.284 Thread 0x000001484b03e720 31382       3       org.apache.maven.bridge.MavenRepositorySystem::createArtifactRepository (70 bytes)
Event: 125127.285 Thread 0x000001484b03e720 nmethod 31382 0x0000014871655f10 code [0x0000014871656140, 0x0000014871656960]
Event: 125127.317 Thread 0x000001484b03e720 31383       3       org.apache.maven.shared.filtering.MultiDelimiterInterpolatorFilterReaderLineEnding::<init> (15 bytes)
Event: 125127.318 Thread 0x000001484b03e720 nmethod 31383 0x00000148711af710 code [0x00000148711af900, 0x00000148711afd98]
Event: 125127.318 Thread 0x000001484b03e720 31385       3       org.apache.maven.shared.filtering.AbstractFilterReaderLineEnding::calculateMarkLength (93 bytes)
Event: 125127.319 Thread 0x000001484b03e720 nmethod 31385 0x0000014870c38410 code [0x0000014870c38660, 0x0000014870c39088]
Event: 125127.319 Thread 0x000001484b03e720 31387       3       org.apache.maven.shared.filtering.MultiDelimiterInterpolatorFilterReaderLineEnding::setDelimiterSpecs (65 bytes)
Event: 125127.320 Thread 0x000001484b03e720 nmethod 31387 0x0000014870ee0290 code [0x0000014870ee04e0, 0x0000014870ee0f10]
Event: 125127.320 Thread 0x000001484b03e720 31384       3       org.codehaus.plexus.interpolation.SimpleRecursionInterceptor::<init> (16 bytes)
Event: 125127.320 Thread 0x000001484b03e720 nmethod 31384 0x000001487127f410 code [0x000001487127f5e0, 0x000001487127f948]
Event: 125127.320 Thread 0x000001484b03e720 31386       3       org.codehaus.plexus.interpolation.PrefixAwareRecursionInterceptor::<init> (48 bytes)
Event: 125127.321 Thread 0x000001484b03e720 nmethod 31386 0x0000014870c5a190 code [0x0000014870c5a3a0, 0x0000014870c5aa68]
Event: 125127.384 Thread 0x000001484b03e720 31388       3       java.util.Calendar::selectFields (674 bytes)
Event: 125127.386 Thread 0x000001484b03e720 nmethod 31388 0x0000014870c3bf90 code [0x0000014870c3c220, 0x0000014870c3d430]
Event: 125127.386 Thread 0x000001484b03e720 31390       3       java.util.Calendar::setFieldsNormalized (66 bytes)
Event: 125127.387 Thread 0x000001484b03e720 nmethod 31390 0x0000014871992810 code [0x00000148719929c0, 0x0000014871992c50]
Event: 125127.387 Thread 0x000001484b03e720 31389       3       java.util.GregorianCalendar::getFixedDate (510 bytes)
Event: 125127.391 Thread 0x000001484b03e720 nmethod 31389 0x0000014870a10390 code [0x0000014870a10740, 0x0000014870a123c8]

GC Heap History (20 events):
Event: 125127.205 GC heap after
{Heap after GC invocations=4262 (full 14):
 PSYoungGen      total 2560K, used 192K [0x00000000d5580000, 0x00000000d5900000, 0x0000000100000000)
  eden space 1536K, 0% used [0x00000000d5580000,0x00000000d5580000,0x00000000d5700000)
  from space 1024K, 18% used [0x00000000d5700000,0x00000000d5730000,0x00000000d5800000)
  to   space 512K, 0% used [0x00000000d5880000,0x00000000d5880000,0x00000000d5900000)
 ParOldGen       total 985600K, used 985422K [0x0000000080000000, 0x00000000bc280000, 0x00000000d5580000)
  object space 985600K, 99% used [0x0000000080000000,0x00000000bc253960,0x00000000bc280000)
 Metaspace       used 95463K, committed 97152K, reserved 1179648K
  class space    used 9396K, committed 10176K, reserved 1048576K
}
Event: 125127.207 GC heap before
{Heap before GC invocations=4263 (full 14):
 PSYoungGen      total 2560K, used 1728K [0x00000000d5580000, 0x00000000d5900000, 0x0000000100000000)
  eden space 1536K, 100% used [0x00000000d5580000,0x00000000d5700000,0x00000000d5700000)
  from space 1024K, 18% used [0x00000000d5700000,0x00000000d5730000,0x00000000d5800000)
  to   space 512K, 0% used [0x00000000d5880000,0x00000000d5880000,0x00000000d5900000)
 ParOldGen       total 985600K, used 985422K [0x0000000080000000, 0x00000000bc280000, 0x00000000d5580000)
  object space 985600K, 99% used [0x0000000080000000,0x00000000bc253960,0x00000000bc280000)
 Metaspace       used 95463K, committed 97152K, reserved 1179648K
  class space    used 9396K, committed 10176K, reserved 1048576K
}
Event: 125127.210 GC heap after
{Heap after GC invocations=4263 (full 14):
 PSYoungGen      total 2560K, used 480K [0x00000000d5580000, 0x00000000d5980000, 0x0000000100000000)
  eden space 2048K, 0% used [0x00000000d5580000,0x00000000d5580000,0x00000000d5780000)
  from space 512K, 93% used [0x00000000d5880000,0x00000000d58f8000,0x00000000d5900000)
  to   space 1024K, 0% used [0x00000000d5780000,0x00000000d5780000,0x00000000d5880000)
 ParOldGen       total 987648K, used 986787K [0x0000000080000000, 0x00000000bc480000, 0x00000000d5580000)
  object space 987648K, 99% used [0x0000000080000000,0x00000000bc3a8da0,0x00000000bc480000)
 Metaspace       used 95463K, committed 97152K, reserved 1179648K
  class space    used 9396K, committed 10176K, reserved 1048576K
}
Event: 125127.218 GC heap before
{Heap before GC invocations=4264 (full 14):
 PSYoungGen      total 2560K, used 2528K [0x00000000d5580000, 0x00000000d5980000, 0x0000000100000000)
  eden space 2048K, 100% used [0x00000000d5580000,0x00000000d5780000,0x00000000d5780000)
  from space 512K, 93% used [0x00000000d5880000,0x00000000d58f8000,0x00000000d5900000)
  to   space 1024K, 0% used [0x00000000d5780000,0x00000000d5780000,0x00000000d5880000)
 ParOldGen       total 987648K, used 986787K [0x0000000080000000, 0x00000000bc480000, 0x00000000d5580000)
  object space 987648K, 99% used [0x0000000080000000,0x00000000bc3a8da0,0x00000000bc480000)
 Metaspace       used 95463K, committed 97152K, reserved 1179648K
  class space    used 9396K, committed 10176K, reserved 1048576K
}
Event: 125127.223 GC heap after
{Heap after GC invocations=4264 (full 14):
 PSYoungGen      total 3072K, used 1008K [0x00000000d5580000, 0x00000000d5d00000, 0x0000000100000000)
  eden space 2048K, 0% used [0x00000000d5580000,0x00000000d5580000,0x00000000d5780000)
  from space 1024K, 98% used [0x00000000d5780000,0x00000000d587c030,0x00000000d5880000)
  to   space 2560K, 0% used [0x00000000d5a80000,0x00000000d5a80000,0x00000000d5d00000)
 ParOldGen       total 988160K, used 987723K [0x0000000080000000, 0x00000000bc500000, 0x00000000d5580000)
  object space 988160K, 99% used [0x0000000080000000,0x00000000bc492da0,0x00000000bc500000)
 Metaspace       used 95463K, committed 97152K, reserved 1179648K
  class space    used 9396K, committed 10176K, reserved 1048576K
}
Event: 125127.235 GC heap before
{Heap before GC invocations=4265 (full 14):
 PSYoungGen      total 3072K, used 3056K [0x00000000d5580000, 0x00000000d5d00000, 0x0000000100000000)
  eden space 2048K, 100% used [0x00000000d5580000,0x00000000d5780000,0x00000000d5780000)
  from space 1024K, 98% used [0x00000000d5780000,0x00000000d587c030,0x00000000d5880000)
  to   space 2560K, 0% used [0x00000000d5a80000,0x00000000d5a80000,0x00000000d5d00000)
 ParOldGen       total 988160K, used 987723K [0x0000000080000000, 0x00000000bc500000, 0x00000000d5580000)
  object space 988160K, 99% used [0x0000000080000000,0x00000000bc492da0,0x00000000bc500000)
 Metaspace       used 95463K, committed 97152K, reserved 1179648K
  class space    used 9396K, committed 10176K, reserved 1048576K
}
Event: 125127.241 GC heap after
{Heap after GC invocations=4265 (full 14):
 PSYoungGen      total 4608K, used 1904K [0x00000000d5580000, 0x00000000d5c80000, 0x0000000100000000)
  eden space 2560K, 0% used [0x00000000d5580000,0x00000000d5580000,0x00000000d5800000)
  from space 2048K, 92% used [0x00000000d5a80000,0x00000000d5c5c010,0x00000000d5c80000)
  to   space 2048K, 0% used [0x00000000d5880000,0x00000000d5880000,0x00000000d5a80000)
 ParOldGen       total 989184K, used 988739K [0x0000000080000000, 0x00000000bc600000, 0x00000000d5580000)
  object space 989184K, 99% used [0x0000000080000000,0x00000000bc590dd0,0x00000000bc600000)
 Metaspace       used 95463K, committed 97152K, reserved 1179648K
  class space    used 9396K, committed 10176K, reserved 1048576K
}
Event: 125127.254 GC heap before
{Heap before GC invocations=4266 (full 14):
 PSYoungGen      total 4608K, used 4463K [0x00000000d5580000, 0x00000000d5c80000, 0x0000000100000000)
  eden space 2560K, 99% used [0x00000000d5580000,0x00000000d57fffd0,0x00000000d5800000)
  from space 2048K, 92% used [0x00000000d5a80000,0x00000000d5c5c010,0x00000000d5c80000)
  to   space 2048K, 0% used [0x00000000d5880000,0x00000000d5880000,0x00000000d5a80000)
 ParOldGen       total 989184K, used 988739K [0x0000000080000000, 0x00000000bc600000, 0x00000000d5580000)
  object space 989184K, 99% used [0x0000000080000000,0x00000000bc590dd0,0x00000000bc600000)
 Metaspace       used 95463K, committed 97152K, reserved 1179648K
  class space    used 9396K, committed 10176K, reserved 1048576K
}
Event: 125127.260 GC heap after
{Heap after GC invocations=4266 (full 14):
 PSYoungGen      total 5120K, used 2048K [0x00000000d5580000, 0x00000000d6180000, 0x0000000100000000)
  eden space 3072K, 0% used [0x00000000d5580000,0x00000000d5580000,0x00000000d5880000)
  from space 2048K, 100% used [0x00000000d5880000,0x00000000d5a80000,0x00000000d5a80000)
  to   space 4608K, 0% used [0x00000000d5d00000,0x00000000d5d00000,0x00000000d6180000)
 ParOldGen       total 990720K, used 990699K [0x0000000080000000, 0x00000000bc780000, 0x00000000d5580000)
  object space 990720K, 99% used [0x0000000080000000,0x00000000bc77ae00,0x00000000bc780000)
 Metaspace       used 95463K, committed 97152K, reserved 1179648K
  class space    used 9396K, committed 10176K, reserved 1048576K
}
Event: 125127.270 GC heap before
{Heap before GC invocations=4267 (full 14):
 PSYoungGen      total 5120K, used 5113K [0x00000000d5580000, 0x00000000d6180000, 0x0000000100000000)
  eden space 3072K, 99% used [0x00000000d5580000,0x00000000d587e618,0x00000000d5880000)
  from space 2048K, 100% used [0x00000000d5880000,0x00000000d5a80000,0x00000000d5a80000)
  to   space 4608K, 0% used [0x00000000d5d00000,0x00000000d5d00000,0x00000000d6180000)
 ParOldGen       total 990720K, used 990699K [0x0000000080000000, 0x00000000bc780000, 0x00000000d5580000)
  object space 990720K, 99% used [0x0000000080000000,0x00000000bc77ae00,0x00000000bc780000)
 Metaspace       used 95463K, committed 97152K, reserved 1179648K
  class space    used 9396K, committed 10176K, reserved 1048576K
}
Event: 125127.275 GC heap after
{Heap after GC invocations=4267 (full 14):
 PSYoungGen      total 6656K, used 1856K [0x00000000d5580000, 0x00000000d5f80000, 0x0000000100000000)
  eden space 4096K, 0% used [0x00000000d5580000,0x00000000d5580000,0x00000000d5980000)
  from space 2560K, 72% used [0x00000000d5d00000,0x00000000d5ed0000,0x00000000d5f80000)
  to   space 3072K, 0% used [0x00000000d5980000,0x00000000d5980000,0x00000000d5c80000)
 ParOldGen       total 992768K, used 992759K [0x0000000080000000, 0x00000000bc980000, 0x00000000d5580000)
  object space 992768K, 99% used [0x0000000080000000,0x00000000bc97de20,0x00000000bc980000)
 Metaspace       used 95463K, committed 97152K, reserved 1179648K
  class space    used 9396K, committed 10176K, reserved 1048576K
}
Event: 125127.303 GC heap before
{Heap before GC invocations=4268 (full 14):
 PSYoungGen      total 6656K, used 5951K [0x00000000d5580000, 0x00000000d5f80000, 0x0000000100000000)
  eden space 4096K, 99% used [0x00000000d5580000,0x00000000d597ffb0,0x00000000d5980000)
  from space 2560K, 72% used [0x00000000d5d00000,0x00000000d5ed0000,0x00000000d5f80000)
  to   space 3072K, 0% used [0x00000000d5980000,0x00000000d5980000,0x00000000d5c80000)
 ParOldGen       total 1012736K, used 1011959K [0x0000000080000000, 0x00000000bdd00000, 0x00000000d5580000)
  object space 1012736K, 99% used [0x0000000080000000,0x00000000bdc3de40,0x00000000bdd00000)
 Metaspace       used 95463K, committed 97152K, reserved 1179648K
  class space    used 9396K, committed 10176K, reserved 1048576K
}
Event: 125127.309 GC heap after
{Heap after GC invocations=4268 (full 14):
 PSYoungGen      total 7168K, used 2960K [0x00000000d5580000, 0x00000000d6180000, 0x0000000100000000)
  eden space 4096K, 0% used [0x00000000d5580000,0x00000000d5580000,0x00000000d5980000)
  from space 3072K, 96% used [0x00000000d5980000,0x00000000d5c64010,0x00000000d5c80000)
  to   space 3584K, 0% used [0x00000000d5e00000,0x00000000d5e00000,0x00000000d6180000)
 ParOldGen       total 1013760K, used 1013679K [0x0000000080000000, 0x00000000bde00000, 0x00000000d5580000)
  object space 1013760K, 99% used [0x0000000080000000,0x00000000bddebe40,0x00000000bde00000)
 Metaspace       used 95463K, committed 97152K, reserved 1179648K
  class space    used 9396K, committed 10176K, reserved 1048576K
}
Event: 125127.331 GC heap before
{Heap before GC invocations=4269 (full 14):
 PSYoungGen      total 7168K, used 7056K [0x00000000d5580000, 0x00000000d6180000, 0x0000000100000000)
  eden space 4096K, 100% used [0x00000000d5580000,0x00000000d5980000,0x00000000d5980000)
  from space 3072K, 96% used [0x00000000d5980000,0x00000000d5c64010,0x00000000d5c80000)
  to   space 3584K, 0% used [0x00000000d5e00000,0x00000000d5e00000,0x00000000d6180000)
 ParOldGen       total 1057280K, used 1055919K [0x0000000080000000, 0x00000000c0880000, 0x00000000d5580000)
  object space 1057280K, 99% used [0x0000000080000000,0x00000000c072be80,0x00000000c0880000)
 Metaspace       used 95463K, committed 97152K, reserved 1179648K
  class space    used 9396K, committed 10176K, reserved 1048576K
}
Event: 125127.336 GC heap after
{Heap after GC invocations=4269 (full 14):
 PSYoungGen      total 8192K, used 2912K [0x00000000d5580000, 0x00000000d6100000, 0x0000000100000000)
  eden space 5120K, 0% used [0x00000000d5580000,0x00000000d5580000,0x00000000d5a80000)
  from space 3072K, 94% used [0x00000000d5e00000,0x00000000d60d8000,0x00000000d6100000)
  to   space 3072K, 0% used [0x00000000d5b00000,0x00000000d5b00000,0x00000000d5e00000)
 ParOldGen       total 1058816K, used 1058783K [0x0000000080000000, 0x00000000c0a00000, 0x00000000d5580000)
  object space 1058816K, 99% used [0x0000000080000000,0x00000000c09f7e90,0x00000000c0a00000)
 Metaspace       used 95463K, committed 97152K, reserved 1179648K
  class space    used 9396K, committed 10176K, reserved 1048576K
}
Event: 125127.447 GC heap before
{Heap before GC invocations=4270 (full 14):
 PSYoungGen      total 8192K, used 7764K [0x00000000d5580000, 0x00000000d6100000, 0x0000000100000000)
  eden space 5120K, 94% used [0x00000000d5580000,0x00000000d5a3d3f0,0x00000000d5a80000)
  from space 3072K, 94% used [0x00000000d5e00000,0x00000000d60d8000,0x00000000d6100000)
  to   space 3072K, 0% used [0x00000000d5b00000,0x00000000d5b00000,0x00000000d5e00000)
 ParOldGen       total 1154048K, used 1150943K [0x0000000080000000, 0x00000000c6700000, 0x00000000d5580000)
  object space 1154048K, 99% used [0x0000000080000000,0x00000000c63f7f20,0x00000000c6700000)
 Metaspace       used 95470K, committed 97216K, reserved 1179648K
  class space    used 9396K, committed 10176K, reserved 1048576K
}
Event: 125127.454 GC heap after
{Heap after GC invocations=4270 (full 14):
 PSYoungGen      total 8192K, used 2754K [0x00000000d5580000, 0x00000000d6080000, 0x0000000100000000)
  eden space 5120K, 0% used [0x00000000d5580000,0x00000000d5580000,0x00000000d5a80000)
  from space 3072K, 89% used [0x00000000d5b00000,0x00000000d5db0b40,0x00000000d5e00000)
  to   space 2560K, 0% used [0x00000000d5e00000,0x00000000d5e00000,0x00000000d6080000)
 ParOldGen       total 1154048K, used 1153743K [0x0000000080000000, 0x00000000c6700000, 0x00000000d5580000)
  object space 1154048K, 99% used [0x0000000080000000,0x00000000c66b3f20,0x00000000c6700000)
 Metaspace       used 95470K, committed 97216K, reserved 1179648K
  class space    used 9396K, committed 10176K, reserved 1048576K
}
Event: 125127.544 GC heap before
{Heap before GC invocations=4271 (full 14):
 PSYoungGen      total 8192K, used 7874K [0x00000000d5580000, 0x00000000d6080000, 0x0000000100000000)
  eden space 5120K, 100% used [0x00000000d5580000,0x00000000d5a80000,0x00000000d5a80000)
  from space 3072K, 89% used [0x00000000d5b00000,0x00000000d5db0b40,0x00000000d5e00000)
  to   space 2560K, 0% used [0x00000000d5e00000,0x00000000d5e00000,0x00000000d6080000)
 ParOldGen       total 1154048K, used 1153743K [0x0000000080000000, 0x00000000c6700000, 0x00000000d5580000)
  object space 1154048K, 99% used [0x0000000080000000,0x00000000c66b3f20,0x00000000c6700000)
 Metaspace       used 95470K, committed 97216K, reserved 1179648K
  class space    used 9396K, committed 10176K, reserved 1048576K
}
Event: 125127.553 GC heap after
{Heap after GC invocations=4271 (full 14):
 PSYoungGen      total 5632K, used 2544K [0x00000000d5580000, 0x00000000d6580000, 0x0000000100000000)
  eden space 3072K, 0% used [0x00000000d5580000,0x00000000d5580000,0x00000000d5880000)
  from space 2560K, 99% used [0x00000000d5e00000,0x00000000d607c380,0x00000000d6080000)
  to   space 5632K, 0% used [0x00000000d5880000,0x00000000d5880000,0x00000000d5e00000)
 ParOldGen       total 1156608K, used 1156383K [0x0000000080000000, 0x00000000c6980000, 0x00000000d5580000)
  object space 1156608K, 99% used [0x0000000080000000,0x00000000c6947f20,0x00000000c6980000)
 Metaspace       used 95470K, committed 97216K, reserved 1179648K
  class space    used 9396K, committed 10176K, reserved 1048576K
}
Event: 125127.668 GC heap before
{Heap before GC invocations=4272 (full 14):
 PSYoungGen      total 5632K, used 5616K [0x00000000d5580000, 0x00000000d6580000, 0x0000000100000000)
  eden space 3072K, 100% used [0x00000000d5580000,0x00000000d5880000,0x00000000d5880000)
  from space 2560K, 99% used [0x00000000d5e00000,0x00000000d607c380,0x00000000d6080000)
  to   space 5632K, 0% used [0x00000000d5880000,0x00000000d5880000,0x00000000d5e00000)
 ParOldGen       total 1156608K, used 1156383K [0x0000000080000000, 0x00000000c6980000, 0x00000000d5580000)
  object space 1156608K, 99% used [0x0000000080000000,0x00000000c6947f20,0x00000000c6980000)
 Metaspace       used 95470K, committed 97216K, reserved 1179648K
  class space    used 9396K, committed 10176K, reserved 1048576K
}

Dll operation events (12 events):
Event: 0.021 Loaded shared library c:\Users\Expertflow\.vscode\extensions\redhat.java-1.52.0-win32-x64\jre\21.0.9-win32-x86_64\bin\java.dll
Event: 0.182 Loaded shared library c:\Users\Expertflow\.vscode\extensions\redhat.java-1.52.0-win32-x64\jre\21.0.9-win32-x86_64\bin\zip.dll
Event: 0.243 Loaded shared library C:\Users\Expertflow\.vscode\extensions\redhat.java-1.52.0-win32-x64\jre\21.0.9-win32-x86_64\bin\instrument.dll
Event: 0.250 Loaded shared library C:\Users\Expertflow\.vscode\extensions\redhat.java-1.52.0-win32-x64\jre\21.0.9-win32-x86_64\bin\net.dll
Event: 0.253 Loaded shared library C:\Users\Expertflow\.vscode\extensions\redhat.java-1.52.0-win32-x64\jre\21.0.9-win32-x86_64\bin\nio.dll
Event: 0.258 Loaded shared library C:\Users\Expertflow\.vscode\extensions\redhat.java-1.52.0-win32-x64\jre\21.0.9-win32-x86_64\bin\zip.dll
Event: 0.289 Loaded shared library C:\Users\Expertflow\.vscode\extensions\redhat.java-1.52.0-win32-x64\jre\21.0.9-win32-x86_64\bin\jimage.dll
Event: 0.427 Loaded shared library c:\Users\Expertflow\.vscode\extensions\redhat.java-1.52.0-win32-x64\jre\21.0.9-win32-x86_64\bin\verify.dll
Event: 15.674 Loaded shared library C:\Users\Expertflow\AppData\Roaming\Code\User\globalStorage\redhat.java\1.52.0\config_win\org.eclipse.equinox.launcher\org.eclipse.equinox.launcher.win32.win32.x86_64_1.2.1500.v20260121-1430\eclipse_11919.dll
Event: 34.345 Loaded shared library C:\Users\Expertflow\AppData\Local\Temp\jna-1918084728\jna17289486440730075133.dll
Event: 36.419 Loaded shared library C:\Users\Expertflow\.vscode\extensions\redhat.java-1.52.0-win32-x64\jre\21.0.9-win32-x86_64\bin\sunmscapi.dll
Event: 37.209 Loaded shared library C:\Users\Expertflow\.vscode\extensions\redhat.java-1.52.0-win32-x64\jre\21.0.9-win32-x86_64\bin\extnet.dll

Deoptimization events (20 events):
Event: 125094.304 Thread 0x000001484c864180 DEOPT PACKING pc=0x000001487899d188 sp=0x0000001b44dff460
Event: 125094.304 Thread 0x000001484c864180 DEOPT UNPACKING pc=0x0000014877f13aa2 sp=0x0000001b44dff2c0 mode 2
Event: 125097.164 Thread 0x000001484c864180 Uncommon trap: trap_request=0xffffffd6 fr.pc=0x000001487899d188 relative=0x0000000000000828
Event: 125097.164 Thread 0x000001484c864180 Uncommon trap: reason=array_check action=maybe_recompile pc=0x000001487899d188 method=org.eclipse.core.internal.jobs.JobManager.lambda$1(Lorg/eclipse/core/internal/jobs/InternalJob;[Lorg/eclipse/core/runtime/IProgressMonitor;[ZLorg/eclipse/core/internal/j
Event: 125097.165 Thread 0x000001484c864180 DEOPT PACKING pc=0x000001487899d188 sp=0x0000001b44dff460
Event: 125097.165 Thread 0x000001484c864180 DEOPT UNPACKING pc=0x0000014877f13aa2 sp=0x0000001b44dff2c0 mode 2
Event: 125099.645 Thread 0x000001484c864180 Uncommon trap: trap_request=0xffffffd6 fr.pc=0x000001487899d188 relative=0x0000000000000828
Event: 125099.645 Thread 0x000001484c864180 Uncommon trap: reason=array_check action=maybe_recompile pc=0x000001487899d188 method=org.eclipse.core.internal.jobs.JobManager.lambda$1(Lorg/eclipse/core/internal/jobs/InternalJob;[Lorg/eclipse/core/runtime/IProgressMonitor;[ZLorg/eclipse/core/internal/j
Event: 125099.645 Thread 0x000001484c864180 DEOPT PACKING pc=0x000001487899d188 sp=0x0000001b44dff460
Event: 125099.645 Thread 0x000001484c864180 DEOPT UNPACKING pc=0x0000014877f13aa2 sp=0x0000001b44dff2c0 mode 2
Event: 125110.899 Thread 0x0000014850e2f7b0 Uncommon trap: trap_request=0xffffffd6 fr.pc=0x00000148786893f8 relative=0x0000000000000818
Event: 125110.899 Thread 0x0000014850e2f7b0 Uncommon trap: reason=array_check action=maybe_recompile pc=0x00000148786893f8 method=org.eclipse.core.internal.jobs.JobManager.lambda$1(Lorg/eclipse/core/internal/jobs/InternalJob;[Lorg/eclipse/core/runtime/IProgressMonitor;[ZLorg/eclipse/core/internal/j
Event: 125110.899 Thread 0x0000014850e2f7b0 DEOPT PACKING pc=0x00000148786893f8 sp=0x0000001b448fdd10
Event: 125110.899 Thread 0x0000014850e2f7b0 DEOPT UNPACKING pc=0x0000014877f13aa2 sp=0x0000001b448fdb00 mode 2
Event: 125111.348 Thread 0x000001484c864180 Uncommon trap: trap_request=0xffffffd6 fr.pc=0x000001487899d188 relative=0x0000000000000828
Event: 125111.348 Thread 0x000001484c864180 Uncommon trap: reason=array_check action=maybe_recompile pc=0x000001487899d188 method=org.eclipse.core.internal.jobs.JobManager.lambda$1(Lorg/eclipse/core/internal/jobs/InternalJob;[Lorg/eclipse/core/runtime/IProgressMonitor;[ZLorg/eclipse/core/internal/j
Event: 125111.348 Thread 0x000001484c864180 DEOPT PACKING pc=0x000001487899d188 sp=0x0000001b44dff460
Event: 125111.348 Thread 0x000001484c864180 DEOPT UNPACKING pc=0x0000014877f13aa2 sp=0x0000001b44dff2c0 mode 2
Event: 125112.054 Thread 0x000001484c4901a0 DEOPT PACKING pc=0x0000014870be6ed8 sp=0x0000001b469fe780
Event: 125112.054 Thread 0x000001484c4901a0 DEOPT UNPACKING pc=0x0000014877f14242 sp=0x0000001b469fdc30 mode 0

Classes loaded (20 events):
Event: 125092.783 Loading class jdk/internal/module/IllegalAccessLogger
Event: 125092.783 Loading class jdk/internal/module/IllegalAccessLogger done
Event: 125094.603 Loading class jdk/internal/module/IllegalAccessLogger
Event: 125094.603 Loading class jdk/internal/module/IllegalAccessLogger done
Event: 125096.646 Loading class jdk/internal/module/IllegalAccessLogger
Event: 125096.646 Loading class jdk/internal/module/IllegalAccessLogger done
Event: 125098.522 Loading class jdk/internal/module/IllegalAccessLogger
Event: 125098.522 Loading class jdk/internal/module/IllegalAccessLogger done
Event: 125109.019 Loading class jdk/internal/module/IllegalAccessLogger
Event: 125109.019 Loading class jdk/internal/module/IllegalAccessLogger done
Event: 125112.047 Loading class jdk/internal/module/IllegalAccessLogger
Event: 125112.047 Loading class jdk/internal/module/IllegalAccessLogger done
Event: 125113.952 Loading class jdk/internal/module/IllegalAccessLogger
Event: 125113.952 Loading class jdk/internal/module/IllegalAccessLogger done
Event: 125115.980 Loading class jdk/internal/module/IllegalAccessLogger
Event: 125115.980 Loading class jdk/internal/module/IllegalAccessLogger done
Event: 125124.912 Loading class jdk/internal/module/IllegalAccessLogger
Event: 125124.912 Loading class jdk/internal/module/IllegalAccessLogger done
Event: 125127.269 Loading class jdk/internal/module/IllegalAccessLogger
Event: 125127.269 Loading class jdk/internal/module/IllegalAccessLogger done

Classes unloaded (20 events):
Event: 124911.043 Thread 0x000001486d82e780 Unloading class 0x000001480629f800 'jdk/internal/reflect/GeneratedSerializationConstructorAccessor42'
Event: 124911.044 Thread 0x000001486d82e780 Unloading class 0x00000148062a0800 'jdk/internal/reflect/GeneratedSerializationConstructorAccessor41'
Event: 124911.044 Thread 0x000001486d82e780 Unloading class 0x00000148062a2400 'jdk/internal/reflect/GeneratedSerializationConstructorAccessor40'
Event: 124911.044 Thread 0x000001486d82e780 Unloading class 0x00000148062a5400 'jdk/internal/reflect/GeneratedSerializationConstructorAccessor39'
Event: 124911.044 Thread 0x000001486d82e780 Unloading class 0x00000148062a5800 'jdk/internal/reflect/GeneratedSerializationConstructorAccessor38'
Event: 124911.044 Thread 0x000001486d82e780 Unloading class 0x00000148062a8c00 'jdk/internal/reflect/GeneratedSerializationConstructorAccessor37'
Event: 124911.044 Thread 0x000001486d82e780 Unloading class 0x00000148062a9800 'jdk/internal/reflect/GeneratedSerializationConstructorAccessor36'
Event: 124911.044 Thread 0x000001486d82e780 Unloading class 0x00000148067d8000 'jdk/internal/reflect/GeneratedSerializationConstructorAccessor35'
Event: 124911.044 Thread 0x000001486d82e780 Unloading class 0x0000014806848400 'jdk/internal/reflect/GeneratedSerializationConstructorAccessor34'
Event: 124911.044 Thread 0x000001486d82e780 Unloading class 0x000001480697b800 'jdk/internal/reflect/GeneratedSerializationConstructorAccessor33'
Event: 124911.044 Thread 0x000001486d82e780 Unloading class 0x000001480674a000 'java/lang/invoke/LambdaForm$MH+0x000001480674a000'
Event: 124911.045 Thread 0x000001486d82e780 Unloading class 0x0000014806990c00 'java/lang/invoke/LambdaForm$MH+0x0000014806990c00'
Event: 124911.045 Thread 0x000001486d82e780 Unloading class 0x00000148067ec400 'java/lang/invoke/LambdaForm$MH+0x00000148067ec400'
Event: 124911.046 Thread 0x000001486d82e780 Unloading class 0x0000014806174000 'java/lang/invoke/LambdaForm$MH+0x0000014806174000'
Event: 124911.047 Thread 0x000001486d82e780 Unloading class 0x0000014806118000 'java/lang/invoke/LambdaForm$MH+0x0000014806118000'
Event: 124911.047 Thread 0x000001486d82e780 Unloading class 0x000001480601f800 'java/lang/invoke/LambdaForm$MH+0x000001480601f800'
Event: 124911.047 Thread 0x000001486d82e780 Unloading class 0x000001480601e800 'java/lang/invoke/LambdaForm$MH+0x000001480601e800'
Event: 124911.047 Thread 0x000001486d82e780 Unloading class 0x000001480601e400 'java/lang/invoke/LambdaForm$MH+0x000001480601e400'
Event: 124911.047 Thread 0x000001486d82e780 Unloading class 0x000001480601dc00 'java/lang/invoke/LambdaForm$MH+0x000001480601dc00'
Event: 124911.047 Thread 0x000001486d82e780 Unloading class 0x000001480601d400 'java/lang/invoke/LambdaForm$MH+0x000001480601d400'

Classes redefined (0 events):
No events

Internal exceptions (20 events):
Event: 125092.295 Thread 0x0000014850e2c9c0 Exception <a 'sun/nio/fs/WindowsException'{0x00000000d5588d58}> (0x00000000d5588d58) 
thrown [s\src\hotspot\share\prims\jni.cpp, line 520]
Event: 125092.566 Thread 0x0000014850e2c9c0 Exception <a 'java/lang/NoSuchMethodError'{0x00000000d56761d8}: static Lorg/eclipse/m2e/core/internal/lifecyclemapping/model/PluginExecutionMetadata;.<clinit>()V> (0x00000000d56761d8) 
thrown [s\src\hotspot\share\prims\jni.cpp, line 1111]
Event: 125092.585 Thread 0x0000014850e2c9c0 Exception <a 'java/lang/NoSuchMethodError'{0x00000000d56c1920}: static Lorg/eclipse/m2e/core/internal/lifecyclemapping/model/PluginExecutionFilter;.<clinit>()V> (0x00000000d56c1920) 
thrown [s\src\hotspot\share\prims\jni.cpp, line 1111]
Event: 125092.589 Thread 0x0000014850e2c9c0 Exception <a 'java/lang/NoSuchMethodError'{0x00000000d56e4c78}: static Lorg/eclipse/m2e/core/internal/project/registry/MavenProjectFacade$MavenProjectConfiguration;.<clinit>()V> (0x00000000d56e4c78) 
thrown [s\src\hotspot\share\prims\jni.cpp, line 1111]
Event: 125092.600 Thread 0x0000014850e2c9c0 Exception <a 'java/lang/NoSuchMethodError'{0x00000000d5746478}: static [J.<clinit>()V> (0x00000000d5746478) 
thrown [s\src\hotspot\share\prims\jni.cpp, line 1111]
Event: 125092.739 Thread 0x000001484c864180 Exception <a 'sun/nio/fs/WindowsException'{0x00000000d55fbee0}> (0x00000000d55fbee0) 
thrown [s\src\hotspot\share\prims\jni.cpp, line 520]
Event: 125094.257 Thread 0x000001484c864180 Exception <a 'sun/nio/fs/WindowsException'{0x00000000d559cb08}> (0x00000000d559cb08) 
thrown [s\src\hotspot\share\prims\jni.cpp, line 520]
Event: 125096.378 Thread 0x000001484c864180 Exception <a 'sun/nio/fs/WindowsException'{0x00000000d5636c30}> (0x00000000d5636c30) 
thrown [s\src\hotspot\share\prims\jni.cpp, line 520]
Event: 125097.126 Thread 0x000001484c864180 Exception <a 'sun/nio/fs/WindowsException'{0x00000000d57607b8}> (0x00000000d57607b8) 
thrown [s\src\hotspot\share\prims\jni.cpp, line 520]
Event: 125098.367 Thread 0x000001484c864180 Exception <a 'sun/nio/fs/WindowsException'{0x00000000d55df280}> (0x00000000d55df280) 
thrown [s\src\hotspot\share\prims\jni.cpp, line 520]
Event: 125099.619 Thread 0x000001484c864180 Exception <a 'sun/nio/fs/WindowsException'{0x00000000d56d9e30}> (0x00000000d56d9e30) 
thrown [s\src\hotspot\share\prims\jni.cpp, line 520]
Event: 125108.791 Thread 0x000001484c864180 Exception <a 'sun/nio/fs/WindowsException'{0x00000000d5718df8}> (0x00000000d5718df8) 
thrown [s\src\hotspot\share\prims\jni.cpp, line 520]
Event: 125111.281 Thread 0x000001484c864180 Exception <a 'sun/nio/fs/WindowsException'{0x00000000d55c8d28}> (0x00000000d55c8d28) 
thrown [s\src\hotspot\share\prims\jni.cpp, line 520]
Event: 125112.797 Thread 0x000001484c864180 Exception <a 'sun/nio/fs/WindowsException'{0x00000000d5597658}> (0x00000000d5597658) 
thrown [s\src\hotspot\share\prims\jni.cpp, line 520]
Event: 125113.385 Thread 0x000001484c864180 Exception <a 'sun/nio/fs/WindowsException'{0x00000000d56d9e30}> (0x00000000d56d9e30) 
thrown [s\src\hotspot\share\prims\jni.cpp, line 520]
Event: 125115.144 Thread 0x000001484c864180 Exception <a 'sun/nio/fs/WindowsException'{0x00000000d5624a70}> (0x00000000d5624a70) 
thrown [s\src\hotspot\share\prims\jni.cpp, line 520]
Event: 125115.532 Thread 0x000001484c864180 Exception <a 'sun/nio/fs/WindowsException'{0x00000000d57e0e40}> (0x00000000d57e0e40) 
thrown [s\src\hotspot\share\prims\jni.cpp, line 520]
Event: 125124.758 Thread 0x000001484c864180 Exception <a 'sun/nio/fs/WindowsException'{0x00000000d592f3a8}> (0x00000000d592f3a8) 
thrown [s\src\hotspot\share\prims\jni.cpp, line 520]
Event: 125125.389 Thread 0x000001484c864180 Exception <a 'sun/nio/fs/WindowsException'{0x00000000d55847d8}> (0x00000000d55847d8) 
thrown [s\src\hotspot\share\prims\jni.cpp, line 520]
Event: 125127.153 Thread 0x000001484c864180 Exception <a 'sun/nio/fs/WindowsException'{0x00000000d55d2fe0}> (0x00000000d55d2fe0) 
thrown [s\src\hotspot\share\prims\jni.cpp, line 520]

ZGC Phase Switch (0 events):
No events

VM Operations (20 events):
Event: 125127.205 Executing VM operation: ParallelGCFailedAllocation (Allocation Failure) done
Event: 125127.207 Executing VM operation: ParallelGCFailedAllocation (Allocation Failure)
Event: 125127.210 Executing VM operation: ParallelGCFailedAllocation (Allocation Failure) done
Event: 125127.218 Executing VM operation: ParallelGCFailedAllocation (Allocation Failure)
Event: 125127.223 Executing VM operation: ParallelGCFailedAllocation (Allocation Failure) done
Event: 125127.235 Executing VM operation: ParallelGCFailedAllocation (Allocation Failure)
Event: 125127.241 Executing VM operation: ParallelGCFailedAllocation (Allocation Failure) done
Event: 125127.254 Executing VM operation: ParallelGCFailedAllocation (Allocation Failure)
Event: 125127.260 Executing VM operation: ParallelGCFailedAllocation (Allocation Failure) done
Event: 125127.270 Executing VM operation: ParallelGCFailedAllocation (Allocation Failure)
Event: 125127.275 Executing VM operation: ParallelGCFailedAllocation (Allocation Failure) done
Event: 125127.297 Executing VM operation: ParallelGCFailedAllocation (Allocation Failure)
Event: 125127.309 Executing VM operation: ParallelGCFailedAllocation (Allocation Failure) done
Event: 125127.331 Executing VM operation: ParallelGCFailedAllocation (Allocation Failure)
Event: 125127.336 Executing VM operation: ParallelGCFailedAllocation (Allocation Failure) done
Event: 125127.447 Executing VM operation: ParallelGCFailedAllocation (Allocation Failure)
Event: 125127.454 Executing VM operation: ParallelGCFailedAllocation (Allocation Failure) done
Event: 125127.544 Executing VM operation: ParallelGCFailedAllocation (Allocation Failure)
Event: 125127.553 Executing VM operation: ParallelGCFailedAllocation (Allocation Failure) done
Event: 125127.668 Executing VM operation: ParallelGCFailedAllocation (Allocation Failure)

Memory protections (0 events):
No events

Nmethod flushes (20 events):
Event: 125109.176 Thread 0x000001486d82e780 flushing  nmethod 0x00000148728cc410
Event: 125109.176 Thread 0x000001486d82e780 flushing  nmethod 0x0000014872b1bc10
Event: 125109.176 Thread 0x000001486d82e780 flushing  nmethod 0x0000014872c00410
Event: 125109.176 Thread 0x000001486d82e780 flushing  nmethod 0x0000014872c7d090
Event: 125109.176 Thread 0x000001486d82e780 flushing  nmethod 0x0000014872da1810
Event: 125109.176 Thread 0x000001486d82e780 flushing  nmethod 0x0000014872e04010
Event: 125109.176 Thread 0x000001486d82e780 flushing  nmethod 0x0000014872e2ec10
Event: 125109.176 Thread 0x000001486d82e780 flushing  nmethod 0x0000014872fe1290
Event: 125109.176 Thread 0x000001486d82e780 flushing  nmethod 0x0000014872fe1690
Event: 125109.176 Thread 0x000001486d82e780 flushing  nmethod 0x0000014872ff3910
Event: 125109.176 Thread 0x000001486d82e780 flushing  nmethod 0x00000148732c0190
Event: 125109.176 Thread 0x000001486d82e780 flushing  nmethod 0x0000014873473d10
Event: 125109.176 Thread 0x000001486d82e780 flushing  nmethod 0x000001487357a010
Event: 125109.176 Thread 0x000001486d82e780 flushing  nmethod 0x000001487358e090
Event: 125109.176 Thread 0x000001486d82e780 flushing  nmethod 0x000001487388b390
Event: 125109.176 Thread 0x000001486d82e780 flushing  nmethod 0x000001487389c410
Event: 125109.176 Thread 0x000001486d82e780 flushing  nmethod 0x0000014873aa1d10
Event: 125109.176 Thread 0x000001486d82e780 flushing  nmethod 0x0000014873bde410
Event: 125109.176 Thread 0x000001486d82e780 flushing  nmethod 0x0000014873c01110
Event: 125109.176 Thread 0x000001486d82e780 flushing  nmethod 0x0000014873c88690

Events (20 events):
Event: 124840.965 Thread 0x0000014850e2f7b0 Thread added: 0x000001484c48da40
Event: 124840.965 Thread 0x0000014850e2f7b0 Thread added: 0x000001484c491550
Event: 124840.965 Thread 0x0000014850e2f7b0 Thread added: 0x000001484c493cb0
Event: 124840.980 Thread 0x0000014850e2f7b0 Thread added: 0x000001484c492270
Event: 124841.015 Thread 0x0000014850e2f7b0 Thread added: 0x000001484c492f90
Event: 124841.382 Thread 0x000001484ffef690 Thread exited: 0x000001484ffef690
Event: 124841.765 Thread 0x00000148045caf20 Thread added: 0x000001484ffef690
Event: 124843.992 Thread 0x000001484ffef690 Thread exited: 0x000001484ffef690
Event: 124904.750 Thread 0x0000014850e311f0 Thread exited: 0x0000014850e311f0
Event: 124964.756 Thread 0x000001484c48cd20 Thread exited: 0x000001484c48cd20
Event: 125024.794 Thread 0x0000014850e31880 Thread exited: 0x0000014850e31880
Event: 125084.803 Thread 0x000001484c48edf0 Thread exited: 0x000001484c48edf0
Event: 125092.230 Thread 0x0000014850e2c9c0 Thread added: 0x000001485ab92040
Event: 125092.231 Thread 0x000001485ab92040 Thread exited: 0x000001485ab92040
Event: 125092.234 Thread 0x00000148045caf20 Thread added: 0x000001484e0031e0
Event: 125092.234 Thread 0x00000148045caf20 Thread added: 0x000001484e003f80
Event: 125092.301 Thread 0x0000014850e2c9c0 Thread added: 0x000001485ab94110
Event: 125092.304 Thread 0x000001485ab94110 Thread exited: 0x000001485ab94110
Event: 125094.571 Thread 0x000001484e003f80 Thread exited: 0x000001484e003f80
Event: 125094.571 Thread 0x000001484e0031e0 Thread exited: 0x000001484e0031e0


Dynamic libraries:
0x00007ff724cf0000 - 0x00007ff724cfe000 	c:\Users\Expertflow\.vscode\extensions\redhat.java-1.52.0-win32-x64\jre\21.0.9-win32-x86_64\bin\java.exe
0x00007fff2a3e0000 - 0x00007fff2a647000 	C:\WINDOWS\SYSTEM32\ntdll.dll
0x00007fff29530000 - 0x00007fff295f9000 	C:\WINDOWS\System32\KERNEL32.DLL
0x00007fff277d0000 - 0x00007fff27bbf000 	C:\WINDOWS\System32\KERNELBASE.dll
0x00007fff27c60000 - 0x00007fff27dab000 	C:\WINDOWS\System32\ucrtbase.dll
0x00007ffef8320000 - 0x00007ffef8338000 	c:\Users\Expertflow\.vscode\extensions\redhat.java-1.52.0-win32-x64\jre\21.0.9-win32-x86_64\bin\jli.dll
0x00007fff28b90000 - 0x00007fff28d55000 	C:\WINDOWS\System32\USER32.dll
0x00007fff27db0000 - 0x00007fff27dd7000 	C:\WINDOWS\System32\win32u.dll
0x00007fff290c0000 - 0x00007fff290eb000 	C:\WINDOWS\System32\GDI32.dll
0x00007fff27530000 - 0x00007fff2765c000 	C:\WINDOWS\System32\gdi32full.dll
0x00007fff280d0000 - 0x00007fff28173000 	C:\WINDOWS\System32\msvcp_win.dll
0x00007ffef8b30000 - 0x00007ffef8b4e000 	c:\Users\Expertflow\.vscode\extensions\redhat.java-1.52.0-win32-x64\jre\21.0.9-win32-x86_64\bin\VCRUNTIME140.dll
0x00007fff26630000 - 0x00007fff268c3000 	C:\WINDOWS\WinSxS\amd64_microsoft.windows.common-controls_6595b64144ccf1df_6.0.26100.7309_none_3e05feeae336a044\COMCTL32.dll
0x00007fff281d0000 - 0x00007fff28279000 	C:\WINDOWS\System32\msvcrt.dll
0x00007fff29610000 - 0x00007fff29641000 	C:\WINDOWS\System32\IMM32.DLL
0x00007ffef96c0000 - 0x00007ffef96cc000 	c:\Users\Expertflow\.vscode\extensions\redhat.java-1.52.0-win32-x64\jre\21.0.9-win32-x86_64\bin\vcruntime140_1.dll
0x00007ffebfa30000 - 0x00007ffebfabd000 	c:\Users\Expertflow\.vscode\extensions\redhat.java-1.52.0-win32-x64\jre\21.0.9-win32-x86_64\bin\msvcp140.dll
0x00007ffe96070000 - 0x00007ffe96e10000 	c:\Users\Expertflow\.vscode\extensions\redhat.java-1.52.0-win32-x64\jre\21.0.9-win32-x86_64\bin\server\jvm.dll
0x00007fff29300000 - 0x00007fff293b4000 	C:\WINDOWS\System32\ADVAPI32.dll
0x00007fff28370000 - 0x00007fff28416000 	C:\WINDOWS\System32\sechost.dll
0x00007fff29750000 - 0x00007fff29868000 	C:\WINDOWS\System32\RPCRT4.dll
0x00007fff28280000 - 0x00007fff282f4000 	C:\WINDOWS\System32\WS2_32.dll
0x00007fff27390000 - 0x00007fff273ee000 	C:\WINDOWS\SYSTEM32\POWRPROF.dll
0x00007fff18220000 - 0x00007fff18255000 	C:\WINDOWS\SYSTEM32\WINMM.dll
0x00007fff1afe0000 - 0x00007fff1afeb000 	C:\WINDOWS\SYSTEM32\VERSION.dll
0x00007fff27370000 - 0x00007fff27384000 	C:\WINDOWS\SYSTEM32\UMPDC.dll
0x00007fff259b0000 - 0x00007fff259cb000 	C:\WINDOWS\SYSTEM32\kernel.appcore.dll
0x00007ffef87f0000 - 0x00007ffef87fa000 	c:\Users\Expertflow\.vscode\extensions\redhat.java-1.52.0-win32-x64\jre\21.0.9-win32-x86_64\bin\jimage.dll
0x00007fff26e00000 - 0x00007fff27042000 	C:\WINDOWS\SYSTEM32\DBGHELP.DLL
0x00007fff2a010000 - 0x00007fff2a396000 	C:\WINDOWS\System32\combase.dll
0x00007fff29870000 - 0x00007fff29946000 	C:\WINDOWS\System32\OLEAUT32.dll
0x00007fff26a10000 - 0x00007fff26a4c000 	C:\WINDOWS\SYSTEM32\dbgcore.DLL
0x00007fff28020000 - 0x00007fff280c5000 	C:\WINDOWS\System32\bcryptPrimitives.dll
0x00007ffef87e0000 - 0x00007ffef87ef000 	c:\Users\Expertflow\.vscode\extensions\redhat.java-1.52.0-win32-x64\jre\21.0.9-win32-x86_64\bin\instrument.dll
0x00007ffef82d0000 - 0x00007ffef82f0000 	c:\Users\Expertflow\.vscode\extensions\redhat.java-1.52.0-win32-x64\jre\21.0.9-win32-x86_64\bin\java.dll
0x00007fff28430000 - 0x00007fff28b83000 	C:\WINDOWS\System32\SHELL32.dll
0x00007fff27660000 - 0x00007fff277ca000 	C:\WINDOWS\System32\wintypes.dll
0x00007fff246c0000 - 0x00007fff24f1e000 	C:\WINDOWS\SYSTEM32\windows.storage.dll
0x00007fff29a80000 - 0x00007fff29b75000 	C:\WINDOWS\System32\SHCORE.dll
0x00007fff28300000 - 0x00007fff28366000 	C:\WINDOWS\System32\shlwapi.dll
0x00007fff27450000 - 0x00007fff27479000 	C:\WINDOWS\SYSTEM32\profapi.dll
0x00007ffef82b0000 - 0x00007ffef82c8000 	c:\Users\Expertflow\.vscode\extensions\redhat.java-1.52.0-win32-x64\jre\21.0.9-win32-x86_64\bin\zip.dll
0x00007ffef82a0000 - 0x00007ffef82b0000 	C:\Users\Expertflow\.vscode\extensions\redhat.java-1.52.0-win32-x64\jre\21.0.9-win32-x86_64\bin\net.dll
0x00007fff1aab0000 - 0x00007fff1abd8000 	C:\WINDOWS\SYSTEM32\WINHTTP.dll
0x00007fff25ee0000 - 0x00007fff25f4b000 	C:\WINDOWS\system32\mswsock.dll
0x00007ffef8240000 - 0x00007ffef8256000 	C:\Users\Expertflow\.vscode\extensions\redhat.java-1.52.0-win32-x64\jre\21.0.9-win32-x86_64\bin\nio.dll
0x00007ffef8290000 - 0x00007ffef82a0000 	c:\Users\Expertflow\.vscode\extensions\redhat.java-1.52.0-win32-x64\jre\21.0.9-win32-x86_64\bin\verify.dll
0x00007ffef5b90000 - 0x00007ffef5bd5000 	C:\Users\Expertflow\AppData\Roaming\Code\User\globalStorage\redhat.java\1.52.0\config_win\org.eclipse.equinox.launcher\org.eclipse.equinox.launcher.win32.win32.x86_64_1.2.1500.v20260121-1430\eclipse_11919.dll
0x00007fff290f0000 - 0x00007fff29287000 	C:\WINDOWS\System32\ole32.dll
0x00007fff27050000 - 0x00007fff2706b000 	C:\WINDOWS\SYSTEM32\CRYPTSP.dll
0x00007fff25fc0000 - 0x00007fff25ffa000 	C:\WINDOWS\system32\rsaenh.dll
0x00007fff25f50000 - 0x00007fff25f7b000 	C:\WINDOWS\SYSTEM32\USERENV.dll
0x00007fff27420000 - 0x00007fff2744a000 	C:\WINDOWS\SYSTEM32\bcrypt.dll
0x00007fff26530000 - 0x00007fff2653c000 	C:\WINDOWS\SYSTEM32\CRYPTBASE.dll
0x00007fff253c0000 - 0x00007fff253f4000 	C:\WINDOWS\SYSTEM32\IPHLPAPI.DLL
0x00007fff29030000 - 0x00007fff2903a000 	C:\WINDOWS\System32\NSI.dll
0x00007ffec4900000 - 0x00007ffec4949000 	C:\Users\Expertflow\AppData\Local\Temp\jna-1918084728\jna17289486440730075133.dll
0x00007fff29600000 - 0x00007fff29608000 	C:\WINDOWS\System32\PSAPI.DLL
0x00007fff1a7c0000 - 0x00007fff1a7de000 	C:\WINDOWS\SYSTEM32\dhcpcsvc6.DLL
0x00007fff1a790000 - 0x00007fff1a7b3000 	C:\WINDOWS\SYSTEM32\dhcpcsvc.DLL
0x00007ffef7e90000 - 0x00007ffef7e9e000 	C:\Users\Expertflow\.vscode\extensions\redhat.java-1.52.0-win32-x64\jre\21.0.9-win32-x86_64\bin\sunmscapi.dll
0x00007fff27de0000 - 0x00007fff27f57000 	C:\WINDOWS\System32\CRYPT32.dll
0x00007fff265f0000 - 0x00007fff26620000 	C:\WINDOWS\SYSTEM32\ncrypt.dll
0x00007fff264e0000 - 0x00007fff2651f000 	C:\WINDOWS\SYSTEM32\NTASN1.dll
0x00007fff25400000 - 0x00007fff2552c000 	C:\WINDOWS\SYSTEM32\DNSAPI.dll
0x00007fff15fd0000 - 0x00007fff15fdb000 	C:\Windows\System32\rasadhlp.dll
0x00007fff19220000 - 0x00007fff192a6000 	C:\WINDOWS\System32\fwpuclnt.dll
0x00007ffef7e80000 - 0x00007ffef7e89000 	C:\Users\Expertflow\.vscode\extensions\redhat.java-1.52.0-win32-x64\jre\21.0.9-win32-x86_64\bin\extnet.dll
0x00007fff26c10000 - 0x00007fff26c46000 	C:\WINDOWS\SYSTEM32\ntmarta.dll

JVMTI agents:
c:\Users\Expertflow\.vscode\extensions\redhat.java-1.52.0-win32-x64\lombok\lombok-1.18.39-4050.jar path:c:\Users\Expertflow\.vscode\extensions\redhat.java-1.52.0-win32-x64\jre\21.0.9-win32-x86_64\bin\instrument.dll, loaded, initialized, instrumentlib options:none

dbghelp: loaded successfully - version: 4.0.5 - missing functions: none
symbol engine: initialized successfully - sym options: 0x614 - pdb path: .;c:\Users\Expertflow\.vscode\extensions\redhat.java-1.52.0-win32-x64\jre\21.0.9-win32-x86_64\bin;C:\WINDOWS\SYSTEM32;C:\WINDOWS\WinSxS\amd64_microsoft.windows.common-controls_6595b64144ccf1df_6.0.26100.7309_none_3e05feeae336a044;c:\Users\Expertflow\.vscode\extensions\redhat.java-1.52.0-win32-x64\jre\21.0.9-win32-x86_64\bin\server;C:\Users\Expertflow\AppData\Roaming\Code\User\globalStorage\redhat.java\1.52.0\config_win\org.eclipse.equinox.launcher\org.eclipse.equinox.launcher.win32.win32.x86_64_1.2.1500.v20260121-1430;C:\Users\Expertflow\AppData\Local\Temp\jna-1918084728

VM Arguments:
jvm_args: --add-modules=ALL-SYSTEM --add-opens=java.base/java.util=ALL-UNNAMED --add-opens=java.base/java.lang=ALL-UNNAMED --add-opens=java.base/sun.nio.fs=ALL-UNNAMED -Declipse.application=org.eclipse.jdt.ls.core.id1 -Dosgi.bundles.defaultStartLevel=4 -Declipse.product=org.eclipse.jdt.ls.core.product -Djava.import.generatesMetadataFilesAtProjectRoot=false -DDetectVMInstallationsJob.disabled=true -Dfile.encoding=utf8 -XX:+UseParallelGC -XX:GCTimeRatio=4 -XX:AdaptiveSizePolicyWeight=90 -Dsun.zip.disableMemoryMapping=true -Xmx2G -Xms100m -Xlog:disable -javaagent:c:\Users\Expertflow\.vscode\extensions\redhat.java-1.52.0-win32-x64\lombok\lombok-1.18.39-4050.jar -XX:+HeapDumpOnOutOfMemoryError -XX:HeapDumpPath=c:\Users\Expertflow\AppData\Roaming\Code\User\workspaceStorage\782133077b2946f882cd12a4b71ceda4\redhat.java -Daether.dependencyCollector.impl=bf 
java_command: c:\Users\Expertflow\.vscode\extensions\redhat.java-1.52.0-win32-x64\server\plugins\org.eclipse.equinox.launcher_1.7.100.v20251111-0406.jar -configuration c:\Users\Expertflow\AppData\Roaming\Code\User\globalStorage\redhat.java\1.52.0\config_win -data c:\Users\Expertflow\AppData\Roaming\Code\User\workspaceStorage\782133077b2946f882cd12a4b71ceda4\redhat.java\jdt_ws --pipe=\\.\pipe\lsp-2700f743dfdbef001e5af13f14b57571-sock
java_class_path (initial): c:\Users\Expertflow\.vscode\extensions\redhat.java-1.52.0-win32-x64\server\plugins\org.eclipse.equinox.launcher_1.7.100.v20251111-0406.jar
Launcher Type: SUN_STANDARD

[Global flags]
    uintx AdaptiveSizePolicyWeight                 = 90                                        {product} {command line}
     intx CICompilerCount                          = 4                                         {product} {ergonomic}
    uintx GCTimeRatio                              = 4                                         {product} {command line}
     bool HeapDumpOnOutOfMemoryError               = true                                   {manageable} {command line}
    ccstr HeapDumpPath                             = c:\Users\Expertflow\AppData\Roaming\Code\User\workspaceStorage\782133077b2946f882cd12a4b71ceda4\redhat.java         {manageable} {command line}
   size_t InitialHeapSize                          = 104857600                                 {product} {command line}
   size_t MaxHeapSize                              = 2147483648                                {product} {command line}
   size_t MaxNewSize                               = 715653120                                 {product} {ergonomic}
   size_t MinHeapDeltaBytes                        = 524288                                    {product} {ergonomic}
   size_t MinHeapSize                              = 104857600                                 {product} {command line}
   size_t NewSize                                  = 34603008                                  {product} {ergonomic}
    uintx NonNMethodCodeHeapSize                   = 5839372                                {pd product} {ergonomic}
    uintx NonProfiledCodeHeapSize                  = 122909434                              {pd product} {ergonomic}
   size_t OldSize                                  = 70254592                                  {product} {ergonomic}
    uintx ProfiledCodeHeapSize                     = 122909434                              {pd product} {ergonomic}
    uintx ReservedCodeCacheSize                    = 251658240                              {pd product} {ergonomic}
     bool SegmentedCodeCache                       = true                                      {product} {ergonomic}
   size_t SoftMaxHeapSize                          = 2147483648                             {manageable} {ergonomic}
     bool UseCompressedOops                        = true                           {product lp64_product} {ergonomic}
     bool UseLargePagesIndividualAllocation        = false                                  {pd product} {ergonomic}
     bool UseParallelGC                            = true                                      {product} {command line}

Logging:
Log output configuration:
 #0: stdout all=off uptime,level,tags foldmultilines=false
 #1: stderr all=off uptime,level,tags foldmultilines=false

Release file:
JAVA_VERSION="21.0.9" 
MODULES="java.base java.compiler java.datatransfer java.xml java.prefs java.desktop java.instrument java.logging java.management java.security.sasl java.naming java.rmi java.management.rmi java.net.http java.scripting java.security.jgss java.transaction.xa java.sql java.sql.rowset java.xml.crypto java.se java.smartcardio jdk.accessibility jdk.internal.jvmstat jdk.attach jdk.charsets jdk.internal.opt jdk.zipfs jdk.compiler jdk.crypto.ec jdk.crypto.cryptoki jdk.crypto.mscapi jdk.dynalink jdk.internal.ed jdk.editpad jdk.hotspot.agent jdk.httpserver jdk.internal.le jdk.internal.vm.ci jdk.internal.vm.compiler jdk.internal.vm.compiler.management jdk.jartool jdk.javadoc jdk.jcmd jdk.management jdk.management.agent jdk.jconsole jdk.jdeps jdk.jdwp.agent jdk.jdi jdk.jfr jdk.jshell jdk.jsobject jdk.jstatd jdk.localedata jdk.management.jfr jdk.naming.dns jdk.naming.rmi jdk.net jdk.nio.mapmode jdk.random jdk.sctp jdk.security.auth jdk.security.jgss jdk.unsupported jdk.unsupported.desktop jdk.xml.dom" 

Environment Variables:
PATH=C:\Program Files\Common Files\Oracle\Java\javapath;C:\WINDOWS\system32;C:\WINDOWS;C:\WINDOWS\System32\Wbem;C:\WINDOWS\System32\WindowsPowerShell\v1.0\;C:\WINDOWS\System32\OpenSSH\;C:\Program Files\Java\jdk-17\bin;C:\Users\Expertflow\.dnx\bin;C:\Program Files\Microsoft DNX\Dnvm\;C:\Program Files\Microsoft SQL Server\120\Tools\Binn\;C:\Program Files\Microsoft SQL Server\130\Tools\Binn\;C:\Program Files\Git\cmd;C:\Program Files\nodejs\;C:\Program Files\Docker\Docker\resources\bin;C:\Program Files\apache-maven-3.9.11-bin\apache-maven-3.9.11\bin;C:\Users\Expertflow\AppData\Local\Microsoft\WindowsApps;C:\Users\Expertflow\AppData\Local\Programs\Microsoft VS Code\bin;C:\Users\Expertflow\AppData\Roaming\npm;C:\Users\Expertflow\AppData\Local\Programs\Antigravity\bin
USERNAME=Expertflow
OS=Windows_NT
PROCESSOR_IDENTIFIER=Intel64 Family 6 Model 158 Stepping 9, GenuineIntel
TMP=C:\Users\EXPERT~1\AppData\Local\Temp
TEMP=C:\Users\EXPERT~1\AppData\Local\Temp




Periodic native trim disabled

---------------  S Y S T E M  ---------------

OS:
 Windows 11 , 64 bit Build 26100 (10.0.26100.7623)
OS uptime: 3 days 4:44 hours
Hyper-V role detected

CPU: total 8 (initial active 8) (4 cores per cpu, 2 threads per core) family 6 model 158 stepping 9 microcode 0xf8, cx8, cmov, fxsr, ht, mmx, 3dnowpref, sse, sse2, sse3, ssse3, sse4.1, sse4.2, popcnt, lzcnt, tsc, tscinvbit, avx, avx2, aes, erms, clmul, bmi1, bmi2, rtm, adx, fma, vzeroupper, clflush, clflushopt, hv, rdtscp, f16c
Processor Information for processor 0
  Max Mhz: 2904, Current Mhz: 2904, Mhz Limit: 2904
Processor Information for processor 1
  Max Mhz: 2904, Current Mhz: 1502, Mhz Limit: 2904
Processor Information for processor 2
  Max Mhz: 2904, Current Mhz: 2904, Mhz Limit: 2904
Processor Information for processor 3
  Max Mhz: 2904, Current Mhz: 2904, Mhz Limit: 2904
Processor Information for processor 4
  Max Mhz: 2904, Current Mhz: 1502, Mhz Limit: 2904
Processor Information for processor 5
  Max Mhz: 2904, Current Mhz: 1502, Mhz Limit: 2904
Processor Information for processor 6
  Max Mhz: 2904, Current Mhz: 1502, Mhz Limit: 2904
Processor Information for processor 7
  Max Mhz: 2904, Current Mhz: 1502, Mhz Limit: 2904

Memory: 4k page, system-wide physical 16259M (1879M free)
TotalPageFile size 33886M (AvailPageFile size 3126M)
current process WorkingSet (physical memory assigned to process): 1486M, peak: 1705M
current process commit charge ("private bytes"): 1587M, peak: 1940M

vm_info: OpenJDK 64-Bit Server VM (21.0.9+10-LTS) for windows-amd64 JRE (21.0.9+10-LTS), built on 2025-10-21T00:00:00Z by "admin" with unknown MS VC++:1942

END.
