#
# A fatal error has been detected by the Java Runtime Environment:
#
#  EXCEPTION_ILLEGAL_INSTRUCTION (0xc000001d) at pc=0x000002af004480af, pid=24844, tid=29216
#
# JRE version: Java(TM) SE Runtime Environment (17.0.12+8) (build 17.0.12+8-LTS-286)
# Java VM: Java HotSpot(TM) 64-Bit Server VM (17.0.12+8-LTS-286, mixed mode, emulated-client, sharing, tiered, compressed oops, compressed class ptrs, g1 gc, windows-amd64)
# Problematic frame:
# J 21871 c1 java.time.Instant.isSupported(Ljava/time/temporal/TemporalField;)Z java.base@17.0.12 (61 bytes) @ 0x000002af004480af [0x000002af00448040+0x000000000000006f]
#
# No core dump will be written. Minidumps are not enabled by default on client versions of Windows
#
# If you would like to submit a bug report, please visit:
#   https://bugreport.java.com/bugreport/crash.jsp
#

---------------  S U M M A R Y ------------

Command Line: -agentlib:jdwp=transport=dt_socket,address=127.0.0.1:15649,suspend=y,server=n -javaagent:C:\Users\Expertflow\AppData\Local\JetBrains\IntelliJIdea2025.2\captureAgent\debugger-agent.jar=file:///C:/Users/EXPERT~1/AppData/Local/Temp/capture16631886251976842251.props -agentpath:C:\Users\Expertflow\AppData\Local\Temp\idea_libasyncProfiler_dll_temp_folder11\libasyncProfiler.dll=version,jfr,event=wall,interval=10ms,cstack=no,file=C:\Users\Expertflow\IdeaSnapshots\ESchoolApplication_2025_12_14_020531.jfr,dbghelppath=C:\Users\Expertflow\AppData\Local\Temp\idea_dbghelp_dll_temp_folder88173\dbghelp.dll,log=C:\Users\Expertflow\AppData\Local\Temp\ESchoolApplication_2025_12_14_020531.jfr.log.txt,logLevel=DEBUG -XX:TieredStopAtLevel=1 -Dspring.output.ansi.enabled=always -Dcom.sun.management.jmxremote -Dspring.jmx.enabled=true -Dspring.liveBeansView.mbeanDomain -Dspring.application.admin.enabled=true -Dmanagement.endpoints.jmx.exposure.include=* -Dkotlinx.coroutines.debug.enable.creation.stack.trace=false -Ddebugger.agent.enable.coroutines=true -Dkotlinx.coroutines.debug.enable.flows.stack.trace=true -Dkotlinx.coroutines.debug.enable.mutable.state.flows.stack.trace=true -Dfile.encoding=UTF-8 com.smartsolutions.eschool.ESchoolApplication

Host: Intel(R) Core(TM) i7-7820HQ CPU @ 2.90GHz, 8 cores, 15G,  Windows 11 , 64 bit Build 26100 (10.0.26100.7309)
Time: Sun Dec 14 04:28:50 2025 Pakistan Standard Time elapsed time: 8598.797312 seconds (0d 2h 23m 18s)

---------------  T H R E A D  ---------------

Current thread (0x000002af598a3140):  JavaThread "restartedMain" [_thread_in_Java, id=29216, stack(0x000000fd13900000,0x000000fd13a00000)]

Stack: [0x000000fd13900000,0x000000fd13a00000],  sp=0x000000fd139f5750,  free space=981k
Native frames: (J=compiled Java code, j=interpreted, Vv=VM code, C=native code)
C  0x000002af004480af


siginfo: EXCEPTION_ILLEGAL_INSTRUCTION (0xc000001d)


Registers:
RAX=0x000002af0f126aa8, RBX=0x0000000000000000, RCX=0x0000000000000000, RDX=0x000000070b29bc88
RSP=0x000000fd139f5750, RBP=0x000000fd139f68d8, RSI=0x000002af4fba4d40, RDI=0x000002af0f126aa8
R8 =0x000000070292bff8, R9 =0x000000070b29bca0, R10=0x000002af0e000000, R11=0x000002af0e000000
R12=0x0000000000000000, R13=0x0000000000000072, R14=0x000000fd139f6100, R15=0x000002af598a3140
RIP=0x000002af004480af, EFLAGS=0x0000000000010246


Register to memory mapping:

RIP=0x000002af004480af is at entry_point+111 in (nmethod*)0x000002af00447e90
Compiled method (c1) 8598826 21871       1       java.time.Instant::isSupported (61 bytes)
 total in heap  [0x000002af00447e90,0x000002af004483c8] = 1336
 relocation     [0x000002af00447fe8,0x000002af00448030] = 72
 main code      [0x000002af00448040,0x000002af00448220] = 480
 stub code      [0x000002af00448220,0x000002af00448268] = 72
 metadata       [0x000002af00448268,0x000002af00448270] = 8
 scopes data    [0x000002af00448270,0x000002af004482d0] = 96
 scopes pcs     [0x000002af004482d0,0x000002af004483c0] = 240
 dependencies   [0x000002af004483c0,0x000002af004483c8] = 8
RAX=0x000002af0f126aa8 is a pointer to class: 
java.time.temporal.ChronoField {0x000002af0f126ab0}
 - instance size:     5
 - klass size:        87
 - access:            public final synchronized 
 - state:             fully_initialized
 - name:              'java/time/temporal/ChronoField'
 - super:             'java/lang/Enum'
 - sub:               
 - arrays:            'java/time/temporal/ChronoField'[]
 - methods:           Array<T>(0x000002af4f9bd378)
 - method ordering:   Array<T>(0x000002af4f9be6f0)
 - default_methods:   Array<T>(0x000002af4f9be740)
 - default vtable indices:   Array<T>(0x000002af4f9be750)
 - local interfaces:  Array<T>(0x000002af4f9bd1b0)
 - trans. interfaces: Array<T>(0x000002af4f9be6c8)
 - constants:         constant pool [506] {0x000002af4f9bc110} for 'java/time/temporal/ChronoField' cache=0x000002af4f9be7d0
 - class loader data:  loader data: 0x000002af75c76f20 of 'bootstrap'
 - source file:       'ChronoField.java'
 - class annotations:       Array<T>(0x0000000000000000)
 - class type annotations:  Array<T>(0x0000000000000000)
 - field annotations:       Array<T>(0x0000000000000000)
 - field type annotations:  Array<T>(0x0000000000000000)
 - generic signature: 'Ljava/lang/Enum<Ljava/time/temporal/ChronoField;>;Ljava/time/temporal/TemporalField;'
 - inner classes:     Array<T>(0x000002af0e5d1e80)
 - nest members:     Array<T>(0x000002af0e5d1e80)
 - permitted subclasses:     Array<T>(0x000002af0e5d1e80)
 - java mirror:       a 'java/lang/Class'{0x0000000702b81c98} = 'java/time/temporal/ChronoField'
 - vtable length      7  (start addr: 0x000002af0f126c70)
 - itable length      22 (start addr: 0x000002af0f126ca8)
 - ---- static fields (16 words):
 - public static final 'NANO_OF_SECOND' 'Ljava/time/temporal/ChronoField;' @112 
 - public static final 'NANO_OF_DAY' 'Ljava/time/temporal/ChronoField;' @116 
 - public static final 'MICRO_OF_SECOND' 'Ljava/time/temporal/ChronoField;' @120 
 - public static final 'MICRO_OF_DAY' 'Ljava/time/temporal/ChronoField;' @124 
 - public static final 'MILLI_OF_SECOND' 'Ljava/time/temporal/ChronoField;' @128 
 - public static final 'MILLI_OF_DAY' 'Ljava/time/temporal/ChronoField;' @132 
 - public static final 'SECOND_OF_MINUTE' 'Ljava/time/temporal/ChronoField;' @136 
 - public static final 'SECOND_OF_DAY' 'Ljava/time/temporal/ChronoField;' @140 
 - public static final 'MINUTE_OF_HOUR' 'Ljava/time/temporal/ChronoField;' @144 
 - public static final 'MINUTE_OF_DAY' 'Ljava/time/temporal/ChronoField;' @148 
 - public static final 'HOUR_OF_AMPM' 'Ljava/time/temporal/ChronoField;' @152 
 - public static final 'CLOCK_HOUR_OF_AMPM' 'Ljava/time/temporal/ChronoField;' @156 
 - public static final 'HOUR_OF_DAY' 'Ljava/time/temporal/ChronoField;' @160 
 - public static final 'CLOCK_HOUR_OF_DAY' 'Ljava/time/temporal/ChronoField;' @164 
 - public static final 'AMPM_OF_DAY' 'Ljava/time/temporal/ChronoField;' @168 
 - public static final 'DAY_OF_WEEK' 'Ljava/time/temporal/ChronoField;' @172 
 - public static final 'ALIGNED_DAY_OF_WEEK_IN_MONTH' 'Ljava/time/temporal/ChronoField;' @176 
 - public static final 'ALIGNED_DAY_OF_WEEK_IN_YEAR' 'Ljava/time/temporal/ChronoField;' @180 
 - public static final 'DAY_OF_MONTH' 'Ljava/time/temporal/ChronoField;' @184 
 - public static final 'DAY_OF_YEAR' 'Ljava/time/temporal/ChronoField;' @188 
 - public static final 'EPOCH_DAY' 'Ljava/time/temporal/ChronoField;' @192 
 - public static final 'ALIGNED_WEEK_OF_MONTH' 'Ljava/time/temporal/ChronoField;' @196 
 - public static final 'ALIGNED_WEEK_OF_YEAR' 'Ljava/time/temporal/ChronoField;' @200 
 - public static final 'MONTH_OF_YEAR' 'Ljava/time/temporal/ChronoField;' @204 
 - public static final 'PROLEPTIC_MONTH' 'Ljava/time/temporal/ChronoField;' @208 
 - public static final 'YEAR_OF_ERA' 'Ljava/time/temporal/ChronoField;' @212 
 - public static final 'YEAR' 'Ljava/time/temporal/ChronoField;' @216 
 - public static final 'ERA' 'Ljava/time/temporal/ChronoField;' @220 
 - public static final 'INSTANT_SECONDS' 'Ljava/time/temporal/ChronoField;' @224 
 - public static final 'OFFSET_SECONDS' 'Ljava/time/temporal/ChronoField;' @228 
 - private static final synthetic '$VALUES' '[Ljava/time/temporal/ChronoField;' @232 
 - ---- non-static fields (7 words):
 - private final 'ordinal' 'I' @12 
 - private final 'name' 'Ljava/lang/String;' @16 
 - private final 'name' 'Ljava/lang/String;' @20 
 - private final 'baseUnit' 'Ljava/time/temporal/TemporalUnit;' @24 
 - private final 'rangeUnit' 'Ljava/time/temporal/TemporalUnit;' @28 
 - private final 'range' 'Ljava/time/temporal/ValueRange;' @32 
 - private final 'displayNameKey' 'Ljava/lang/String;' @36 
 - non-static oop maps: 16-36 
RBX=0x0 is NULL
RCX=0x0 is NULL
RDX=0x000000070b29bc88 is an oop: java.time.Instant 
{0x000000070b29bc88} - klass: 'java/time/Instant'
 - ---- fields (total size 3 words):
 - private final 'nanos' 'I' @12  568000000 (21dafe00)
 - private final 'seconds' 'J' @16  1765668530 (693df6b2 0)
RSP=0x000000fd139f5750 is pointing into the stack for thread: 0x000002af598a3140
RBP=0x000000fd139f68d8 is pointing into the stack for thread: 0x000002af598a3140
RSI=0x000002af4fba4d40 is pointing into metadata
RDI=0x000002af0f126aa8 is a pointer to class: 
java.time.temporal.ChronoField {0x000002af0f126ab0}
 - instance size:     5
 - klass size:        87
 - access:            public final synchronized 
 - state:             fully_initialized
 - name:              'java/time/temporal/ChronoField'
 - super:             'java/lang/Enum'
 - sub:               
 - arrays:            'java/time/temporal/ChronoField'[]
 - methods:           Array<T>(0x000002af4f9bd378)
 - method ordering:   Array<T>(0x000002af4f9be6f0)
 - default_methods:   Array<T>(0x000002af4f9be740)
 - default vtable indices:   Array<T>(0x000002af4f9be750)
 - local interfaces:  Array<T>(0x000002af4f9bd1b0)
 - trans. interfaces: Array<T>(0x000002af4f9be6c8)
 - constants:         constant pool [506] {0x000002af4f9bc110} for 'java/time/temporal/ChronoField' cache=0x000002af4f9be7d0
 - class loader data:  loader data: 0x000002af75c76f20 of 'bootstrap'
 - source file:       'ChronoField.java'
 - class annotations:       Array<T>(0x0000000000000000)
 - class type annotations:  Array<T>(0x0000000000000000)
 - field annotations:       Array<T>(0x0000000000000000)
 - field type annotations:  Array<T>(0x0000000000000000)
 - generic signature: 'Ljava/lang/Enum<Ljava/time/temporal/ChronoField;>;Ljava/time/temporal/TemporalField;'
 - inner classes:     Array<T>(0x000002af0e5d1e80)
 - nest members:     Array<T>(0x000002af0e5d1e80)
 - permitted subclasses:     Array<T>(0x000002af0e5d1e80)
 - java mirror:       a 'java/lang/Class'{0x0000000702b81c98} = 'java/time/temporal/ChronoField'
 - vtable length      7  (start addr: 0x000002af0f126c70)
 - itable length      22 (start addr: 0x000002af0f126ca8)
 - ---- static fields (16 words):
 - public static final 'NANO_OF_SECOND' 'Ljava/time/temporal/ChronoField;' @112 
 - public static final 'NANO_OF_DAY' 'Ljava/time/temporal/ChronoField;' @116 
 - public static final 'MICRO_OF_SECOND' 'Ljava/time/temporal/ChronoField;' @120 
 - public static final 'MICRO_OF_DAY' 'Ljava/time/temporal/ChronoField;' @124 
 - public static final 'MILLI_OF_SECOND' 'Ljava/time/temporal/ChronoField;' @128 
 - public static final 'MILLI_OF_DAY' 'Ljava/time/temporal/ChronoField;' @132 
 - public static final 'SECOND_OF_MINUTE' 'Ljava/time/temporal/ChronoField;' @136 
 - public static final 'SECOND_OF_DAY' 'Ljava/time/temporal/ChronoField;' @140 
 - public static final 'MINUTE_OF_HOUR' 'Ljava/time/temporal/ChronoField;' @144 
 - public static final 'MINUTE_OF_DAY' 'Ljava/time/temporal/ChronoField;' @148 
 - public static final 'HOUR_OF_AMPM' 'Ljava/time/temporal/ChronoField;' @152 
 - public static final 'CLOCK_HOUR_OF_AMPM' 'Ljava/time/temporal/ChronoField;' @156 
 - public static final 'HOUR_OF_DAY' 'Ljava/time/temporal/ChronoField;' @160 
 - public static final 'CLOCK_HOUR_OF_DAY' 'Ljava/time/temporal/ChronoField;' @164 
 - public static final 'AMPM_OF_DAY' 'Ljava/time/temporal/ChronoField;' @168 
 - public static final 'DAY_OF_WEEK' 'Ljava/time/temporal/ChronoField;' @172 
 - public static final 'ALIGNED_DAY_OF_WEEK_IN_MONTH' 'Ljava/time/temporal/ChronoField;' @176 
 - public static final 'ALIGNED_DAY_OF_WEEK_IN_YEAR' 'Ljava/time/temporal/ChronoField;' @180 
 - public static final 'DAY_OF_MONTH' 'Ljava/time/temporal/ChronoField;' @184 
 - public static final 'DAY_OF_YEAR' 'Ljava/time/temporal/ChronoField;' @188 
 - public static final 'EPOCH_DAY' 'Ljava/time/temporal/ChronoField;' @192 
 - public static final 'ALIGNED_WEEK_OF_MONTH' 'Ljava/time/temporal/ChronoField;' @196 
 - public static final 'ALIGNED_WEEK_OF_YEAR' 'Ljava/time/temporal/ChronoField;' @200 
 - public static final 'MONTH_OF_YEAR' 'Ljava/time/temporal/ChronoField;' @204 
 - public static final 'PROLEPTIC_MONTH' 'Ljava/time/temporal/ChronoField;' @208 
 - public static final 'YEAR_OF_ERA' 'Ljava/time/temporal/ChronoField;' @212 
 - public static final 'YEAR' 'Ljava/time/temporal/ChronoField;' @216 
 - public static final 'ERA' 'Ljava/time/temporal/ChronoField;' @220 
 - public static final 'INSTANT_SECONDS' 'Ljava/time/temporal/ChronoField;' @224 
 - public static final 'OFFSET_SECONDS' 'Ljava/time/temporal/ChronoField;' @228 
 - private static final synthetic '$VALUES' '[Ljava/time/temporal/ChronoField;' @232 
 - ---- non-static fields (7 words):
 - private final 'ordinal' 'I' @12 
 - private final 'name' 'Ljava/lang/String;' @16 
 - private final 'name' 'Ljava/lang/String;' @20 
 - private final 'baseUnit' 'Ljava/time/temporal/TemporalUnit;' @24 
 - private final 'rangeUnit' 'Ljava/time/temporal/TemporalUnit;' @28 
 - private final 'range' 'Ljava/time/temporal/ValueRange;' @32 
 - private final 'displayNameKey' 'Ljava/lang/String;' @36 
 - non-static oop maps: 16-36 
R8 =0x000000070292bff8 is an oop: java.time.temporal.ChronoField 
{0x000000070292bff8} - klass: 'java/time/temporal/ChronoField'
 - ---- fields (total size 5 words):
 - private final 'ordinal' 'I' @12  28 (1c)
 - private final 'name' 'Ljava/lang/String;' @16  "INSTANT_SECONDS"{0x0000000702a03eb8} (e05407d7)
 - private final 'name' 'Ljava/lang/String;' @20  "InstantSeconds"{0x0000000702a03ef0} (e05407de)
 - private final 'baseUnit' 'Ljava/time/temporal/TemporalUnit;' @24  a 'java/time/temporal/ChronoUnit'{0x00000007028013b0} (e0500276)
 - private final 'rangeUnit' 'Ljava/time/temporal/TemporalUnit;' @28  a 'java/time/temporal/ChronoUnit'{0x000000070280a568} (e05014ad)
 - private final 'range' 'Ljava/time/temporal/ValueRange;' @32  a 'java/time/temporal/ValueRange'{0x0000000702a03f28} (e05407e5)
 - private final 'displayNameKey' 'Ljava/lang/String;' @36  NULL (0)
R9 =0x000000070b29bca0 is an oop: java.lang.StringBuilder 
{0x000000070b29bca0} - klass: 'java/lang/StringBuilder'
 - ---- fields (total size 3 words):
 - 'count' 'I' @12  0
 - 'coder' 'B' @16  0
 - 'value' '[B' @20  [B{0x000000070b29bcb8} (e1653797)
R10=0x000002af0e000000 is pointing into metadata
R11=0x000002af0e000000 is pointing into metadata
R12=0x0 is NULL
R13=0x0000000000000072 is an unknown value
R14=0x000000fd139f6100 is pointing into the stack for thread: 0x000002af598a3140
R15=0x000002af598a3140 is a thread


Top of Stack: (sp=0x000000fd139f5750)
0x000000fd139f5750:   000002af598a3140 000000004f00f838
0x000000fd139f5760:   000000004f00f8a8 0000000000000001
0x000000fd139f5770:   000000fd139f58e8 00007ffb16b81758
0x000000fd139f5780:   0000000000000000 000000fd51412d68
0x000000fd139f5790:   000000fd139f68d8 000002af02758e64
0x000000fd139f57a0:   000002af576224e0 000002af576224f0
0x000000fd139f57b0:   000002af576228c8 00000000000003d8
0x000000fd139f57c0:   000000fd139f5960 000000004f00f250
0x000000fd139f57d0:   000000fd139f5980 00000000ffffffff
0x000000fd139f57e0:   000000004f00f8e0 000002af4f8e2878
0x000000fd139f57f0:   000000fd13000000 0000000000000001
0x000000fd139f5800:   000028f30ad341bb 0000000000000000
0x000000fd139f5810:   0000000000008000 000000005141ff20
0x000000fd139f5820:   000002af0eb6128b 000000004f00efe8
0x000000fd139f5830:   000000fd139f5920 00007ffb16611720
0x000000fd139f5840:   0000000000000000 000002af0e454690 

Instructions: (pc=0x000002af004480af)
0x000002af00447faf:   00 38 05 00 00 38 05 00 00 38 05 00 00 30 00 00
0x000002af00447fbf:   00 6f 55 00 00 01 00 00 00 00 00 00 00 02 00 00
0x000002af00447fcf:   00 00 00 00 00 37 00 00 00 60 00 00 00 06 00 00
0x000002af00447fdf:   00 ff ff ff ff ff ff ff ff 14 60 3d c0 41 10 13
0x000002af00447fef:   10 13 10 0a f0 3f 24 2a b0 18 10 25 b0 16 64 58
0x000002af00447fff:   f0 05 80 11 64 31 f0 05 80 11 64 29 64 17 00 01
0x000002af0044800f:   f8 13 ff 05 50 00 c0 0a 64 05 64 03 f8 b6 16 90
0x000002af0044801f:   f0 fb 7f 05 70 0e 60 01 f8 2e ff 0e 90 0c 64 00
0x000002af0044802f:   00 d3 4c 3b d0 0f 85 46 4a c0 ff 66 0f 1f 44 00
0x000002af0044803f:   00 44 8b 52 08 49 bb 00 00 00 0e af 02 00 00 4d
0x000002af0044804f:   03 d3 4c 3b d0 0f 85 26 4a c0 ff 66 0f 1f 44 00
0x000002af0044805f:   00 89 84 24 00 90 ff ff 55 48 83 ec 40 48 be 40
0x000002af0044806f:   4d ba 4f af 02 00 00 8b 7e 1c ff cf 89 7e 1c 83
0x000002af0044807f:   ff 00 0f 8e 25 01 00 00 49 83 f8 00 0f 84 29 00
0x000002af0044808f:   00 00 48 b8 a8 6a 12 0f af 02 00 00 41 8b 78 08
0x000002af0044809f:   49 ba 00 00 00 0e af 02 00 00 49 03 fa 48 3b c7
0x000002af004480af:   2f 85 05 00 00 00 e9 05 00 00 00 48 33 f6 eb 0a
0x000002af004480bf:   48 be 01 00 00 00 00 00 00 00 83 fe 00 0f 84 3e
0x000002af004480cf:   00 00 00 48 ba f8 bf 92 02 07 00 00 00 4c 3b c2
0x000002af004480df:   0f 84 8a 00 00 00 48 ba 80 12 80 02 07 00 00 00
0x000002af004480ef:   4c 3b c2 0f 84 77 00 00 00 48 ba 50 3d a0 02 07
0x000002af004480ff:   00 00 00 4c 3b c2 0f 84 64 00 00 00 e9 69 00 00
0x000002af0044810f:   00 49 83 f8 00 0f 84 3a 00 00 00 49 8b f0 4c 8b
0x000002af0044811f:   c2 48 89 54 24 28 48 8b d6 48 89 74 24 20 48 b8
0x000002af0044812f:   ff ff ff ff ff ff ff ff e8 44 4f c0 ff 83 f8 00
0x000002af0044813f:   b8 00 00 00 00 0f 84 05 00 00 00 b8 01 00 00 00
0x000002af0044814f:   e9 05 00 00 00 b8 00 00 00 00 83 e0 01 48 83 c4
0x000002af0044815f:   40 5d 49 3b a7 48 03 00 00 0f 87 4b 00 00 00 c3
0x000002af0044816f:   b8 01 00 00 00 e9 1d 00 00 00 48 b8 d8 22 a0 02
0x000002af0044817f:   07 00 00 00 4c 3b c0 b8 00 00 00 00 0f 85 05 00
0x000002af0044818f:   00 00 b8 01 00 00 00 83 e0 01 48 83 c4 40 5d 49
0x000002af0044819f:   3b a7 48 03 00 00 0f 87 24 00 00 00 c3 48 c7 04 


Stack slot to memory mapping:
stack at sp + 0 slots: 0x000002af598a3140 is a thread
stack at sp + 1 slots: 0x000000004f00f838 is an unknown value
stack at sp + 2 slots: 0x000000004f00f8a8 is an unknown value
stack at sp + 3 slots: 0x0000000000000001 is an unknown value
stack at sp + 4 slots: 0x000000fd139f58e8 is pointing into the stack for thread: 0x000002af598a3140
stack at sp + 5 slots: 0x00007ffb16b81758 jvm.dll
stack at sp + 6 slots: 0x0 is NULL
stack at sp + 7 slots: 0x000000fd51412d68 is an unknown value


Compiled method (c1) 8598889 21871       1       java.time.Instant::isSupported (61 bytes)
 total in heap  [0x000002af00447e90,0x000002af004483c8] = 1336
 relocation     [0x000002af00447fe8,0x000002af00448030] = 72
 main code      [0x000002af00448040,0x000002af00448220] = 480
 stub code      [0x000002af00448220,0x000002af00448268] = 72
 metadata       [0x000002af00448268,0x000002af00448270] = 8
 scopes data    [0x000002af00448270,0x000002af004482d0] = 96
 scopes pcs     [0x000002af004482d0,0x000002af004483c0] = 240
 dependencies   [0x000002af004483c0,0x000002af004483c8] = 8

[Constant Pool (empty)]

[MachCode]
[Entry Point]
  # {method} {0x000002af4fb98050} 'isSupported' '(Ljava/time/temporal/TemporalField;)Z' in 'java/time/Instant'
  # this:     rdx:rdx   = 'java/time/Instant'
  # parm0:    r8:r8     = 'java/time/temporal/TemporalField'
  #           [sp+0x50]  (sp of caller)
  0x000002af00448040: 448b 5208 | 49bb 0000 | 000e af02 | 0000 4d03 | d34c 3bd0 

  0x000002af00448054: ;   {runtime_call ic_miss_stub}
  0x000002af00448054: 0f85 264a | c0ff 660f | 1f44 0000 
[Verified Entry Point]
  0x000002af00448060: 8984 2400 | 90ff ff55 | 4883 ec40 | 48be 404d | ba4f af02 | 0000 8b7e | 1cff cf89 | 7e1c 83ff 
  0x000002af00448080: 000f 8e25 

  0x000002af00448084: ;*aload_1 {reexecute=0 rethrow=0 return_oop=0}
                      ; - java.time.Instant::isSupported@0 (line 460)
  0x000002af00448084: 0100 0049 | 83f8 000f | 8429 0000 

  0x000002af00448090: ;   {metadata('java/time/temporal/ChronoField')}
  0x000002af00448090: 0048 b8a8 | 6a12 0faf | 0200 0041 | 8b78 0849 | ba00 0000 | 0eaf 0200 | 0049 03fa | 483b c72f 
  0x000002af004480b0: 8505 0000 | 00e9 0500 | 0000 4833 | f6eb 0a48 | be01 0000 | 0000 0000 

  0x000002af004480c8: ;*instanceof {reexecute=0 rethrow=0 return_oop=0}
                      ; - java.time.Instant::isSupported@1 (line 460)
  0x000002af004480c8: 0083 fe00 | 0f84 3e00 

  0x000002af004480d0: ;*ifeq {reexecute=0 rethrow=0 return_oop=0}
                      ; - java.time.Instant::isSupported@4 (line 460)
                      ;   {oop(a 'java/time/temporal/ChronoField'{0x000000070292bff8})}
  0x000002af004480d0: 0000 48ba | f8bf 9202 | 0700 0000 | 4c3b c20f | 848a 0000 

  0x000002af004480e4: ;*if_acmpeq {reexecute=0 rethrow=0 return_oop=0}
                      ; - java.time.Instant::isSupported@11 (line 461)
                      ;   {oop(a 'java/time/temporal/ChronoField'{0x0000000702801280})}
  0x000002af004480e4: 0048 ba80 | 1280 0207 | 0000 004c | 3bc2 0f84 

  0x000002af004480f4: ;*if_acmpeq {reexecute=0 rethrow=0 return_oop=0}
                      ; - java.time.Instant::isSupported@18 (line 461)
  0x000002af004480f4: 7700 0000 

  0x000002af004480f8: ;   {oop(a 'java/time/temporal/ChronoField'{0x0000000702a03d50})}
  0x000002af004480f8: 48ba 503d | a002 0700 | 0000 4c3b | c20f 8464 | 0000 00e9 

  0x000002af0044810c: ;*if_acmpeq {reexecute=0 rethrow=0 return_oop=0}
                      ; - java.time.Instant::isSupported@25 (line 461)
  0x000002af0044810c: 6900 0000 | 4983 f800 | 0f84 3a00 

  0x000002af00448118: ;*ifnull {reexecute=0 rethrow=0 return_oop=0}
                      ; - java.time.Instant::isSupported@42 (line 463)
  0x000002af00448118: 0000 498b | f04c 8bc2 | 4889 5424 

  0x000002af00448124: ;*invokeinterface isSupportedBy {reexecute=0 rethrow=0 return_oop=0}
                      ; - java.time.Instant::isSupported@47 (line 463)
  0x000002af00448124: 2848 8bd6 | 4889 7424 | 2048 b8ff | ffff ffff 

  0x000002af00448134: ;   {virtual_call}
  0x000002af00448134: ffff ffe8 

  0x000002af00448138: ; ImmutableOopMap {[32]=Oop [40]=Oop }
                      ;*invokeinterface isSupportedBy {reexecute=0 rethrow=0 return_oop=0}
                      ; - java.time.Instant::isSupported@47 (line 463)
  0x000002af00448138: 444f c0ff | 83f8 00b8 | 0000 0000 | 0f84 0500 | 0000 b801 | 0000 00e9 

  0x000002af00448150: ;*ifeq {reexecute=0 rethrow=0 return_oop=0}
                      ; - java.time.Instant::isSupported@52 (line 463)
  0x000002af00448150: 0500 0000 | b800 0000 | 0083 e001 | 4883 c440 

  0x000002af00448160: ;   {poll_return}
  0x000002af00448160: 5d49 3ba7 | 4803 0000 | 0f87 4b00 

  0x000002af0044816c: ;*ireturn {reexecute=0 rethrow=0 return_oop=0}
                      ; - java.time.Instant::isSupported@60 (line 463)
  0x000002af0044816c: 0000 c3b8 | 0100 0000 | e91d 0000 

  0x000002af00448178: ;*goto {reexecute=0 rethrow=0 return_oop=0}
                      ; - java.time.Instant::isSupported@36 (line 461)
                      ;   {oop(a 'java/time/temporal/ChronoField'{0x0000000702a022d8})}
  0x000002af00448178: 0048 b8d8 | 22a0 0207 | 0000 004c | 3bc0 b800 | 0000 000f | 8505 0000 | 00b8 0100 | 0000 83e0 
  0x000002af00448198: 0148 83c4 

  0x000002af0044819c: ;   {poll_return}
  0x000002af0044819c: 405d 493b | a748 0300 | 000f 8724 | 0000 00c3 | 48c7 0424 | 04ff ffff 

  0x000002af004481b4: ;   {runtime_call deoptimize Runtime1 stub}
  0x000002af004481b4: e8c7 e0cb 

  0x000002af004481b8: ; ImmutableOopMap {rdx=Oop r8=Oop }
                      ;*aload_1 {reexecute=0 rethrow=0 return_oop=0}
                      ; - java.time.Instant::isSupported@0 (line 460)
                      ;   {internal_word}
  0x000002af004481b8: ff49 ba61 | 8144 00af | 0200 004d | 8997 6003 

  0x000002af004481c8: ;   {runtime_call SafepointBlob}
  0x000002af004481c8: 0000 e931 

  0x000002af004481cc: ;   {internal_word}
  0x000002af004481cc: b2c0 ff49 | ba9e 8144 | 00af 0200 | 004d 8997 | 6003 0000 

  0x000002af004481e0: ;   {runtime_call SafepointBlob}
  0x000002af004481e0: e91b b2c0 | ff90 9049 | 8b87 d803 | 0000 49c7 | 87d8 0300 | 0000 0000 | 0049 c787 | e003 0000 
  0x000002af00448200: 0000 0000 | 4883 c440 

  0x000002af00448208: ;   {runtime_call unwind_exception Runtime1 stub}
  0x000002af00448208: 5de9 7292 | cbff f4f4 | f4f4 f4f4 | f4f4 f4f4 | f4f4 f4f4 | f4f4 f4f4 
[Stub Code]
  0x000002af00448220: ;   {no_reloc}
  0x000002af00448220: 0f1f 4400 

  0x000002af00448224: ;   {static_stub}
  0x000002af00448224: 0048 bb00 | 0000 0000 

  0x000002af0044822c: ;   {runtime_call}
  0x000002af0044822c: 0000 00e9 | fbff ffff 
[Exception Handler]
  0x000002af00448234: ;   {runtime_call handle_exception_from_callee Runtime1 stub}
  0x000002af00448234: e847 c5cb 

  0x000002af00448238: ;   {external_word}
  0x000002af00448238: ff48 b990 | f0b6 16fb | 7f00 0048 

  0x000002af00448244: ;   {runtime_call}
  0x000002af00448244: 83e4 f049 | ba20 ff84 | 16fb 7f00 | 0041 ffd2 

  0x000002af00448254: ;   {section_word}
  0x000002af00448254: f449 ba55 | 8244 00af | 0200 0041 

  0x000002af00448260: ;   {runtime_call DeoptimizationBlob}
  0x000002af00448260: 52e9 3aa4 | c0ff f4f4 
[/MachCode]


---------------  P R O C E S S  ---------------

Threads class SMR info:
_java_thread_list=0x000002af60240310, length=29, elements={
0x000002af75d8b410, 0x000002af75d8ea60, 0x000002af0d997260, 0x000002af0d999b40,
0x000002af0d99af80, 0x000002af0d99c3c0, 0x000002af0d99d800, 0x000002af0d9b2770,
0x000002af75d6bfa0, 0x000002af0dafe480, 0x000002af0db01cb0, 0x000002af0db021a0,
0x000002af0db6c690, 0x000002af53087e50, 0x000002af53db20f0, 0x000002af53db0290,
0x000002af55e90530, 0x000002af593eae50, 0x000002af5513afe0, 0x000002af598a59c0,
0x000002af598a2c30, 0x000002af598a2210, 0x000002af598a68f0, 0x000002af598a3140,
0x000002af598a3650, 0x000002af598a9170, 0x000002af5a204a90, 0x000002af5a208a50,
0x000002af5a206fc0
}

Java Threads: ( => current thread )
  0x000002af75d8b410 JavaThread "Reference Handler" daemon [_thread_blocked, id=18900, stack(0x000000fd13000000,0x000000fd13100000)]
  0x000002af75d8ea60 JavaThread "Finalizer" daemon [_thread_blocked, id=23144, stack(0x000000fd13100000,0x000000fd13200000)]
  0x000002af0d997260 JavaThread "Signal Dispatcher" daemon [_thread_blocked, id=25832, stack(0x000000fd13200000,0x000000fd13300000)]
  0x000002af0d999b40 JavaThread "Attach Listener" daemon [_thread_blocked, id=27500, stack(0x000000fd13300000,0x000000fd13400000)]
  0x000002af0d99af80 JavaThread "Service Thread" daemon [_thread_blocked, id=2492, stack(0x000000fd13400000,0x000000fd13500000)]
  0x000002af0d99c3c0 JavaThread "Monitor Deflation Thread" daemon [_thread_blocked, id=2936, stack(0x000000fd13500000,0x000000fd13600000)]
  0x000002af0d99d800 JavaThread "C1 CompilerThread0" daemon [_thread_blocked, id=26572, stack(0x000000fd13600000,0x000000fd13700000)]
  0x000002af0d9b2770 JavaThread "Sweeper thread" daemon [_thread_blocked, id=18412, stack(0x000000fd13700000,0x000000fd13800000)]
  0x000002af75d6bfa0 JavaThread "Common-Cleaner" daemon [_thread_blocked, id=28732, stack(0x000000fd13800000,0x000000fd13900000)]
  0x000002af0dafe480 JavaThread "JDWP Transport Listener: dt_socket" daemon [_thread_blocked, id=29932, stack(0x000000fd13b00000,0x000000fd13c00000)]
  0x000002af0db01cb0 JavaThread "JDWP Event Helper Thread" daemon [_thread_blocked, id=26604, stack(0x000000fd13c00000,0x000000fd13d00000)]
  0x000002af0db021a0 JavaThread "JDWP Command Reader" daemon [_thread_in_native, id=28216, stack(0x000000fd13d00000,0x000000fd13e00000)]
  0x000002af0db6c690 JavaThread "IntelliJ Suspend Helper" daemon [_thread_blocked, id=20304, stack(0x000000fd13e00000,0x000000fd13f00000)]
  0x000002af53087e50 JavaThread "Notification Thread" daemon [_thread_blocked, id=30400, stack(0x000000fd13f00000,0x000000fd14000000)]
  0x000002af53db20f0 JavaThread "RMI TCP Accept-0" daemon [_thread_in_native, id=7172, stack(0x000000fd14000000,0x000000fd14100000)]
  0x000002af53db0290 JavaThread "RMI Scheduler(0)" daemon [_thread_blocked, id=25516, stack(0x000000fd14b00000,0x000000fd14c00000)]
  0x000002af55e90530 JavaThread "mysql-cj-abandoned-connection-cleanup" daemon [_thread_blocked, id=29432, stack(0x000000fd15000000,0x000000fd15100000)]
  0x000002af593eae50 JavaThread "Live Reload Server" daemon [_thread_in_native, id=24800, stack(0x000000fd16000000,0x000000fd16100000)]
  0x000002af5513afe0 JavaThread "DestroyJavaVM" [_thread_blocked, id=6508, stack(0x000000fd12900000,0x000000fd12a00000)]
  0x000002af598a59c0 JavaThread "Thread-5" [_thread_blocked, id=30688, stack(0x000000fd12600000,0x000000fd12700000)]
  0x000002af598a2c30 JavaThread "File Watcher" daemon [_thread_blocked, id=17656, stack(0x000000fd12800000,0x000000fd12900000)]
  0x000002af598a2210 JavaThread "File Watcher" daemon [_thread_blocked, id=27892, stack(0x000000fd14c00000,0x000000fd14d00000)]
  0x000002af598a68f0 JavaThread "File Watcher" daemon [_thread_blocked, id=27176, stack(0x000000fd15200000,0x000000fd15300000)]
=>0x000002af598a3140 JavaThread "restartedMain" [_thread_in_Java, id=29216, stack(0x000000fd13900000,0x000000fd13a00000)]
  0x000002af598a3650 JavaThread "HikariPool-5 housekeeper" daemon [_thread_blocked, id=10744, stack(0x000000fd13a00000,0x000000fd13b00000)]
  0x000002af598a9170 JavaThread "HikariPool-5 connection adder" daemon [_thread_blocked, id=28236, stack(0x000000fd14a00000,0x000000fd14b00000)]
  0x000002af5a204a90 JavaThread "C1 CompilerThread1" daemon [_thread_blocked, id=23320, stack(0x000000fd14d00000,0x000000fd14e00000)]
  0x000002af5a208a50 JavaThread "C1 CompilerThread2" daemon [_thread_blocked, id=26000, stack(0x000000fd14e00000,0x000000fd14f00000)]
  0x000002af5a206fc0 JavaThread "C1 CompilerThread3" daemon [_thread_blocked, id=19296, stack(0x000000fd15300000,0x000000fd15400000)]

Other Threads:
  0x000002af75d84240 VMThread "VM Thread" [stack: 0x000000fd12f00000,0x000000fd13000000] [id=10340]
  0x000002af535a2f30 WatcherThread [stack: 0x000000fd14100000,0x000000fd14200000] [id=25196]
  0x000002af75c61ec0 GCTaskThread "GC Thread#0" [stack: 0x000000fd12a00000,0x000000fd12b00000] [id=3432]
  0x000002af53cc9870 GCTaskThread "GC Thread#1" [stack: 0x000000fd14200000,0x000000fd14300000] [id=13508]
  0x000002af53cc95b0 GCTaskThread "GC Thread#2" [stack: 0x000000fd14300000,0x000000fd14400000] [id=10316]
  0x000002af53cc9b30 GCTaskThread "GC Thread#3" [stack: 0x000000fd14400000,0x000000fd14500000] [id=4604]
  0x000002af53cc87f0 GCTaskThread "GC Thread#4" [stack: 0x000000fd14500000,0x000000fd14600000] [id=29200]
  0x000002af53cc8ab0 GCTaskThread "GC Thread#5" [stack: 0x000000fd14600000,0x000000fd14700000] [id=29708]
  0x000002af53cc8d70 GCTaskThread "GC Thread#6" [stack: 0x000000fd14700000,0x000000fd14800000] [id=18064]
  0x000002af53cc92f0 GCTaskThread "GC Thread#7" [stack: 0x000000fd14800000,0x000000fd14900000] [id=26692]
  0x000002af75c738a0 ConcurrentGCThread "G1 Main Marker" [stack: 0x000000fd12b00000,0x000000fd12c00000] [id=12880]
  0x000002af75c75810 ConcurrentGCThread "G1 Conc#0" [stack: 0x000000fd12c00000,0x000000fd12d00000] [id=17844]
  0x000002af541c9090 ConcurrentGCThread "G1 Conc#1" [stack: 0x000000fd15100000,0x000000fd15200000] [id=14160]
  0x000002af75d4cd60 ConcurrentGCThread "G1 Refine#0" [stack: 0x000000fd12d00000,0x000000fd12e00000] [id=28064]
  0x000002af53ee8070 ConcurrentGCThread "G1 Refine#1" [stack: 0x000000fd14900000,0x000000fd14a00000] [id=11876]
  0x000002af54ed2f40 ConcurrentGCThread "G1 Refine#2" [stack: 0x000000fd14f00000,0x000000fd15000000] [id=22760]
  0x000002af75d4d540 ConcurrentGCThread "G1 Service" [stack: 0x000000fd12e00000,0x000000fd12f00000] [id=200]

Threads with active compile tasks:

VM state: not at safepoint (normal execution)

VM Mutex/Monitor currently owned by a thread: None

Heap address: 0x0000000701e00000, size: 4066 MB, Compressed Oops mode: Zero based, Oop shift amount: 3

CDS archive(s) mapped at: [0x000002af0e000000-0x000002af0ebd0000-0x000002af0ebd0000), size 12386304, SharedBaseAddress: 0x000002af0e000000, ArchiveRelocationMode: 1.
Compressed class space mapped at: 0x000002af0f000000-0x000002af4f000000, reserved size: 1073741824
Narrow klass base: 0x000002af0e000000, Narrow klass shift: 0, Narrow klass range: 0x100000000

GC Precious Log:
 CPUs: 8 total, 8 available
 Memory: 16259M
 Large Page Support: Disabled
 NUMA Support: Disabled
 Compressed Oops: Enabled (Zero based)
 Heap Region Size: 2M
 Heap Min Capacity: 8M
 Heap Initial Capacity: 256M
 Heap Max Capacity: 4066M
 Pre-touch: Disabled
 Parallel Workers: 8
 Concurrent Workers: 2
 Concurrent Refinement Workers: 8
 Periodic GC: Disabled

Heap:
 garbage-first heap   total 196608K, used 151121K [0x0000000701e00000, 0x0000000800000000)
  region size 2048K, 25 young (51200K), 3 survivors (6144K)
 Metaspace       used 106740K, committed 107968K, reserved 1179648K
  class space    used 14567K, committed 15168K, reserved 1048576K

Heap Regions: E=young(eden), S=young(survivor), O=old, HS=humongous(starts), HC=humongous(continues), CS=collection set, F=free, OA=open archive, CA=closed archive, TAMS=top-at-mark-start (previous, next)
|   0|0x0000000701e00000, 0x0000000702000000, 0x0000000702000000|100%| O|  |TAMS 0x0000000702000000, 0x0000000701e00000| Untracked 
|   1|0x0000000702000000, 0x00000007021e4460, 0x0000000702200000| 94%| O|  |TAMS 0x00000007021e4460, 0x0000000702000000| Untracked 
|   2|0x0000000702200000, 0x0000000702400000, 0x0000000702400000|100%| O|  |TAMS 0x0000000702400000, 0x0000000702200000| Untracked 
|   3|0x0000000702400000, 0x00000007025ffff0, 0x0000000702600000| 99%| O|  |TAMS 0x00000007025ffff0, 0x0000000702400000| Untracked 
|   4|0x0000000702600000, 0x00000007027ffff8, 0x0000000702800000| 99%| O|  |TAMS 0x00000007027ffff8, 0x0000000702600000| Untracked 
|   5|0x0000000702800000, 0x00000007029ffff8, 0x0000000702a00000| 99%| O|  |TAMS 0x00000007029ffff8, 0x0000000702800000| Untracked 
|   6|0x0000000702a00000, 0x0000000702bffff0, 0x0000000702c00000| 99%| O|  |TAMS 0x0000000702bffff0, 0x0000000702a00000| Untracked 
|   7|0x0000000702c00000, 0x0000000702dfffe0, 0x0000000702e00000| 99%| O|  |TAMS 0x0000000702dfffe0, 0x0000000702c00000| Untracked 
|   8|0x0000000702e00000, 0x0000000702fffff0, 0x0000000703000000| 99%| O|  |TAMS 0x0000000702fffff0, 0x0000000702e00000| Untracked 
|   9|0x0000000703000000, 0x00000007031fffd0, 0x0000000703200000| 99%| O|  |TAMS 0x00000007031fffd0, 0x0000000703000000| Untracked 
|  10|0x0000000703200000, 0x00000007033fffe0, 0x0000000703400000| 99%| O|  |TAMS 0x00000007033fffe0, 0x0000000703200000| Untracked 
|  11|0x0000000703400000, 0x00000007035fffc8, 0x0000000703600000| 99%| O|  |TAMS 0x00000007035fffc8, 0x0000000703400000| Untracked 
|  12|0x0000000703600000, 0x00000007037fffa8, 0x0000000703800000| 99%| O|  |TAMS 0x00000007037fffa8, 0x0000000703600000| Untracked 
|  13|0x0000000703800000, 0x00000007039ffff0, 0x0000000703a00000| 99%| O|  |TAMS 0x00000007039ffff0, 0x0000000703800000| Untracked 
|  14|0x0000000703a00000, 0x0000000703bfffc0, 0x0000000703c00000| 99%| O|  |TAMS 0x0000000703bfffc0, 0x0000000703a00000| Untracked 
|  15|0x0000000703c00000, 0x0000000703dffff0, 0x0000000703e00000| 99%| O|  |TAMS 0x0000000703dffff0, 0x0000000703c00000| Untracked 
|  16|0x0000000703e00000, 0x0000000703ea0ef8, 0x0000000704000000| 31%| O|  |TAMS 0x0000000703ea0ef8, 0x0000000703e00000| Untracked 
|  17|0x0000000704000000, 0x00000007041f5220, 0x0000000704200000| 97%| O|  |TAMS 0x00000007041f5220, 0x0000000704000000| Untracked 
|  18|0x0000000704200000, 0x00000007043ffe40, 0x0000000704400000| 99%| O|  |TAMS 0x00000007043ffe40, 0x0000000704200000| Untracked 
|  19|0x0000000704400000, 0x00000007045205b8, 0x0000000704600000| 56%| O|  |TAMS 0x00000007045205b8, 0x0000000704400000| Untracked 
|  20|0x0000000704600000, 0x000000070470d9f0, 0x0000000704800000| 52%| O|  |TAMS 0x000000070470d9f0, 0x0000000704600000| Untracked 
|  21|0x0000000704800000, 0x0000000704968a98, 0x0000000704a00000| 70%| O|  |TAMS 0x0000000704968a98, 0x0000000704800000| Untracked 
|  22|0x0000000704a00000, 0x0000000704c00000, 0x0000000704c00000|100%| O|  |TAMS 0x0000000704c00000, 0x0000000704a00000| Untracked 
|  23|0x0000000704c00000, 0x0000000704c2b098, 0x0000000704e00000|  8%| O|  |TAMS 0x0000000704c2b098, 0x0000000704c00000| Untracked 
|  24|0x0000000704e00000, 0x0000000705000000, 0x0000000705000000|100%| O|  |TAMS 0x0000000705000000, 0x0000000704e00000| Untracked 
|  25|0x0000000705000000, 0x0000000705200000, 0x0000000705200000|100%| O|  |TAMS 0x0000000705200000, 0x0000000705000000| Untracked 
|  26|0x0000000705200000, 0x0000000705343088, 0x0000000705400000| 63%| O|  |TAMS 0x0000000705343088, 0x0000000705200000| Untracked 
|  27|0x0000000705400000, 0x0000000705600000, 0x0000000705600000|100%| O|  |TAMS 0x0000000705600000, 0x0000000705400000| Untracked 
|  28|0x0000000705600000, 0x0000000705800000, 0x0000000705800000|100%| O|  |TAMS 0x0000000705600000, 0x0000000705600000| Untracked 
|  29|0x0000000705800000, 0x0000000705a00000, 0x0000000705a00000|100%| O|  |TAMS 0x0000000705800000, 0x0000000705800000| Untracked 
|  30|0x0000000705a00000, 0x0000000705c00000, 0x0000000705c00000|100%| O|  |TAMS 0x0000000705a00000, 0x0000000705a00000| Untracked 
|  31|0x0000000705c00000, 0x0000000705e00000, 0x0000000705e00000|100%| O|  |TAMS 0x0000000705c00000, 0x0000000705c00000| Untracked 
|  32|0x0000000705e00000, 0x0000000706000000, 0x0000000706000000|100%| O|  |TAMS 0x0000000705e00000, 0x0000000705e00000| Untracked 
|  33|0x0000000706000000, 0x0000000706200000, 0x0000000706200000|100%| O|  |TAMS 0x0000000706043a00, 0x0000000706000000| Untracked 
|  34|0x0000000706200000, 0x0000000706400000, 0x0000000706400000|100%| O|  |TAMS 0x0000000706200000, 0x0000000706200000| Untracked 
|  35|0x0000000706400000, 0x0000000706600000, 0x0000000706600000|100%| O|  |TAMS 0x0000000706400000, 0x0000000706400000| Untracked 
|  36|0x0000000706600000, 0x0000000706800000, 0x0000000706800000|100%| O|  |TAMS 0x0000000706600000, 0x0000000706600000| Untracked 
|  37|0x0000000706800000, 0x0000000706a00000, 0x0000000706a00000|100%| O|  |TAMS 0x0000000706800000, 0x0000000706800000| Untracked 
|  38|0x0000000706a00000, 0x0000000706c00000, 0x0000000706c00000|100%| O|  |TAMS 0x0000000706a00000, 0x0000000706a00000| Untracked 
|  39|0x0000000706c00000, 0x0000000706e00000, 0x0000000706e00000|100%| O|  |TAMS 0x0000000706c00000, 0x0000000706c00000| Untracked 
|  40|0x0000000706e00000, 0x0000000707000000, 0x0000000707000000|100%| O|  |TAMS 0x0000000706e00000, 0x0000000706e00000| Untracked 
|  41|0x0000000707000000, 0x0000000707200000, 0x0000000707200000|100%| O|  |TAMS 0x0000000707000000, 0x0000000707000000| Untracked 
|  42|0x0000000707200000, 0x0000000707400000, 0x0000000707400000|100%| O|  |TAMS 0x0000000707200000, 0x0000000707200000| Untracked 
|  43|0x0000000707400000, 0x0000000707600000, 0x0000000707600000|100%| O|  |TAMS 0x0000000707400000, 0x0000000707400000| Untracked 
|  44|0x0000000707600000, 0x0000000707800000, 0x0000000707800000|100%| O|  |TAMS 0x0000000707600000, 0x0000000707600000| Untracked 
|  45|0x0000000707800000, 0x0000000707a00000, 0x0000000707a00000|100%| O|  |TAMS 0x0000000707800000, 0x0000000707800000| Untracked 
|  46|0x0000000707a00000, 0x0000000707c00000, 0x0000000707c00000|100%| O|  |TAMS 0x0000000707a00000, 0x0000000707a00000| Untracked 
|  47|0x0000000707c00000, 0x0000000707e00000, 0x0000000707e00000|100%| O|  |TAMS 0x0000000707c00000, 0x0000000707c00000| Untracked 
|  48|0x0000000707e00000, 0x0000000708000000, 0x0000000708000000|100%| O|  |TAMS 0x0000000707e00000, 0x0000000707e00000| Untracked 
|  49|0x0000000708000000, 0x0000000708200000, 0x0000000708200000|100%| O|  |TAMS 0x0000000708000000, 0x0000000708000000| Untracked 
|  50|0x0000000708200000, 0x0000000708400000, 0x0000000708400000|100%| O|  |TAMS 0x0000000708200000, 0x0000000708200000| Untracked 
|  51|0x0000000708400000, 0x0000000708600000, 0x0000000708600000|100%| O|  |TAMS 0x0000000708400000, 0x0000000708400000| Untracked 
|  52|0x0000000708600000, 0x0000000708800000, 0x0000000708800000|100%| O|  |TAMS 0x0000000708600000, 0x0000000708600000| Untracked 
|  53|0x0000000708800000, 0x0000000708989600, 0x0000000708a00000| 76%| O|  |TAMS 0x0000000708800000, 0x0000000708800000| Untracked 
|  54|0x0000000708a00000, 0x0000000708a00000, 0x0000000708c00000|  0%| F|  |TAMS 0x0000000708a00000, 0x0000000708a00000| Untracked 
|  55|0x0000000708c00000, 0x0000000708c00000, 0x0000000708e00000|  0%| F|  |TAMS 0x0000000708c00000, 0x0000000708c00000| Untracked 
|  56|0x0000000708e00000, 0x0000000708e00000, 0x0000000709000000|  0%| F|  |TAMS 0x0000000708e00000, 0x0000000708e00000| Untracked 
|  57|0x0000000709000000, 0x0000000709000000, 0x0000000709200000|  0%| F|  |TAMS 0x0000000709000000, 0x0000000709000000| Untracked 
|  58|0x0000000709200000, 0x0000000709200000, 0x0000000709400000|  0%| F|  |TAMS 0x0000000709200000, 0x0000000709200000| Untracked 
|  59|0x0000000709400000, 0x0000000709400000, 0x0000000709600000|  0%| F|  |TAMS 0x0000000709400000, 0x0000000709400000| Untracked 
|  60|0x0000000709600000, 0x0000000709600000, 0x0000000709800000|  0%| F|  |TAMS 0x0000000709600000, 0x0000000709600000| Untracked 
|  61|0x0000000709800000, 0x0000000709800000, 0x0000000709a00000|  0%| F|  |TAMS 0x0000000709800000, 0x0000000709800000| Untracked 
|  62|0x0000000709a00000, 0x0000000709a00000, 0x0000000709c00000|  0%| F|  |TAMS 0x0000000709a00000, 0x0000000709a00000| Untracked 
|  63|0x0000000709c00000, 0x0000000709c00000, 0x0000000709e00000|  0%| F|  |TAMS 0x0000000709c00000, 0x0000000709c00000| Untracked 
|  64|0x0000000709e00000, 0x0000000709e8c230, 0x000000070a000000| 27%| S|CS|TAMS 0x0000000709e00000, 0x0000000709e00000| Complete 
|  65|0x000000070a000000, 0x000000070a200000, 0x000000070a200000|100%| S|CS|TAMS 0x000000070a000000, 0x000000070a000000| Complete 
|  66|0x000000070a200000, 0x000000070a200000, 0x000000070a400000|  0%| F|  |TAMS 0x000000070a200000, 0x000000070a200000| Untracked 
|  67|0x000000070a400000, 0x000000070a600000, 0x000000070a600000|100%| S|CS|TAMS 0x000000070a400000, 0x000000070a400000| Complete 
|  68|0x000000070a600000, 0x000000070a600000, 0x000000070a800000|  0%| F|  |TAMS 0x000000070a600000, 0x000000070a600000| Untracked 
|  69|0x000000070a800000, 0x000000070a800000, 0x000000070aa00000|  0%| F|  |TAMS 0x000000070a800000, 0x000000070a800000| Untracked 
|  70|0x000000070aa00000, 0x000000070aa00000, 0x000000070ac00000|  0%| F|  |TAMS 0x000000070aa00000, 0x000000070aa00000| Untracked 
|  71|0x000000070ac00000, 0x000000070ac00000, 0x000000070ae00000|  0%| F|  |TAMS 0x000000070ac00000, 0x000000070ac00000| Untracked 
|  72|0x000000070ae00000, 0x000000070ae00000, 0x000000070b000000|  0%| F|  |TAMS 0x000000070ae00000, 0x000000070ae00000| Untracked 
|  73|0x000000070b000000, 0x000000070b000000, 0x000000070b200000|  0%| F|  |TAMS 0x000000070b000000, 0x000000070b000000| Untracked 
|  74|0x000000070b200000, 0x000000070b308068, 0x000000070b400000| 51%| E|  |TAMS 0x000000070b200000, 0x000000070b200000| Complete 
|  75|0x000000070b400000, 0x000000070b600000, 0x000000070b600000|100%| E|CS|TAMS 0x000000070b400000, 0x000000070b400000| Complete 
|  76|0x000000070b600000, 0x000000070b800000, 0x000000070b800000|100%| E|CS|TAMS 0x000000070b600000, 0x000000070b600000| Complete 
|  77|0x000000070b800000, 0x000000070ba00000, 0x000000070ba00000|100%| E|CS|TAMS 0x000000070b800000, 0x000000070b800000| Complete 
|  78|0x000000070ba00000, 0x000000070bc00000, 0x000000070bc00000|100%| E|CS|TAMS 0x000000070ba00000, 0x000000070ba00000| Complete 
|  79|0x000000070bc00000, 0x000000070be00000, 0x000000070be00000|100%| E|CS|TAMS 0x000000070bc00000, 0x000000070bc00000| Complete 
|  80|0x000000070be00000, 0x000000070c000000, 0x000000070c000000|100%| E|CS|TAMS 0x000000070be00000, 0x000000070be00000| Complete 
|  81|0x000000070c000000, 0x000000070c200000, 0x000000070c200000|100%| E|CS|TAMS 0x000000070c000000, 0x000000070c000000| Complete 
|  82|0x000000070c200000, 0x000000070c400000, 0x000000070c400000|100%| E|CS|TAMS 0x000000070c200000, 0x000000070c200000| Complete 
|  83|0x000000070c400000, 0x000000070c600000, 0x000000070c600000|100%| E|CS|TAMS 0x000000070c400000, 0x000000070c400000| Complete 
|  84|0x000000070c600000, 0x000000070c800000, 0x000000070c800000|100%| E|CS|TAMS 0x000000070c600000, 0x000000070c600000| Complete 
|  85|0x000000070c800000, 0x000000070ca00000, 0x000000070ca00000|100%| E|CS|TAMS 0x000000070c800000, 0x000000070c800000| Complete 
|  86|0x000000070ca00000, 0x000000070cc00000, 0x000000070cc00000|100%| E|CS|TAMS 0x000000070ca00000, 0x000000070ca00000| Complete 
|  87|0x000000070cc00000, 0x000000070ce00000, 0x000000070ce00000|100%| E|CS|TAMS 0x000000070cc00000, 0x000000070cc00000| Complete 
|  88|0x000000070ce00000, 0x000000070d000000, 0x000000070d000000|100%| E|CS|TAMS 0x000000070ce00000, 0x000000070ce00000| Complete 
|  89|0x000000070d000000, 0x000000070d200000, 0x000000070d200000|100%| E|CS|TAMS 0x000000070d000000, 0x000000070d000000| Complete 
|  90|0x000000070d200000, 0x000000070d400000, 0x000000070d400000|100%| E|CS|TAMS 0x000000070d200000, 0x000000070d200000| Complete 
|  91|0x000000070d400000, 0x000000070d600000, 0x000000070d600000|100%| E|CS|TAMS 0x000000070d400000, 0x000000070d400000| Complete 
|  92|0x000000070d600000, 0x000000070d800000, 0x000000070d800000|100%| E|CS|TAMS 0x000000070d600000, 0x000000070d600000| Complete 
|  93|0x000000070d800000, 0x000000070da00000, 0x000000070da00000|100%| E|CS|TAMS 0x000000070d800000, 0x000000070d800000| Complete 
|  94|0x000000070da00000, 0x000000070dc00000, 0x000000070dc00000|100%| E|CS|TAMS 0x000000070da00000, 0x000000070da00000| Complete 
|  95|0x000000070dc00000, 0x000000070de00000, 0x000000070de00000|100%| E|CS|TAMS 0x000000070dc00000, 0x000000070dc00000| Complete 

Card table byte_map: [0x000002af7efc0000,0x000002af7f7c0000] _byte_map_base: 0x000002af7b7b1000

Marking Bits (Prev, Next): (CMBitMap*) 0x000002af75c623f0, (CMBitMap*) 0x000002af75c62430
 Prev Bits: [0x000002af03000000, 0x000002af06f88000)
 Next Bits: [0x000002af06f90000, 0x000002af0af18000)

Polling page: 0x000002af74530000

Metaspace:

Usage:
  Non-class:     90.01 MB used.
      Class:     14.23 MB used.
       Both:    104.24 MB used.

Virtual space:
  Non-class space:      128.00 MB reserved,      90.62 MB ( 71%) committed,  2 nodes.
      Class space:        1.00 GB reserved,      14.81 MB (  1%) committed,  1 nodes.
             Both:        1.12 GB reserved,     105.44 MB (  9%) committed. 

Chunk freelists:
   Non-Class:  4.97 MB
       Class:  1.20 MB
        Both:  6.17 MB

MaxMetaspaceSize: unlimited
CompressedClassSpaceSize: 1.00 GB
Initial GC threshold: 21.00 MB
Current GC threshold: 159.50 MB
CDS: on
MetaspaceReclaimPolicy: balanced
 - commit_granule_bytes: 65536.
 - commit_granule_words: 8192.
 - virtual_space_node_default_size: 8388608.
 - enlarge_chunks_in_place: 1.
 - new_chunks_are_fully_committed: 0.
 - uncommit_free_chunks: 1.
 - use_allocation_guard: 0.
 - handle_deallocations: 1.


Internal statistics:

num_allocs_failed_limit: 11.
num_arena_births: 3042.
num_arena_deaths: 990.
num_vsnodes_births: 3.
num_vsnodes_deaths: 0.
num_space_committed: 1687.
num_space_uncommitted: 0.
num_chunks_returned_to_freelist: 1275.
num_chunks_taken_from_freelist: 8017.
num_chunk_merges: 461.
num_chunk_splits: 4745.
num_chunks_enlarged: 2880.
num_inconsistent_stats: 0.

CodeCache: size=49152Kb used=10545Kb max_used=47230Kb free=38606Kb
 bounds [0x000002af00000000, 0x000002af02e20000, 0x000002af03000000]
 total_blobs=4385 nmethods=3610 adapters=697
 compilation: enabled
              stopped_count=0, restarted_count=0
 full_count=0

Compilation events (20 events):
Event: 8598.765 Thread 0x000002af5a206fc0 22941       1       java.util.Collections$UnmodifiableMap$UnmodifiableEntrySet$UnmodifiableEntry::getValue (10 bytes)
Event: 8598.765 Thread 0x000002af5a204a90 22938       1       java.util.Collections$UnmodifiableMap$UnmodifiableEntrySet$UnmodifiableEntry::getKey (10 bytes)
Event: 8598.765 Thread 0x000002af5a208a50 nmethod 22937 0x000002af004e6610 code [0x000002af004e67c0, 0x000002af004e6a28]
Event: 8598.765 Thread 0x000002af0d99d800 nmethod 22935 0x000002af0047fd90 code [0x000002af0047ff60, 0x000002af004802b8]
Event: 8598.765 Thread 0x000002af0d99d800 22943       1       java.util.Collections$UnmodifiableCollection$1::<init> (26 bytes)
Event: 8598.765 Thread 0x000002af5a208a50 22942       1       java.util.Collections$UnmodifiableCollection::iterator (9 bytes)
Event: 8598.765 Thread 0x000002af5a204a90 nmethod 22938 0x000002af0047fa10 code [0x000002af0047fba0, 0x000002af0047fcc8]
Event: 8598.765 Thread 0x000002af5a206fc0 nmethod 22941 0x000002af0047f690 code [0x000002af0047f820, 0x000002af0047f948]
Event: 8598.765 Thread 0x000002af5a204a90 22945       1       org.hibernate.metamodel.model.domain.internal.JpaMetamodelImpl::lambda$processJpa$3 (134 bytes)
Event: 8598.765 Thread 0x000002af5a206fc0 22946       1       org.hibernate.metamodel.model.domain.internal.JpaMetamodelImpl$$Lambda$1286/0x000002af0f9c4a18::accept (12 bytes)
Event: 8598.765 Thread 0x000002af0d99d800 nmethod 22943 0x000002af0047f190 code [0x000002af0047f340, 0x000002af0047f528]
Event: 8598.765 Thread 0x000002af5a208a50 nmethod 22942 0x000002af0047ec10 code [0x000002af0047edc0, 0x000002af0047f008]
Event: 8598.765 Thread 0x000002af0d99d800 22944       1       jdk.internal.reflect.MagicAccessorImpl::<init> (5 bytes)
Event: 8598.765 Thread 0x000002af5a208a50 22940       1       java.util.Collections$UnmodifiableMap$UnmodifiableEntrySet::<init> (6 bytes)
Event: 8598.765 Thread 0x000002af5a206fc0 nmethod 22946 0x000002af0047e790 code [0x000002af0047e940, 0x000002af0047eac8]
Event: 8598.766 Thread 0x000002af5a206fc0 22947       1       ch.qos.logback.classic.Logger::isInfoEnabled (67 bytes)
Event: 8598.766 Thread 0x000002af5a208a50 nmethod 22940 0x000002af0047e290 code [0x000002af0047e440, 0x000002af0047e628]
Event: 8598.766 Thread 0x000002af0d99d800 nmethod 22944 0x000002af0047df10 code [0x000002af0047e0a0, 0x000002af0047e198]
Event: 8598.766 Thread 0x000002af5a206fc0 nmethod 22947 0x000002af0047d510 code [0x000002af0047d700, 0x000002af0047da98]
Event: 8598.767 Thread 0x000002af5a204a90 nmethod 22945 0x000002af0047bc10 code [0x000002af0047bec0, 0x000002af0047c6f8]

GC Heap History (20 events):
Event: 8483.951 GC heap before
{Heap before GC invocations=80 (full 1):
 garbage-first heap   total 196608K, used 160449K [0x0000000701e00000, 0x0000000800000000)
  region size 2048K, 37 young (75776K), 3 survivors (6144K)
 Metaspace       used 103692K, committed 104896K, reserved 1179648K
  class space    used 14256K, committed 14848K, reserved 1048576K
}
Event: 8483.957 GC heap after
{Heap after GC invocations=81 (full 1):
 garbage-first heap   total 196608K, used 92663K [0x0000000701e00000, 0x0000000800000000)
  region size 2048K, 3 young (6144K), 3 survivors (6144K)
 Metaspace       used 103692K, committed 104896K, reserved 1179648K
  class space    used 14256K, committed 14848K, reserved 1048576K
}
Event: 8484.628 GC heap before
{Heap before GC invocations=81 (full 1):
 garbage-first heap   total 196608K, used 158199K [0x0000000701e00000, 0x0000000800000000)
  region size 2048K, 35 young (71680K), 3 survivors (6144K)
 Metaspace       used 104677K, committed 105856K, reserved 1179648K
  class space    used 14323K, committed 14912K, reserved 1048576K
}
Event: 8484.635 GC heap after
{Heap after GC invocations=82 (full 1):
 garbage-first heap   total 196608K, used 96717K [0x0000000701e00000, 0x0000000800000000)
  region size 2048K, 5 young (10240K), 5 survivors (10240K)
 Metaspace       used 104677K, committed 105856K, reserved 1179648K
  class space    used 14323K, committed 14912K, reserved 1048576K
}
Event: 8527.334 GC heap before
{Heap before GC invocations=82 (full 1):
 garbage-first heap   total 196608K, used 154061K [0x0000000701e00000, 0x0000000800000000)
  region size 2048K, 34 young (69632K), 5 survivors (10240K)
 Metaspace       used 104736K, committed 105920K, reserved 1179648K
  class space    used 14331K, committed 14912K, reserved 1048576K
}
Event: 8527.340 GC heap after
{Heap after GC invocations=83 (full 1):
 garbage-first heap   total 196608K, used 97180K [0x0000000701e00000, 0x0000000800000000)
  region size 2048K, 3 young (6144K), 3 survivors (6144K)
 Metaspace       used 104736K, committed 105920K, reserved 1179648K
  class space    used 14331K, committed 14912K, reserved 1048576K
}
Event: 8581.789 GC heap before
{Heap before GC invocations=83 (full 1):
 garbage-first heap   total 196608K, used 158620K [0x0000000701e00000, 0x0000000800000000)
  region size 2048K, 33 young (67584K), 3 survivors (6144K)
 Metaspace       used 104736K, committed 105920K, reserved 1179648K
  class space    used 14331K, committed 14912K, reserved 1048576K
}
Event: 8581.793 GC heap after
{Heap after GC invocations=84 (full 1):
 garbage-first heap   total 196608K, used 96576K [0x0000000701e00000, 0x0000000800000000)
  region size 2048K, 3 young (6144K), 3 survivors (6144K)
 Metaspace       used 104736K, committed 105920K, reserved 1179648K
  class space    used 14331K, committed 14912K, reserved 1048576K
}
Event: 8594.426 GC heap before
{Heap before GC invocations=84 (full 1):
 garbage-first heap   total 196608K, used 160064K [0x0000000701e00000, 0x0000000800000000)
  region size 2048K, 34 young (69632K), 3 survivors (6144K)
 Metaspace       used 105531K, committed 106752K, reserved 1179648K
  class space    used 14447K, committed 15040K, reserved 1048576K
}
Event: 8594.435 GC heap after
{Heap after GC invocations=85 (full 1):
 garbage-first heap   total 196608K, used 101426K [0x0000000701e00000, 0x0000000800000000)
  region size 2048K, 5 young (10240K), 5 survivors (10240K)
 Metaspace       used 105531K, committed 106752K, reserved 1179648K
  class space    used 14447K, committed 15040K, reserved 1048576K
}
Event: 8595.241 GC heap before
{Heap before GC invocations=85 (full 1):
 garbage-first heap   total 196608K, used 156722K [0x0000000701e00000, 0x0000000800000000)
  region size 2048K, 32 young (65536K), 5 survivors (10240K)
 Metaspace       used 105934K, committed 107200K, reserved 1179648K
  class space    used 14481K, committed 15104K, reserved 1048576K
}
Event: 8595.249 GC heap after
{Heap after GC invocations=86 (full 1):
 garbage-first heap   total 196608K, used 104270K [0x0000000701e00000, 0x0000000800000000)
  region size 2048K, 2 young (4096K), 2 survivors (4096K)
 Metaspace       used 105934K, committed 107200K, reserved 1179648K
  class space    used 14481K, committed 15104K, reserved 1048576K
}
Event: 8596.176 GC heap before
{Heap before GC invocations=86 (full 1):
 garbage-first heap   total 196608K, used 157518K [0x0000000701e00000, 0x0000000800000000)
  region size 2048K, 28 young (57344K), 2 survivors (4096K)
 Metaspace       used 106177K, committed 107392K, reserved 1179648K
  class space    used 14499K, committed 15104K, reserved 1048576K
}
Event: 8596.180 GC heap after
{Heap after GC invocations=87 (full 1):
 garbage-first heap   total 196608K, used 105594K [0x0000000701e00000, 0x0000000800000000)
  region size 2048K, 3 young (6144K), 3 survivors (6144K)
 Metaspace       used 106177K, committed 107392K, reserved 1179648K
  class space    used 14499K, committed 15104K, reserved 1048576K
}
Event: 8596.937 GC heap before
{Heap before GC invocations=87 (full 1):
 garbage-first heap   total 196608K, used 158842K [0x0000000701e00000, 0x0000000800000000)
  region size 2048K, 29 young (59392K), 3 survivors (6144K)
 Metaspace       used 106183K, committed 107392K, reserved 1179648K
  class space    used 14501K, committed 15104K, reserved 1048576K
}
Event: 8596.941 GC heap after
{Heap after GC invocations=88 (full 1):
 garbage-first heap   total 196608K, used 106890K [0x0000000701e00000, 0x0000000800000000)
  region size 2048K, 2 young (4096K), 2 survivors (4096K)
 Metaspace       used 106183K, committed 107392K, reserved 1179648K
  class space    used 14501K, committed 15104K, reserved 1048576K
}
Event: 8597.454 GC heap before
{Heap before GC invocations=88 (full 1):
 garbage-first heap   total 196608K, used 160138K [0x0000000701e00000, 0x0000000800000000)
  region size 2048K, 28 young (57344K), 2 survivors (4096K)
 Metaspace       used 106263K, committed 107456K, reserved 1179648K
  class space    used 14512K, committed 15104K, reserved 1048576K
}
Event: 8597.457 GC heap after
{Heap after GC invocations=89 (full 1):
 garbage-first heap   total 196608K, used 107254K [0x0000000701e00000, 0x0000000800000000)
  region size 2048K, 2 young (4096K), 2 survivors (4096K)
 Metaspace       used 106263K, committed 107456K, reserved 1179648K
  class space    used 14512K, committed 15104K, reserved 1048576K
}
Event: 8598.159 GC heap before
{Heap before GC invocations=89 (full 1):
 garbage-first heap   total 196608K, used 162550K [0x0000000701e00000, 0x0000000800000000)
  region size 2048K, 29 young (59392K), 2 survivors (4096K)
 Metaspace       used 106637K, committed 107840K, reserved 1179648K
  class space    used 14556K, committed 15168K, reserved 1048576K
}
Event: 8598.162 GC heap after
{Heap after GC invocations=90 (full 1):
 garbage-first heap   total 196608K, used 108113K [0x0000000701e00000, 0x0000000800000000)
  region size 2048K, 3 young (6144K), 3 survivors (6144K)
 Metaspace       used 106637K, committed 107840K, reserved 1179648K
  class space    used 14556K, committed 15168K, reserved 1048576K
}

Deoptimization events (20 events):
Event: 8598.762 Thread 0x000002af598a3140 DEOPT PACKING pc=0x000002af0113ab54 sp=0x000000fd139f69d0
Event: 8598.762 Thread 0x000002af598a3140 DEOPT UNPACKING pc=0x000002af00052b43 sp=0x000000fd139f5fb8 mode 1
Event: 8598.762 Thread 0x000002af598a3140 DEOPT PACKING pc=0x000002af02159974 sp=0x000000fd139f5d20
Event: 8598.762 Thread 0x000002af598a3140 DEOPT UNPACKING pc=0x000002af00052b43 sp=0x000000fd139f5210 mode 1
Event: 8598.762 Thread 0x000002af598a3140 DEOPT PACKING pc=0x000002af02159974 sp=0x000000fd139f68a0
Event: 8598.762 Thread 0x000002af598a3140 DEOPT UNPACKING pc=0x000002af00052b43 sp=0x000000fd139f5d78 mode 1
Event: 8598.762 Thread 0x000002af598a3140 DEOPT PACKING pc=0x000002af0113ab54 sp=0x000000fd139f6940
Event: 8598.762 Thread 0x000002af598a3140 DEOPT UNPACKING pc=0x000002af00052b43 sp=0x000000fd139f5f28 mode 1
Event: 8598.762 Thread 0x000002af598a3140 DEOPT PACKING pc=0x000002af02159974 sp=0x000000fd139f5db0
Event: 8598.762 Thread 0x000002af598a3140 DEOPT UNPACKING pc=0x000002af00052b43 sp=0x000000fd139f52a0 mode 1
Event: 8598.762 Thread 0x000002af598a3140 DEOPT PACKING pc=0x000002af02159974 sp=0x000000fd139f6930
Event: 8598.762 Thread 0x000002af598a3140 DEOPT UNPACKING pc=0x000002af00052b43 sp=0x000000fd139f5e08 mode 1
Event: 8598.762 Thread 0x000002af598a3140 DEOPT PACKING pc=0x000002af0113ab54 sp=0x000000fd139f69d0
Event: 8598.762 Thread 0x000002af598a3140 DEOPT UNPACKING pc=0x000002af00052b43 sp=0x000000fd139f5fb8 mode 1
Event: 8598.763 Thread 0x000002af598a3140 DEOPT PACKING pc=0x000002af02159974 sp=0x000000fd139f5db0
Event: 8598.763 Thread 0x000002af598a3140 DEOPT UNPACKING pc=0x000002af00052b43 sp=0x000000fd139f52a0 mode 1
Event: 8598.763 Thread 0x000002af598a3140 DEOPT PACKING pc=0x000002af02159974 sp=0x000000fd139f6930
Event: 8598.763 Thread 0x000002af598a3140 DEOPT UNPACKING pc=0x000002af00052b43 sp=0x000000fd139f5e08 mode 1
Event: 8598.763 Thread 0x000002af598a3140 DEOPT PACKING pc=0x000002af0113ab54 sp=0x000000fd139f69d0
Event: 8598.763 Thread 0x000002af598a3140 DEOPT UNPACKING pc=0x000002af00052b43 sp=0x000000fd139f5fb8 mode 1

Classes unloaded (20 events):
Event: 8385.572 Thread 0x000002af75d84240 Unloading class 0x000002af0f15dc00 'java/lang/invoke/LambdaForm$MH+0x000002af0f15dc00'
Event: 8385.572 Thread 0x000002af75d84240 Unloading class 0x000002af0f15d800 'java/lang/invoke/LambdaForm$MH+0x000002af0f15d800'
Event: 8385.572 Thread 0x000002af75d84240 Unloading class 0x000002af0f15d400 'java/lang/invoke/LambdaForm$MH+0x000002af0f15d400'
Event: 8385.572 Thread 0x000002af75d84240 Unloading class 0x000002af0f15d000 'java/lang/invoke/LambdaForm$MH+0x000002af0f15d000'
Event: 8385.572 Thread 0x000002af75d84240 Unloading class 0x000002af0f15cc00 'java/lang/invoke/LambdaForm$MH+0x000002af0f15cc00'
Event: 8385.572 Thread 0x000002af75d84240 Unloading class 0x000002af0f15c800 'java/lang/invoke/LambdaForm$MH+0x000002af0f15c800'
Event: 8385.572 Thread 0x000002af75d84240 Unloading class 0x000002af0f0dc000 'java/lang/invoke/LambdaForm$MH+0x000002af0f0dc000'
Event: 8385.572 Thread 0x000002af75d84240 Unloading class 0x000002af0f006c00 'java/lang/invoke/LambdaForm$MH+0x000002af0f006c00'
Event: 8385.572 Thread 0x000002af75d84240 Unloading class 0x000002af0f006800 'java/lang/invoke/LambdaForm$MH+0x000002af0f006800'
Event: 8385.572 Thread 0x000002af75d84240 Unloading class 0x000002af0f006400 'java/lang/invoke/LambdaForm$MH+0x000002af0f006400'
Event: 8385.572 Thread 0x000002af75d84240 Unloading class 0x000002af0f006000 'java/lang/invoke/LambdaForm$MH+0x000002af0f006000'
Event: 8385.572 Thread 0x000002af75d84240 Unloading class 0x000002af0f005c00 'java/lang/invoke/LambdaForm$MH+0x000002af0f005c00'
Event: 8385.572 Thread 0x000002af75d84240 Unloading class 0x000002af0f005800 'java/lang/invoke/LambdaForm$MH+0x000002af0f005800'
Event: 8385.572 Thread 0x000002af75d84240 Unloading class 0x000002af0f004800 'java/lang/invoke/LambdaForm$MH+0x000002af0f004800'
Event: 8385.572 Thread 0x000002af75d84240 Unloading class 0x000002af0f004400 'java/lang/invoke/LambdaForm$MH+0x000002af0f004400'
Event: 8385.572 Thread 0x000002af75d84240 Unloading class 0x000002af0f003c00 'java/lang/invoke/LambdaForm$MH+0x000002af0f003c00'
Event: 8385.572 Thread 0x000002af75d84240 Unloading class 0x000002af0f003000 'java/lang/invoke/LambdaForm$MH+0x000002af0f003000'
Event: 8385.572 Thread 0x000002af75d84240 Unloading class 0x000002af0f002800 'java/lang/invoke/LambdaForm$MH+0x000002af0f002800'
Event: 8385.572 Thread 0x000002af75d84240 Unloading class 0x000002af0f002000 'java/lang/invoke/LambdaForm$MH+0x000002af0f002000'
Event: 8385.572 Thread 0x000002af75d84240 Unloading class 0x000002af0f001800 'java/lang/invoke/LambdaForm$MH+0x000002af0f001800'

Classes redefined (1 events):
Event: 0.312 Thread 0x000002af75d84240 redefined class name=java.lang.Throwable, count=1

Internal exceptions (20 events):
Event: 8484.726 Thread 0x000002af598aafd0 Exception <a 'java/lang/InterruptedException'{0x000000070d4b2da8}: sleep interrupted> (0x000000070d4b2da8) 
thrown [s\open\src\hotspot\share\prims\jvm.cpp, line 3064]
Event: 8484.745 Thread 0x000002af598a68f0 Exception <a 'java/lang/NoClassDefFoundError'{0x000000070d2add48}: liquibase/exception/ChangeLogParseException> (0x000000070d2add48) 
thrown [s\open\src\hotspot\share\classfile\systemDictionary.cpp, line 245]
Event: 8484.747 Thread 0x000002af598a68f0 Exception <a 'java/lang/NoClassDefFoundError'{0x000000070d2ce1d8}: org/jooq/DSLContext> (0x000000070d2ce1d8) 
thrown [s\open\src\hotspot\share\classfile\systemDictionary.cpp, line 245]
Event: 8484.747 Thread 0x000002af598a68f0 Exception <a 'java/lang/NoClassDefFoundError'{0x000000070d2d0450}: io/r2dbc/spi/ConnectionFactory> (0x000000070d2d0450) 
thrown [s\open\src\hotspot\share\classfile\systemDictionary.cpp, line 245]
Event: 8484.758 Thread 0x000002af598a68f0 Exception <a 'java/lang/reflect/InvocationTargetException'{0x000000070d388150}> (0x000000070d388150) 
thrown [s\open\src\hotspot\share\runtime\reflection.cpp, line 1121]
Event: 8593.857 Thread 0x000002af598a3140 Exception <a 'sun/nio/fs/WindowsException'{0x000000070cec8278}> (0x000000070cec8278) 
thrown [s\open\src\hotspot\share\prims\jni.cpp, line 516]
Event: 8593.900 Thread 0x000002af598a3140 Exception <a 'sun/nio/fs/WindowsException'{0x000000070cdde640}> (0x000000070cdde640) 
thrown [s\open\src\hotspot\share\prims\jni.cpp, line 516]
Event: 8594.653 Thread 0x000002af598a3140 Exception <a 'sun/nio/fs/WindowsException'{0x000000070d5d7178}> (0x000000070d5d7178) 
thrown [s\open\src\hotspot\share\prims\jni.cpp, line 516]
Event: 8594.742 Thread 0x000002af598a3140 Exception <a 'sun/nio/fs/WindowsException'{0x000000070cf14af0}> (0x000000070cf14af0) 
thrown [s\open\src\hotspot\share\prims\jni.cpp, line 516]
Event: 8594.893 Thread 0x000002af598a3140 Exception <a 'java/lang/NoClassDefFoundError'{0x000000070c242038}: org/flywaydb/core/Flyway> (0x000000070c242038) 
thrown [s\open\src\hotspot\share\oops\constantPool.cpp, line 837]
Event: 8594.893 Thread 0x000002af598a3140 Exception <a 'java/lang/NoClassDefFoundError'{0x000000070c2426c8}: liquibase/integration/spring/SpringLiquibase> (0x000000070c2426c8) 
thrown [s\open\src\hotspot\share\oops\constantPool.cpp, line 837]
Event: 8594.920 Thread 0x000002af598a3140 Exception <a 'java/lang/NoClassDefFoundError'{0x000000070c3bc8c8}: org/jooq/DSLContext> (0x000000070c3bc8c8) 
thrown [s\open\src\hotspot\share\oops\constantPool.cpp, line 837]
Event: 8594.922 Thread 0x000002af598a3140 Exception <a 'java/lang/NoClassDefFoundError'{0x000000070c3db670}: org/springframework/batch/core/repository/JobRepository> (0x000000070c3db670) 
thrown [s\open\src\hotspot\share\oops\constantPool.cpp, line 837]
Event: 8594.922 Thread 0x000002af598a3140 Exception <a 'java/lang/NoClassDefFoundError'{0x000000070c3dbcf8}: org/quartz/Scheduler> (0x000000070c3dbcf8) 
thrown [s\open\src\hotspot\share\oops\constantPool.cpp, line 837]
Event: 8594.922 Thread 0x000002af598a3140 Exception <a 'java/lang/NoClassDefFoundError'{0x000000070c3dc4a8}: org/springframework/session/jdbc/JdbcIndexedSessionRepository> (0x000000070c3dc4a8) 
thrown [s\open\src\hotspot\share\oops\constantPool.cpp, line 837]
Event: 8595.044 Thread 0x000002af598a3140 Exception <a 'sun/nio/fs/WindowsException'{0x000000070b9bb150}> (0x000000070b9bb150) 
thrown [s\open\src\hotspot\share\prims\jni.cpp, line 516]
Event: 8595.044 Thread 0x000002af598a3140 Exception <a 'sun/nio/fs/WindowsException'{0x000000070b9bb888}> (0x000000070b9bb888) 
thrown [s\open\src\hotspot\share\prims\jni.cpp, line 516]
Event: 8595.044 Thread 0x000002af598a3140 Exception <a 'sun/nio/fs/WindowsException'{0x000000070b9bbfa0}> (0x000000070b9bbfa0) 
thrown [s\open\src\hotspot\share\prims\jni.cpp, line 516]
Event: 8595.056 Thread 0x000002af598a3140 Exception <a 'java/io/FileNotFoundException'{0x000000070b6075c8}> (0x000000070b6075c8) 
thrown [s\open\src\hotspot\share\prims\jni.cpp, line 516]
Event: 8595.151 Thread 0x000002af598a3140 Exception <a 'sun/nio/fs/WindowsException'{0x000000070ae662b8}> (0x000000070ae662b8) 
thrown [s\open\src\hotspot\share\prims\jni.cpp, line 516]

VM Operations (20 events):
Event: 8597.817 Executing VM operation: ICBufferFull
Event: 8597.817 Executing VM operation: ICBufferFull done
Event: 8597.871 Executing VM operation: ICBufferFull
Event: 8597.871 Executing VM operation: ICBufferFull done
Event: 8597.874 Executing VM operation: HandshakeAllThreads
Event: 8597.874 Executing VM operation: HandshakeAllThreads done
Event: 8597.972 Executing VM operation: ICBufferFull
Event: 8597.975 Executing VM operation: ICBufferFull done
Event: 8598.066 Executing VM operation: ICBufferFull
Event: 8598.067 Executing VM operation: ICBufferFull done
Event: 8598.121 Executing VM operation: HandshakeAllThreads
Event: 8598.121 Executing VM operation: HandshakeAllThreads done
Event: 8598.158 Executing VM operation: G1CollectForAllocation
Event: 8598.162 Executing VM operation: G1CollectForAllocation done
Event: 8598.287 Executing VM operation: ICBufferFull
Event: 8598.287 Executing VM operation: ICBufferFull done
Event: 8598.456 Executing VM operation: ICBufferFull
Event: 8598.456 Executing VM operation: ICBufferFull done
Event: 8598.579 Executing VM operation: ICBufferFull
Event: 8598.579 Executing VM operation: ICBufferFull done

Events (20 events):
Event: 8598.759 loading class com/smartsolutions/eschool/global/baseEntity/AuditableEntity_
Event: 8598.759 loading class com/smartsolutions/eschool/global/baseEntity/AuditableEntity_ done
Event: 8598.759 loading class com/smartsolutions/eschool/student/model/FeeParticularsEntity_
Event: 8598.759 loading class com/smartsolutions/eschool/student/model/FeeParticularsEntity_ done
Event: 8598.760 loading class com/smartsolutions/eschool/student/model/StudentEntity_
Event: 8598.760 loading class com/smartsolutions/eschool/student/model/StudentEntity_ done
Event: 8598.760 loading class com/smartsolutions/eschool/school/model/FailCriteriaEntity_
Event: 8598.760 loading class com/smartsolutions/eschool/school/model/FailCriteriaEntity_ done
Event: 8598.761 loading class com/smartsolutions/eschool/student/model/FeeCatalogEntity_
Event: 8598.761 loading class com/smartsolutions/eschool/student/model/FeeCatalogEntity_ done
Event: 8598.761 loading class com/smartsolutions/eschool/global/baseEntity/AuditableEntity_
Event: 8598.761 loading class com/smartsolutions/eschool/global/baseEntity/AuditableEntity_ done
Event: 8598.762 loading class com/smartsolutions/eschool/school/model/DiscountSubTypeEntity_
Event: 8598.762 loading class com/smartsolutions/eschool/school/model/DiscountSubTypeEntity_ done
Event: 8598.762 loading class com/smartsolutions/eschool/global/baseEntity/AuditableEntity_
Event: 8598.762 loading class com/smartsolutions/eschool/global/baseEntity/AuditableEntity_ done
Event: 8598.762 loading class com/smartsolutions/eschool/student/model/StudentFeePaymentEntity_
Event: 8598.762 loading class com/smartsolutions/eschool/student/model/StudentFeePaymentEntity_ done
Event: 8598.763 loading class com/smartsolutions/eschool/student/model/StudentFeeSummaryEntity_
Event: 8598.763 loading class com/smartsolutions/eschool/student/model/StudentFeeSummaryEntity_ done


Dynamic libraries:
0x00007ff7fdef0000 - 0x00007ff7fdf00000 	C:\Program Files\Java\jdk-17\bin\java.exe
0x00007ffba2d00000 - 0x00007ffba2f67000 	C:\WINDOWS\SYSTEM32\ntdll.dll
0x00007ffba2010000 - 0x00007ffba20d9000 	C:\WINDOWS\System32\KERNEL32.DLL
0x00007ffb9ffd0000 - 0x00007ffba03bf000 	C:\WINDOWS\System32\KERNELBASE.dll
0x00007ffba0680000 - 0x00007ffba07cb000 	C:\WINDOWS\System32\ucrtbase.dll
0x00007ffb96a50000 - 0x00007ffb96a6b000 	C:\Program Files\Java\jdk-17\bin\VCRUNTIME140.dll
0x00007ffb98a00000 - 0x00007ffb98a19000 	C:\Program Files\Java\jdk-17\bin\jli.dll
0x00007ffba20e0000 - 0x00007ffba2194000 	C:\WINDOWS\System32\ADVAPI32.dll
0x00007ffba2bc0000 - 0x00007ffba2c69000 	C:\WINDOWS\System32\msvcrt.dll
0x00007ffba0f40000 - 0x00007ffba0fe6000 	C:\WINDOWS\System32\sechost.dll
0x00007ffba1d40000 - 0x00007ffba1e58000 	C:\WINDOWS\System32\RPCRT4.dll
0x00007ffba1b10000 - 0x00007ffba1cd5000 	C:\WINDOWS\System32\USER32.dll
0x00007ffb9ef10000 - 0x00007ffb9f1a3000 	C:\WINDOWS\WinSxS\amd64_microsoft.windows.common-controls_6595b64144ccf1df_6.0.26100.7309_none_3e05feeae336a044\COMCTL32.dll
0x00007ffba0890000 - 0x00007ffba08b7000 	C:\WINDOWS\System32\win32u.dll
0x00007ffba1fe0000 - 0x00007ffba200b000 	C:\WINDOWS\System32\GDI32.dll
0x00007ffba0970000 - 0x00007ffba0a9c000 	C:\WINDOWS\System32\gdi32full.dll
0x00007ffba05d0000 - 0x00007ffba0673000 	C:\WINDOWS\System32\msvcp_win.dll
0x00007ffb938d0000 - 0x00007ffb938db000 	C:\WINDOWS\SYSTEM32\VERSION.dll
0x00007ffba1040000 - 0x00007ffba1071000 	C:\WINDOWS\System32\IMM32.DLL
0x00007ffb96a90000 - 0x00007ffb96a9c000 	C:\Program Files\Java\jdk-17\bin\vcruntime140_1.dll
0x00007ffb87770000 - 0x00007ffb877fe000 	C:\Program Files\Java\jdk-17\bin\msvcp140.dll
0x00007ffb162a0000 - 0x00007ffb16e80000 	C:\Program Files\Java\jdk-17\bin\server\jvm.dll
0x00007ffba2440000 - 0x00007ffba2448000 	C:\WINDOWS\System32\PSAPI.DLL
0x00007ffb8e950000 - 0x00007ffb8e985000 	C:\WINDOWS\SYSTEM32\WINMM.dll
0x00007ffb823c0000 - 0x00007ffb823ca000 	C:\WINDOWS\SYSTEM32\WSOCK32.dll
0x00007ffba2220000 - 0x00007ffba2294000 	C:\WINDOWS\System32\WS2_32.dll
0x00007ffb9e2d0000 - 0x00007ffb9e2eb000 	C:\WINDOWS\SYSTEM32\kernel.appcore.dll
0x00007ffb96a30000 - 0x00007ffb96a3a000 	C:\Program Files\Java\jdk-17\bin\jimage.dll
0x00007ffb9f600000 - 0x00007ffb9f842000 	C:\WINDOWS\SYSTEM32\DBGHELP.DLL
0x00007ffba27a0000 - 0x00007ffba2b25000 	C:\WINDOWS\System32\combase.dll
0x00007ffba12d0000 - 0x00007ffba13a6000 	C:\WINDOWS\System32\OLEAUT32.dll
0x00007ffb9f2f0000 - 0x00007ffb9f32c000 	C:\WINDOWS\SYSTEM32\dbgcore.DLL
0x00007ffba08c0000 - 0x00007ffba0965000 	C:\WINDOWS\System32\bcryptPrimitives.dll
0x00007ffb95270000 - 0x00007ffb952ab000 	C:\Program Files\Java\jdk-17\bin\jdwp.dll
0x00007ffb96950000 - 0x00007ffb9695e000 	C:\Program Files\Java\jdk-17\bin\instrument.dll
0x00007ffb969a0000 - 0x00007ffb969c5000 	C:\Program Files\Java\jdk-17\bin\java.dll
0x00007ffb74630000 - 0x00007ffb74841000 	C:\Users\Expertflow\AppData\Local\Temp\idea_libasyncProfiler_dll_temp_folder11\libasyncProfiler.dll
0x00007ffb8cf20000 - 0x00007ffb8cf38000 	C:\Program Files\Java\jdk-17\bin\zip.dll
0x00007ffb76b80000 - 0x00007ffb76c57000 	C:\Program Files\Java\jdk-17\bin\jsvml.dll
0x00007ffba13b0000 - 0x00007ffba1b03000 	C:\WINDOWS\System32\SHELL32.dll
0x00007ffba03d0000 - 0x00007ffba053a000 	C:\WINDOWS\System32\wintypes.dll
0x00007ffb9d020000 - 0x00007ffb9d87e000 	C:\WINDOWS\SYSTEM32\windows.storage.dll
0x00007ffba26a0000 - 0x00007ffba2795000 	C:\WINDOWS\System32\SHCORE.dll
0x00007ffba2450000 - 0x00007ffba24b6000 	C:\WINDOWS\System32\shlwapi.dll
0x00007ffb9fd70000 - 0x00007ffb9fd99000 	C:\WINDOWS\SYSTEM32\profapi.dll
0x00007ffb864c0000 - 0x00007ffb864cc000 	C:\Program Files\Java\jdk-17\bin\dt_socket.dll
0x00007ffb9dd20000 - 0x00007ffb9dd54000 	C:\WINDOWS\SYSTEM32\IPHLPAPI.DLL
0x00007ffb9e800000 - 0x00007ffb9e86b000 	C:\WINDOWS\system32\mswsock.dll
0x00007ffb8ce80000 - 0x00007ffb8ce99000 	C:\Program Files\Java\jdk-17\bin\net.dll
0x00007ffb93770000 - 0x00007ffb93898000 	C:\WINDOWS\SYSTEM32\WINHTTP.dll
0x00007ffb86460000 - 0x00007ffb86476000 	C:\Program Files\Java\jdk-17\bin\nio.dll
0x00007ffb9de10000 - 0x00007ffb9df3c000 	C:\WINDOWS\SYSTEM32\DNSAPI.dll
0x00007ffba1fd0000 - 0x00007ffba1fda000 	C:\WINDOWS\System32\NSI.dll
0x00007ffb938c0000 - 0x00007ffb938cb000 	C:\Windows\System32\rasadhlp.dll
0x00007ffb92cb0000 - 0x00007ffb92d36000 	C:\WINDOWS\System32\fwpuclnt.dll
0x00007ffb84960000 - 0x00007ffb8496a000 	C:\Program Files\Java\jdk-17\bin\management.dll
0x00007ffb838d0000 - 0x00007ffb838db000 	C:\Program Files\Java\jdk-17\bin\management_ext.dll
0x00007ffb9f970000 - 0x00007ffb9f98b000 	C:\WINDOWS\SYSTEM32\CRYPTSP.dll
0x00007ffb9e870000 - 0x00007ffb9e8aa000 	C:\WINDOWS\system32\rsaenh.dll
0x00007ffb9e8f0000 - 0x00007ffb9e91b000 	C:\WINDOWS\SYSTEM32\USERENV.dll
0x00007ffb9fd40000 - 0x00007ffb9fd6a000 	C:\WINDOWS\SYSTEM32\bcrypt.dll
0x00007ffb9ed80000 - 0x00007ffb9ed8c000 	C:\WINDOWS\SYSTEM32\CRYPTBASE.dll
0x00007ffb938e0000 - 0x00007ffb938fe000 	C:\WINDOWS\SYSTEM32\dhcpcsvc6.DLL
0x00007ffb93610000 - 0x00007ffb93633000 	C:\WINDOWS\SYSTEM32\dhcpcsvc.DLL
0x00007ffb71ff0000 - 0x00007ffb72008000 	C:\WINDOWS\system32\napinsp.dll
0x00007ffb71fd0000 - 0x00007ffb71fe2000 	C:\WINDOWS\System32\winrnr.dll
0x00007ffb49b90000 - 0x00007ffb49bb2000 	C:\WINDOWS\system32\nlansp_c.dll
0x00007ffb938a0000 - 0x00007ffb938b6000 	C:\WINDOWS\system32\wshbth.dll
0x00007ffb863c0000 - 0x00007ffb863ce000 	C:\Program Files\Java\jdk-17\bin\sunmscapi.dll
0x00007ffb9fe50000 - 0x00007ffb9ffc7000 	C:\WINDOWS\System32\CRYPT32.dll
0x00007ffb9f1b0000 - 0x00007ffb9f1e0000 	C:\WINDOWS\SYSTEM32\ncrypt.dll
0x00007ffb9eec0000 - 0x00007ffb9eeff000 	C:\WINDOWS\SYSTEM32\NTASN1.dll
0x00007ffb86420000 - 0x00007ffb86430000 	C:\Program Files\Java\jdk-17\bin\verify.dll
0x00007ffaeddf0000 - 0x00007ffaeddf8000 	C:\WINDOWS\system32\wshunix.dll

dbghelp: loaded successfully - version: 4.0.5 - missing functions: none
symbol engine: initialized successfully - sym options: 0x614 - pdb path: .;C:\Program Files\Java\jdk-17\bin;C:\WINDOWS\SYSTEM32;C:\WINDOWS\WinSxS\amd64_microsoft.windows.common-controls_6595b64144ccf1df_6.0.26100.7309_none_3e05feeae336a044;C:\Program Files\Java\jdk-17\bin\server;C:\Users\Expertflow\AppData\Local\Temp\idea_libasyncProfiler_dll_temp_folder11

VM Arguments:
jvm_args: -agentlib:jdwp=transport=dt_socket,address=127.0.0.1:15649,suspend=y,server=n -javaagent:C:\Users\Expertflow\AppData\Local\JetBrains\IntelliJIdea2025.2\captureAgent\debugger-agent.jar=file:///C:/Users/EXPERT~1/AppData/Local/Temp/capture16631886251976842251.props -agentpath:C:\Users\Expertflow\AppData\Local\Temp\idea_libasyncProfiler_dll_temp_folder11\libasyncProfiler.dll=version,jfr,event=wall,interval=10ms,cstack=no,file=C:\Users\Expertflow\IdeaSnapshots\ESchoolApplication_2025_12_14_020531.jfr,dbghelppath=C:\Users\Expertflow\AppData\Local\Temp\idea_dbghelp_dll_temp_folder88173\dbghelp.dll,log=C:\Users\Expertflow\AppData\Local\Temp\ESchoolApplication_2025_12_14_020531.jfr.log.txt,logLevel=DEBUG -XX:TieredStopAtLevel=1 -Dspring.output.ansi.enabled=always -Dcom.sun.management.jmxremote -Dspring.jmx.enabled=true -Dspring.liveBeansView.mbeanDomain -Dspring.application.admin.enabled=true -Dmanagement.endpoints.jmx.exposure.include=* -Dkotlinx.coroutines.debug.enable.creation.stack.trace=false -Ddebugger.agent.enable.coroutines=true -Dkotlinx.coroutines.debug.enable.flows.stack.trace=true -Dkotlinx.coroutines.debug.enable.mutable.state.flows.stack.trace=true -Dfile.encoding=UTF-8 
java_command: com.smartsolutions.eschool.ESchoolApplication
java_class_path (initial): D:\SMS\sms\target\classes;C:\Users\Expertflow\.m2\repository\org\hibernate\orm\hibernate-core\6.4.1.Final\hibernate-core-6.4.1.Final.jar;C:\Users\Expertflow\.m2\repository\jakarta\persistence\jakarta.persistence-api\3.1.0\jakarta.persistence-api-3.1.0.jar;C:\Users\Expertflow\.m2\repository\jakarta\transaction\jakarta.transaction-api\2.0.1\jakarta.transaction-api-2.0.1.jar;C:\Users\Expertflow\.m2\repository\org\jboss\logging\jboss-logging\3.5.3.Final\jboss-logging-3.5.3.Final.jar;C:\Users\Expertflow\.m2\repository\org\hibernate\common\hibernate-commons-annotations\6.0.6.Final\hibernate-commons-annotations-6.0.6.Final.jar;C:\Users\Expertflow\.m2\repository\io\smallrye\jandex\3.1.2\jandex-3.1.2.jar;C:\Users\Expertflow\.m2\repository\com\fasterxml\classmate\1.6.0\classmate-1.6.0.jar;C:\Users\Expertflow\.m2\repository\net\bytebuddy\byte-buddy\1.14.13\byte-buddy-1.14.13.jar;C:\Users\Expertflow\.m2\repository\jakarta\xml\bind\jakarta.xml.bind-api\4.0.2\jakarta.xml.bind-api-4.0.2.jar;C:\Users\Expertflow\.m2\repository\jakarta\activation\jakarta.activation-api\2.1.3\jakarta.activation-api-2.1.3.jar;C:\Users\Expertflow\.m2\repository\org\glassfish\jaxb\jaxb-runtime\4.0.5\jaxb-runtime-4.0.5.jar;C:\Users\Expertflow\.m2\repository\org\glassfish\jaxb\jaxb-core\4.0.5\jaxb-core-4.0.5.jar;C:\Users\Expertflow\.m2\repository\org\eclipse\angus\angus-activation\2.0.2\angus-activation-2.0.2.jar;C:\Users\Expertflow\.m2\repository\org\glassfish\jaxb\txw2\4.0.5\txw2-4.0.5.jar;C:\Users\Expertflow\.m2\repository\com\sun\istack\istack-commons-runtime\4.1.2\istack-commons-runtime-4.1.2.jar;C:\Users\Expertflow\.m2\repository\jakarta\inject\jakarta.inject-api\2.0.1\jakarta.inject-api-2.0.1.jar;C:\Users\Expertflow\.m2\repository\org\antlr\antlr4-runtime\4.13.0\antlr4-runtime-4.13.0.jar;C:\Users\Expertflow\.m2\repository\org\springframework\boot\spring-boot-starter-data-jpa\3.2.5\spring-boot-starter-data-jpa-3.2.5.jar;C:\Users\Expertflow\.m2\repository\org\springframewo
Launcher Type: SUN_STANDARD

[Global flags]
     intx CICompilerCount                          = 4                                         {product} {ergonomic}
     uint ConcGCThreads                            = 2                                         {product} {ergonomic}
     uint G1ConcRefinementThreads                  = 8                                         {product} {ergonomic}
   size_t G1HeapRegionSize                         = 2097152                                   {product} {ergonomic}
    uintx GCDrainStackTargetSize                   = 64                                        {product} {ergonomic}
   size_t InitialHeapSize                          = 268435456                                 {product} {ergonomic}
     bool ManagementServer                         = true                                      {product} {command line}
   size_t MarkStackSize                            = 4194304                                   {product} {ergonomic}
   size_t MaxHeapSize                              = 4263510016                                {product} {ergonomic}
   size_t MaxNewSize                               = 2556428288                                {product} {ergonomic}
   size_t MinHeapDeltaBytes                        = 2097152                                   {product} {ergonomic}
   size_t MinHeapSize                              = 8388608                                   {product} {ergonomic}
    uintx NonProfiledCodeHeapSize                  = 0                                      {pd product} {ergonomic}
     bool ProfileInterpreter                       = false                                  {pd product} {command line}
    uintx ProfiledCodeHeapSize                     = 0                                      {pd product} {ergonomic}
   size_t SoftMaxHeapSize                          = 4263510016                             {manageable} {ergonomic}
     intx TieredStopAtLevel                        = 1                                         {product} {command line}
     bool UseCompressedClassPointers               = true                           {product lp64_product} {ergonomic}
     bool UseCompressedOops                        = true                           {product lp64_product} {ergonomic}
     bool UseG1GC                                  = true                                      {product} {ergonomic}
     bool UseLargePagesIndividualAllocation        = false                                  {pd product} {ergonomic}

Logging:
Log output configuration:
 #0: stdout all=warning uptime,level,tags
 #1: stderr all=off uptime,level,tags

Environment Variables:
PATH=C:\Program Files\Common Files\Oracle\Java\javapath;C:\WINDOWS\system32;C:\WINDOWS;C:\WINDOWS\System32\Wbem;C:\WINDOWS\System32\WindowsPowerShell\v1.0\;C:\WINDOWS\System32\OpenSSH\;C:\Program Files\Java\jdk-17\bin;C:\WINDOWS\system32\config\systemprofile\.dnx\bin;C:\Program Files\Microsoft DNX\Dnvm\;C:\Program Files\Microsoft SQL Server\120\Tools\Binn\;C:\Program Files\Microsoft SQL Server\130\Tools\Binn\;C:\Program Files\Git\cmd;C:\Program Files\nodejs\;C:\Program Files\Docker\Docker\resources\bin;C:\Program Files\apache-maven-3.9.11-bin\apache-maven-3.9.11\bin;C:\Users\Expertflow\AppData\Local\Microsoft\WindowsApps;C:\Users\Expertflow\AppData\Local\Programs\Microsoft VS Code\bin;C:\Users\Expertflow\AppData\Roaming\npm
USERNAME=Expertflow
OS=Windows_NT
PROCESSOR_IDENTIFIER=Intel64 Family 6 Model 158 Stepping 9, GenuineIntel



---------------  S Y S T E M  ---------------

OS:
 Windows 11 , 64 bit Build 26100 (10.0.26100.7309)
OS uptime: 2 days 6:01 hours
Hyper-V role detected

CPU: total 8 (initial active 8) (4 cores per cpu, 2 threads per core) family 6 model 158 stepping 9 microcode 0xf8, cx8, cmov, fxsr, ht, mmx, 3dnowpref, sse, sse2, sse3, ssse3, sse4.1, sse4.2, popcnt, lzcnt, tsc, tscinvbit, avx, avx2, aes, erms, clmul, bmi1, bmi2, rtm, adx, fma, vzeroupper, clflush, clflushopt, hv

Memory: 4k page, system-wide physical 16259M (1834M free)
TotalPageFile size 30083M (AvailPageFile size 5302M)
current process WorkingSet (physical memory assigned to process): 452M, peak: 830M
current process commit charge ("private bytes"): 581M, peak: 935M

vm_info: Java HotSpot(TM) 64-Bit Server VM (17.0.12+8-LTS-286) for windows-amd64 JRE (17.0.12+8-LTS-286), built on Jun  5 2024 06:46:59 by "mach5one" with MS VC++ 17.6 (VS2022)

END.
