#
# A fatal error has been detected by the Java Runtime Environment:
#
#  EXCEPTION_ACCESS_VIOLATION (0xc0000005) at pc=0x00007ffe96dfe5d1, pid=14444, tid=28996
#
# JRE version: OpenJDK Runtime Environment Temurin-21.0.9+10 (21.0.9+10) (build 21.0.9+10-LTS)
# Java VM: OpenJDK 64-Bit Server VM Temurin-21.0.9+10 (21.0.9+10-LTS, mixed mode, sharing, tiered, compressed oops, compressed class ptrs, parallel gc, windows-amd64)
# Problematic frame:
# V  [jvm.dll+0x70e5d1]
#
# No core dump will be written. Minidumps are not enabled by default on client versions of Windows
#
# If you would like to submit a bug report, please visit:
#   https://github.com/adoptium/adoptium-support/issues
#

---------------  S U M M A R Y ------------

Command Line: --add-modules=ALL-SYSTEM --add-opens=java.base/java.util=ALL-UNNAMED --add-opens=java.base/java.lang=ALL-UNNAMED --add-opens=java.base/sun.nio.fs=ALL-UNNAMED -Declipse.application=org.eclipse.jdt.ls.core.id1 -Dosgi.bundles.defaultStartLevel=4 -Declipse.product=org.eclipse.jdt.ls.core.product -Djava.import.generatesMetadataFilesAtProjectRoot=false -DDetectVMInstallationsJob.disabled=true -Dfile.encoding=utf8 -XX:+UseParallelGC -XX:GCTimeRatio=4 -XX:AdaptiveSizePolicyWeight=90 -Dsun.zip.disableMemoryMapping=true -Xmx2G -Xms100m -Xlog:disable -javaagent:c:\Users\Expertflow\.vscode\extensions\redhat.java-1.52.0-win32-x64\lombok\lombok-1.18.39-4050.jar -XX:+HeapDumpOnOutOfMemoryError -XX:HeapDumpPath=c:\Users\Expertflow\AppData\Roaming\Code\User\workspaceStorage\782133077b2946f882cd12a4b71ceda4\redhat.java -Daether.dependencyCollector.impl=bf c:\Users\Expertflow\.vscode\extensions\redhat.java-1.52.0-win32-x64\server\plugins\org.eclipse.equinox.launcher_1.7.100.v20251111-0406.jar -configuration c:\Users\Expertflow\AppData\Roaming\Code\User\globalStorage\redhat.java\1.52.0\config_win -data c:\Users\Expertflow\AppData\Roaming\Code\User\workspaceStorage\782133077b2946f882cd12a4b71ceda4\redhat.java\jdt_ws --pipe=\\.\pipe\lsp-dccb67ddc2643833538c7dcde532750d-sock

Host: Intel(R) Core(TM) i7-7820HQ CPU @ 2.90GHz, 8 cores, 15G,  Windows 11 , 64 bit Build 26100 (10.0.26100.7623)
Time: Tue Feb 10 00:23:22 2026 Pakistan Standard Time elapsed time: 3781.427851 seconds (0d 1h 3m 1s)

---------------  T H R E A D  ---------------

Current thread (0x000002118f9535d0):  WorkerThread "GC Thread#2"    [id=28996, stack(0x000000174cb00000,0x000000174cc00000) (1024K)]

Stack: [0x000000174cb00000,0x000000174cc00000],  sp=0x000000174cbff6c0,  free space=1021k
Native frames: (J=compiled Java code, j=interpreted, Vv=VM code, C=native code)
V  [jvm.dll+0x70e5d1]
V  [jvm.dll+0x6e1f5b]
V  [jvm.dll+0x71345c]
V  [jvm.dll+0x70fa78]
V  [jvm.dll+0x6e313e]
V  [jvm.dll+0x713327]
V  [jvm.dll+0x713afd]
V  [jvm.dll+0x8e2bd1]
V  [jvm.dll+0x85e9ad]
V  [jvm.dll+0x6d565d]
C  [ucrtbase.dll+0x37b0]
C  [KERNEL32.DLL+0x2e8d7]
C  [ntdll.dll+0x8c53c]


siginfo: EXCEPTION_ACCESS_VIOLATION (0xc0000005), reading address 0xffffffffffffffff


Registers:
RAX=0x0000021131a30000, RBX=0x0000000082d76c10, RCX=0x00007ffe973b24a0, RDX=0x0000000000000009
RSP=0x000000174cbff6c0, RBP=0x0000000000000009, RSI=0x0000000082f76c10, RDI=0x0000000000010000
R8 =0x000002114864d870, R9 =0x00009fffffffb000, R10=0x000002114864d870, R11=0x000002114864d870
R12=0x00000000005f0000, R13=0x00007ffe973b24a0, R14=0x00007ffe973b2460, R15=0x000000174cbff890
RIP=0x00007ffe96dfe5d1, EFLAGS=0x0000000000010a06

XMM[0]=0x0000000000000000 0x000000000000005f
XMM[1]=0x0000000000000000 0x0000000000000000
XMM[2]=0x0000000000000000 0x0000000000000000
XMM[3]=0x0000000000000000 0x0000000000000000
XMM[4]=0x0000000000000000 0x0000000000000000
XMM[5]=0x0000000000000000 0x0000000000000000
XMM[6]=0x0000000000000000 0x0000000000000000
XMM[7]=0x0000000000000000 0x0000000000000000
XMM[8]=0x0000000000000000 0x0000000000000000
XMM[9]=0x0000000000000000 0x0000000000000000
XMM[10]=0x0000000000000000 0x0000000000000000
XMM[11]=0x0000000000000000 0x0000000000000000
XMM[12]=0x0000000000000000 0x0000000000000000
XMM[13]=0x0000000000000000 0x0000000000000000
XMM[14]=0x0000000000000000 0x0000000000000000
XMM[15]=0x0000000000000000 0x0000000000000000
  MXCSR=0x00001fa0


Register to memory mapping:

RAX=0x0000021131a30000 points into unknown readable memory: 0x0000000080000000 | 00 00 00 80 00 00 00 00
RBX=0x0000000082d76c10 is an oop: sun.reflect.generics.reflectiveObjects.ParameterizedTypeImpl 
{0x0000000082d76c10} - klass: 'sun/reflect/generics/reflectiveObjects/ParameterizedTypeImpl'
 - ---- fields (total size 3 words):
 - private final 'actualTypeArguments' '[Ljava/lang/reflect/Type;' @12  a 'java/lang/reflect/Type'[2] {0x0000000082d76c28} (0x82d76c28)
 - private final 'rawType' 'Ljava/lang/Class;' @16  a 'java/lang/Class'{0x0000000080808508} = 'java/util/Map' (0x80808508)
 - private final 'ownerType' 'Ljava/lang/reflect/Type;' @20  null (0x00000000)
RCX=0x00007ffe973b24a0 jvm.dll
RDX=0x0000000000000009 is an unknown value
RSP=0x000000174cbff6c0 points into unknown readable memory: 0x0000021149000a88 | 88 0a 00 49 11 02 00 00
RBP=0x0000000000000009 is an unknown value
RSI=
[error occurred during error reporting (printing register info), id 0xc0000005, EXCEPTION_ACCESS_VIOLATION (0xc0000005) at pc=0x00007ffe96dd5933]
RDI=0x0000000000010000 is an unknown value
R8 =0x000002114864d870 points into unknown readable memory: 0x0000021131d3b2f0 | f0 b2 d3 31 11 02 00 00
R9 =0x00009fffffffb000 is an unknown value
R10=0x000002114864d870 points into unknown readable memory: 0x0000021131d3b2f0 | f0 b2 d3 31 11 02 00 00
R11=0x000002114864d870 points into unknown readable memory: 0x0000021131d3b2f0 | f0 b2 d3 31 11 02 00 00
R12=0x00000000005f0000 is an unknown value
R13=0x00007ffe973b24a0 jvm.dll
R14=0x00007ffe973b2460 jvm.dll
R15=0x000000174cbff890 points into unknown readable memory: 0x00007ffe97189688 | 88 96 18 97 fe 7f 00 00

Top of Stack: (sp=0x000000174cbff6c0)
0x000000174cbff6c0:   0000021149000a88 0000000000000022
0x000000174cbff6d0:   0000000000000040 0000000000010000
0x000000174cbff6e0:   0000000000000022 00007ffe9693398c
0x000000174cbff6f0:   000002114900eb18 000000174cbff780
0x000000174cbff700:   000000174cbff890 00007ffe973b2460
0x000000174cbff710:   0000000000b20000 0000000000000009
0x000000174cbff720:   000000174cbff780 00007ffe96dd1f5b
0x000000174cbff730:   000002114864d870 0000021131a30e10
0x000000174cbff740:   000002114864d870 00007ffe973b2460
0x000000174cbff750:   00000000005f0000 00007ffe96e0345c
0x000000174cbff760:   00000000005aed81 00000000005aed80
0x000000174cbff770:   0000000000b20000 0000000000b20000
0x000000174cbff780:   00007ffe971896a8 0000000000000000
0x000000174cbff790:   000002114864d870 000000174cbff860
0x000000174cbff7a0:   0000000000000022 00007ffe96dffa78
0x000000174cbff7b0:   000000174cbff830 000002118f0d3a00
0x000000174cbff7c0:   00000000c8d06d01 0000000000010000
0x000000174cbff7d0:   00000000005aebf0 00007ffe96dd313e
0x000000174cbff7e0:   00000000005aec12 0000000000b20000
0x000000174cbff7f0:   00000000005f0000 000000000000030d
0x000000174cbff800:   000002114864d870 0000000000000000
0x000000174cbff810:   00007ffe973b22c0 00007ffe973b2460
0x000000174cbff820:   000000000000005a 00007ffe96e03327
0x000000174cbff830:   00000000005f0000 0000000000000000
0x000000174cbff840:   000000174cbff860 000000000000005f
0x000000174cbff850:   00000000005f0000 0000000000b20000
0x000000174cbff860:   00007ffe97189698 00007ffe973b2460
0x000000174cbff870:   000002114864d870 ffffffffffffffff
0x000000174cbff880:   0000000000000000 0000021131c9d0e0
0x000000174cbff890:   00007ffe97189688 00007ffe973b2460
0x000000174cbff8a0:   000002114864d870 ffffffffffffffff
0x000000174cbff8b0:   0000000000000000 0000000000000000 

Instructions: (pc=0x00007ffe96dfe5d1)
0x00007ffe96dfe4d1:   03 4c 8b c9 4c 03 d8 48 8b d0 48 c1 ea 10 49 c1
0x00007ffe96dfe4e1:   eb 10 48 8d 04 92 4c 8d 04 c5 00 00 00 00 49 3b
0x00007ffe96dfe4f1:   d3 75 11 f0 41 01 7c 18 1c 48 8b 5c 24 08 48 8b
0x00007ffe96dfe501:   7c 24 10 c3 49 8b c2 48 c1 e8 03 0f b7 c8 b8 00
0x00007ffe96dfe511:   00 01 00 2b c1 f0 41 01 44 18 1c 48 8d 4a 01 49
0x00007ffe96dfe521:   3b cb 73 3a 48 8d 04 89 49 8b d3 48 c1 e0 03 48
0x00007ffe96dfe531:   2b d1 0f 1f 40 00 66 0f 1f 84 00 00 00 00 00 49
0x00007ffe96dfe541:   8b 49 18 48 8d 40 28 c7 44 08 f0 00 00 01 00 49
0x00007ffe96dfe551:   8b 49 18 4c 89 54 08 e8 48 83 ea 01 75 e1 48 8b
0x00007ffe96dfe561:   5c 24 08 4b 8d 04 9b 48 8d 14 c5 00 00 00 00 48
0x00007ffe96dfe571:   8d 47 ff 48 8b 7c 24 10 49 8d 04 c2 48 c1 e8 03
0x00007ffe96dfe581:   0f b7 c8 49 8b 41 18 ff c1 89 4c 02 18 49 8b 41
0x00007ffe96dfe591:   18 4c 89 54 02 10 c3 cc cc cc cc cc cc cc cc 4c
0x00007ffe96dfe5a1:   89 44 24 18 55 57 41 55 41 56 41 57 48 83 ec 40
0x00007ffe96dfe5b1:   48 8b c2 bf 00 00 01 00 48 2b 01 4d 8b d0 48 c1
0x00007ffe96dfe5c1:   e8 13 48 8b ea 4c 8b e9 4c 8d 0c 80 48 8b 41 18
0x00007ffe96dfe5d1:   4e 8b 34 c8 4e 8d 3c c8 42 8b 44 c8 1c 45 8b 4f
0x00007ffe96dfe5e1:   18 25 ff ff ff 07 49 03 c1 4c 89 bc 24 88 00 00
0x00007ffe96dfe5f1:   00 4c 89 74 24 70 48 3b c7 75 18 48 c1 ed 03 0f
0x00007ffe96dfe601:   b7 c5 49 8d 04 c6 48 83 c4 40 41 5f 41 5e 41 5d
0x00007ffe96dfe611:   5f 5d c3 41 0f b6 47 20 90 48 89 5c 24 38 84 c0
0x00007ffe96dfe621:   0f 85 15 01 00 00 48 2b 11 48 8b 05 87 3e 5b 00
0x00007ffe96dfe631:   48 c1 ea 13 48 89 74 24 30 48 8d 0c 92 8b 74 c8
0x00007ffe96dfe641:   18 48 3b f7 0f 83 e6 00 00 00 48 63 0d 5a ab 52
0x00007ffe96dfe651:   00 41 b8 07 00 00 00 4c 8b 35 79 3e 5b 00 4c 2b
0x00007ffe96dfe661:   c1 48 c1 e2 10 48 d3 ea 48 d3 ef 48 03 fa 48 d3
0x00007ffe96dfe671:   ee 4c 89 44 24 78 48 8d 0d f2 3d 5b 00 4c 8b c7
0x00007ffe96dfe681:   48 03 d6 e8 b7 46 fd ff 48 8b d8 48 3b c7 0f 83
0x00007ffe96dfe691:   8f 00 00 00 4c 8b 7c 24 78 4c 89 64 24 28 4c 8d
0x00007ffe96dfe6a1:   67 ff 0f 1f 40 00 66 0f 1f 84 00 00 00 00 00 48
0x00007ffe96dfe6b1:   8b d3 49 8b cf 48 d3 ea 49 3b d6 74 1b 8b 0d e8
0x00007ffe96dfe6c1:   aa 52 00 4c 8b c6 48 8b 05 02 3e 5b 00 4c 8b f2 


Stack slot to memory mapping:

stack at sp + 0 slots: 0x0000021149000a88 is a pointer to class: 
stack at sp + 1 slots: 0x0000000000000022 is an unknown value
stack at sp + 2 slots: 0x0000000000000040 is an unknown value
stack at sp + 3 slots: 0x0000000000010000 is an unknown value
stack at sp + 4 slots: 0x0000000000000022 is an unknown value
stack at sp + 5 slots: 0x00007ffe9693398c jvm.dll
stack at sp + 6 slots: {method} {0x000002114900eb20} 'equals' '(Ljava/lang/Object;)Z' in 'java/lang/String'
stack at sp + 7 slots: 0x000000174cbff780 points into unknown readable memory: 0x00007ffe971896a8 | a8 96 18 97 fe 7f 00 00


---------------  P R O C E S S  ---------------

Threads class SMR info:
_java_thread_list=0x00000211937d5640, length=61, elements={
0x0000021131c797b0, 0x00000211486f2ae0, 0x00000211486f64d0, 0x00000211486fa240,
0x00000211486fb240, 0x00000211486fdd40, 0x0000021148701f50, 0x00000211487055d0,
0x000002118f010130, 0x000002118f1e9490, 0x000002118f354c60, 0x000002118f8df8d0,
0x000002118fb48700, 0x000002118f907c00, 0x000002118f8afc70, 0x000002118fab4a30,
0x000002118ff2ca80, 0x000002119023bcc0, 0x000002118fe599c0, 0x000002119004ea40,
0x000002119004d000, 0x000002119004e3b0, 0x0000021190bb8090, 0x0000021190bb8720,
0x0000021190bba160, 0x0000021190bbbba0, 0x0000021190bba7f0, 0x0000021190bbb510,
0x0000021190bb9440, 0x0000021190bbc230, 0x0000021190bbae80, 0x0000021190bbdc70,
0x0000021190bbf6b0, 0x000002118f599e50, 0x000002118f59a4e0, 0x000002118f59b200,
0x000002118f598410, 0x000002118f59bf20, 0x000002118f59c5b0, 0x000002118f599130,
0x000002118f59fa30, 0x000002118f59d960, 0x000002118f59ed10, 0x000002118f59f3a0,
0x000002118f59dff0, 0x000002118f59cc40, 0x000002118f59d2d0, 0x0000021190a18430,
0x0000021190a16360, 0x0000021190a17080, 0x0000021190a15cd0, 0x0000021190a17710,
0x0000021190a17da0, 0x0000021190a19150, 0x0000021190a19e70, 0x0000021190a169f0,
0x0000021190a1d2f0, 0x0000021190a1a500, 0x0000021190a1ab90, 0x000002119226bd80,
0x0000021193572ce0
}

Java Threads: ( => current thread )
  0x0000021131c797b0 JavaThread "main"                              [_thread_blocked, id=30960, stack(0x000000174bb00000,0x000000174bc00000) (1024K)]
  0x00000211486f2ae0 JavaThread "Reference Handler"          daemon [_thread_blocked, id=17548, stack(0x000000174bf00000,0x000000174c000000) (1024K)]
  0x00000211486f64d0 JavaThread "Finalizer"                  daemon [_thread_blocked, id=20456, stack(0x000000174c000000,0x000000174c100000) (1024K)]
  0x00000211486fa240 JavaThread "Signal Dispatcher"          daemon [_thread_blocked, id=28212, stack(0x000000174c100000,0x000000174c200000) (1024K)]
  0x00000211486fb240 JavaThread "Attach Listener"            daemon [_thread_blocked, id=22008, stack(0x000000174c200000,0x000000174c300000) (1024K)]
  0x00000211486fdd40 JavaThread "Service Thread"             daemon [_thread_blocked, id=15804, stack(0x000000174c300000,0x000000174c400000) (1024K)]
  0x0000021148701f50 JavaThread "Monitor Deflation Thread"   daemon [_thread_blocked, id=16104, stack(0x000000174c400000,0x000000174c500000) (1024K)]
  0x00000211487055d0 JavaThread "C2 CompilerThread0"         daemon [_thread_blocked, id=25424, stack(0x000000174c500000,0x000000174c600000) (1024K)]
  0x000002118f010130 JavaThread "C1 CompilerThread0"         daemon [_thread_blocked, id=31532, stack(0x000000174c600000,0x000000174c700000) (1024K)]
  0x000002118f1e9490 JavaThread "Common-Cleaner"             daemon [_thread_blocked, id=27100, stack(0x000000174c800000,0x000000174c900000) (1024K)]
  0x000002118f354c60 JavaThread "Notification Thread"        daemon [_thread_blocked, id=26656, stack(0x000000174c700000,0x000000174c800000) (1024K)]
  0x000002118f8df8d0 JavaThread "Active Thread: Equinox Container: b6806cf1-f53a-4fee-8116-6124c781d793"        [_thread_blocked, id=23244, stack(0x000000174c900000,0x000000174ca00000) (1024K)]
  0x000002118fb48700 JavaThread "Refresh Thread: Equinox Container: b6806cf1-f53a-4fee-8116-6124c781d793" daemon [_thread_blocked, id=13552, stack(0x000000174d100000,0x000000174d200000) (1024K)]
  0x000002118f907c00 JavaThread "Framework Event Dispatcher: Equinox Container: b6806cf1-f53a-4fee-8116-6124c781d793" daemon [_thread_blocked, id=22132, stack(0x000000174b900000,0x000000174ba00000) (1024K)]
  0x000002118f8afc70 JavaThread "Start Level: Equinox Container: b6806cf1-f53a-4fee-8116-6124c781d793" daemon [_thread_blocked, id=24324, stack(0x000000174d200000,0x000000174d300000) (1024K)]
  0x000002118fab4a30 JavaThread "Bundle File Closer"         daemon [_thread_blocked, id=7920, stack(0x000000174d400000,0x000000174d500000) (1024K)]
  0x000002118ff2ca80 JavaThread "SCR Component Actor"        daemon [_thread_blocked, id=25492, stack(0x000000174d300000,0x000000174d400000) (1024K)]
  0x000002119023bcc0 JavaThread "Worker-JM"                         [_thread_blocked, id=20788, stack(0x000000174d600000,0x000000174d700000) (1024K)]
  0x000002118fe599c0 JavaThread "JNA Cleaner"                daemon [_thread_blocked, id=26804, stack(0x000000174d500000,0x000000174d600000) (1024K)]
  0x000002119004ea40 JavaThread "Java indexing"              daemon [_thread_blocked, id=25056, stack(0x000000174dc00000,0x000000174dd00000) (1024K)]
  0x000002119004d000 JavaThread "Worker-5: Building"                [_thread_blocked, id=9828, stack(0x000000174e200000,0x000000174e300000) (1024K)]
  0x000002119004e3b0 JavaThread "Thread-1"                   daemon [_thread_in_native, id=7408, stack(0x000000174e300000,0x000000174e400000) (1024K)]
  0x0000021190bb8090 JavaThread "Thread-2"                   daemon [_thread_in_native, id=13432, stack(0x000000174e400000,0x000000174e500000) (1024K)]
  0x0000021190bb8720 JavaThread "Thread-3"                   daemon [_thread_in_native, id=28380, stack(0x000000174e500000,0x000000174e600000) (1024K)]
  0x0000021190bba160 JavaThread "Thread-4"                   daemon [_thread_in_native, id=20820, stack(0x000000174e600000,0x000000174e700000) (1024K)]
  0x0000021190bbbba0 JavaThread "Thread-5"                   daemon [_thread_in_native, id=20104, stack(0x000000174e700000,0x000000174e800000) (1024K)]
  0x0000021190bba7f0 JavaThread "Thread-6"                   daemon [_thread_in_native, id=24632, stack(0x000000174e800000,0x000000174e900000) (1024K)]
  0x0000021190bbb510 JavaThread "Thread-7"                   daemon [_thread_in_native, id=31088, stack(0x000000174e900000,0x000000174ea00000) (1024K)]
  0x0000021190bb9440 JavaThread "Thread-8"                   daemon [_thread_in_native, id=24856, stack(0x000000174ea00000,0x000000174eb00000) (1024K)]
  0x0000021190bbc230 JavaThread "Thread-9"                   daemon [_thread_in_native, id=10444, stack(0x000000174eb00000,0x000000174ec00000) (1024K)]
  0x0000021190bbae80 JavaThread "pool-2-thread-1"                   [_thread_blocked, id=29452, stack(0x000000174ec00000,0x000000174ed00000) (1024K)]
  0x0000021190bbdc70 JavaThread "WorkspaceEventsHandler"            [_thread_blocked, id=1692, stack(0x000000174f500000,0x000000174f600000) (1024K)]
  0x0000021190bbf6b0 JavaThread "pool-1-thread-1"                   [_thread_blocked, id=29028, stack(0x000000174f600000,0x000000174f700000) (1024K)]
  0x000002118f599e50 JavaThread "Worker-6"                          [_thread_blocked, id=28208, stack(0x000000174da00000,0x000000174db00000) (1024K)]
  0x000002118f59a4e0 JavaThread "Compiler Source File Reader" daemon [_thread_blocked, id=20056, stack(0x000000174b800000,0x000000174b900000) (1024K)]
  0x000002118f59b200 JavaThread "Compiler Source File Reader" daemon [_thread_blocked, id=4384, stack(0x000000174ba00000,0x000000174bb00000) (1024K)]
  0x000002118f598410 JavaThread "Compiler Source File Reader" daemon [_thread_blocked, id=15764, stack(0x000000174d700000,0x000000174d800000) (1024K)]
  0x000002118f59bf20 JavaThread "Compiler Source File Reader" daemon [_thread_blocked, id=22368, stack(0x000000174d800000,0x000000174d900000) (1024K)]
  0x000002118f59c5b0 JavaThread "Compiler Source File Reader" daemon [_thread_blocked, id=28584, stack(0x000000174d900000,0x000000174da00000) (1024K)]
  0x000002118f599130 JavaThread "Compiler Source File Reader" daemon [_thread_blocked, id=4144, stack(0x000000174db00000,0x000000174dc00000) (1024K)]
  0x000002118f59fa30 JavaThread "Worker-7"                          [_thread_blocked, id=6276, stack(0x000000174de00000,0x000000174df00000) (1024K)]
  0x000002118f59d960 JavaThread "Compiler Processing Task"   daemon [_thread_blocked, id=18596, stack(0x000000174df00000,0x000000174e000000) (1024K)]
  0x000002118f59ed10 JavaThread "Worker-8"                          [_thread_blocked, id=9004, stack(0x000000174dd00000,0x000000174de00000) (1024K)]
  0x000002118f59f3a0 JavaThread "LocalFile Deleter"          daemon [_thread_blocked, id=24252, stack(0x000000174e100000,0x000000174e200000) (1024K)]
  0x000002118f59dff0 JavaThread "LocalFile Deleter"          daemon [_thread_blocked, id=29748, stack(0x000000174ed00000,0x000000174ee00000) (1024K)]
  0x000002118f59cc40 JavaThread "LocalFile Deleter"          daemon [_thread_blocked, id=16432, stack(0x000000174ee00000,0x000000174ef00000) (1024K)]
  0x000002118f59d2d0 JavaThread "LocalFile Deleter"          daemon [_thread_blocked, id=6960, stack(0x000000174ef00000,0x000000174f000000) (1024K)]
  0x0000021190a18430 JavaThread "LocalFile Deleter"          daemon [_thread_blocked, id=29700, stack(0x000000174f000000,0x000000174f100000) (1024K)]
  0x0000021190a16360 JavaThread "LocalFile Deleter"          daemon [_thread_blocked, id=8784, stack(0x000000174f100000,0x000000174f200000) (1024K)]
  0x0000021190a17080 JavaThread "LocalFile Deleter"          daemon [_thread_blocked, id=26696, stack(0x000000174f200000,0x000000174f300000) (1024K)]
  0x0000021190a15cd0 JavaThread "LocalFile Deleter"          daemon [_thread_blocked, id=18468, stack(0x000000174f300000,0x000000174f400000) (1024K)]
  0x0000021190a17710 JavaThread "Worker-9"                          [_thread_blocked, id=30352, stack(0x000000174e000000,0x000000174e100000) (1024K)]
  0x0000021190a17da0 JavaThread "Worker-10: Java indexing... "        [_thread_blocked, id=29432, stack(0x000000174f700000,0x000000174f800000) (1024K)]
  0x0000021190a19150 JavaThread "Compiler Class File Writer" daemon [_thread_blocked, id=16136, stack(0x000000174f900000,0x000000174fa00000) (1024K)]
  0x0000021190a19e70 JavaThread "Compiler Class File Writer" daemon [_thread_blocked, id=23616, stack(0x000000174fa00000,0x000000174fb00000) (1024K)]
  0x0000021190a169f0 JavaThread "Compiler Class File Writer" daemon [_thread_blocked, id=27980, stack(0x000000174fb00000,0x000000174fc00000) (1024K)]
  0x0000021190a1d2f0 JavaThread "Compiler Class File Writer" daemon [_thread_blocked, id=11308, stack(0x000000174fc00000,0x000000174fd00000) (1024K)]
  0x0000021190a1a500 JavaThread "Compiler Class File Writer" daemon [_thread_blocked, id=20020, stack(0x000000174fd00000,0x000000174fe00000) (1024K)]
  0x0000021190a1ab90 JavaThread "Compiler Class File Writer" daemon [_thread_blocked, id=24144, stack(0x000000174fe00000,0x000000174ff00000) (1024K)]
  0x000002119226bd80 JavaThread "ForkJoinPool.commonPool-worker-8" daemon [_thread_blocked, id=26984, stack(0x000000174ff00000,0x0000001750000000) (1024K)]
  0x0000021193572ce0 JavaThread "C2 CompilerThread1"         daemon [_thread_blocked, id=26112, stack(0x000000174f400000,0x000000174f500000) (1024K)]
Total: 61

Other Threads:
  0x00000211486d28c0 VMThread "VM Thread"                           [id=20288, stack(0x000000174be00000,0x000000174bf00000) (1024K)]
  0x000002114860cb20 WatcherThread "VM Periodic Task Thread"        [id=26148, stack(0x000000174bd00000,0x000000174be00000) (1024K)]
  0x0000021131c98c60 WorkerThread "GC Thread#0"                     [id=30216, stack(0x000000174bc00000,0x000000174bd00000) (1024K)]
  0x000002118f7d19a0 WorkerThread "GC Thread#1"                     [id=30052, stack(0x000000174ca00000,0x000000174cb00000) (1024K)]
=>0x000002118f9535d0 WorkerThread "GC Thread#2"                     [id=28996, stack(0x000000174cb00000,0x000000174cc00000) (1024K)]
  0x000002118f7d1d40 WorkerThread "GC Thread#3"                     [id=28572, stack(0x000000174cc00000,0x000000174cd00000) (1024K)]
  0x000002118f7d20e0 WorkerThread "GC Thread#4"                     [id=22116, stack(0x000000174cd00000,0x000000174ce00000) (1024K)]
  0x000002118f7d2480 WorkerThread "GC Thread#5"                     [id=29336, stack(0x000000174ce00000,0x000000174cf00000) (1024K)]
  0x000002118f6431f0 WorkerThread "GC Thread#6"                     [id=21048, stack(0x000000174cf00000,0x000000174d000000) (1024K)]
  0x000002118fa17510 WorkerThread "GC Thread#7"                     [id=23044, stack(0x000000174d000000,0x000000174d100000) (1024K)]
Total: 10

Threads with active compile tasks:
C2 CompilerThread0  3781620 29091   !   4       sun.reflect.annotation.AnnotationParser::parseEnumValue (123 bytes)
C2 CompilerThread1  3781620 29084       4       org.eclipse.core.internal.resources.MarkerManager::changedMarkers (130 bytes)
Total: 2

VM state: at safepoint (normal execution)

VM Mutex/Monitor currently owned by a thread:  ([mutex/lock_event])
[0x00007ffe973ad570] Threads_lock - owner thread: 0x00000211486d28c0
[0x00007ffe973ad670] Heap_lock - owner thread: 0x000002119004d000

Heap address: 0x0000000080000000, size: 2048 MB, Compressed Oops mode: 32-bit

CDS archive(s) mapped at: [0x0000021149000000-0x0000021149ba0000-0x0000021149ba0000), size 12189696, SharedBaseAddress: 0x0000021149000000, ArchiveRelocationMode: 1.
Compressed class space mapped at: 0x000002114a000000-0x000002118a000000, reserved size: 1073741824
Narrow klass base: 0x0000021149000000, Narrow klass shift: 0, Narrow klass range: 0x100000000

GC Precious Log:
 CardTable entry size: 512
 CPUs: 8 total, 8 available
 Memory: 16259M
 Large Page Support: Disabled
 NUMA Support: Disabled
 Compressed Oops: Enabled (32-bit)
 Alignments: Space 512K, Generation 512K, Heap 2M
 Heap Min Capacity: 100M
 Heap Initial Capacity: 100M
 Heap Max Capacity: 2G
 Pre-touch: Disabled
 Parallel Workers: 8

Heap:
 PSYoungGen      total 10240K, used 9856K [0x00000000d5580000, 0x00000000d6400000, 0x0000000100000000)
  eden space 9216K, 100% used [0x00000000d5580000,0x00000000d5e80000,0x00000000d5e80000)
  from space 1024K, 62% used [0x00000000d5f80000,0x00000000d6020000,0x00000000d6080000)
  to   space 1536K, 0% used [0x00000000d6280000,0x00000000d6280000,0x00000000d6400000)
 ParOldGen       total 1395712K, used 1395699K [0x0000000080000000, 0x00000000d5300000, 0x00000000d5580000)
  object space 1395712K, 99% used [0x0000000080000000,0x00000000d52fcc30,0x00000000d5300000)
 Metaspace       used 85605K, committed 87360K, reserved 1179648K
  class space    used 8553K, committed 9344K, reserved 1048576K

Card table byte_map: [0x0000021131620000,0x0000021131a30000] _byte_map_base: 0x0000021131220000

Marking Bits: (ParMarkBitMap*) 0x00007ffe973b2460
 Begin Bits: [0x0000021144130000, 0x0000021146130000)
 End Bits:   [0x0000021146130000, 0x0000021148130000)

Polling page: 0x000002112fb30000

Metaspace:

Usage:
  Non-class:     75.25 MB used.
      Class:      8.35 MB used.
       Both:     83.60 MB used.

Virtual space:
  Non-class space:      128.00 MB reserved,      76.19 MB ( 60%) committed,  2 nodes.
      Class space:        1.00 GB reserved,       9.12 MB ( <1%) committed,  1 nodes.
             Both:        1.12 GB reserved,      85.31 MB (  7%) committed. 

Chunk freelists:
   Non-Class:  3.54 MB
       Class:  6.92 MB
        Both:  10.46 MB

MaxMetaspaceSize: unlimited
CompressedClassSpaceSize: 1.00 GB
Initial GC threshold: 21.00 MB
Current GC threshold: 138.38 MB
CDS: on
 - commit_granule_bytes: 65536.
 - commit_granule_words: 8192.
 - virtual_space_node_default_size: 8388608.
 - enlarge_chunks_in_place: 1.
 - use_allocation_guard: 0.


Internal statistics:

num_allocs_failed_limit: 9.
num_arena_births: 1690.
num_arena_deaths: 22.
num_vsnodes_births: 3.
num_vsnodes_deaths: 0.
num_space_committed: 1364.
num_space_uncommitted: 0.
num_chunks_returned_to_freelist: 35.
num_chunks_taken_from_freelist: 5893.
num_chunk_merges: 17.
num_chunk_splits: 3461.
num_chunks_enlarged: 1771.
num_inconsistent_stats: 0.

CodeHeap 'non-profiled nmethods': size=120000Kb used=20753Kb max_used=21208Kb free=99246Kb
 bounds [0x000002113c950000, 0x000002113de10000, 0x0000021143e80000]
CodeHeap 'profiled nmethods': size=120000Kb used=27768Kb max_used=50737Kb free=92231Kb
 bounds [0x0000021134e80000, 0x0000021138010000, 0x000002113c3b0000]
CodeHeap 'non-nmethods': size=5760Kb used=1523Kb max_used=1678Kb free=4236Kb
 bounds [0x000002113c3b0000, 0x000002113c620000, 0x000002113c950000]
CodeCache: size=245760Kb, used=50044Kb, max_used=73623Kb, free=195713Kb
 total_blobs=13095, nmethods=12253, adapters=744, full_count=0
Compilation: enabled, stopped_count=0, restarted_count=0

Compilation events (20 events):
Event: 3780.659 Thread 0x000002118f010130 29081   !   3       org.eclipse.jdt.internal.core.util.Util::getResourceContentsAsByteArray (20 bytes)
Event: 3780.659 Thread 0x000002118f010130 nmethod 29081 0x0000021137b0dd10 code [0x0000021137b0dee0, 0x0000021137b0e148]
Event: 3780.663 Thread 0x00000211487055d0 29082       4       org.eclipse.core.internal.resources.Marker::getAttribute (38 bytes)
Event: 3780.672 Thread 0x000002118f010130 29083       3       org.eclipse.jdt.internal.core.builder.State::getDefinedTypeNamesFor (28 bytes)
Event: 3780.672 Thread 0x000002118f010130 nmethod 29083 0x0000021136f4d710 code [0x0000021136f4d8e0, 0x0000021136f4dd00]
Event: 3780.672 Thread 0x0000021193572ce0 29084       4       org.eclipse.core.internal.resources.MarkerManager::changedMarkers (130 bytes)
Event: 3780.707 Thread 0x000002118f010130 29085       3       org.eclipse.core.internal.resources.Resource::isDerived (51 bytes)
Event: 3780.708 Thread 0x00000211487055d0 nmethod 29082 0x000002113de03a90 code [0x000002113de03d40, 0x000002113de04878]
Event: 3780.708 Thread 0x000002118f010130 nmethod 29085 0x0000021136f4cb10 code [0x0000021136f4cd20, 0x0000021136f4d4e8]
Event: 3780.711 Thread 0x00000211487055d0 29086   !   4       java.security.SecureRandom::nextBytes (46 bytes)
Event: 3780.713 Thread 0x00000211487055d0 nmethod 29086 0x000002113d544590 code [0x000002113d544740, 0x000002113d544888]
Event: 3780.732 Thread 0x00000211487055d0 29087       4       lombok.bytecode.ClassFileMetaData::findUtf8 (33 bytes)
Event: 3780.737 Thread 0x00000211487055d0 nmethod 29087 0x000002113de05210 code [0x000002113de053a0, 0x000002113de055c0]
Event: 3780.740 Thread 0x00000211487055d0 29088       4       org.eclipse.jdt.internal.compiler.parser.Parser::stashTextualRepresentation (37 bytes)
Event: 3780.752 Thread 0x00000211487055d0 nmethod 29088 0x000002113de05690 code [0x000002113de05820, 0x000002113de05b20]
Event: 3780.752 Thread 0x00000211487055d0 29089       4       org.eclipse.core.internal.resources.MarkerSet::expand (100 bytes)
Event: 3780.763 Thread 0x00000211487055d0 nmethod 29089 0x000002113de05c90 code [0x000002113de05e40, 0x000002113de062a0]
Event: 3780.763 Thread 0x000002118f010130 29090       3       org.eclipse.jdt.internal.core.builder.IncrementalImageBuilder::addAffectedSourceFiles (70 bytes)
Event: 3780.764 Thread 0x000002118f010130 nmethod 29090 0x0000021136f4c390 code [0x0000021136f4c580, 0x0000021136f4c9b0]
Event: 3780.764 Thread 0x00000211487055d0 29091   !   4       sun.reflect.annotation.AnnotationParser::parseEnumValue (123 bytes)

GC Heap History (20 events):
Event: 3780.286 GC heap after
{Heap after GC invocations=3297 (full 14):
 PSYoungGen      total 11776K, used 1152K [0x00000000d5580000, 0x00000000d6600000, 0x0000000100000000)
  eden space 10240K, 0% used [0x00000000d5580000,0x00000000d5580000,0x00000000d5f80000)
  from space 1536K, 75% used [0x00000000d6480000,0x00000000d65a0000,0x00000000d6600000)
  to   space 2560K, 0% used [0x00000000d6100000,0x00000000d6100000,0x00000000d6380000)
 ParOldGen       total 1379840K, used 1379415K [0x0000000080000000, 0x00000000d4380000, 0x00000000d5580000)
  object space 1379840K, 99% used [0x0000000080000000,0x00000000d4315c90,0x00000000d4380000)
 Metaspace       used 85587K, committed 87296K, reserved 1179648K
  class space    used 8551K, committed 9344K, reserved 1048576K
}
Event: 3780.355 GC heap before
{Heap before GC invocations=3298 (full 14):
 PSYoungGen      total 11776K, used 11392K [0x00000000d5580000, 0x00000000d6600000, 0x0000000100000000)
  eden space 10240K, 100% used [0x00000000d5580000,0x00000000d5f80000,0x00000000d5f80000)
  from space 1536K, 75% used [0x00000000d6480000,0x00000000d65a0000,0x00000000d6600000)
  to   space 2560K, 0% used [0x00000000d6100000,0x00000000d6100000,0x00000000d6380000)
 ParOldGen       total 1379840K, used 1379415K [0x0000000080000000, 0x00000000d4380000, 0x00000000d5580000)
  object space 1379840K, 99% used [0x0000000080000000,0x00000000d4315c90,0x00000000d4380000)
 Metaspace       used 85594K, committed 87360K, reserved 1179648K
  class space    used 8551K, committed 9344K, reserved 1048576K
}
Event: 3780.362 GC heap after
{Heap after GC invocations=3298 (full 14):
 PSYoungGen      total 11776K, used 1472K [0x00000000d5580000, 0x00000000d6500000, 0x0000000100000000)
  eden space 10240K, 0% used [0x00000000d5580000,0x00000000d5580000,0x00000000d5f80000)
  from space 1536K, 95% used [0x00000000d6100000,0x00000000d6270000,0x00000000d6280000)
  to   space 2048K, 0% used [0x00000000d6300000,0x00000000d6300000,0x00000000d6500000)
 ParOldGen       total 1380864K, used 1380467K [0x0000000080000000, 0x00000000d4480000, 0x00000000d5580000)
  object space 1380864K, 99% used [0x0000000080000000,0x00000000d441ccc0,0x00000000d4480000)
 Metaspace       used 85594K, committed 87360K, reserved 1179648K
  class space    used 8551K, committed 9344K, reserved 1048576K
}
Event: 3780.412 GC heap before
{Heap before GC invocations=3299 (full 14):
 PSYoungGen      total 11776K, used 11712K [0x00000000d5580000, 0x00000000d6500000, 0x0000000100000000)
  eden space 10240K, 100% used [0x00000000d5580000,0x00000000d5f80000,0x00000000d5f80000)
  from space 1536K, 95% used [0x00000000d6100000,0x00000000d6270000,0x00000000d6280000)
  to   space 2048K, 0% used [0x00000000d6300000,0x00000000d6300000,0x00000000d6500000)
 ParOldGen       total 1380864K, used 1380467K [0x0000000080000000, 0x00000000d4480000, 0x00000000d5580000)
  object space 1380864K, 99% used [0x0000000080000000,0x00000000d441ccc0,0x00000000d4480000)
 Metaspace       used 85595K, committed 87360K, reserved 1179648K
  class space    used 8551K, committed 9344K, reserved 1048576K
}
Event: 3780.419 GC heap after
{Heap after GC invocations=3299 (full 14):
 PSYoungGen      total 11264K, used 2016K [0x00000000d5580000, 0x00000000d6880000, 0x0000000100000000)
  eden space 9216K, 0% used [0x00000000d5580000,0x00000000d5580000,0x00000000d5e80000)
  from space 2048K, 98% used [0x00000000d6300000,0x00000000d64f8010,0x00000000d6500000)
  to   space 4608K, 0% used [0x00000000d5e80000,0x00000000d5e80000,0x00000000d6300000)
 ParOldGen       total 1382400K, used 1382368K [0x0000000080000000, 0x00000000d4600000, 0x00000000d5580000)
  object space 1382400K, 99% used [0x0000000080000000,0x00000000d45f8010,0x00000000d4600000)
 Metaspace       used 85595K, committed 87360K, reserved 1179648K
  class space    used 8551K, committed 9344K, reserved 1048576K
}
Event: 3780.445 GC heap before
{Heap before GC invocations=3300 (full 14):
 PSYoungGen      total 11264K, used 11232K [0x00000000d5580000, 0x00000000d6880000, 0x0000000100000000)
  eden space 9216K, 100% used [0x00000000d5580000,0x00000000d5e80000,0x00000000d5e80000)
  from space 2048K, 98% used [0x00000000d6300000,0x00000000d64f8010,0x00000000d6500000)
  to   space 4608K, 0% used [0x00000000d5e80000,0x00000000d5e80000,0x00000000d6300000)
 ParOldGen       total 1382400K, used 1382368K [0x0000000080000000, 0x00000000d4600000, 0x00000000d5580000)
  object space 1382400K, 99% used [0x0000000080000000,0x00000000d45f8010,0x00000000d4600000)
 Metaspace       used 85595K, committed 87360K, reserved 1179648K
  class space    used 8551K, committed 9344K, reserved 1048576K
}
Event: 3780.452 GC heap after
{Heap after GC invocations=3300 (full 14):
 PSYoungGen      total 10240K, used 896K [0x00000000d5580000, 0x00000000d6380000, 0x0000000100000000)
  eden space 9216K, 0% used [0x00000000d5580000,0x00000000d5580000,0x00000000d5e80000)
  from space 1024K, 87% used [0x00000000d5e80000,0x00000000d5f60020,0x00000000d5f80000)
  to   space 2048K, 0% used [0x00000000d6180000,0x00000000d6180000,0x00000000d6380000)
 ParOldGen       total 1384448K, used 1384354K [0x0000000080000000, 0x00000000d4800000, 0x00000000d5580000)
  object space 1384448K, 99% used [0x0000000080000000,0x00000000d47e8b88,0x00000000d4800000)
 Metaspace       used 85595K, committed 87360K, reserved 1179648K
  class space    used 8551K, committed 9344K, reserved 1048576K
}
Event: 3780.492 GC heap before
{Heap before GC invocations=3301 (full 14):
 PSYoungGen      total 10240K, used 10112K [0x00000000d5580000, 0x00000000d6380000, 0x0000000100000000)
  eden space 9216K, 100% used [0x00000000d5580000,0x00000000d5e80000,0x00000000d5e80000)
  from space 1024K, 87% used [0x00000000d5e80000,0x00000000d5f60020,0x00000000d5f80000)
  to   space 2048K, 0% used [0x00000000d6180000,0x00000000d6180000,0x00000000d6380000)
 ParOldGen       total 1384448K, used 1384354K [0x0000000080000000, 0x00000000d4800000, 0x00000000d5580000)
  object space 1384448K, 99% used [0x0000000080000000,0x00000000d47e8b88,0x00000000d4800000)
 Metaspace       used 85595K, committed 87360K, reserved 1179648K
  class space    used 8551K, committed 9344K, reserved 1048576K
}
Event: 3780.499 GC heap after
{Heap after GC invocations=3301 (full 14):
 PSYoungGen      total 10752K, used 1472K [0x00000000d5580000, 0x00000000d6300000, 0x0000000100000000)
  eden space 9216K, 0% used [0x00000000d5580000,0x00000000d5580000,0x00000000d5e80000)
  from space 1536K, 95% used [0x00000000d6180000,0x00000000d62f0020,0x00000000d6300000)
  to   space 2048K, 0% used [0x00000000d5f00000,0x00000000d5f00000,0x00000000d6100000)
 ParOldGen       total 1385472K, used 1385154K [0x0000000080000000, 0x00000000d4900000, 0x00000000d5580000)
  object space 1385472K, 99% used [0x0000000080000000,0x00000000d48b0b88,0x00000000d4900000)
 Metaspace       used 85595K, committed 87360K, reserved 1179648K
  class space    used 8551K, committed 9344K, reserved 1048576K
}
Event: 3780.523 GC heap before
{Heap before GC invocations=3302 (full 14):
 PSYoungGen      total 10752K, used 10688K [0x00000000d5580000, 0x00000000d6300000, 0x0000000100000000)
  eden space 9216K, 100% used [0x00000000d5580000,0x00000000d5e80000,0x00000000d5e80000)
  from space 1536K, 95% used [0x00000000d6180000,0x00000000d62f0020,0x00000000d6300000)
  to   space 2048K, 0% used [0x00000000d5f00000,0x00000000d5f00000,0x00000000d6100000)
 ParOldGen       total 1385472K, used 1385154K [0x0000000080000000, 0x00000000d4900000, 0x00000000d5580000)
  object space 1385472K, 99% used [0x0000000080000000,0x00000000d48b0b88,0x00000000d4900000)
 Metaspace       used 85595K, committed 87360K, reserved 1179648K
  class space    used 8551K, committed 9344K, reserved 1048576K
}
Event: 3780.531 GC heap after
{Heap after GC invocations=3302 (full 14):
 PSYoungGen      total 11264K, used 2016K [0x00000000d5580000, 0x00000000d6780000, 0x0000000100000000)
  eden space 9216K, 0% used [0x00000000d5580000,0x00000000d5580000,0x00000000d5e80000)
  from space 2048K, 98% used [0x00000000d5f00000,0x00000000d60f8010,0x00000000d6100000)
  to   space 4608K, 0% used [0x00000000d6300000,0x00000000d6300000,0x00000000d6780000)
 ParOldGen       total 1387008K, used 1386842K [0x0000000080000000, 0x00000000d4a80000, 0x00000000d5580000)
  object space 1387008K, 99% used [0x0000000080000000,0x00000000d4a569e8,0x00000000d4a80000)
 Metaspace       used 85595K, committed 87360K, reserved 1179648K
  class space    used 8551K, committed 9344K, reserved 1048576K
}
Event: 3780.604 GC heap before
{Heap before GC invocations=3303 (full 14):
 PSYoungGen      total 11264K, used 11232K [0x00000000d5580000, 0x00000000d6780000, 0x0000000100000000)
  eden space 9216K, 100% used [0x00000000d5580000,0x00000000d5e80000,0x00000000d5e80000)
  from space 2048K, 98% used [0x00000000d5f00000,0x00000000d60f8010,0x00000000d6100000)
  to   space 4608K, 0% used [0x00000000d6300000,0x00000000d6300000,0x00000000d6780000)
 ParOldGen       total 1387008K, used 1386842K [0x0000000080000000, 0x00000000d4a80000, 0x00000000d5580000)
  object space 1387008K, 99% used [0x0000000080000000,0x00000000d4a569e8,0x00000000d4a80000)
 Metaspace       used 85596K, committed 87360K, reserved 1179648K
  class space    used 8551K, committed 9344K, reserved 1048576K
}
Event: 3780.615 GC heap after
{Heap after GC invocations=3303 (full 14):
 PSYoungGen      total 10752K, used 1504K [0x00000000d5580000, 0x00000000d6480000, 0x0000000100000000)
  eden space 9216K, 0% used [0x00000000d5580000,0x00000000d5580000,0x00000000d5e80000)
  from space 1536K, 97% used [0x00000000d6300000,0x00000000d6478000,0x00000000d6480000)
  to   space 2560K, 0% used [0x00000000d5f80000,0x00000000d5f80000,0x00000000d6200000)
 ParOldGen       total 1389056K, used 1388770K [0x0000000080000000, 0x00000000d4c80000, 0x00000000d5580000)
  object space 1389056K, 99% used [0x0000000080000000,0x00000000d4c389f8,0x00000000d4c80000)
 Metaspace       used 85596K, committed 87360K, reserved 1179648K
  class space    used 8551K, committed 9344K, reserved 1048576K
}
Event: 3780.646 GC heap before
{Heap before GC invocations=3304 (full 14):
 PSYoungGen      total 10752K, used 10719K [0x00000000d5580000, 0x00000000d6480000, 0x0000000100000000)
  eden space 9216K, 99% used [0x00000000d5580000,0x00000000d5e7ffc0,0x00000000d5e80000)
  from space 1536K, 97% used [0x00000000d6300000,0x00000000d6478000,0x00000000d6480000)
  to   space 2560K, 0% used [0x00000000d5f80000,0x00000000d5f80000,0x00000000d6200000)
 ParOldGen       total 1389056K, used 1388770K [0x0000000080000000, 0x00000000d4c80000, 0x00000000d5580000)
  object space 1389056K, 99% used [0x0000000080000000,0x00000000d4c389f8,0x00000000d4c80000)
 Metaspace       used 85603K, committed 87360K, reserved 1179648K
  class space    used 8553K, committed 9344K, reserved 1048576K
}
Event: 3780.652 GC heap after
{Heap after GC invocations=3304 (full 14):
 PSYoungGen      total 11776K, used 2528K [0x00000000d5580000, 0x00000000d6880000, 0x0000000100000000)
  eden space 9216K, 0% used [0x00000000d5580000,0x00000000d5580000,0x00000000d5e80000)
  from space 2560K, 98% used [0x00000000d5f80000,0x00000000d61f8010,0x00000000d6200000)
  to   space 5120K, 0% used [0x00000000d6380000,0x00000000d6380000,0x00000000d6880000)
 ParOldGen       total 1390592K, used 1390398K [0x0000000080000000, 0x00000000d4e00000, 0x00000000d5580000)
  object space 1390592K, 99% used [0x0000000080000000,0x00000000d4dcfab0,0x00000000d4e00000)
 Metaspace       used 85603K, committed 87360K, reserved 1179648K
  class space    used 8553K, committed 9344K, reserved 1048576K
}
Event: 3780.678 GC heap before
{Heap before GC invocations=3305 (full 14):
 PSYoungGen      total 11776K, used 11744K [0x00000000d5580000, 0x00000000d6880000, 0x0000000100000000)
  eden space 9216K, 100% used [0x00000000d5580000,0x00000000d5e80000,0x00000000d5e80000)
  from space 2560K, 98% used [0x00000000d5f80000,0x00000000d61f8010,0x00000000d6200000)
  to   space 5120K, 0% used [0x00000000d6380000,0x00000000d6380000,0x00000000d6880000)
 ParOldGen       total 1390592K, used 1390398K [0x0000000080000000, 0x00000000d4e00000, 0x00000000d5580000)
  object space 1390592K, 99% used [0x0000000080000000,0x00000000d4dcfab0,0x00000000d4e00000)
 Metaspace       used 85604K, committed 87360K, reserved 1179648K
  class space    used 8553K, committed 9344K, reserved 1048576K
}
Event: 3780.689 GC heap after
{Heap after GC invocations=3305 (full 14):
 PSYoungGen      total 12288K, used 2848K [0x00000000d5580000, 0x00000000d6680000, 0x0000000100000000)
  eden space 9216K, 0% used [0x00000000d5580000,0x00000000d5580000,0x00000000d5e80000)
  from space 3072K, 92% used [0x00000000d6380000,0x00000000d6648010,0x00000000d6680000)
  to   space 3584K, 0% used [0x00000000d5f80000,0x00000000d5f80000,0x00000000d6300000)
 ParOldGen       total 1393152K, used 1392962K [0x0000000080000000, 0x00000000d5080000, 0x00000000d5580000)
  object space 1393152K, 99% used [0x0000000080000000,0x00000000d5050910,0x00000000d5080000)
 Metaspace       used 85604K, committed 87360K, reserved 1179648K
  class space    used 8553K, committed 9344K, reserved 1048576K
}
Event: 3780.743 GC heap before
{Heap before GC invocations=3306 (full 14):
 PSYoungGen      total 12288K, used 12064K [0x00000000d5580000, 0x00000000d6680000, 0x0000000100000000)
  eden space 9216K, 100% used [0x00000000d5580000,0x00000000d5e80000,0x00000000d5e80000)
  from space 3072K, 92% used [0x00000000d6380000,0x00000000d6648010,0x00000000d6680000)
  to   space 3584K, 0% used [0x00000000d5f80000,0x00000000d5f80000,0x00000000d6300000)
 ParOldGen       total 1393152K, used 1392962K [0x0000000080000000, 0x00000000d5080000, 0x00000000d5580000)
  object space 1393152K, 99% used [0x0000000080000000,0x00000000d5050910,0x00000000d5080000)
 Metaspace       used 85604K, committed 87360K, reserved 1179648K
  class space    used 8553K, committed 9344K, reserved 1048576K
}
Event: 3780.752 GC heap after
{Heap after GC invocations=3306 (full 14):
 PSYoungGen      total 10240K, used 640K [0x00000000d5580000, 0x00000000d6400000, 0x0000000100000000)
  eden space 9216K, 0% used [0x00000000d5580000,0x00000000d5580000,0x00000000d5e80000)
  from space 1024K, 62% used [0x00000000d5f80000,0x00000000d6020000,0x00000000d6080000)
  to   space 1536K, 0% used [0x00000000d6280000,0x00000000d6280000,0x00000000d6400000)
 ParOldGen       total 1395712K, used 1395699K [0x0000000080000000, 0x00000000d5300000, 0x00000000d5580000)
  object space 1395712K, 99% used [0x0000000080000000,0x00000000d52fcc30,0x00000000d5300000)
 Metaspace       used 85604K, committed 87360K, reserved 1179648K
  class space    used 8553K, committed 9344K, reserved 1048576K
}
Event: 3780.781 GC heap before
{Heap before GC invocations=3307 (full 15):
 PSYoungGen      total 10240K, used 9856K [0x00000000d5580000, 0x00000000d6400000, 0x0000000100000000)
  eden space 9216K, 100% used [0x00000000d5580000,0x00000000d5e80000,0x00000000d5e80000)
  from space 1024K, 62% used [0x00000000d5f80000,0x00000000d6020000,0x00000000d6080000)
  to   space 1536K, 0% used [0x00000000d6280000,0x00000000d6280000,0x00000000d6400000)
 ParOldGen       total 1395712K, used 1395699K [0x0000000080000000, 0x00000000d5300000, 0x00000000d5580000)
  object space 1395712K, 99% used [0x0000000080000000,0x00000000d52fcc30,0x00000000d5300000)
 Metaspace       used 85605K, committed 87360K, reserved 1179648K
  class space    used 8553K, committed 9344K, reserved 1048576K
}

Dll operation events (12 events):
Event: 0.370 Loaded shared library c:\Users\Expertflow\.vscode\extensions\redhat.java-1.52.0-win32-x64\jre\21.0.9-win32-x86_64\bin\java.dll
Event: 0.510 Loaded shared library c:\Users\Expertflow\.vscode\extensions\redhat.java-1.52.0-win32-x64\jre\21.0.9-win32-x86_64\bin\zip.dll
Event: 0.557 Loaded shared library C:\Users\Expertflow\.vscode\extensions\redhat.java-1.52.0-win32-x64\jre\21.0.9-win32-x86_64\bin\instrument.dll
Event: 0.712 Loaded shared library C:\Users\Expertflow\.vscode\extensions\redhat.java-1.52.0-win32-x64\jre\21.0.9-win32-x86_64\bin\net.dll
Event: 0.825 Loaded shared library C:\Users\Expertflow\.vscode\extensions\redhat.java-1.52.0-win32-x64\jre\21.0.9-win32-x86_64\bin\nio.dll
Event: 0.832 Loaded shared library C:\Users\Expertflow\.vscode\extensions\redhat.java-1.52.0-win32-x64\jre\21.0.9-win32-x86_64\bin\zip.dll
Event: 0.863 Loaded shared library C:\Users\Expertflow\.vscode\extensions\redhat.java-1.52.0-win32-x64\jre\21.0.9-win32-x86_64\bin\jimage.dll
Event: 1.075 Loaded shared library c:\Users\Expertflow\.vscode\extensions\redhat.java-1.52.0-win32-x64\jre\21.0.9-win32-x86_64\bin\verify.dll
Event: 30.102 Loaded shared library C:\Users\Expertflow\AppData\Roaming\Code\User\globalStorage\redhat.java\1.52.0\config_win\org.eclipse.equinox.launcher\org.eclipse.equinox.launcher.win32.win32.x86_64_1.2.1500.v20260121-1430\eclipse_11919.dll
Event: 53.428 Loaded shared library C:\Users\Expertflow\AppData\Local\Temp\jna-1918084728\jna12617826435172809747.dll
Event: 59.203 Loaded shared library C:\Users\Expertflow\.vscode\extensions\redhat.java-1.52.0-win32-x64\jre\21.0.9-win32-x86_64\bin\sunmscapi.dll
Event: 60.451 Loaded shared library C:\Users\Expertflow\.vscode\extensions\redhat.java-1.52.0-win32-x64\jre\21.0.9-win32-x86_64\bin\extnet.dll

Deoptimization events (20 events):
Event: 3779.603 Thread 0x000002118f59d960 DEOPT PACKING pc=0x000002113d485454 sp=0x000000174dffe780
Event: 3779.603 Thread 0x000002118f59d960 DEOPT UNPACKING pc=0x000002113c403aa2 sp=0x000000174dffe750 mode 2
Event: 3779.912 Thread 0x000002118f59d960 Uncommon trap: trap_request=0xffffff45 fr.pc=0x000002113dce8410 relative=0x0000000000001910
Event: 3779.912 Thread 0x000002118f59d960 Uncommon trap: reason=unstable_if action=reinterpret pc=0x000002113dce8410 method=org.eclipse.jdt.internal.compiler.codegen.ConstantPool.literalIndexForLdc([C)I @ 305 c2
Event: 3779.912 Thread 0x000002118f59d960 DEOPT PACKING pc=0x000002113dce8410 sp=0x000000174dffe500
Event: 3779.912 Thread 0x000002118f59d960 DEOPT UNPACKING pc=0x000002113c403aa2 sp=0x000000174dffe490 mode 2
Event: 3780.143 Thread 0x000002118f59d960 Uncommon trap: trap_request=0xffffffde fr.pc=0x000002113d57062c relative=0x0000000000002c6c
Event: 3780.143 Thread 0x000002118f59d960 Uncommon trap: reason=class_check action=maybe_recompile pc=0x000002113d57062c method=org.eclipse.jdt.internal.compiler.ast.MessageSend.resolveType(Lorg/eclipse/jdt/internal/compiler/lookup/BlockScope;)Lorg/eclipse/jdt/internal/compiler/lookup/TypeBinding
Event: 3780.143 Thread 0x000002118f59d960 DEOPT PACKING pc=0x000002113d57062c sp=0x000000174dffe830
Event: 3780.143 Thread 0x000002118f59d960 DEOPT UNPACKING pc=0x000002113c403aa2 sp=0x000000174dffe7e8 mode 2
Event: 3780.143 Thread 0x000002118f59d960 Uncommon trap: trap_request=0xffffffde fr.pc=0x000002113d57062c relative=0x0000000000002c6c
Event: 3780.143 Thread 0x000002118f59d960 Uncommon trap: reason=class_check action=maybe_recompile pc=0x000002113d57062c method=org.eclipse.jdt.internal.compiler.ast.MessageSend.resolveType(Lorg/eclipse/jdt/internal/compiler/lookup/BlockScope;)Lorg/eclipse/jdt/internal/compiler/lookup/TypeBinding
Event: 3780.143 Thread 0x000002118f59d960 DEOPT PACKING pc=0x000002113d57062c sp=0x000000174dffe830
Event: 3780.143 Thread 0x000002118f59d960 DEOPT UNPACKING pc=0x000002113c403aa2 sp=0x000000174dffe7e8 mode 2
Event: 3780.245 Thread 0x000002119004d000 DEOPT PACKING pc=0x0000021137ae060c sp=0x000000174e2fdc00
Event: 3780.245 Thread 0x000002119004d000 DEOPT UNPACKING pc=0x000002113c404242 sp=0x000000174e2fd108 mode 0
Event: 3780.364 Thread 0x000002119004d000 DEOPT PACKING pc=0x0000021135bf54f4 sp=0x000000174e2fdbd0
Event: 3780.364 Thread 0x000002119004d000 DEOPT UNPACKING pc=0x000002113c404242 sp=0x000000174e2fd018 mode 0
Event: 3780.734 Thread 0x000002119004d000 DEOPT PACKING pc=0x00000211353398f7 sp=0x000000174e2fdb90
Event: 3780.734 Thread 0x000002119004d000 DEOPT UNPACKING pc=0x000002113c404242 sp=0x000000174e2fd020 mode 0

Classes loaded (20 events):
Event: 525.829 Loading class jdk/internal/module/IllegalAccessLogger
Event: 525.829 Loading class jdk/internal/module/IllegalAccessLogger done
Event: 528.094 Loading class jdk/internal/module/IllegalAccessLogger
Event: 528.094 Loading class jdk/internal/module/IllegalAccessLogger done
Event: 3714.869 Loading class jdk/internal/module/IllegalAccessLogger
Event: 3714.869 Loading class jdk/internal/module/IllegalAccessLogger done
Event: 3741.671 Loading class jdk/internal/module/IllegalAccessLogger
Event: 3741.671 Loading class jdk/internal/module/IllegalAccessLogger done
Event: 3755.920 Loading class jdk/internal/module/IllegalAccessLogger
Event: 3755.920 Loading class jdk/internal/module/IllegalAccessLogger done
Event: 3767.578 Loading class java/lang/UnsupportedClassVersionError
Event: 3767.579 Loading class java/lang/UnsupportedClassVersionError done
Event: 3770.740 Loading class javax/xml/transform/TransformerConfigurationException
Event: 3770.744 Loading class javax/xml/transform/TransformerConfigurationException done
Event: 3771.060 Loading class java/util/LinkedList$LLSpliterator
Event: 3771.062 Loading class java/util/LinkedList$LLSpliterator done
Event: 3772.792 Loading class jdk/internal/module/IllegalAccessLogger
Event: 3772.792 Loading class jdk/internal/module/IllegalAccessLogger done
Event: 3779.268 Loading class jdk/internal/module/IllegalAccessLogger
Event: 3779.268 Loading class jdk/internal/module/IllegalAccessLogger done

Classes unloaded (20 events):
Event: 3780.907 Thread 0x00000211486d28c0 Unloading class 0x000002114a016400 'java/lang/invoke/LambdaForm$MH+0x000002114a016400'
Event: 3780.907 Thread 0x00000211486d28c0 Unloading class 0x000002114a014800 'java/lang/invoke/LambdaForm$MH+0x000002114a014800'
Event: 3780.907 Thread 0x00000211486d28c0 Unloading class 0x000002114a00d800 'java/lang/invoke/LambdaForm$MH+0x000002114a00d800'
Event: 3780.907 Thread 0x00000211486d28c0 Unloading class 0x000002114a00d400 'java/lang/invoke/LambdaForm$MH+0x000002114a00d400'
Event: 3780.907 Thread 0x00000211486d28c0 Unloading class 0x000002114a00d000 'java/lang/invoke/LambdaForm$MH+0x000002114a00d000'
Event: 3780.907 Thread 0x00000211486d28c0 Unloading class 0x000002114a00cc00 'java/lang/invoke/LambdaForm$MH+0x000002114a00cc00'
Event: 3780.907 Thread 0x00000211486d28c0 Unloading class 0x000002114a00c800 'java/lang/invoke/LambdaForm$BMH+0x000002114a00c800'
Event: 3780.907 Thread 0x00000211486d28c0 Unloading class 0x000002114a00c000 'java/lang/invoke/LambdaForm$DMH+0x000002114a00c000'
Event: 3780.907 Thread 0x00000211486d28c0 Unloading class 0x000002114a008c00 'java/lang/invoke/LambdaForm$MH+0x000002114a008c00'
Event: 3780.907 Thread 0x00000211486d28c0 Unloading class 0x000002114a008800 'java/lang/invoke/LambdaForm$MH+0x000002114a008800'
Event: 3780.907 Thread 0x00000211486d28c0 Unloading class 0x000002114a008400 'java/lang/invoke/LambdaForm$MH+0x000002114a008400'
Event: 3780.907 Thread 0x00000211486d28c0 Unloading class 0x000002114a007000 'java/lang/invoke/LambdaForm$MH+0x000002114a007000'
Event: 3780.907 Thread 0x00000211486d28c0 Unloading class 0x000002114a006800 'java/lang/invoke/LambdaForm$MH+0x000002114a006800'
Event: 3780.907 Thread 0x00000211486d28c0 Unloading class 0x000002114a006400 'java/lang/invoke/LambdaForm$MH+0x000002114a006400'
Event: 3780.907 Thread 0x00000211486d28c0 Unloading class 0x000002114a006000 'java/lang/invoke/LambdaForm$MH+0x000002114a006000'
Event: 3780.907 Thread 0x00000211486d28c0 Unloading class 0x000002114a005c00 'java/lang/invoke/LambdaForm$BMH+0x000002114a005c00'
Event: 3780.907 Thread 0x00000211486d28c0 Unloading class 0x000002114a004800 'java/lang/invoke/LambdaForm$DMH+0x000002114a004800'
Event: 3780.907 Thread 0x00000211486d28c0 Unloading class 0x000002114a002400 'java/lang/invoke/LambdaForm$MH+0x000002114a002400'
Event: 3780.907 Thread 0x00000211486d28c0 Unloading class 0x000002114a002000 'java/lang/invoke/LambdaForm$MH+0x000002114a002000'
Event: 3780.907 Thread 0x00000211486d28c0 Unloading class 0x000002114a001800 'java/lang/invoke/LambdaForm$MH+0x000002114a001800'

Classes redefined (0 events):
No events

Internal exceptions (20 events):
Event: 3758.709 Thread 0x000002119004ea40 Implicit null exception at 0x000002113d33d460 to 0x000002113d340b92
Event: 3760.822 Thread 0x000002118f599e50 Implicit null exception at 0x000002113cf14ee0 to 0x000002113cf1500c
Event: 3768.224 Thread 0x000002119226bd80 Exception <a 'java/lang/NoSuchMethodError'{0x00000000d55ef648}: 'int java.lang.invoke.Invokers$Holder.invokeExact_MT(java.lang.Object, java.lang.Object)'> (0x00000000d55ef648) 
thrown [s\src\hotspot\share\interpreter\linkResolver.cpp, line 773]
Event: 3770.748 Thread 0x000002118f59d960 Implicit null exception at 0x000002113c9bcbd7 to 0x000002113c9bcd66
Event: 3770.750 Thread 0x000002118f59d960 Implicit null exception at 0x000002113d1a5e51 to 0x000002113d1a7d7c
Event: 3772.374 Thread 0x000002118f59ed10 Exception <a 'sun/nio/fs/WindowsException'{0x00000000d574c318}> (0x00000000d574c318) 
thrown [s\src\hotspot\share\prims\jni.cpp, line 520]
Event: 3772.374 Thread 0x000002118f59f3a0 Exception <a 'sun/nio/fs/WindowsException'{0x00000000d574d4b0}> (0x00000000d574d4b0) 
thrown [s\src\hotspot\share\prims\jni.cpp, line 520]
Event: 3772.375 Thread 0x0000021190a18430 Exception <a 'sun/nio/fs/WindowsException'{0x00000000d574ea10}> (0x00000000d574ea10) 
thrown [s\src\hotspot\share\prims\jni.cpp, line 520]
Event: 3772.375 Thread 0x0000021190a17080 Exception <a 'sun/nio/fs/WindowsException'{0x00000000d574ffc0}> (0x00000000d574ffc0) 
thrown [s\src\hotspot\share\prims\jni.cpp, line 520]
Event: 3772.375 Thread 0x000002118f59cc40 Exception <a 'sun/nio/fs/WindowsException'{0x00000000d5750a00}> (0x00000000d5750a00) 
thrown [s\src\hotspot\share\prims\jni.cpp, line 520]
Event: 3772.375 Thread 0x0000021190a16360 Exception <a 'sun/nio/fs/WindowsException'{0x00000000d5751eb8}> (0x00000000d5751eb8) 
thrown [s\src\hotspot\share\prims\jni.cpp, line 520]
Event: 3772.375 Thread 0x000002118f59d2d0 Exception <a 'sun/nio/fs/WindowsException'{0x00000000d57548b0}> (0x00000000d57548b0) 
thrown [s\src\hotspot\share\prims\jni.cpp, line 520]
Event: 3772.375 Thread 0x0000021190a15cd0 Exception <a 'sun/nio/fs/WindowsException'{0x00000000d5755db0}> (0x00000000d5755db0) 
thrown [s\src\hotspot\share\prims\jni.cpp, line 520]
Event: 3772.386 Thread 0x000002118f59ed10 Exception <a 'sun/nio/fs/WindowsException'{0x00000000d57710a0}> (0x00000000d57710a0) 
thrown [s\src\hotspot\share\prims\jni.cpp, line 520]
Event: 3772.996 Thread 0x000002118f59ed10 Exception <a 'sun/nio/fs/WindowsException'{0x00000000d57eff38}> (0x00000000d57eff38) 
thrown [s\src\hotspot\share\prims\jni.cpp, line 520]
Event: 3773.001 Thread 0x000002118f59ed10 Exception <a 'sun/nio/fs/WindowsException'{0x00000000d57f0550}> (0x00000000d57f0550) 
thrown [s\src\hotspot\share\prims\jni.cpp, line 520]
Event: 3773.457 Thread 0x000002119004ea40 Exception <a 'sun/nio/fs/WindowsException'{0x00000000d55822f8}> (0x00000000d55822f8) 
thrown [s\src\hotspot\share\prims\jni.cpp, line 520]
Event: 3774.180 Thread 0x000002119004ea40 Exception <a 'sun/nio/fs/WindowsException'{0x00000000d560a018}> (0x00000000d560a018) 
thrown [s\src\hotspot\share\prims\jni.cpp, line 520]
Event: 3775.487 Thread 0x0000021190a17710 Exception <a 'sun/nio/fs/WindowsException'{0x00000000d58716b0}> (0x00000000d58716b0) 
thrown [s\src\hotspot\share\prims\jni.cpp, line 520]
Event: 3775.487 Thread 0x0000021190a17710 Exception <a 'sun/nio/fs/WindowsException'{0x00000000d588c820}> (0x00000000d588c820) 
thrown [s\src\hotspot\share\prims\jni.cpp, line 520]

ZGC Phase Switch (0 events):
No events

VM Operations (20 events):
Event: 3780.286 Executing VM operation: ParallelGCFailedAllocation (Allocation Failure) done
Event: 3780.355 Executing VM operation: ParallelGCFailedAllocation (Allocation Failure)
Event: 3780.362 Executing VM operation: ParallelGCFailedAllocation (Allocation Failure) done
Event: 3780.412 Executing VM operation: ParallelGCFailedAllocation (Allocation Failure)
Event: 3780.419 Executing VM operation: ParallelGCFailedAllocation (Allocation Failure) done
Event: 3780.445 Executing VM operation: ParallelGCFailedAllocation (Allocation Failure)
Event: 3780.452 Executing VM operation: ParallelGCFailedAllocation (Allocation Failure) done
Event: 3780.492 Executing VM operation: ParallelGCFailedAllocation (Allocation Failure)
Event: 3780.499 Executing VM operation: ParallelGCFailedAllocation (Allocation Failure) done
Event: 3780.523 Executing VM operation: ParallelGCFailedAllocation (Allocation Failure)
Event: 3780.532 Executing VM operation: ParallelGCFailedAllocation (Allocation Failure) done
Event: 3780.604 Executing VM operation: ParallelGCFailedAllocation (Allocation Failure)
Event: 3780.615 Executing VM operation: ParallelGCFailedAllocation (Allocation Failure) done
Event: 3780.646 Executing VM operation: ParallelGCFailedAllocation (Allocation Failure)
Event: 3780.652 Executing VM operation: ParallelGCFailedAllocation (Allocation Failure) done
Event: 3780.678 Executing VM operation: ParallelGCFailedAllocation (Allocation Failure)
Event: 3780.689 Executing VM operation: ParallelGCFailedAllocation (Allocation Failure) done
Event: 3780.743 Executing VM operation: ParallelGCFailedAllocation (Allocation Failure)
Event: 3780.752 Executing VM operation: ParallelGCFailedAllocation (Allocation Failure) done
Event: 3780.781 Executing VM operation: ParallelGCFailedAllocation (Allocation Failure)

Memory protections (0 events):
No events

Nmethod flushes (20 events):
Event: 3781.034 Thread 0x00000211486d28c0 flushing  nmethod 0x0000021137681310
Event: 3781.034 Thread 0x00000211486d28c0 flushing  nmethod 0x0000021137705c90
Event: 3781.034 Thread 0x00000211486d28c0 flushing  nmethod 0x000002113770b910
Event: 3781.034 Thread 0x00000211486d28c0 flushing  nmethod 0x000002113773ca90
Event: 3781.034 Thread 0x00000211486d28c0 flushing  nmethod 0x000002113775b910
Event: 3781.034 Thread 0x00000211486d28c0 flushing  nmethod 0x00000211378aae10
Event: 3781.034 Thread 0x00000211486d28c0 flushing  nmethod 0x0000021137917a90
Event: 3781.034 Thread 0x00000211486d28c0 flushing  nmethod 0x0000021137a04f90
Event: 3781.034 Thread 0x00000211486d28c0 flushing  nmethod 0x0000021137ad2610
Event: 3781.034 Thread 0x00000211486d28c0 flushing  nmethod 0x0000021137b32210
Event: 3781.034 Thread 0x00000211486d28c0 flushing  nmethod 0x0000021137c3d990
Event: 3781.034 Thread 0x00000211486d28c0 flushing  nmethod 0x0000021137c3ea90
Event: 3781.034 Thread 0x00000211486d28c0 flushing  nmethod 0x0000021137c3f110
Event: 3781.034 Thread 0x00000211486d28c0 flushing  nmethod 0x0000021137c5ba90
Event: 3781.034 Thread 0x00000211486d28c0 flushing  nmethod 0x0000021137d15f10
Event: 3781.034 Thread 0x00000211486d28c0 flushing  nmethod 0x0000021137d16710
Event: 3781.034 Thread 0x00000211486d28c0 flushing  nmethod 0x0000021137e6ef10
Event: 3781.034 Thread 0x00000211486d28c0 flushing  nmethod 0x0000021137ebcd90
Event: 3781.034 Thread 0x00000211486d28c0 flushing  nmethod 0x0000021137ece210
Event: 3781.034 Thread 0x00000211486d28c0 flushing  nmethod 0x0000021137f1d910

Events (20 events):
Event: 3760.595 Thread 0x000002118f010130 Thread added: 0x0000021193572ce0
Event: 3760.846 Thread 0x000002118f010130 Thread added: 0x00000211935733b0
Event: 3761.601 Thread 0x000002118f59ed10 Thread added: 0x0000021190a19150
Event: 3761.604 Thread 0x000002118f59ed10 Thread added: 0x0000021190a19e70
Event: 3761.605 Thread 0x000002118f59ed10 Thread added: 0x0000021190a169f0
Event: 3761.618 Thread 0x000002118f59ed10 Thread added: 0x0000021190a1d2f0
Event: 3761.644 Thread 0x000002118f59ed10 Thread added: 0x0000021190a1a500
Event: 3761.644 Thread 0x000002118f59ed10 Thread added: 0x0000021190a1ab90
Event: 3766.184 Thread 0x0000021190bbf6b0 Thread added: 0x000002119226bd80
Event: 3772.709 Thread 0x00000211935733b0 Thread exited: 0x00000211935733b0
Event: 3772.709 Thread 0x0000021193572ce0 Thread exited: 0x0000021193572ce0
Event: 3772.924 Thread 0x000002118f010130 Thread added: 0x0000021193572ce0
Event: 3774.134 Thread 0x0000021193572ce0 Thread exited: 0x0000021193572ce0
Event: 3775.482 Thread 0x0000021190a17710 Thread added: 0x000002119226de50
Event: 3775.483 Thread 0x000002119226de50 Thread exited: 0x000002119226de50
Event: 3775.488 Thread 0x0000021190a17710 Thread added: 0x000002119226de50
Event: 3775.489 Thread 0x000002119226de50 Thread exited: 0x000002119226de50
Event: 3775.494 Thread 0x000002118f010130 Thread added: 0x0000021193572ce0
Event: 3779.240 Thread 0x0000021193572ce0 Thread exited: 0x0000021193572ce0
Event: 3779.641 Thread 0x000002118f010130 Thread added: 0x0000021193572ce0


Dynamic libraries:
0x00007ff724cf0000 - 0x00007ff724cfe000 	c:\Users\Expertflow\.vscode\extensions\redhat.java-1.52.0-win32-x64\jre\21.0.9-win32-x86_64\bin\java.exe
0x00007fff2a3e0000 - 0x00007fff2a647000 	C:\WINDOWS\SYSTEM32\ntdll.dll
0x00007fff29530000 - 0x00007fff295f9000 	C:\WINDOWS\System32\KERNEL32.DLL
0x00007fff277d0000 - 0x00007fff27bbf000 	C:\WINDOWS\System32\KERNELBASE.dll
0x00007fff27c60000 - 0x00007fff27dab000 	C:\WINDOWS\System32\ucrtbase.dll
0x00007ffef8b30000 - 0x00007ffef8b48000 	c:\Users\Expertflow\.vscode\extensions\redhat.java-1.52.0-win32-x64\jre\21.0.9-win32-x86_64\bin\jli.dll
0x00007ffef87e0000 - 0x00007ffef87fe000 	c:\Users\Expertflow\.vscode\extensions\redhat.java-1.52.0-win32-x64\jre\21.0.9-win32-x86_64\bin\VCRUNTIME140.dll
0x00007fff28b90000 - 0x00007fff28d55000 	C:\WINDOWS\System32\USER32.dll
0x00007fff27db0000 - 0x00007fff27dd7000 	C:\WINDOWS\System32\win32u.dll
0x00007fff26630000 - 0x00007fff268c3000 	C:\WINDOWS\WinSxS\amd64_microsoft.windows.common-controls_6595b64144ccf1df_6.0.26100.7309_none_3e05feeae336a044\COMCTL32.dll
0x00007fff290c0000 - 0x00007fff290eb000 	C:\WINDOWS\System32\GDI32.dll
0x00007fff281d0000 - 0x00007fff28279000 	C:\WINDOWS\System32\msvcrt.dll
0x00007fff27530000 - 0x00007fff2765c000 	C:\WINDOWS\System32\gdi32full.dll
0x00007fff280d0000 - 0x00007fff28173000 	C:\WINDOWS\System32\msvcp_win.dll
0x00007fff29610000 - 0x00007fff29641000 	C:\WINDOWS\System32\IMM32.DLL
0x00007fff1e070000 - 0x00007fff1e07c000 	c:\Users\Expertflow\.vscode\extensions\redhat.java-1.52.0-win32-x64\jre\21.0.9-win32-x86_64\bin\vcruntime140_1.dll
0x00007ffebfa60000 - 0x00007ffebfaed000 	c:\Users\Expertflow\.vscode\extensions\redhat.java-1.52.0-win32-x64\jre\21.0.9-win32-x86_64\bin\msvcp140.dll
0x00007ffe966f0000 - 0x00007ffe97490000 	c:\Users\Expertflow\.vscode\extensions\redhat.java-1.52.0-win32-x64\jre\21.0.9-win32-x86_64\bin\server\jvm.dll
0x00007fff29300000 - 0x00007fff293b4000 	C:\WINDOWS\System32\ADVAPI32.dll
0x00007fff28370000 - 0x00007fff28416000 	C:\WINDOWS\System32\sechost.dll
0x00007fff29750000 - 0x00007fff29868000 	C:\WINDOWS\System32\RPCRT4.dll
0x00007fff28280000 - 0x00007fff282f4000 	C:\WINDOWS\System32\WS2_32.dll
0x00007fff27390000 - 0x00007fff273ee000 	C:\WINDOWS\SYSTEM32\POWRPROF.dll
0x00007fff18220000 - 0x00007fff18255000 	C:\WINDOWS\SYSTEM32\WINMM.dll
0x00007fff1afe0000 - 0x00007fff1afeb000 	C:\WINDOWS\SYSTEM32\VERSION.dll
0x00007fff27370000 - 0x00007fff27384000 	C:\WINDOWS\SYSTEM32\UMPDC.dll
0x00007fff259b0000 - 0x00007fff259cb000 	C:\WINDOWS\SYSTEM32\kernel.appcore.dll
0x00007ffefc3a0000 - 0x00007ffefc3aa000 	c:\Users\Expertflow\.vscode\extensions\redhat.java-1.52.0-win32-x64\jre\21.0.9-win32-x86_64\bin\jimage.dll
0x00007fff26e00000 - 0x00007fff27042000 	C:\WINDOWS\SYSTEM32\DBGHELP.DLL
0x00007fff2a010000 - 0x00007fff2a396000 	C:\WINDOWS\System32\combase.dll
0x00007fff29870000 - 0x00007fff29946000 	C:\WINDOWS\System32\OLEAUT32.dll
0x00007fff26a10000 - 0x00007fff26a4c000 	C:\WINDOWS\SYSTEM32\dbgcore.DLL
0x00007fff28020000 - 0x00007fff280c5000 	C:\WINDOWS\System32\bcryptPrimitives.dll
0x00007ffef96c0000 - 0x00007ffef96cf000 	c:\Users\Expertflow\.vscode\extensions\redhat.java-1.52.0-win32-x64\jre\21.0.9-win32-x86_64\bin\instrument.dll
0x00007ffef8400000 - 0x00007ffef8420000 	c:\Users\Expertflow\.vscode\extensions\redhat.java-1.52.0-win32-x64\jre\21.0.9-win32-x86_64\bin\java.dll
0x00007fff28430000 - 0x00007fff28b83000 	C:\WINDOWS\System32\SHELL32.dll
0x00007fff27660000 - 0x00007fff277ca000 	C:\WINDOWS\System32\wintypes.dll
0x00007fff246c0000 - 0x00007fff24f1e000 	C:\WINDOWS\SYSTEM32\windows.storage.dll
0x00007fff29a80000 - 0x00007fff29b75000 	C:\WINDOWS\System32\SHCORE.dll
0x00007fff28300000 - 0x00007fff28366000 	C:\WINDOWS\System32\shlwapi.dll
0x00007fff27450000 - 0x00007fff27479000 	C:\WINDOWS\SYSTEM32\profapi.dll
0x00007ffef8320000 - 0x00007ffef8338000 	c:\Users\Expertflow\.vscode\extensions\redhat.java-1.52.0-win32-x64\jre\21.0.9-win32-x86_64\bin\zip.dll
0x00007ffef8b60000 - 0x00007ffef8b70000 	C:\Users\Expertflow\.vscode\extensions\redhat.java-1.52.0-win32-x64\jre\21.0.9-win32-x86_64\bin\net.dll
0x00007fff1aab0000 - 0x00007fff1abd8000 	C:\WINDOWS\SYSTEM32\WINHTTP.dll
0x00007fff25ee0000 - 0x00007fff25f4b000 	C:\WINDOWS\system32\mswsock.dll
0x00007ffef82d0000 - 0x00007ffef82e6000 	C:\Users\Expertflow\.vscode\extensions\redhat.java-1.52.0-win32-x64\jre\21.0.9-win32-x86_64\bin\nio.dll
0x00007ffef82c0000 - 0x00007ffef82d0000 	c:\Users\Expertflow\.vscode\extensions\redhat.java-1.52.0-win32-x64\jre\21.0.9-win32-x86_64\bin\verify.dll
0x00007ffef5b90000 - 0x00007ffef5bd5000 	C:\Users\Expertflow\AppData\Roaming\Code\User\globalStorage\redhat.java\1.52.0\config_win\org.eclipse.equinox.launcher\org.eclipse.equinox.launcher.win32.win32.x86_64_1.2.1500.v20260121-1430\eclipse_11919.dll
0x00007fff290f0000 - 0x00007fff29287000 	C:\WINDOWS\System32\ole32.dll
0x00007fff27050000 - 0x00007fff2706b000 	C:\WINDOWS\SYSTEM32\CRYPTSP.dll
0x00007fff25fc0000 - 0x00007fff25ffa000 	C:\WINDOWS\system32\rsaenh.dll
0x00007fff25f50000 - 0x00007fff25f7b000 	C:\WINDOWS\SYSTEM32\USERENV.dll
0x00007fff27420000 - 0x00007fff2744a000 	C:\WINDOWS\SYSTEM32\bcrypt.dll
0x00007fff26530000 - 0x00007fff2653c000 	C:\WINDOWS\SYSTEM32\CRYPTBASE.dll
0x00007fff253c0000 - 0x00007fff253f4000 	C:\WINDOWS\SYSTEM32\IPHLPAPI.DLL
0x00007fff29030000 - 0x00007fff2903a000 	C:\WINDOWS\System32\NSI.dll
0x00007ffec49b0000 - 0x00007ffec49f9000 	C:\Users\Expertflow\AppData\Local\Temp\jna-1918084728\jna12617826435172809747.dll
0x00007fff29600000 - 0x00007fff29608000 	C:\WINDOWS\System32\PSAPI.DLL
0x00007fff1a7c0000 - 0x00007fff1a7de000 	C:\WINDOWS\SYSTEM32\dhcpcsvc6.DLL
0x00007fff1a790000 - 0x00007fff1a7b3000 	C:\WINDOWS\SYSTEM32\dhcpcsvc.DLL
0x00007ffef8b90000 - 0x00007ffef8b9e000 	C:\Users\Expertflow\.vscode\extensions\redhat.java-1.52.0-win32-x64\jre\21.0.9-win32-x86_64\bin\sunmscapi.dll
0x00007fff27de0000 - 0x00007fff27f57000 	C:\WINDOWS\System32\CRYPT32.dll
0x00007fff265f0000 - 0x00007fff26620000 	C:\WINDOWS\SYSTEM32\ncrypt.dll
0x00007fff264e0000 - 0x00007fff2651f000 	C:\WINDOWS\SYSTEM32\NTASN1.dll
0x00007fff25400000 - 0x00007fff2552c000 	C:\WINDOWS\SYSTEM32\DNSAPI.dll
0x00007fff15fd0000 - 0x00007fff15fdb000 	C:\Windows\System32\rasadhlp.dll
0x00007fff19220000 - 0x00007fff192a6000 	C:\WINDOWS\System32\fwpuclnt.dll
0x00007ffef8b80000 - 0x00007ffef8b89000 	C:\Users\Expertflow\.vscode\extensions\redhat.java-1.52.0-win32-x64\jre\21.0.9-win32-x86_64\bin\extnet.dll
0x00007fff26c10000 - 0x00007fff26c46000 	C:\WINDOWS\SYSTEM32\ntmarta.dll

JVMTI agents:
c:\Users\Expertflow\.vscode\extensions\redhat.java-1.52.0-win32-x64\lombok\lombok-1.18.39-4050.jar path:c:\Users\Expertflow\.vscode\extensions\redhat.java-1.52.0-win32-x64\jre\21.0.9-win32-x86_64\bin\instrument.dll, loaded, initialized, instrumentlib options:none

dbghelp: loaded successfully - version: 4.0.5 - missing functions: none
symbol engine: initialized successfully - sym options: 0x614 - pdb path: .;c:\Users\Expertflow\.vscode\extensions\redhat.java-1.52.0-win32-x64\jre\21.0.9-win32-x86_64\bin;C:\WINDOWS\SYSTEM32;C:\WINDOWS\WinSxS\amd64_microsoft.windows.common-controls_6595b64144ccf1df_6.0.26100.7309_none_3e05feeae336a044;c:\Users\Expertflow\.vscode\extensions\redhat.java-1.52.0-win32-x64\jre\21.0.9-win32-x86_64\bin\server;C:\Users\Expertflow\AppData\Roaming\Code\User\globalStorage\redhat.java\1.52.0\config_win\org.eclipse.equinox.launcher\org.eclipse.equinox.launcher.win32.win32.x86_64_1.2.1500.v20260121-1430;C:\Users\Expertflow\AppData\Local\Temp\jna-1918084728

VM Arguments:
jvm_args: --add-modules=ALL-SYSTEM --add-opens=java.base/java.util=ALL-UNNAMED --add-opens=java.base/java.lang=ALL-UNNAMED --add-opens=java.base/sun.nio.fs=ALL-UNNAMED -Declipse.application=org.eclipse.jdt.ls.core.id1 -Dosgi.bundles.defaultStartLevel=4 -Declipse.product=org.eclipse.jdt.ls.core.product -Djava.import.generatesMetadataFilesAtProjectRoot=false -DDetectVMInstallationsJob.disabled=true -Dfile.encoding=utf8 -XX:+UseParallelGC -XX:GCTimeRatio=4 -XX:AdaptiveSizePolicyWeight=90 -Dsun.zip.disableMemoryMapping=true -Xmx2G -Xms100m -Xlog:disable -javaagent:c:\Users\Expertflow\.vscode\extensions\redhat.java-1.52.0-win32-x64\lombok\lombok-1.18.39-4050.jar -XX:+HeapDumpOnOutOfMemoryError -XX:HeapDumpPath=c:\Users\Expertflow\AppData\Roaming\Code\User\workspaceStorage\782133077b2946f882cd12a4b71ceda4\redhat.java -Daether.dependencyCollector.impl=bf 
java_command: c:\Users\Expertflow\.vscode\extensions\redhat.java-1.52.0-win32-x64\server\plugins\org.eclipse.equinox.launcher_1.7.100.v20251111-0406.jar -configuration c:\Users\Expertflow\AppData\Roaming\Code\User\globalStorage\redhat.java\1.52.0\config_win -data c:\Users\Expertflow\AppData\Roaming\Code\User\workspaceStorage\782133077b2946f882cd12a4b71ceda4\redhat.java\jdt_ws --pipe=\\.\pipe\lsp-dccb67ddc2643833538c7dcde532750d-sock
java_class_path (initial): c:\Users\Expertflow\.vscode\extensions\redhat.java-1.52.0-win32-x64\server\plugins\org.eclipse.equinox.launcher_1.7.100.v20251111-0406.jar
Launcher Type: SUN_STANDARD

[Global flags]
    uintx AdaptiveSizePolicyWeight                 = 90                                        {product} {command line}
     intx CICompilerCount                          = 4                                         {product} {ergonomic}
    uintx GCTimeRatio                              = 4                                         {product} {command line}
     bool HeapDumpOnOutOfMemoryError               = true                                   {manageable} {command line}
    ccstr HeapDumpPath                             = c:\Users\Expertflow\AppData\Roaming\Code\User\workspaceStorage\782133077b2946f882cd12a4b71ceda4\redhat.java         {manageable} {command line}
   size_t InitialHeapSize                          = 104857600                                 {product} {command line}
   size_t MaxHeapSize                              = 2147483648                                {product} {command line}
   size_t MaxNewSize                               = 715653120                                 {product} {ergonomic}
   size_t MinHeapDeltaBytes                        = 524288                                    {product} {ergonomic}
   size_t MinHeapSize                              = 104857600                                 {product} {command line}
   size_t NewSize                                  = 34603008                                  {product} {ergonomic}
    uintx NonNMethodCodeHeapSize                   = 5839372                                {pd product} {ergonomic}
    uintx NonProfiledCodeHeapSize                  = 122909434                              {pd product} {ergonomic}
   size_t OldSize                                  = 70254592                                  {product} {ergonomic}
    uintx ProfiledCodeHeapSize                     = 122909434                              {pd product} {ergonomic}
    uintx ReservedCodeCacheSize                    = 251658240                              {pd product} {ergonomic}
     bool SegmentedCodeCache                       = true                                      {product} {ergonomic}
   size_t SoftMaxHeapSize                          = 2147483648                             {manageable} {ergonomic}
     bool UseCompressedOops                        = true                           {product lp64_product} {ergonomic}
     bool UseLargePagesIndividualAllocation        = false                                  {pd product} {ergonomic}
     bool UseParallelGC                            = true                                      {product} {command line}

Logging:
Log output configuration:
 #0: stdout all=off uptime,level,tags foldmultilines=false
 #1: stderr all=off uptime,level,tags foldmultilines=false

Release file:
JAVA_VERSION="21.0.9" 
MODULES="java.base java.compiler java.datatransfer java.xml java.prefs java.desktop java.instrument java.logging java.management java.security.sasl java.naming java.rmi java.management.rmi java.net.http java.scripting java.security.jgss java.transaction.xa java.sql java.sql.rowset java.xml.crypto java.se java.smartcardio jdk.accessibility jdk.internal.jvmstat jdk.attach jdk.charsets jdk.internal.opt jdk.zipfs jdk.compiler jdk.crypto.ec jdk.crypto.cryptoki jdk.crypto.mscapi jdk.dynalink jdk.internal.ed jdk.editpad jdk.hotspot.agent jdk.httpserver jdk.internal.le jdk.internal.vm.ci jdk.internal.vm.compiler jdk.internal.vm.compiler.management jdk.jartool jdk.javadoc jdk.jcmd jdk.management jdk.management.agent jdk.jconsole jdk.jdeps jdk.jdwp.agent jdk.jdi jdk.jfr jdk.jshell jdk.jsobject jdk.jstatd jdk.localedata jdk.management.jfr jdk.naming.dns jdk.naming.rmi jdk.net jdk.nio.mapmode jdk.random jdk.sctp jdk.security.auth jdk.security.jgss jdk.unsupported jdk.unsupported.desktop jdk.xml.dom" 

Environment Variables:
PATH=C:\Program Files\Common Files\Oracle\Java\javapath;C:\WINDOWS\system32;C:\WINDOWS;C:\WINDOWS\System32\Wbem;C:\WINDOWS\System32\WindowsPowerShell\v1.0\;C:\WINDOWS\System32\OpenSSH\;C:\Program Files\Java\jdk-17\bin;C:\Users\Expertflow\.dnx\bin;C:\Program Files\Microsoft DNX\Dnvm\;C:\Program Files\Microsoft SQL Server\120\Tools\Binn\;C:\Program Files\Microsoft SQL Server\130\Tools\Binn\;C:\Program Files\Git\cmd;C:\Program Files\nodejs\;C:\Program Files\Docker\Docker\resources\bin;C:\Program Files\apache-maven-3.9.11-bin\apache-maven-3.9.11\bin;C:\Users\Expertflow\AppData\Local\Microsoft\WindowsApps;C:\Users\Expertflow\AppData\Local\Programs\Microsoft VS Code\bin;C:\Users\Expertflow\AppData\Roaming\npm;C:\Users\Expertflow\AppData\Local\Programs\Antigravity\bin
USERNAME=Expertflow
OS=Windows_NT
PROCESSOR_IDENTIFIER=Intel64 Family 6 Model 158 Stepping 9, GenuineIntel
TMP=C:\Users\EXPERT~1\AppData\Local\Temp
TEMP=C:\Users\EXPERT~1\AppData\Local\Temp




Periodic native trim disabled

---------------  S Y S T E M  ---------------

OS:
 Windows 11 , 64 bit Build 26100 (10.0.26100.7623)
OS uptime: 3 days 5:47 hours
Hyper-V role detected

CPU: total 8 (initial active 8) (4 cores per cpu, 2 threads per core) family 6 model 158 stepping 9 microcode 0xf8, cx8, cmov, fxsr, ht, mmx, 3dnowpref, sse, sse2, sse3, ssse3, sse4.1, sse4.2, popcnt, lzcnt, tsc, tscinvbit, avx, avx2, aes, erms, clmul, bmi1, bmi2, rtm, adx, fma, vzeroupper, clflush, clflushopt, hv, rdtscp, f16c
Processor Information for processor 0
  Max Mhz: 2904, Current Mhz: 1502, Mhz Limit: 2904
Processor Information for processor 1
  Max Mhz: 2904, Current Mhz: 1502, Mhz Limit: 2904
Processor Information for processor 2
  Max Mhz: 2904, Current Mhz: 1502, Mhz Limit: 2904
Processor Information for processor 3
  Max Mhz: 2904, Current Mhz: 1502, Mhz Limit: 2904
Processor Information for processor 4
  Max Mhz: 2904, Current Mhz: 2904, Mhz Limit: 2904
Processor Information for processor 5
  Max Mhz: 2904, Current Mhz: 1502, Mhz Limit: 2904
Processor Information for processor 6
  Max Mhz: 2904, Current Mhz: 1502, Mhz Limit: 2904
Processor Information for processor 7
  Max Mhz: 2904, Current Mhz: 1502, Mhz Limit: 2904

Memory: 4k page, system-wide physical 16259M (697M free)
TotalPageFile size 33886M (AvailPageFile size 3708M)
current process WorkingSet (physical memory assigned to process): 1036M, peak: 1753M
current process commit charge ("private bytes"): 1770M, peak: 1780M

vm_info: OpenJDK 64-Bit Server VM (21.0.9+10-LTS) for windows-amd64 JRE (21.0.9+10-LTS), built on 2025-10-21T00:00:00Z by "admin" with unknown MS VC++:1942

END.
