#
# A fatal error has been detected by the Java Runtime Environment:
#
#  EXCEPTION_ACCESS_VIOLATION (0xc0000005) at pc=0x00007ffbb07ab1b0, pid=9484, tid=28536
#
# JRE version: Java(TM) SE Runtime Environment (17.0.12+8) (build 17.0.12+8-LTS-286)
# Java VM: Java HotSpot(TM) 64-Bit Server VM (17.0.12+8-LTS-286, mixed mode, sharing, tiered, compressed oops, compressed class ptrs, g1 gc, windows-amd64)
# Problematic frame:
# V  [jvm.dll+0x53b1b0]
#
# No core dump will be written. Minidumps are not enabled by default on client versions of Windows
#
# If you would like to submit a bug report, please visit:
#   https://bugreport.java.com/bugreport/crash.jsp
#

---------------  S U M M A R Y ------------

Command Line: -agentlib:jdwp=transport=dt_socket,address=127.0.0.1:40084,suspend=y,server=n -javaagent:C:\Users\Expertflow\AppData\Local\JetBrains\IdeaIC2025.2\captureAgent\debugger-agent.jar=file:///C:/Users/EXPERT~1/AppData/Local/Temp/capture12796619791240017847.props -Dkotlinx.coroutines.debug.enable.creation.stack.trace=false -Ddebugger.agent.enable.coroutines=true -Dkotlinx.coroutines.debug.enable.flows.stack.trace=true -Dkotlinx.coroutines.debug.enable.mutable.state.flows.stack.trace=true -Dfile.encoding=UTF-8 com.smartsolutions.eschool.ESchoolApplication

Host: Intel(R) Core(TM) i7-7820HQ CPU @ 2.90GHz, 8 cores, 15G,  Windows 11 , 64 bit Build 26100 (10.0.26100.7623)
Time: Tue Feb  3 22:54:17 2026 Pakistan Standard Time elapsed time: 17642.562205 seconds (0d 4h 54m 2s)

---------------  T H R E A D  ---------------

Current thread (0x000001990b029ed0):  JavaThread "Service Thread" daemon [_thread_in_vm, id=28536, stack(0x0000007627d00000,0x0000007627e00000)]

Stack: [0x0000007627d00000,0x0000007627e00000],  sp=0x0000007627dffae0,  free space=1022k
Native frames: (J=compiled Java code, j=interpreted, Vv=VM code, C=native code)
V  [jvm.dll+0x53b1b0]
V  [jvm.dll+0x536f5d]
V  [jvm.dll+0x536c51]
V  [jvm.dll+0x6de95a]
V  [jvm.dll+0x79075c]
V  [jvm.dll+0x78abea]
V  [jvm.dll+0x678f35]
C  [ucrtbase.dll+0x37b0]
C  [KERNEL32.DLL+0x2e8d7]
C  [ntdll.dll+0x8c53c]


siginfo: EXCEPTION_ACCESS_VIOLATION (0xc0000005), reading address 0xffffffffffffffff


Registers:
RAX=0x000000000000765d, RBX=0x0000000000000000, RCX=0x0000019917dc6920, RDX=0x000000000003b2e8
RSP=0x0000007627dffae0, RBP=0x0000019923b4d630, RSI=0x0000019917e01c08, RDI=0x0002000000000000
R8 =0x00000198a4e02700, R9 =0x0000007626dd8000, R10=0x00000198a4e00000, R11=0x0000000000000246
R12=0x000000000000176a, R13=0x000001990b0209f0, R14=0x0000000000000001, R15=0x000000000000765d
RIP=0x00007ffbb07ab1b0, EFLAGS=0x0000000000010206


Register to memory mapping:

RIP=0x00007ffbb07ab1b0 jvm.dll
RAX=0x000000000000765d is an unknown value
RBX=0x0 is NULL
RCX=0x0000019917dc6920 points into unknown readable memory: 0x0000000000000000 | 00 00 00 00 00 00 00 00
RDX=0x000000000003b2e8 is an unknown value
RSP=0x0000007627dffae0 is pointing into the stack for thread: 0x000001990b029ed0
RBP=0x0000019923b4d630 points into unknown readable memory: 0x0000000000003f42 | 42 3f 00 00 00 00 00 00
RSI=0x0000019917e01c08 points into unknown readable memory: 0x0002000000000000 | 00 00 00 00 00 00 02 00
RDI=0x0002000000000000 is an unknown value
R8 =0x00000198a4e02700 points into unknown readable memory: 0x00000198a4e00db0 | b0 0d e0 a4 98 01 00 00
R9 =0x0000007626dd8000 points into unknown readable memory: 0x0000000000000000 | 00 00 00 00 00 00 00 00
R10=0x00000198a4e00000 points into unknown readable memory: 0x0000000000000000 | 00 00 00 00 00 00 00 00
R11=0x0000000000000246 is an unknown value
R12=0x000000000000176a is an unknown value
R13=0x000001990b0209f0 points into unknown readable memory: 0xffffffff00012c1f | 1f 2c 01 00 ff ff ff ff
R14=0x0000000000000001 is an unknown value
R15=0x000000000000765d is an unknown value


Top of Stack: (sp=0x0000007627dffae0)
0x0000007627dffae0:   0000000000000000 0000000000000000
0x0000007627dffaf0:   0000000000000000 0000000000000000
0x0000007627dffb00:   0000000000000000 0000000000000000
0x0000007627dffb10:   000001990b021830 000001990b029ed0
0x0000007627dffb20:   00000198a5131400 00000198a51313d0
0x0000007627dffb30:   0000000000000000 00007ffbb07a6f5d
0x0000007627dffb40:   000000000003b2e8 000001990b021838
0x0000007627dffb50:   00000199267c56c0 0000000000000000
0x0000007627dffb60:   0000000000000000 000001990b02af00
0x0000007627dffb70:   0000000000000000 0000000000000000
0x0000007627dffb80:   0000000000000000 00007ffbb094b4d4
0x0000007627dffb90:   00000198a4fb6500 00000198a510ff30
0x0000007627dffba0:   00000198a5131301 00007ffbb07a6c51
0x0000007627dffbb0:   00000199270c1500 0000000000000000
0x0000007627dffbc0:   0000007627dffc40 00007ffbb037c78a
0x0000007627dffbd0:   0000007627dffc38 00007ffbb08dae49 

Instructions: (pc=0x00007ffbb07ab1b0)
0x00007ffbb07ab0b0:   08 48 63 ea 48 8b 1c e8 48 8d 3c e8 48 85 db 74
0x00007ffbb07ab0c0:   68 48 8b 4b 10 ff 15 5d 5e 56 00 48 85 c0 74 05
0x00007ffbb07ab0d0:   48 3b c6 74 0f 48 8d 7b 08 48 8b 5b 08 48 85 db
0x00007ffbb07ab0e0:   75 df eb 45 48 83 3d 54 35 5d 00 00 74 0e 8b d5
0x00007ffbb07ab0f0:   48 8d 0d e9 7a 3f 00 e8 34 f6 ff ff 48 8b 43 08
0x00007ffbb07ab100:   48 89 07 48 8b 43 10 48 89 44 24 40 e8 ef cc fe
0x00007ffbb07ab110:   ff 48 8b d0 48 8d 4c 24 40 e8 62 2b 2b 00 48 8b
0x00007ffbb07ab120:   d3 49 8b ce e8 67 06 e1 ff 48 8b 5c 24 48 48 8b
0x00007ffbb07ab130:   6c 24 50 48 83 c4 20 41 5e 5f 5e c3 cc cc cc cc
0x00007ffbb07ab140:   41 54 41 56 48 83 ec 48 48 89 5c 24 68 45 33 f6
0x00007ffbb07ab150:   4c 89 6c 24 28 45 33 e4 4c 89 7c 24 20 48 8b da
0x00007ffbb07ab160:   45 33 ff 4c 8b e9 44 39 21 0f 8e af 01 00 00 48
0x00007ffbb07ab170:   89 6c 24 40 33 d2 48 89 74 24 38 48 89 7c 24 30
0x00007ffbb07ab180:   48 89 54 24 60 66 66 66 0f 1f 84 00 00 00 00 00
0x00007ffbb07ab190:   49 8b 4d 08 49 63 c7 48 8b 3c 0a 48 8d 34 c1 48
0x00007ffbb07ab1a0:   85 ff 0f 84 51 01 00 00 0f 1f 84 00 00 00 00 00
0x00007ffbb07ab1b0:   48 8b 4f 10 41 ff c4 ff 15 6b 5d 56 00 48 85 c0
0x00007ffbb07ab1c0:   74 09 48 8d 77 08 e9 1d 01 00 00 41 ff c6 48 83
0x00007ffbb07ab1d0:   3d 6a 34 5d 00 00 74 0f 41 8b d7 48 8d 0d fe 79
0x00007ffbb07ab1e0:   3f 00 e8 49 f5 ff ff 48 8b 47 08 48 8b 6f 18 48
0x00007ffbb07ab1f0:   89 06 48 8b 47 10 48 89 44 24 70 e8 00 cc fe ff
0x00007ffbb07ab200:   48 8b d0 48 8d 4c 24 70 e8 73 2a 2b 00 48 8b d7
0x00007ffbb07ab210:   49 8b cd e8 78 05 e1 ff 48 85 db 0f 84 c7 00 00
0x00007ffbb07ab220:   00 8b 0b 3b 4b 04 0f 85 ac 00 00 00 8d 41 01 85
0x00007ffbb07ab230:   c0 74 04 85 c8 74 0c 0f bd c8 b8 01 00 00 00 ff
0x00007ffbb07ab240:   c1 d3 e0 4c 8b 43 10 ba 08 00 00 00 89 43 04 8b
0x00007ffbb07ab250:   c8 4d 85 c0 75 07 e8 25 db e0 ff eb 1b 41 f6 c0
0x00007ffbb07ab260:   01 74 10 49 d1 e8 41 83 f8 19 74 ea e8 ef da e0
0x00007ffbb07ab270:   ff eb 05 e8 68 da e0 ff 48 8b f8 33 c0 39 03 7e
0x00007ffbb07ab280:   27 45 33 c0 0f 1f 40 00 0f 1f 84 00 00 00 00 00
0x00007ffbb07ab290:   48 8b 4b 08 4d 8d 40 08 ff c0 49 8b 54 08 f8 49
0x00007ffbb07ab2a0:   89 54 38 f8 3b 03 7c e8 3b 43 04 7d 13 0f 1f 00 


Stack slot to memory mapping:
stack at sp + 0 slots: 0x0 is NULL
stack at sp + 1 slots: 0x0 is NULL
stack at sp + 2 slots: 0x0 is NULL
stack at sp + 3 slots: 0x0 is NULL
stack at sp + 4 slots: 0x0 is NULL
stack at sp + 5 slots: 0x0 is NULL
stack at sp + 6 slots: 0x000001990b021830 points into unknown readable memory: 0x00000198a510ff30 | 30 ff 10 a5 98 01 00 00
stack at sp + 7 slots: 0x000001990b029ed0 is a thread


---------------  P R O C E S S  ---------------

Threads class SMR info:
_java_thread_list=0x0000019918c5bd00, length=36, elements={
0x000001990b00f8a0, 0x000001990b011770, 0x000001990b026fd0, 0x000001990b027990,
0x000001990b029ed0, 0x000001990b02bba0, 0x000001990b034a00, 0x000001990b039520,
0x000001990b04b170, 0x000001990b1174a0, 0x000001990b225bc0, 0x000001990b228c60,
0x000001990b229150, 0x000001990b2a0440, 0x000001990b39f960, 0x00000199174f3490,
0x0000019916466060, 0x0000019916466570, 0x000001991646b160, 0x0000019919179ee0,
0x000001991487e980, 0x000001991487f3a0, 0x000001991487ee90, 0x000001991487f8b0,
0x0000019914883570, 0x000001991487fdc0, 0x0000019914886300, 0x00000199148844a0,
0x0000019914886810, 0x0000019914885df0, 0x0000019914886d20, 0x0000019914887230,
0x00000199148853d0, 0x0000019914883f90, 0x0000019914883a80, 0x000001991062c9b0
}

Java Threads: ( => current thread )
  0x000001990b00f8a0 JavaThread "Reference Handler" daemon [_thread_blocked, id=25568, stack(0x0000007627900000,0x0000007627a00000)]
  0x000001990b011770 JavaThread "Finalizer" daemon [_thread_blocked, id=27572, stack(0x0000007627a00000,0x0000007627b00000)]
  0x000001990b026fd0 JavaThread "Signal Dispatcher" daemon [_thread_blocked, id=23216, stack(0x0000007627b00000,0x0000007627c00000)]
  0x000001990b027990 JavaThread "Attach Listener" daemon [_thread_blocked, id=25232, stack(0x0000007627c00000,0x0000007627d00000)]
=>0x000001990b029ed0 JavaThread "Service Thread" daemon [_thread_in_vm, id=28536, stack(0x0000007627d00000,0x0000007627e00000)]
  0x000001990b02bba0 JavaThread "Monitor Deflation Thread" daemon [_thread_blocked, id=6124, stack(0x0000007627e00000,0x0000007627f00000)]
  0x000001990b034a00 JavaThread "C2 CompilerThread0" daemon [_thread_blocked, id=19252, stack(0x0000007627f00000,0x0000007628000000)]
  0x000001990b039520 JavaThread "C1 CompilerThread0" daemon [_thread_blocked, id=28888, stack(0x0000007628000000,0x0000007628100000)]
  0x000001990b04b170 JavaThread "Sweeper thread" daemon [_thread_blocked, id=10332, stack(0x0000007628100000,0x0000007628200000)]
  0x000001990b1174a0 JavaThread "Common-Cleaner" daemon [_thread_blocked, id=19232, stack(0x0000007628200000,0x0000007628300000)]
  0x000001990b225bc0 JavaThread "JDWP Transport Listener: dt_socket" daemon [_thread_blocked, id=15460, stack(0x0000007628300000,0x0000007628400000)]
  0x000001990b228c60 JavaThread "JDWP Event Helper Thread" daemon [_thread_in_vm, id=28048, stack(0x0000007628400000,0x0000007628500000)]
  0x000001990b229150 JavaThread "JDWP Command Reader" daemon [_thread_in_native, id=29596, stack(0x0000007628500000,0x0000007628600000)]
  0x000001990b2a0440 JavaThread "IntelliJ Suspend Helper" daemon [_thread_blocked, id=20128, stack(0x0000007628600000,0x0000007628700000)]
  0x000001990b39f960 JavaThread "Notification Thread" daemon [_thread_blocked, id=28136, stack(0x0000007628700000,0x0000007628800000)]
  0x00000199174f3490 JavaThread "mysql-cj-abandoned-connection-cleanup" daemon [_thread_blocked, id=26896, stack(0x0000007629300000,0x0000007629400000)]
  0x0000019916466060 JavaThread "HikariPool-1 housekeeper" daemon [_thread_blocked, id=21356, stack(0x0000007629700000,0x0000007629800000)]
  0x0000019916466570 JavaThread "Catalina-utility-1" [_thread_blocked, id=8444, stack(0x0000007629800000,0x0000007629900000)]
  0x000001991646b160 JavaThread "Catalina-utility-2" [_thread_blocked, id=22624, stack(0x0000007629900000,0x0000007629a00000)]
  0x0000019919179ee0 JavaThread "container-0" [_thread_blocked, id=22268, stack(0x0000007629a00000,0x0000007629b00000)]
  0x000001991487e980 JavaThread "File Watcher" daemon [_thread_in_native, id=23660, stack(0x0000007629b00000,0x0000007629c00000)]
  0x000001991487f3a0 JavaThread "Live Reload Server" daemon [_thread_in_native, id=21320, stack(0x0000007629d00000,0x0000007629e00000)]
  0x000001991487ee90 JavaThread "http-nio-0.0.0.0-8085-exec-1" daemon [_thread_blocked, id=26632, stack(0x0000007629c00000,0x0000007629d00000)]
  0x000001991487f8b0 JavaThread "http-nio-0.0.0.0-8085-exec-2" daemon [_thread_blocked, id=17940, stack(0x0000007629e00000,0x0000007629f00000)]
  0x0000019914883570 JavaThread "http-nio-0.0.0.0-8085-exec-3" daemon [_thread_blocked, id=25780, stack(0x0000007629f00000,0x000000762a000000)]
  0x000001991487fdc0 JavaThread "http-nio-0.0.0.0-8085-exec-4" daemon [_thread_blocked, id=23104, stack(0x000000762a000000,0x000000762a100000)]
  0x0000019914886300 JavaThread "http-nio-0.0.0.0-8085-exec-5" daemon [_thread_blocked, id=23324, stack(0x000000762a100000,0x000000762a200000)]
  0x00000199148844a0 JavaThread "http-nio-0.0.0.0-8085-exec-6" daemon [_thread_blocked, id=1820, stack(0x000000762a200000,0x000000762a300000)]
  0x0000019914886810 JavaThread "http-nio-0.0.0.0-8085-exec-7" daemon [_thread_blocked, id=20368, stack(0x000000762a300000,0x000000762a400000)]
  0x0000019914885df0 JavaThread "http-nio-0.0.0.0-8085-exec-8" daemon [_thread_blocked, id=29304, stack(0x000000762a400000,0x000000762a500000)]
  0x0000019914886d20 JavaThread "http-nio-0.0.0.0-8085-exec-9" daemon [_thread_blocked, id=12248, stack(0x000000762a500000,0x000000762a600000)]
  0x0000019914887230 JavaThread "http-nio-0.0.0.0-8085-exec-10" daemon [_thread_blocked, id=6096, stack(0x000000762a600000,0x000000762a700000)]
  0x00000199148853d0 JavaThread "http-nio-0.0.0.0-8085-Poller" daemon [_thread_in_native, id=26320, stack(0x000000762a700000,0x000000762a800000)]
  0x0000019914883f90 JavaThread "http-nio-0.0.0.0-8085-Acceptor" daemon [_thread_in_native, id=14292, stack(0x000000762a800000,0x000000762a900000)]
  0x0000019914883a80 JavaThread "DestroyJavaVM" [_thread_blocked, id=22312, stack(0x0000007627200000,0x0000007627300000)]
  0x000001991062c9b0 JavaThread "HikariPool-1 connection adder" daemon [_thread_in_native, id=13576, stack(0x0000007628900000,0x0000007628a00000)]

Other Threads:
  0x000001990b008ae0 VMThread "VM Thread" [stack: 0x0000007627800000,0x0000007627900000] [id=27640]
  0x000001990b296100 WatcherThread [stack: 0x0000007628800000,0x0000007628900000] [id=25872]
  0x00000198a518e1c0 GCTaskThread "GC Thread#0" [stack: 0x0000007627300000,0x0000007627400000] [id=29560]
  0x0000019910654040 GCTaskThread "GC Thread#1" [stack: 0x0000007628a00000,0x0000007628b00000] [id=22408]
  0x000001991042f900 GCTaskThread "GC Thread#2" [stack: 0x0000007628b00000,0x0000007628c00000] [id=27760]
  0x00000199105039a0 GCTaskThread "GC Thread#3" [stack: 0x0000007628c00000,0x0000007628d00000] [id=10344]
  0x0000019910414f40 GCTaskThread "GC Thread#4" [stack: 0x0000007628d00000,0x0000007628e00000] [id=20800]
  0x0000019910425c40 GCTaskThread "GC Thread#5" [stack: 0x0000007628e00000,0x0000007628f00000] [id=25144]
  0x000001991067d0e0 GCTaskThread "GC Thread#6" [stack: 0x0000007628f00000,0x0000007629000000] [id=17300]
  0x0000019910431f30 GCTaskThread "GC Thread#7" [stack: 0x0000007629000000,0x0000007629100000] [id=24420]
  0x00000198a519ef20 ConcurrentGCThread "G1 Main Marker" [stack: 0x0000007627400000,0x0000007627500000] [id=6840]
  0x00000198a51a0600 ConcurrentGCThread "G1 Conc#0" [stack: 0x0000007627500000,0x0000007627600000] [id=20432]
  0x00000199117c31e0 ConcurrentGCThread "G1 Conc#1" [stack: 0x0000007629500000,0x0000007629600000] [id=7516]
  0x00000198a51d9060 ConcurrentGCThread "G1 Refine#0" [stack: 0x0000007627600000,0x0000007627700000] [id=18012]
  0x00000198a51d9930 ConcurrentGCThread "G1 Service" [stack: 0x0000007627700000,0x0000007627800000] [id=27636]

Threads with active compile tasks:

VM state: not at safepoint (normal execution)

VM Mutex/Monitor currently owned by a thread: None

Heap address: 0x0000000701e00000, size: 4066 MB, Compressed Oops mode: Zero based, Oop shift amount: 3

CDS archive(s) mapped at: [0x00000198ca000000-0x00000198cabd0000-0x00000198cabd0000), size 12386304, SharedBaseAddress: 0x00000198ca000000, ArchiveRelocationMode: 1.
Compressed class space mapped at: 0x00000198cb000000-0x000001990b000000, reserved size: 1073741824
Narrow klass base: 0x00000198ca000000, Narrow klass shift: 0, Narrow klass range: 0x100000000

GC Precious Log:
 CPUs: 8 total, 8 available
 Memory: 16259M
 Large Page Support: Disabled
 NUMA Support: Disabled
 Compressed Oops: Enabled (Zero based)
 Heap Region Size: 2M
 Heap Min Capacity: 8M
 Heap Initial Capacity: 256M
 Heap Max Capacity: 4066M
 Pre-touch: Disabled
 Parallel Workers: 8
 Concurrent Workers: 2
 Concurrent Refinement Workers: 8
 Periodic GC: Disabled

Heap:
 garbage-first heap   total 247808K, used 95771K [0x0000000701e00000, 0x0000000800000000)
  region size 2048K, 6 young (12288K), 4 survivors (8192K)
 Metaspace       used 106801K, committed 107648K, reserved 1179648K
  class space    used 13397K, committed 13824K, reserved 1048576K

Heap Regions: E=young(eden), S=young(survivor), O=old, HS=humongous(starts), HC=humongous(continues), CS=collection set, F=free, OA=open archive, CA=closed archive, TAMS=top-at-mark-start (previous, next)
|   0|0x0000000701e00000, 0x0000000702000000, 0x0000000702000000|100%| O|  |TAMS 0x0000000702000000, 0x0000000701e00000| Untracked 
|   1|0x0000000702000000, 0x0000000702200000, 0x0000000702200000|100%| O|  |TAMS 0x0000000702200000, 0x0000000702000000| Untracked 
|   2|0x0000000702200000, 0x0000000702400000, 0x0000000702400000|100%| O|  |TAMS 0x0000000702400000, 0x0000000702200000| Untracked 
|   3|0x0000000702400000, 0x0000000702600000, 0x0000000702600000|100%| O|  |TAMS 0x0000000702600000, 0x0000000702400000| Untracked 
|   4|0x0000000702600000, 0x0000000702800000, 0x0000000702800000|100%| O|  |TAMS 0x0000000702800000, 0x0000000702600000| Untracked 
|   5|0x0000000702800000, 0x0000000702a00000, 0x0000000702a00000|100%| O|  |TAMS 0x0000000702a00000, 0x0000000702800000| Untracked 
|   6|0x0000000702a00000, 0x0000000702c00000, 0x0000000702c00000|100%| O|  |TAMS 0x0000000702c00000, 0x0000000702a00000| Untracked 
|   7|0x0000000702c00000, 0x0000000702e00000, 0x0000000702e00000|100%| O|  |TAMS 0x0000000702e00000, 0x0000000702c00000| Untracked 
|   8|0x0000000702e00000, 0x0000000703000000, 0x0000000703000000|100%| O|  |TAMS 0x0000000703000000, 0x0000000702e00000| Untracked 
|   9|0x0000000703000000, 0x0000000703200000, 0x0000000703200000|100%| O|  |TAMS 0x0000000703200000, 0x0000000703000000| Untracked 
|  10|0x0000000703200000, 0x0000000703400000, 0x0000000703400000|100%| O|  |TAMS 0x0000000703400000, 0x0000000703200000| Untracked 
|  11|0x0000000703400000, 0x0000000703600000, 0x0000000703600000|100%| O|  |TAMS 0x0000000703600000, 0x0000000703400000| Untracked 
|  12|0x0000000703600000, 0x0000000703800000, 0x0000000703800000|100%| O|  |TAMS 0x0000000703800000, 0x0000000703600000| Untracked 
|  13|0x0000000703800000, 0x0000000703a00000, 0x0000000703a00000|100%| O|  |TAMS 0x0000000703a00000, 0x0000000703800000| Untracked 
|  14|0x0000000703a00000, 0x0000000703c00000, 0x0000000703c00000|100%| O|  |TAMS 0x0000000703c00000, 0x0000000703a00000| Untracked 
|  15|0x0000000703c00000, 0x0000000703e00000, 0x0000000703e00000|100%| O|  |TAMS 0x0000000703e00000, 0x0000000703c00000| Untracked 
|  16|0x0000000703e00000, 0x0000000704000000, 0x0000000704000000|100%| O|  |TAMS 0x0000000704000000, 0x0000000703e00000| Untracked 
|  17|0x0000000704000000, 0x0000000704200000, 0x0000000704200000|100%| O|  |TAMS 0x0000000704200000, 0x0000000704000000| Untracked 
|  18|0x0000000704200000, 0x0000000704400000, 0x0000000704400000|100%| O|  |TAMS 0x0000000704400000, 0x0000000704200000| Untracked 
|  19|0x0000000704400000, 0x0000000704600000, 0x0000000704600000|100%| O|  |TAMS 0x0000000704600000, 0x0000000704400000| Untracked 
|  20|0x0000000704600000, 0x0000000704800000, 0x0000000704800000|100%| O|  |TAMS 0x0000000704800000, 0x0000000704600000| Untracked 
|  21|0x0000000704800000, 0x0000000704a00000, 0x0000000704a00000|100%| O|  |TAMS 0x0000000704a00000, 0x0000000704800000| Untracked 
|  22|0x0000000704a00000, 0x0000000704c00000, 0x0000000704c00000|100%| O|  |TAMS 0x0000000704c00000, 0x0000000704a00000| Untracked 
|  23|0x0000000704c00000, 0x0000000704e00000, 0x0000000704e00000|100%| O|  |TAMS 0x0000000704e00000, 0x0000000704c00000| Untracked 
|  24|0x0000000704e00000, 0x0000000705000000, 0x0000000705000000|100%| O|  |TAMS 0x0000000705000000, 0x0000000704e00000| Untracked 
|  25|0x0000000705000000, 0x0000000705200000, 0x0000000705200000|100%| O|  |TAMS 0x0000000705200000, 0x0000000705000000| Untracked 
|  26|0x0000000705200000, 0x0000000705400000, 0x0000000705400000|100%| O|  |TAMS 0x0000000705400000, 0x0000000705200000| Untracked 
|  27|0x0000000705400000, 0x0000000705600000, 0x0000000705600000|100%| O|  |TAMS 0x0000000705400000, 0x0000000705400000| Untracked 
|  28|0x0000000705600000, 0x0000000705800000, 0x0000000705800000|100%| O|  |TAMS 0x0000000705600000, 0x0000000705600000| Untracked 
|  29|0x0000000705800000, 0x0000000705a00000, 0x0000000705a00000|100%| O|  |TAMS 0x0000000705800000, 0x0000000705800000| Untracked 
|  30|0x0000000705a00000, 0x0000000705c00000, 0x0000000705c00000|100%| O|  |TAMS 0x0000000705c00000, 0x0000000705a00000| Untracked 
|  31|0x0000000705c00000, 0x0000000705e00000, 0x0000000705e00000|100%| O|  |TAMS 0x0000000705c00000, 0x0000000705c00000| Untracked 
|  32|0x0000000705e00000, 0x0000000706000000, 0x0000000706000000|100%| O|  |TAMS 0x0000000705e00000, 0x0000000705e00000| Untracked 
|  33|0x0000000706000000, 0x0000000706200000, 0x0000000706200000|100%| O|  |TAMS 0x0000000706200000, 0x0000000706000000| Untracked 
|  34|0x0000000706200000, 0x0000000706400000, 0x0000000706400000|100%| O|  |TAMS 0x0000000706400000, 0x0000000706200000| Untracked 
|  35|0x0000000706400000, 0x0000000706600000, 0x0000000706600000|100%| O|  |TAMS 0x0000000706600000, 0x0000000706400000| Untracked 
|  36|0x0000000706600000, 0x0000000706800000, 0x0000000706800000|100%| O|  |TAMS 0x000000070665fc00, 0x0000000706600000| Untracked 
|  37|0x0000000706800000, 0x0000000706a00000, 0x0000000706a00000|100%| O|  |TAMS 0x0000000706800000, 0x0000000706800000| Untracked 
|  38|0x0000000706a00000, 0x0000000706c00000, 0x0000000706c00000|100%| O|  |TAMS 0x0000000706a00000, 0x0000000706a00000| Untracked 
|  39|0x0000000706c00000, 0x0000000706e00000, 0x0000000706e00000|100%| O|  |TAMS 0x0000000706c00000, 0x0000000706c00000| Untracked 
|  40|0x0000000706e00000, 0x0000000707000000, 0x0000000707000000|100%| O|  |TAMS 0x0000000706e00000, 0x0000000706e00000| Untracked 
|  41|0x0000000707000000, 0x0000000707200000, 0x0000000707200000|100%| O|  |TAMS 0x0000000707000000, 0x0000000707000000| Untracked 
|  42|0x0000000707200000, 0x0000000707240600, 0x0000000707400000| 12%| O|  |TAMS 0x0000000707200000, 0x0000000707200000| Untracked 
|  43|0x0000000707400000, 0x0000000707400000, 0x0000000707600000|  0%| F|  |TAMS 0x0000000707400000, 0x0000000707400000| Untracked 
|  44|0x0000000707600000, 0x0000000707600000, 0x0000000707800000|  0%| F|  |TAMS 0x0000000707600000, 0x0000000707600000| Untracked 
|  45|0x0000000707800000, 0x0000000707800000, 0x0000000707a00000|  0%| F|  |TAMS 0x0000000707800000, 0x0000000707800000| Untracked 
|  46|0x0000000707a00000, 0x0000000707a00000, 0x0000000707c00000|  0%| F|  |TAMS 0x0000000707a00000, 0x0000000707a00000| Untracked 
|  47|0x0000000707c00000, 0x0000000707c00000, 0x0000000707e00000|  0%| F|  |TAMS 0x0000000707c00000, 0x0000000707c00000| Untracked 
|  48|0x0000000707e00000, 0x0000000707e00000, 0x0000000708000000|  0%| F|  |TAMS 0x0000000707e00000, 0x0000000707e00000| Untracked 
|  49|0x0000000708000000, 0x0000000708000000, 0x0000000708200000|  0%| F|  |TAMS 0x0000000708000000, 0x0000000708000000| Untracked 
|  50|0x0000000708200000, 0x0000000708200000, 0x0000000708400000|  0%| F|  |TAMS 0x0000000708200000, 0x0000000708200000| Untracked 
|  51|0x0000000708400000, 0x0000000708400000, 0x0000000708600000|  0%| F|  |TAMS 0x0000000708400000, 0x0000000708400000| Untracked 
|  52|0x0000000708600000, 0x0000000708600000, 0x0000000708800000|  0%| F|  |TAMS 0x0000000708600000, 0x0000000708600000| Untracked 
|  53|0x0000000708800000, 0x0000000708800000, 0x0000000708a00000|  0%| F|  |TAMS 0x0000000708800000, 0x0000000708800000| Untracked 
|  54|0x0000000708a00000, 0x0000000708a00000, 0x0000000708c00000|  0%| F|  |TAMS 0x0000000708a00000, 0x0000000708a00000| Untracked 
|  55|0x0000000708c00000, 0x0000000708c00000, 0x0000000708e00000|  0%| F|  |TAMS 0x0000000708c00000, 0x0000000708c00000| Untracked 
|  56|0x0000000708e00000, 0x0000000708e00000, 0x0000000709000000|  0%| F|  |TAMS 0x0000000708e00000, 0x0000000708e00000| Untracked 
|  57|0x0000000709000000, 0x0000000709000000, 0x0000000709200000|  0%| F|  |TAMS 0x0000000709000000, 0x0000000709000000| Untracked 
|  58|0x0000000709200000, 0x0000000709200000, 0x0000000709400000|  0%| F|  |TAMS 0x0000000709200000, 0x0000000709200000| Untracked 
|  59|0x0000000709400000, 0x0000000709400000, 0x0000000709600000|  0%| F|  |TAMS 0x0000000709400000, 0x0000000709400000| Untracked 
|  60|0x0000000709600000, 0x0000000709746950, 0x0000000709800000| 63%| S|CS|TAMS 0x0000000709600000, 0x0000000709600000| Complete 
|  61|0x0000000709800000, 0x0000000709a00000, 0x0000000709a00000|100%| S|CS|TAMS 0x0000000709800000, 0x0000000709800000| Complete 
|  62|0x0000000709a00000, 0x0000000709c00000, 0x0000000709c00000|100%| S|CS|TAMS 0x0000000709a00000, 0x0000000709a00000| Complete 
|  63|0x0000000709c00000, 0x0000000709e00000, 0x0000000709e00000|100%| S|CS|TAMS 0x0000000709c00000, 0x0000000709c00000| Complete 
|  64|0x0000000709e00000, 0x0000000709e00000, 0x000000070a000000|  0%| F|  |TAMS 0x0000000709e00000, 0x0000000709e00000| Untracked 
|  65|0x000000070a000000, 0x000000070a000000, 0x000000070a200000|  0%| F|  |TAMS 0x000000070a000000, 0x000000070a000000| Untracked 
|  66|0x000000070a200000, 0x000000070a200000, 0x000000070a400000|  0%| F|  |TAMS 0x000000070a200000, 0x000000070a200000| Untracked 
|  67|0x000000070a400000, 0x000000070a400000, 0x000000070a600000|  0%| F|  |TAMS 0x000000070a400000, 0x000000070a400000| Untracked 
|  68|0x000000070a600000, 0x000000070a600000, 0x000000070a800000|  0%| F|  |TAMS 0x000000070a600000, 0x000000070a600000| Untracked 
|  69|0x000000070a800000, 0x000000070a800000, 0x000000070aa00000|  0%| F|  |TAMS 0x000000070a800000, 0x000000070a800000| Untracked 
|  70|0x000000070aa00000, 0x000000070aa00000, 0x000000070ac00000|  0%| F|  |TAMS 0x000000070aa00000, 0x000000070aa00000| Untracked 
|  71|0x000000070ac00000, 0x000000070ac00000, 0x000000070ae00000|  0%| F|  |TAMS 0x000000070ac00000, 0x000000070ac00000| Untracked 
|  72|0x000000070ae00000, 0x000000070ae00000, 0x000000070b000000|  0%| F|  |TAMS 0x000000070ae00000, 0x000000070ae00000| Untracked 
|  73|0x000000070b000000, 0x000000070b000000, 0x000000070b200000|  0%| F|  |TAMS 0x000000070b000000, 0x000000070b000000| Untracked 
|  74|0x000000070b200000, 0x000000070b200000, 0x000000070b400000|  0%| F|  |TAMS 0x000000070b200000, 0x000000070b200000| Untracked 
|  75|0x000000070b400000, 0x000000070b400000, 0x000000070b600000|  0%| F|  |TAMS 0x000000070b400000, 0x000000070b400000| Untracked 
|  76|0x000000070b600000, 0x000000070b600000, 0x000000070b800000|  0%| F|  |TAMS 0x000000070b600000, 0x000000070b600000| Untracked 
|  77|0x000000070b800000, 0x000000070b800000, 0x000000070ba00000|  0%| F|  |TAMS 0x000000070b800000, 0x000000070b800000| Untracked 
|  78|0x000000070ba00000, 0x000000070ba00000, 0x000000070bc00000|  0%| F|  |TAMS 0x000000070ba00000, 0x000000070ba00000| Untracked 
|  79|0x000000070bc00000, 0x000000070bc00000, 0x000000070be00000|  0%| F|  |TAMS 0x000000070bc00000, 0x000000070bc00000| Untracked 
|  80|0x000000070be00000, 0x000000070be00000, 0x000000070c000000|  0%| F|  |TAMS 0x000000070be00000, 0x000000070be00000| Untracked 
|  81|0x000000070c000000, 0x000000070c000000, 0x000000070c200000|  0%| F|  |TAMS 0x000000070c000000, 0x000000070c000000| Untracked 
|  82|0x000000070c200000, 0x000000070c200000, 0x000000070c400000|  0%| F|  |TAMS 0x000000070c200000, 0x000000070c200000| Untracked 
|  83|0x000000070c400000, 0x000000070c400000, 0x000000070c600000|  0%| F|  |TAMS 0x000000070c400000, 0x000000070c400000| Untracked 
|  84|0x000000070c600000, 0x000000070c600000, 0x000000070c800000|  0%| F|  |TAMS 0x000000070c600000, 0x000000070c600000| Untracked 
|  85|0x000000070c800000, 0x000000070c800000, 0x000000070ca00000|  0%| F|  |TAMS 0x000000070c800000, 0x000000070c800000| Untracked 
|  86|0x000000070ca00000, 0x000000070ca00000, 0x000000070cc00000|  0%| F|  |TAMS 0x000000070ca00000, 0x000000070ca00000| Untracked 
|  87|0x000000070cc00000, 0x000000070cc00000, 0x000000070ce00000|  0%| F|  |TAMS 0x000000070cc00000, 0x000000070cc00000| Untracked 
|  88|0x000000070ce00000, 0x000000070ce00000, 0x000000070d000000|  0%| F|  |TAMS 0x000000070ce00000, 0x000000070ce00000| Untracked 
|  89|0x000000070d000000, 0x000000070d000000, 0x000000070d200000|  0%| F|  |TAMS 0x000000070d000000, 0x000000070d000000| Untracked 
|  90|0x000000070d200000, 0x000000070d200000, 0x000000070d400000|  0%| F|  |TAMS 0x000000070d200000, 0x000000070d200000| Untracked 
|  91|0x000000070d400000, 0x000000070d400000, 0x000000070d600000|  0%| F|  |TAMS 0x000000070d400000, 0x000000070d400000| Untracked 
|  92|0x000000070d600000, 0x000000070d600000, 0x000000070d800000|  0%| F|  |TAMS 0x000000070d600000, 0x000000070d600000| Untracked 
|  93|0x000000070d800000, 0x000000070d800000, 0x000000070da00000|  0%| F|  |TAMS 0x000000070d800000, 0x000000070d800000| Untracked 
|  94|0x000000070da00000, 0x000000070da00000, 0x000000070dc00000|  0%| F|  |TAMS 0x000000070da00000, 0x000000070da00000| Untracked 
|  95|0x000000070dc00000, 0x000000070dc00000, 0x000000070de00000|  0%| F|  |TAMS 0x000000070dc00000, 0x000000070dc00000| Untracked 
|  96|0x000000070de00000, 0x000000070de00000, 0x000000070e000000|  0%| F|  |TAMS 0x000000070de00000, 0x000000070de00000| Untracked 
|  97|0x000000070e000000, 0x000000070e000000, 0x000000070e200000|  0%| F|  |TAMS 0x000000070e000000, 0x000000070e000000| Untracked 
|  98|0x000000070e200000, 0x000000070e200000, 0x000000070e400000|  0%| F|  |TAMS 0x000000070e200000, 0x000000070e200000| Untracked 
|  99|0x000000070e400000, 0x000000070e400000, 0x000000070e600000|  0%| F|  |TAMS 0x000000070e400000, 0x000000070e400000| Untracked 
| 100|0x000000070e600000, 0x000000070e600000, 0x000000070e800000|  0%| F|  |TAMS 0x000000070e600000, 0x000000070e600000| Untracked 
| 101|0x000000070e800000, 0x000000070e800000, 0x000000070ea00000|  0%| F|  |TAMS 0x000000070e800000, 0x000000070e800000| Untracked 
| 102|0x000000070ea00000, 0x000000070ea00000, 0x000000070ec00000|  0%| F|  |TAMS 0x000000070ea00000, 0x000000070ea00000| Untracked 
| 103|0x000000070ec00000, 0x000000070ec00000, 0x000000070ee00000|  0%| F|  |TAMS 0x000000070ec00000, 0x000000070ec00000| Untracked 
| 104|0x000000070ee00000, 0x000000070ee00000, 0x000000070f000000|  0%| F|  |TAMS 0x000000070ee00000, 0x000000070ee00000| Untracked 
| 105|0x000000070f000000, 0x000000070f000000, 0x000000070f200000|  0%| F|  |TAMS 0x000000070f000000, 0x000000070f000000| Untracked 
| 106|0x000000070f200000, 0x000000070f200000, 0x000000070f400000|  0%| F|  |TAMS 0x000000070f200000, 0x000000070f200000| Untracked 
| 107|0x000000070f400000, 0x000000070f400000, 0x000000070f600000|  0%| F|  |TAMS 0x000000070f400000, 0x000000070f400000| Untracked 
| 108|0x000000070f600000, 0x000000070f600000, 0x000000070f800000|  0%| F|  |TAMS 0x000000070f600000, 0x000000070f600000| Untracked 
| 109|0x000000070f800000, 0x000000070f800000, 0x000000070fa00000|  0%| F|  |TAMS 0x000000070f800000, 0x000000070f800000| Untracked 
| 110|0x000000070fa00000, 0x000000070fa00000, 0x000000070fc00000|  0%| F|  |TAMS 0x000000070fa00000, 0x000000070fa00000| Untracked 
| 111|0x000000070fc00000, 0x000000070fc00000, 0x000000070fe00000|  0%| F|  |TAMS 0x000000070fc00000, 0x000000070fc00000| Untracked 
| 112|0x000000070fe00000, 0x000000070fe00000, 0x0000000710000000|  0%| F|  |TAMS 0x000000070fe00000, 0x000000070fe00000| Untracked 
| 113|0x0000000710000000, 0x0000000710000000, 0x0000000710200000|  0%| F|  |TAMS 0x0000000710000000, 0x0000000710000000| Untracked 
| 114|0x0000000710200000, 0x0000000710200000, 0x0000000710400000|  0%| F|  |TAMS 0x0000000710200000, 0x0000000710200000| Untracked 
| 115|0x0000000710400000, 0x0000000710400000, 0x0000000710600000|  0%| F|  |TAMS 0x0000000710400000, 0x0000000710400000| Untracked 
| 116|0x0000000710600000, 0x0000000710600000, 0x0000000710800000|  0%| F|  |TAMS 0x0000000710600000, 0x0000000710600000| Untracked 
| 117|0x0000000710800000, 0x0000000710800000, 0x0000000710a00000|  0%| F|  |TAMS 0x0000000710800000, 0x0000000710800000| Untracked 
| 118|0x0000000710a00000, 0x0000000710a00000, 0x0000000710c00000|  0%| F|  |TAMS 0x0000000710a00000, 0x0000000710a00000| Untracked 
| 119|0x0000000710c00000, 0x0000000710c60b78, 0x0000000710e00000| 18%| E|  |TAMS 0x0000000710c00000, 0x0000000710c00000| Complete 
| 127|0x0000000711c00000, 0x0000000711e00000, 0x0000000711e00000|100%| E|CS|TAMS 0x0000000711c00000, 0x0000000711c00000| Complete 

Card table byte_map: [0x00000198be460000,0x00000198bec60000] _byte_map_base: 0x00000198bac51000

Marking Bits (Prev, Next): (CMBitMap*) 0x00000198a518e7e0, (CMBitMap*) 0x00000198a518e820
 Prev Bits: [0x00000198bf460000, 0x00000198c33e8000)
 Next Bits: [0x00000198c33f0000, 0x00000198c7378000)

Polling page: 0x00000198a51e0000

Metaspace:

Usage:
  Non-class:     91.22 MB used.
      Class:     13.08 MB used.
       Both:    104.30 MB used.

Virtual space:
  Non-class space:      128.00 MB reserved,      91.62 MB ( 72%) committed,  2 nodes.
      Class space:        1.00 GB reserved,      13.50 MB (  1%) committed,  1 nodes.
             Both:        1.12 GB reserved,     105.12 MB (  9%) committed. 

Chunk freelists:
   Non-Class:  3.90 MB
       Class:  2.40 MB
        Both:  6.30 MB

MaxMetaspaceSize: unlimited
CompressedClassSpaceSize: 1.00 GB
Initial GC threshold: 21.00 MB
Current GC threshold: 142.50 MB
CDS: on
MetaspaceReclaimPolicy: balanced
 - commit_granule_bytes: 65536.
 - commit_granule_words: 8192.
 - virtual_space_node_default_size: 8388608.
 - enlarge_chunks_in_place: 1.
 - new_chunks_are_fully_committed: 0.
 - uncommit_free_chunks: 1.
 - use_allocation_guard: 0.
 - handle_deallocations: 1.


Internal statistics:

num_allocs_failed_limit: 9.
num_arena_births: 1524.
num_arena_deaths: 22.
num_vsnodes_births: 3.
num_vsnodes_deaths: 0.
num_space_committed: 1682.
num_space_uncommitted: 0.
num_chunks_returned_to_freelist: 42.
num_chunks_taken_from_freelist: 5689.
num_chunk_merges: 12.
num_chunk_splits: 3776.
num_chunks_enlarged: 2626.
num_inconsistent_stats: 0.

CodeHeap 'non-profiled nmethods': size=120000Kb used=10020Kb max_used=10020Kb free=109979Kb
 bounds [0x00000198b5cd0000, 0x00000198b66a0000, 0x00000198bd200000]
CodeHeap 'profiled nmethods': size=120000Kb used=26179Kb max_used=26179Kb free=93820Kb
 bounds [0x00000198ae200000, 0x00000198afba0000, 0x00000198b5730000]
CodeHeap 'non-nmethods': size=5760Kb used=1476Kb max_used=1622Kb free=4283Kb
 bounds [0x00000198b5730000, 0x00000198b59a0000, 0x00000198b5cd0000]
 total_blobs=14019 nmethods=13269 adapters=661
 compilation: enabled
              stopped_count=0, restarted_count=0
 full_count=0

Compilation events (20 events):
Event: 17641.261 Thread 0x000001990b039520 16606       3       sun.security.util.math.intpoly.IntegerPolynomial::getSmallValue (53 bytes)
Event: 17641.262 Thread 0x000001990b039520 nmethod 16606 0x00000198afb7b010 code [0x00000198afb7b260, 0x00000198afb7bab8]
Event: 17641.262 Thread 0x000001990b039520 16607       3       sun.security.util.math.intpoly.IntegerPolynomial$Limb::<init> (10 bytes)
Event: 17641.263 Thread 0x000001990b039520 nmethod 16607 0x00000198afb7be10 code [0x00000198afb7bfa0, 0x00000198afb7c118]
Event: 17641.270 Thread 0x000001990b034a00 16608 %     4       com.sun.crypto.provider.HmacCore::engineInit @ 82 (152 bytes)
Event: 17641.271 Thread 0x000001990b039520 16609       3       java.net.Socket$SocketOutputStream::write (11 bytes)
Event: 17641.271 Thread 0x000001990b039520 nmethod 16609 0x00000198afb7c210 code [0x00000198afb7c3c0, 0x00000198afb7c5c8]
Event: 17641.271 Thread 0x000001990b039520 16611   !   3       java.nio.ByteBuffer::putArray (122 bytes)
Event: 17641.273 Thread 0x000001990b039520 nmethod 16611 0x00000198afb7c690 code [0x00000198afb7c920, 0x00000198afb7d5f8]
Event: 17641.273 Thread 0x000001990b039520 16613   !   3       com.sun.crypto.provider.HmacCore::<init> (196 bytes)
Event: 17641.276 Thread 0x000001990b039520 nmethod 16613 0x00000198afb7dc90 code [0x00000198afb7e020, 0x00000198afb7fa28]
Event: 17641.276 Thread 0x000001990b039520 16610       3       sun.nio.ch.NioSocketImpl$2::write (11 bytes)
Event: 17641.276 Thread 0x000001990b039520 nmethod 16610 0x00000198afb80390 code [0x00000198afb80540, 0x00000198afb806a8]
Event: 17641.276 Thread 0x000001990b039520 16612       1       javax.crypto.spec.SecretKeySpec::getFormat (3 bytes)
Event: 17641.276 Thread 0x000001990b039520 nmethod 16612 0x00000198b668ff10 code [0x00000198b66900a0, 0x00000198b6690178]
Event: 17641.280 Thread 0x000001990b039520 16614       3       com.mysql.cj.util.StringUtils::toString (11 bytes)
Event: 17641.280 Thread 0x000001990b039520 nmethod 16614 0x00000198afb80790 code [0x00000198afb80940, 0x00000198afb80ae8]
Event: 17641.280 Thread 0x000001990b039520 16615       1       com.mysql.cj.protocol.a.NativeProtocol::setWarningCount (6 bytes)
Event: 17641.281 Thread 0x000001990b039520 nmethod 16615 0x00000198b6690210 code [0x00000198b66903a0, 0x00000198b6690478]
Event: 17641.291 Thread 0x000001990b034a00 nmethod 16608% 0x00000198b6690510 code [0x00000198b66906c0, 0x00000198b6690ea8]

GC Heap History (20 events):
Event: 19.165 GC heap before
{Heap before GC invocations=43 (full 0):
 garbage-first heap   total 141312K, used 112868K [0x0000000701e00000, 0x0000000800000000)
  region size 2048K, 23 young (47104K), 1 survivors (2048K)
 Metaspace       used 87325K, committed 87936K, reserved 1179648K
  class space    used 11281K, committed 11584K, reserved 1048576K
}
Event: 19.169 GC heap after
{Heap after GC invocations=44 (full 0):
 garbage-first heap   total 141312K, used 70490K [0x0000000701e00000, 0x0000000800000000)
  region size 2048K, 3 young (6144K), 3 survivors (6144K)
 Metaspace       used 87325K, committed 87936K, reserved 1179648K
  class space    used 11281K, committed 11584K, reserved 1048576K
}
Event: 19.174 GC heap before
{Heap before GC invocations=44 (full 0):
 garbage-first heap   total 141312K, used 72538K [0x0000000701e00000, 0x0000000800000000)
  region size 2048K, 4 young (8192K), 3 survivors (6144K)
 Metaspace       used 87325K, committed 87936K, reserved 1179648K
  class space    used 11281K, committed 11584K, reserved 1048576K
}
Event: 19.180 GC heap after
{Heap after GC invocations=45 (full 0):
 garbage-first heap   total 247808K, used 68893K [0x0000000701e00000, 0x0000000800000000)
  region size 2048K, 1 young (2048K), 1 survivors (2048K)
 Metaspace       used 87325K, committed 87936K, reserved 1179648K
  class space    used 11281K, committed 11584K, reserved 1048576K
}
Event: 20.243 GC heap before
{Heap before GC invocations=45 (full 0):
 garbage-first heap   total 247808K, used 183581K [0x0000000701e00000, 0x0000000800000000)
  region size 2048K, 57 young (116736K), 1 survivors (2048K)
 Metaspace       used 88490K, committed 89088K, reserved 1179648K
  class space    used 11343K, committed 11648K, reserved 1048576K
}
Event: 20.247 GC heap after
{Heap after GC invocations=46 (full 0):
 garbage-first heap   total 247808K, used 72539K [0x0000000701e00000, 0x0000000800000000)
  region size 2048K, 3 young (6144K), 3 survivors (6144K)
 Metaspace       used 88490K, committed 89088K, reserved 1179648K
  class space    used 11343K, committed 11648K, reserved 1048576K
}
Event: 21.415 GC heap before
{Heap before GC invocations=46 (full 0):
 garbage-first heap   total 247808K, used 197467K [0x0000000701e00000, 0x0000000800000000)
  region size 2048K, 64 young (131072K), 3 survivors (6144K)
 Metaspace       used 90860K, committed 91584K, reserved 1179648K
  class space    used 11484K, committed 11840K, reserved 1048576K
}
Event: 21.423 GC heap after
{Heap after GC invocations=47 (full 0):
 garbage-first heap   total 247808K, used 80185K [0x0000000701e00000, 0x0000000800000000)
  region size 2048K, 6 young (12288K), 6 survivors (12288K)
 Metaspace       used 90860K, committed 91584K, reserved 1179648K
  class space    used 11484K, committed 11840K, reserved 1048576K
}
Event: 22.710 GC heap before
{Heap before GC invocations=47 (full 0):
 garbage-first heap   total 247808K, used 196921K [0x0000000701e00000, 0x0000000800000000)
  region size 2048K, 63 young (129024K), 6 survivors (12288K)
 Metaspace       used 94736K, committed 95488K, reserved 1179648K
  class space    used 11917K, committed 12288K, reserved 1048576K
}
Event: 22.721 GC heap after
{Heap after GC invocations=48 (full 0):
 garbage-first heap   total 247808K, used 84217K [0x0000000701e00000, 0x0000000800000000)
  region size 2048K, 6 young (12288K), 6 survivors (12288K)
 Metaspace       used 94736K, committed 95488K, reserved 1179648K
  class space    used 11917K, committed 12288K, reserved 1048576K
}
Event: 23.475 GC heap before
{Heap before GC invocations=48 (full 0):
 garbage-first heap   total 247808K, used 198905K [0x0000000701e00000, 0x0000000800000000)
  region size 2048K, 62 young (126976K), 6 survivors (12288K)
 Metaspace       used 96168K, committed 96896K, reserved 1179648K
  class space    used 12062K, committed 12416K, reserved 1048576K
}
Event: 23.485 GC heap after
{Heap after GC invocations=49 (full 0):
 garbage-first heap   total 247808K, used 92176K [0x0000000701e00000, 0x0000000800000000)
  region size 2048K, 7 young (14336K), 7 survivors (14336K)
 Metaspace       used 96168K, committed 96896K, reserved 1179648K
  class space    used 12062K, committed 12416K, reserved 1048576K
}
Event: 23.857 GC heap before
{Heap before GC invocations=49 (full 0):
 garbage-first heap   total 247808K, used 196624K [0x0000000701e00000, 0x0000000800000000)
  region size 2048K, 59 young (120832K), 7 survivors (14336K)
 Metaspace       used 96363K, committed 97088K, reserved 1179648K
  class space    used 12069K, committed 12416K, reserved 1048576K
}
Event: 23.864 GC heap after
{Heap after GC invocations=50 (full 0):
 garbage-first heap   total 247808K, used 92711K [0x0000000701e00000, 0x0000000800000000)
  region size 2048K, 5 young (10240K), 5 survivors (10240K)
 Metaspace       used 96363K, committed 97088K, reserved 1179648K
  class space    used 12069K, committed 12416K, reserved 1048576K
}
Event: 32.117 GC heap before
{Heap before GC invocations=50 (full 0):
 garbage-first heap   total 247808K, used 195111K [0x0000000701e00000, 0x0000000800000000)
  region size 2048K, 56 young (114688K), 5 survivors (10240K)
 Metaspace       used 103420K, committed 104192K, reserved 1179648K
  class space    used 13020K, committed 13440K, reserved 1048576K
}
Event: 32.134 GC heap after
{Heap after GC invocations=51 (full 0):
 garbage-first heap   total 247808K, used 92343K [0x0000000701e00000, 0x0000000800000000)
  region size 2048K, 3 young (6144K), 3 survivors (6144K)
 Metaspace       used 103420K, committed 104192K, reserved 1179648K
  class space    used 13020K, committed 13440K, reserved 1048576K
}
Event: 33.926 GC heap before
{Heap before GC invocations=51 (full 0):
 garbage-first heap   total 247808K, used 198839K [0x0000000701e00000, 0x0000000800000000)
  region size 2048K, 55 young (112640K), 3 survivors (6144K)
 Metaspace       used 105029K, committed 105792K, reserved 1179648K
  class space    used 13200K, committed 13568K, reserved 1048576K
}
Event: 33.938 GC heap after
{Heap after GC invocations=52 (full 0):
 garbage-first heap   total 247808K, used 92098K [0x0000000701e00000, 0x0000000800000000)
  region size 2048K, 3 young (6144K), 3 survivors (6144K)
 Metaspace       used 105029K, committed 105792K, reserved 1179648K
  class space    used 13200K, committed 13568K, reserved 1048576K
}
Event: 17641.347 GC heap before
{Heap before GC invocations=52 (full 0):
 garbage-first heap   total 247808K, used 202690K [0x0000000701e00000, 0x0000000800000000)
  region size 2048K, 57 young (116736K), 3 survivors (6144K)
 Metaspace       used 106782K, committed 107648K, reserved 1179648K
  class space    used 13397K, committed 13824K, reserved 1048576K
}
Event: 17641.355 GC heap after
{Heap after GC invocations=53 (full 0):
 garbage-first heap   total 247808K, used 93723K [0x0000000701e00000, 0x0000000800000000)
  region size 2048K, 4 young (8192K), 4 survivors (8192K)
 Metaspace       used 106782K, committed 107648K, reserved 1179648K
  class space    used 13397K, committed 13824K, reserved 1048576K
}

Deoptimization events (20 events):
Event: 17639.311 Thread 0x000001991062c9b0 DEOPT PACKING pc=0x00000198afac7e79 sp=0x00000076289fdb70
Event: 17639.311 Thread 0x000001991062c9b0 DEOPT UNPACKING pc=0x00000198b5782b43 sp=0x00000076289fd028 mode 1
Event: 17639.611 Thread 0x000001991062c9b0 DEOPT PACKING pc=0x00000198aecc318f sp=0x00000076289fdcd0
Event: 17639.611 Thread 0x000001991062c9b0 DEOPT UNPACKING pc=0x00000198b5782b43 sp=0x00000076289fd140 mode 1
Event: 17639.612 Thread 0x000001991062c9b0 DEOPT PACKING pc=0x00000198afac7e79 sp=0x00000076289fdaf0
Event: 17639.612 Thread 0x000001991062c9b0 DEOPT UNPACKING pc=0x00000198b5782b43 sp=0x00000076289fcfa8 mode 1
Event: 17640.238 Thread 0x000001991062c9b0 DEOPT PACKING pc=0x00000198aecc318f sp=0x00000076289fdcd0
Event: 17640.238 Thread 0x000001991062c9b0 DEOPT UNPACKING pc=0x00000198b5782b43 sp=0x00000076289fd140 mode 1
Event: 17640.241 Thread 0x000001991062c9b0 DEOPT PACKING pc=0x00000198afac7e79 sp=0x00000076289fdaf0
Event: 17640.241 Thread 0x000001991062c9b0 DEOPT UNPACKING pc=0x00000198b5782b43 sp=0x00000076289fcfa8 mode 1
Event: 17640.248 Thread 0x000001991062c9b0 DEOPT PACKING pc=0x00000198afb1bcd6 sp=0x00000076289fe710
Event: 17640.248 Thread 0x000001991062c9b0 DEOPT UNPACKING pc=0x00000198b5782b43 sp=0x00000076289fdb98 mode 0
Event: 17640.391 Thread 0x000001991062c9b0 DEOPT PACKING pc=0x00000198aecc318f sp=0x00000076289fdcd0
Event: 17640.391 Thread 0x000001991062c9b0 DEOPT UNPACKING pc=0x00000198b5782b43 sp=0x00000076289fd140 mode 1
Event: 17640.392 Thread 0x000001991062c9b0 DEOPT PACKING pc=0x00000198afac7e79 sp=0x00000076289fdaf0
Event: 17640.392 Thread 0x000001991062c9b0 DEOPT UNPACKING pc=0x00000198b5782b43 sp=0x00000076289fcfa8 mode 1
Event: 17641.271 Thread 0x000001991062c9b0 DEOPT PACKING pc=0x00000198aecc318f sp=0x00000076289fdcd0
Event: 17641.271 Thread 0x000001991062c9b0 DEOPT UNPACKING pc=0x00000198b5782b43 sp=0x00000076289fd140 mode 1
Event: 17641.272 Thread 0x000001991062c9b0 DEOPT PACKING pc=0x00000198afac7e79 sp=0x00000076289fdaf0
Event: 17641.272 Thread 0x000001991062c9b0 DEOPT UNPACKING pc=0x00000198b5782b43 sp=0x00000076289fcfa8 mode 1

Classes unloaded (11 events):
Event: 16.869 Thread 0x000001990b008ae0 Unloading class 0x00000198cba14000 'jdk/internal/reflect/GeneratedSerializationConstructorAccessor1'
Event: 17.725 Thread 0x000001990b008ae0 Unloading class 0x00000198cba14000 'jdk/internal/reflect/GeneratedSerializationConstructorAccessor3'
Event: 17.725 Thread 0x000001990b008ae0 Unloading class 0x00000198cbb3c800 'jdk/internal/reflect/GeneratedSerializationConstructorAccessor2'
Event: 18.788 Thread 0x000001990b008ae0 Unloading class 0x00000198cbb54c00 'jdk/internal/reflect/GeneratedSerializationConstructorAccessor11'
Event: 18.788 Thread 0x000001990b008ae0 Unloading class 0x00000198cbb54800 'jdk/internal/reflect/GeneratedSerializationConstructorAccessor10'
Event: 18.788 Thread 0x000001990b008ae0 Unloading class 0x00000198cbb54400 'jdk/internal/reflect/GeneratedSerializationConstructorAccessor9'
Event: 18.788 Thread 0x000001990b008ae0 Unloading class 0x00000198cbb54000 'jdk/internal/reflect/GeneratedSerializationConstructorAccessor8'
Event: 18.788 Thread 0x000001990b008ae0 Unloading class 0x00000198cbb53c00 'jdk/internal/reflect/GeneratedSerializationConstructorAccessor7'
Event: 18.788 Thread 0x000001990b008ae0 Unloading class 0x00000198cbb4a800 'jdk/internal/reflect/GeneratedSerializationConstructorAccessor6'
Event: 18.788 Thread 0x000001990b008ae0 Unloading class 0x00000198cbb4a000 'jdk/internal/reflect/GeneratedSerializationConstructorAccessor5'
Event: 18.788 Thread 0x000001990b008ae0 Unloading class 0x00000198cbb49800 'jdk/internal/reflect/GeneratedSerializationConstructorAccessor4'

Classes redefined (1 events):
Event: 0.242 Thread 0x000001990b008ae0 redefined class name=java.lang.Throwable, count=1

Internal exceptions (20 events):
Event: 33.324 Thread 0x000001991487fdc0 Exception <a 'java/lang/NoSuchMethodError'{0x000000070b702aa8}: 'java.lang.Object java.lang.invoke.Invokers$Holder.invoker(java.lang.Object, java.lang.Object, java.lang.Object, java.lang.Object)'> (0x000000070b702aa8) 
thrown [s\open\src\hotspot\share\interpreter\linkResolver.cpp, line 759]
Event: 33.324 Thread 0x000001991487fdc0 Implicit null exception at 0x00000198b661d5b7 to 0x00000198b661d830
Event: 33.325 Thread 0x000001991487fdc0 Exception <a 'java/lang/NoSuchMethodError'{0x000000070b70cc08}: 'int java.lang.invoke.DirectMethodHandle$Holder.invokeSpecial(java.lang.Object, java.lang.Object, java.lang.Object, int)'> (0x000000070b70cc08) 
thrown [s\open\src\hotspot\share\interpreter\linkResolver.cpp, line 759]
Event: 33.328 Thread 0x000001991487fdc0 Exception <a 'java/lang/NoSuchMethodError'{0x000000070b721808}: 'java.lang.Object java.lang.invoke.DirectMethodHandle$Holder.invokeStatic(java.lang.Object, java.lang.Object, java.lang.Object, java.lang.Object, int)'> (0x000000070b721808) 
thrown [s\open\src\hotspot\share\interpreter\linkResolver.cpp, line 759]
Event: 33.330 Thread 0x000001991487fdc0 Exception <a 'java/lang/NoSuchMethodError'{0x000000070b72c738}: 'void java.lang.invoke.DelegatingMethodHandle$Holder.reinvoke_L(java.lang.Object, java.lang.Object, int)'> (0x000000070b72c738) 
thrown [s\open\src\hotspot\share\interpreter\linkResolver.cpp, line 759]
Event: 33.331 Thread 0x000001991487fdc0 Exception <a 'java/lang/NoSuchMethodError'{0x000000070b73a978}: 'java.lang.Object java.lang.invoke.Invokers$Holder.invokeExact_MT(java.lang.Object, java.lang.Object, java.lang.Object, java.lang.Object)'> (0x000000070b73a978) 
thrown [s\open\src\hotspot\share\interpreter\linkResolver.cpp, line 759]
Event: 33.585 Thread 0x000001991487fdc0 Implicit null exception at 0x00000198b5eb86cf to 0x00000198b5eb8874
Event: 33.812 Thread 0x0000019914886810 Exception <a 'java/lang/NoSuchMethodError'{0x000000070aa5bb70}: 'java.lang.Object java.lang.invoke.DirectMethodHandle$Holder.invokeSpecialIFC(java.lang.Object, java.lang.Object)'> (0x000000070aa5bb70) 
thrown [s\open\src\hotspot\share\interpreter\linkResolver.cpp, line 759]
Event: 33.838 Thread 0x0000019914886810 Exception <a 'java/lang/NoSuchMethodError'{0x000000070aafa800}: 'void java.lang.invoke.DirectMethodHandle$Holder.invokeSpecialIFC(java.lang.Object, java.lang.Object, int, java.lang.Object, java.lang.Object, java.lang.Object, java.lang.Object)'> (0x000000070aafa800) 
thrown [s\open\src\hotspot\share\interpreter\linkResolver.cpp, line 759]
Event: 34.168 Thread 0x0000019914886810 Exception <a 'java/lang/NoSuchMethodError'{0x0000000710a37f68}: 'java.lang.Object java.lang.invoke.DelegatingMethodHandle$Holder.reinvoke_L(java.lang.Object, java.lang.Object, long, java.lang.Object, java.lang.Object, java.lang.Object, java.lang.Object, java.lang.Object, java.lang.Object, java.lang.Object, java.lang.Object, java.lang.Object, java.lang.Object, java.lang.Object, java.lang.Object, java.lang.Object, java.lang.Object, java.lang.Object, java.lang.Object)'> (0x0000000710a37f68) 
thrown [s\open\sr
Event: 34.172 Thread 0x0000019914886810 Exception <a 'java/lang/NoSuchMethodError'{0x0000000710a84008}: 'java.lang.Object java.lang.invoke.DirectMethodHandle$Holder.invokeSpecial(java.lang.Object, java.lang.Object, long, java.lang.Object, java.lang.Object, java.lang.Object, java.lang.Object, java.lang.Object, java.lang.Object, java.lang.Object, java.lang.Object, java.lang.Object, java.lang.Object, java.lang.Object, java.lang.Object, java.lang.Object, java.lang.Object, java.lang.Object, java.lang.Object)'> (0x0000000710a84008) 
thrown [s\open\src
Event: 34.172 Thread 0x0000019914886810 Exception <a 'java/lang/NoSuchMethodError'{0x0000000710a89a28}: 'java.lang.Object java.lang.invoke.DelegatingMethodHandle$Holder.reinvoke_L(java.lang.Object, long, java.lang.Object, java.lang.Object, java.lang.Object, java.lang.Object, java.lang.Object, java.lang.Object, java.lang.Object, java.lang.Object, java.lang.Object, java.lang.Object, java.lang.Object, java.lang.Object, java.lang.Object, java.lang.Object, java.lang.Object, java.lang.Object)'> (0x0000000710a89a28) 
thrown [s\open\src\hotspot\share\in
Event: 34.179 Thread 0x0000019914886810 Exception <a 'java/lang/NoSuchMethodError'{0x0000000710ace918}: 'java.lang.Object java.lang.invoke.Invokers$Holder.linkToTargetMethod(java.lang.Object, java.lang.Object, java.lang.Object, java.lang.Object, java.lang.Object, java.lang.Object, java.lang.Object, java.lang.Object, java.lang.Object, java.lang.Object, java.lang.Object, java.lang.Object, java.lang.Object, java.lang.Object, java.lang.Object, java.lang.Object, java.lang.Object)'> (0x0000000710ace918) 
thrown [s\open\src\hotspot\share\interpreter\li
Event: 34.514 Thread 0x0000019914887230 Exception <a 'java/lang/NoSuchMethodError'{0x000000070fd00e08}: 'java.lang.Object java.lang.invoke.DirectMethodHandle$Holder.newInvokeSpecial(java.lang.Object, long)'> (0x000000070fd00e08) 
thrown [s\open\src\hotspot\share\interpreter\linkResolver.cpp, line 759]
Event: 43.270 Thread 0x0000019914883570 Implicit null exception at 0x00000198b5d4d0c0 to 0x00000198b5d4d960
Event: 10874.722 Thread 0x000001991646b160 Implicit null exception at 0x00000198b666be45 to 0x00000198b666c7c8
Event: 10878.938 Thread 0x000001991646b160 Implicit null exception at 0x00000198b666be45 to 0x00000198b666c7c8
Event: 10878.938 Thread 0x000001991646b160 Implicit null exception at 0x00000198b666be45 to 0x00000198b666c7c8
Event: 10878.938 Thread 0x000001991646b160 Implicit null exception at 0x00000198b666be45 to 0x00000198b666c7c8
Event: 10878.938 Thread 0x000001991646b160 Implicit null exception at 0x00000198b666a02e to 0x00000198b666a698

VM Operations (20 events):
Event: 10874.597 Executing VM operation: Cleanup
Event: 10874.598 Executing VM operation: Cleanup done
Event: 10875.612 Executing VM operation: Cleanup
Event: 10875.613 Executing VM operation: Cleanup done
Event: 10884.668 Executing VM operation: Cleanup
Event: 10884.668 Executing VM operation: Cleanup done
Event: 17630.382 Executing VM operation: Cleanup
Event: 17630.382 Executing VM operation: Cleanup done
Event: 17635.419 Executing VM operation: Cleanup
Event: 17635.419 Executing VM operation: Cleanup done
Event: 17637.429 Executing VM operation: Cleanup
Event: 17637.429 Executing VM operation: Cleanup done
Event: 17638.436 Executing VM operation: Cleanup
Event: 17638.436 Executing VM operation: Cleanup done
Event: 17639.447 Executing VM operation: Cleanup
Event: 17639.447 Executing VM operation: Cleanup done
Event: 17640.455 Executing VM operation: Cleanup
Event: 17640.455 Executing VM operation: Cleanup done
Event: 17641.347 Executing VM operation: G1CollectForAllocation
Event: 17641.355 Executing VM operation: G1CollectForAllocation done

Events (20 events):
Event: 17637.132 loading class com/zaxxer/hikari/pool/HikariPool done
Event: 17637.132 loading class java/sql/Connection
Event: 17637.132 loading class java/sql/Connection done
Event: 17637.133 Thread 0x000001991062e810 Thread added: 0x000001991062e810
Event: 17637.133 Thread 0x000001991062c9b0 Thread added: 0x000001991062c9b0
Event: 17637.134 loading class sun/security/ssl/Alert
Event: 17637.146 Thread 0x0000019919180e40 Thread exited: 0x0000019919180e40
Event: 17637.224 Thread 0x00000199224755e0 Thread added: 0x00000199224755e0
Event: 17637.234 loading class java/util/zip/Deflater done
Event: 17637.236 loading class java/util/zip/Deflater$DeflaterZStreamRef
Event: 17637.255 loading class sun/security/ssl/Alert done
Event: 17637.255 loading class sun/security/ssl/Alert$AlertConsumer
Event: 17637.330 loading class java/util/zip/Deflater$DeflaterZStreamRef done
Event: 17637.331 loading class sun/security/ssl/Alert$AlertConsumer done
Event: 17637.331 loading class sun/security/ssl/Alert$Level
Event: 17637.331 loading class sun/security/ssl/Alert$Level done
Event: 17637.332 loading class com/mysql/cj/interceptors/QueryInterceptor
Event: 17637.332 loading class com/mysql/cj/interceptors/QueryInterceptor done
Event: 17637.634 Thread 0x00000199224755e0 Thread exited: 0x00000199224755e0
Event: 17638.172 Thread 0x000001991917c250 Thread exited: 0x000001991917c250


Dynamic libraries:
0x00007ff7163a0000 - 0x00007ff7163b0000 	C:\Program Files\Java\jdk-17\bin\java.exe
0x00007ffc24cc0000 - 0x00007ffc24f27000 	C:\WINDOWS\SYSTEM32\ntdll.dll
0x00007ffc23e70000 - 0x00007ffc23f39000 	C:\WINDOWS\System32\KERNEL32.DLL
0x00007ffc21e10000 - 0x00007ffc221ff000 	C:\WINDOWS\System32\KERNELBASE.dll
0x00007ffc224b0000 - 0x00007ffc225fb000 	C:\WINDOWS\System32\ucrtbase.dll
0x00007ffc18930000 - 0x00007ffc18949000 	C:\Program Files\Java\jdk-17\bin\jli.dll
0x00007ffc18970000 - 0x00007ffc1898b000 	C:\Program Files\Java\jdk-17\bin\VCRUNTIME140.dll
0x00007ffc23d90000 - 0x00007ffc23e44000 	C:\WINDOWS\System32\ADVAPI32.dll
0x00007ffc249b0000 - 0x00007ffc24a59000 	C:\WINDOWS\System32\msvcrt.dll
0x00007ffc24870000 - 0x00007ffc24916000 	C:\WINDOWS\System32\sechost.dll
0x00007ffc230a0000 - 0x00007ffc231b8000 	C:\WINDOWS\System32\RPCRT4.dll
0x00007ffc231f0000 - 0x00007ffc233b5000 	C:\WINDOWS\System32\USER32.dll
0x00007ffc20f10000 - 0x00007ffc211a3000 	C:\WINDOWS\WinSxS\amd64_microsoft.windows.common-controls_6595b64144ccf1df_6.0.26100.7309_none_3e05feeae336a044\COMCTL32.dll
0x00007ffc231c0000 - 0x00007ffc231eb000 	C:\WINDOWS\System32\GDI32.dll
0x00007ffc222a0000 - 0x00007ffc222c7000 	C:\WINDOWS\System32\win32u.dll
0x00007ffc22380000 - 0x00007ffc224ac000 	C:\WINDOWS\System32\gdi32full.dll
0x00007ffc222d0000 - 0x00007ffc22373000 	C:\WINDOWS\System32\msvcp_win.dll
0x00007ffc159a0000 - 0x00007ffc159ab000 	C:\WINDOWS\SYSTEM32\VERSION.dll
0x00007ffc23f40000 - 0x00007ffc23f71000 	C:\WINDOWS\System32\IMM32.DLL
0x00007ffc189b0000 - 0x00007ffc189bc000 	C:\Program Files\Java\jdk-17\bin\vcruntime140_1.dll
0x00007ffbf8e50000 - 0x00007ffbf8ede000 	C:\Program Files\Java\jdk-17\bin\msvcp140.dll
0x00007ffbb0270000 - 0x00007ffbb0e50000 	C:\Program Files\Java\jdk-17\bin\server\jvm.dll
0x00007ffc24a60000 - 0x00007ffc24a68000 	C:\WINDOWS\System32\PSAPI.DLL
0x00007ffc013b0000 - 0x00007ffc013ba000 	C:\WINDOWS\SYSTEM32\WSOCK32.dll
0x00007ffc12eb0000 - 0x00007ffc12ee5000 	C:\WINDOWS\SYSTEM32\WINMM.dll
0x00007ffc23d10000 - 0x00007ffc23d84000 	C:\WINDOWS\System32\WS2_32.dll
0x00007ffc20290000 - 0x00007ffc202ab000 	C:\WINDOWS\SYSTEM32\kernel.appcore.dll
0x00007ffc188c0000 - 0x00007ffc188ca000 	C:\Program Files\Java\jdk-17\bin\jimage.dll
0x00007ffc215e0000 - 0x00007ffc21822000 	C:\WINDOWS\SYSTEM32\DBGHELP.DLL
0x00007ffc22cb0000 - 0x00007ffc23036000 	C:\WINDOWS\System32\combase.dll
0x00007ffc22a60000 - 0x00007ffc22b36000 	C:\WINDOWS\System32\OLEAUT32.dll
0x00007ffc212b0000 - 0x00007ffc212ec000 	C:\WINDOWS\SYSTEM32\dbgcore.DLL
0x00007ffc229b0000 - 0x00007ffc22a55000 	C:\WINDOWS\System32\bcryptPrimitives.dll
0x00007ffbf45a0000 - 0x00007ffbf45db000 	C:\Program Files\Java\jdk-17\bin\jdwp.dll
0x00007ffc16ab0000 - 0x00007ffc16abe000 	C:\Program Files\Java\jdk-17\bin\instrument.dll
0x00007ffc04cd0000 - 0x00007ffc04cf5000 	C:\Program Files\Java\jdk-17\bin\java.dll
0x00007ffc13e40000 - 0x00007ffc13e58000 	C:\Program Files\Java\jdk-17\bin\zip.dll
0x00007ffbf3740000 - 0x00007ffbf3817000 	C:\Program Files\Java\jdk-17\bin\jsvml.dll
0x00007ffc235a0000 - 0x00007ffc23cf3000 	C:\WINDOWS\System32\SHELL32.dll
0x00007ffc22600000 - 0x00007ffc2276a000 	C:\WINDOWS\System32\wintypes.dll
0x00007ffc1efe0000 - 0x00007ffc1f83e000 	C:\WINDOWS\SYSTEM32\windows.storage.dll
0x00007ffc24670000 - 0x00007ffc24765000 	C:\WINDOWS\System32\SHCORE.dll
0x00007ffc245f0000 - 0x00007ffc24656000 	C:\WINDOWS\System32\shlwapi.dll
0x00007ffc21d30000 - 0x00007ffc21d59000 	C:\WINDOWS\SYSTEM32\profapi.dll
0x00007ffc10de0000 - 0x00007ffc10dec000 	C:\Program Files\Java\jdk-17\bin\dt_socket.dll
0x00007ffc1fce0000 - 0x00007ffc1fd14000 	C:\WINDOWS\SYSTEM32\IPHLPAPI.DLL
0x00007ffc207c0000 - 0x00007ffc2082b000 	C:\WINDOWS\system32\mswsock.dll
0x00007ffc0ee60000 - 0x00007ffc0ee79000 	C:\Program Files\Java\jdk-17\bin\net.dll
0x00007ffc153c0000 - 0x00007ffc154e8000 	C:\WINDOWS\SYSTEM32\WINHTTP.dll
0x00007ffc0c840000 - 0x00007ffc0c856000 	C:\Program Files\Java\jdk-17\bin\nio.dll
0x00007ffc0c2a0000 - 0x00007ffc0c2aa000 	C:\Program Files\Java\jdk-17\bin\management.dll
0x00007ffc08110000 - 0x00007ffc0811b000 	C:\Program Files\Java\jdk-17\bin\management_ext.dll
0x00007ffc0c800000 - 0x00007ffc0c80e000 	C:\Program Files\Java\jdk-17\bin\sunmscapi.dll
0x00007ffc22770000 - 0x00007ffc228e7000 	C:\WINDOWS\System32\CRYPT32.dll
0x00007ffc20ed0000 - 0x00007ffc20f00000 	C:\WINDOWS\SYSTEM32\ncrypt.dll
0x00007ffc20e80000 - 0x00007ffc20ebf000 	C:\WINDOWS\SYSTEM32\NTASN1.dll
0x00007ffc21930000 - 0x00007ffc2194b000 	C:\WINDOWS\SYSTEM32\CRYPTSP.dll
0x00007ffc208e0000 - 0x00007ffc2091a000 	C:\WINDOWS\system32\rsaenh.dll
0x00007ffc20830000 - 0x00007ffc2085b000 	C:\WINDOWS\SYSTEM32\USERENV.dll
0x00007ffc21d00000 - 0x00007ffc21d2a000 	C:\WINDOWS\SYSTEM32\bcrypt.dll
0x00007ffc20dc0000 - 0x00007ffc20dcc000 	C:\WINDOWS\SYSTEM32\CRYPTBASE.dll
0x00007ffc24660000 - 0x00007ffc2466a000 	C:\WINDOWS\System32\NSI.dll
0x00007ffc14db0000 - 0x00007ffc14dce000 	C:\WINDOWS\SYSTEM32\dhcpcsvc6.DLL
0x00007ffc14d10000 - 0x00007ffc14d33000 	C:\WINDOWS\SYSTEM32\dhcpcsvc.DLL
0x00007ffc1fd20000 - 0x00007ffc1fe4c000 	C:\WINDOWS\SYSTEM32\DNSAPI.dll
0x00007ffc07d70000 - 0x00007ffc07d80000 	C:\Program Files\Java\jdk-17\bin\verify.dll
0x00007ffc111e0000 - 0x00007ffc111eb000 	C:\Windows\System32\rasadhlp.dll
0x00007ffc13f00000 - 0x00007ffc13f86000 	C:\WINDOWS\System32\fwpuclnt.dll
0x00007ffc17280000 - 0x00007ffc17288000 	C:\WINDOWS\system32\wshunix.dll

dbghelp: loaded successfully - version: 4.0.5 - missing functions: none
symbol engine: initialized successfully - sym options: 0x614 - pdb path: .;C:\Program Files\Java\jdk-17\bin;C:\WINDOWS\SYSTEM32;C:\WINDOWS\WinSxS\amd64_microsoft.windows.common-controls_6595b64144ccf1df_6.0.26100.7309_none_3e05feeae336a044;C:\Program Files\Java\jdk-17\bin\server

VM Arguments:
jvm_args: -agentlib:jdwp=transport=dt_socket,address=127.0.0.1:40084,suspend=y,server=n -javaagent:C:\Users\Expertflow\AppData\Local\JetBrains\IdeaIC2025.2\captureAgent\debugger-agent.jar=file:///C:/Users/EXPERT~1/AppData/Local/Temp/capture12796619791240017847.props -Dkotlinx.coroutines.debug.enable.creation.stack.trace=false -Ddebugger.agent.enable.coroutines=true -Dkotlinx.coroutines.debug.enable.flows.stack.trace=true -Dkotlinx.coroutines.debug.enable.mutable.state.flows.stack.trace=true -Dfile.encoding=UTF-8 
java_command: com.smartsolutions.eschool.ESchoolApplication
java_class_path (initial): D:\SMS\sms\target\classes;C:\Users\Expertflow\.m2\repository\org\hibernate\orm\hibernate-core\6.4.1.Final\hibernate-core-6.4.1.Final.jar;C:\Users\Expertflow\.m2\repository\jakarta\persistence\jakarta.persistence-api\3.1.0\jakarta.persistence-api-3.1.0.jar;C:\Users\Expertflow\.m2\repository\jakarta\transaction\jakarta.transaction-api\2.0.1\jakarta.transaction-api-2.0.1.jar;C:\Users\Expertflow\.m2\repository\org\jboss\logging\jboss-logging\3.5.3.Final\jboss-logging-3.5.3.Final.jar;C:\Users\Expertflow\.m2\repository\org\hibernate\common\hibernate-commons-annotations\6.0.6.Final\hibernate-commons-annotations-6.0.6.Final.jar;C:\Users\Expertflow\.m2\repository\io\smallrye\jandex\3.1.2\jandex-3.1.2.jar;C:\Users\Expertflow\.m2\repository\com\fasterxml\classmate\1.6.0\classmate-1.6.0.jar;C:\Users\Expertflow\.m2\repository\net\bytebuddy\byte-buddy\1.14.13\byte-buddy-1.14.13.jar;C:\Users\Expertflow\.m2\repository\jakarta\xml\bind\jakarta.xml.bind-api\4.0.2\jakarta.xml.bind-api-4.0.2.jar;C:\Users\Expertflow\.m2\repository\jakarta\activation\jakarta.activation-api\2.1.3\jakarta.activation-api-2.1.3.jar;C:\Users\Expertflow\.m2\repository\org\glassfish\jaxb\jaxb-runtime\4.0.5\jaxb-runtime-4.0.5.jar;C:\Users\Expertflow\.m2\repository\org\glassfish\jaxb\jaxb-core\4.0.5\jaxb-core-4.0.5.jar;C:\Users\Expertflow\.m2\repository\org\eclipse\angus\angus-activation\2.0.2\angus-activation-2.0.2.jar;C:\Users\Expertflow\.m2\repository\org\glassfish\jaxb\txw2\4.0.5\txw2-4.0.5.jar;C:\Users\Expertflow\.m2\repository\com\sun\istack\istack-commons-runtime\4.1.2\istack-commons-runtime-4.1.2.jar;C:\Users\Expertflow\.m2\repository\jakarta\inject\jakarta.inject-api\2.0.1\jakarta.inject-api-2.0.1.jar;C:\Users\Expertflow\.m2\repository\org\antlr\antlr4-runtime\4.13.0\antlr4-runtime-4.13.0.jar;C:\Users\Expertflow\.m2\repository\org\springframework\boot\spring-boot-starter-data-jpa\3.2.5\spring-boot-starter-data-jpa-3.2.5.jar;C:\Users\Expertflow\.m2\repository\org\springframewo
Launcher Type: SUN_STANDARD

[Global flags]
     intx CICompilerCount                          = 4                                         {product} {ergonomic}
     uint ConcGCThreads                            = 2                                         {product} {ergonomic}
     uint G1ConcRefinementThreads                  = 8                                         {product} {ergonomic}
   size_t G1HeapRegionSize                         = 2097152                                   {product} {ergonomic}
    uintx GCDrainStackTargetSize                   = 64                                        {product} {ergonomic}
   size_t InitialHeapSize                          = 268435456                                 {product} {ergonomic}
   size_t MarkStackSize                            = 4194304                                   {product} {ergonomic}
   size_t MaxHeapSize                              = 4263510016                                {product} {ergonomic}
   size_t MaxNewSize                               = 2556428288                                {product} {ergonomic}
   size_t MinHeapDeltaBytes                        = 2097152                                   {product} {ergonomic}
   size_t MinHeapSize                              = 8388608                                   {product} {ergonomic}
    uintx NonNMethodCodeHeapSize                   = 5839372                                {pd product} {ergonomic}
    uintx NonProfiledCodeHeapSize                  = 122909434                              {pd product} {ergonomic}
    uintx ProfiledCodeHeapSize                     = 122909434                              {pd product} {ergonomic}
    uintx ReservedCodeCacheSize                    = 251658240                              {pd product} {ergonomic}
     bool SegmentedCodeCache                       = true                                      {product} {ergonomic}
   size_t SoftMaxHeapSize                          = 4263510016                             {manageable} {ergonomic}
     bool UseCompressedClassPointers               = true                           {product lp64_product} {ergonomic}
     bool UseCompressedOops                        = true                           {product lp64_product} {ergonomic}
     bool UseG1GC                                  = true                                      {product} {ergonomic}
     bool UseLargePagesIndividualAllocation        = false                                  {pd product} {ergonomic}

Logging:
Log output configuration:
 #0: stdout all=warning uptime,level,tags
 #1: stderr all=off uptime,level,tags

Environment Variables:
PATH=C:\Program Files\Common Files\Oracle\Java\javapath;C:\WINDOWS\system32;C:\WINDOWS;C:\WINDOWS\System32\Wbem;C:\WINDOWS\System32\WindowsPowerShell\v1.0\;C:\WINDOWS\System32\OpenSSH\;C:\Program Files\Java\jdk-17\bin;C:\Users\Expertflow\.dnx\bin;C:\Program Files\Microsoft DNX\Dnvm\;C:\Program Files\Microsoft SQL Server\120\Tools\Binn\;C:\Program Files\Microsoft SQL Server\130\Tools\Binn\;C:\Program Files\Git\cmd;C:\Program Files\nodejs\;C:\Program Files\Docker\Docker\resources\bin;C:\Program Files\apache-maven-3.9.11-bin\apache-maven-3.9.11\bin;C:\Users\Expertflow\AppData\Local\Microsoft\WindowsApps;C:\Users\Expertflow\AppData\Local\Programs\Microsoft VS Code\bin;C:\Users\Expertflow\AppData\Roaming\npm
USERNAME=Expertflow
OS=Windows_NT
PROCESSOR_IDENTIFIER=Intel64 Family 6 Model 158 Stepping 9, GenuineIntel



---------------  S Y S T E M  ---------------

OS:
 Windows 11 , 64 bit Build 26100 (10.0.26100.7623)
OS uptime: 3 days 8:08 hours
Hyper-V role detected

CPU: total 8 (initial active 8) (4 cores per cpu, 2 threads per core) family 6 model 158 stepping 9 microcode 0xf8, cx8, cmov, fxsr, ht, mmx, 3dnowpref, sse, sse2, sse3, ssse3, sse4.1, sse4.2, popcnt, lzcnt, tsc, tscinvbit, avx, avx2, aes, erms, clmul, bmi1, bmi2, rtm, adx, fma, vzeroupper, clflush, clflushopt, hv

Memory: 4k page, system-wide physical 16259M (2137M free)
TotalPageFile size 30595M (AvailPageFile size 4799M)
current process WorkingSet (physical memory assigned to process): 571M, peak: 803M
current process commit charge ("private bytes"): 615M, peak: 842M

vm_info: Java HotSpot(TM) 64-Bit Server VM (17.0.12+8-LTS-286) for windows-amd64 JRE (17.0.12+8-LTS-286), built on Jun  5 2024 06:46:59 by "mach5one" with MS VC++ 17.6 (VS2022)

END.
