#
# A fatal error has been detected by the Java Runtime Environment:
#
#  EXCEPTION_ACCESS_VIOLATION (0xc0000005) at pc=0x00007fff2d3cd8b6, pid=3896, tid=20328
#
# JRE version: Java(TM) SE Runtime Environment (17.0.12+8) (build 17.0.12+8-LTS-286)
# Java VM: Java HotSpot(TM) 64-Bit Server VM (17.0.12+8-LTS-286, mixed mode, sharing, tiered, compressed oops, compressed class ptrs, g1 gc, windows-amd64)
# Problematic frame:
# V  [jvm.dll+0x1ad8b6]
#
# No core dump will be written. Minidumps are not enabled by default on client versions of Windows
#
# If you would like to submit a bug report, please visit:
#   https://bugreport.java.com/bugreport/crash.jsp
#

---------------  S U M M A R Y ------------

Command Line: -agentlib:jdwp=transport=dt_socket,address=127.0.0.1:57370,suspend=y,server=n -javaagent:C:\Users\Expertflow\AppData\Local\JetBrains\IdeaIC2025.2\captureAgent\debugger-agent.jar=file:///C:/Users/EXPERT~1/AppData/Local/Temp/capture17682131653467515785.props -Dkotlinx.coroutines.debug.enable.creation.stack.trace=false -Ddebugger.agent.enable.coroutines=true -Dkotlinx.coroutines.debug.enable.flows.stack.trace=true -Dkotlinx.coroutines.debug.enable.mutable.state.flows.stack.trace=true -Dfile.encoding=UTF-8 com.smartsolutions.eschool.ESchoolApplication

Host: Intel(R) Core(TM) i7-7820HQ CPU @ 2.90GHz, 8 cores, 15G,  Windows 11 , 64 bit Build 26100 (10.0.26100.7705)
Time: Sun Feb 15 11:53:35 2026 Pakistan Standard Time elapsed time: 207.060909 seconds (0d 0h 3m 27s)

---------------  T H R E A D  ---------------

Current thread (0x000001d021bd4b90):  GCTaskThread "GC Thread#4" [stack: 0x000000bb89b00000,0x000000bb89c00000] [id=20328]

Stack: [0x000000bb89b00000,0x000000bb89c00000],  sp=0x000000bb89bff928,  free space=1022k
Native frames: (J=compiled Java code, j=interpreted, Vv=VM code, C=native code)
V  [jvm.dll+0x1ad8b6]


siginfo: EXCEPTION_ACCESS_VIOLATION (0xc0000005), reading address 0x000001d0bc68e029


Registers:
RAX=0x0000000000000002, RBX=0x0000000000000001, RCX=0x000000070a35a5f0, RDX=0x000000070a35a5f0
RSP=0x000000bb89bff928, RBP=0x00000000000002fa, RSI=0x000000070a145274, RDI=0x000000070a35a5f0
R8 =0x000000070a35a5f0, R9 =0x000001d0bc68e021, R10=0x000000070a35a5f0, R11=0x0000000000000001
R12=0x000000bb89bffc30, R13=0x000001cfb6bfff00, R14=0x000001d02913e4d0, R15=0x000001d0bc68e021
RIP=0x00007fff2d3cd8b6, EFLAGS=0x0000000000010206


Register to memory mapping:

RIP=0x00007fff2d3cd8b6 jvm.dll
RAX=0x0000000000000002 is an unknown value
RBX=0x0000000000000001 is an unknown value
RCX=0x000000070a35a5f0 is pointing into object: [I 
{0x000000070a34f1d0} - klass: {type array int}
 - length: 27000
RDX=0x000000070a35a5f0 is pointing into object: [I 
{0x000000070a34f1d0} - klass: {type array int}
 - length: 27000
RSP=0x000000bb89bff928 points into unknown readable memory: 0x00007fff2d523d4c | 4c 3d 52 2d ff 7f 00 00
RBP=0x00000000000002fa is an unknown value
RSI=
[error occurred during error reporting (printing register info), id 0xc0000005, EXCEPTION_ACCESS_VIOLATION (0xc0000005) at pc=0x00007fff2d4f058d]

Top of Stack: (sp=0x000000bb89bff928)
0x000000bb89bff928:   00007fff2d523d4c 0000000000000000
0x000000bb89bff938:   000000070a25a5e0 0000000000000003
0x000000bb89bff948:   0000000000000003 000001d02913e650
0x000000bb89bff958:   00007fff2d5223b0 0000000000000011
0x000000bb89bff968:   000001cfdb45a940 00000007021e12b0
0x000000bb89bff978:   00007fff2d52a162 000001d02913e650
0x000000bb89bff988:   0000000000000000 0000000000000040
0x000000bb89bff998:   000001cfb6bfff00 000000bb89bffc30
0x000000bb89bff9a8:   000001d02913e4d0 000000070a145274
0x000000bb89bff9b8:   00000000000002fa 000000070a145275
0x000000bb89bff9c8:   00007fff2d524c42 000000070a240000
0x000000bb89bff9d8:   0000000000000001 0000000000000018
0x000000bb89bff9e8:   00000000e146b4d6 000001cfcfefa840
0x000000bb89bff9f8:   0000000000000013 00000000000004c0
0x000000bb89bffa08:   000000bb89bffc30 000000070530da00
0x000000bb89bffa18:   00007fff2d52190e 000000070530da00 

Instructions: (pc=0x00007fff2d3cd8b6)
0x00007fff2d3cd7b6:   0f 28 44 24 20 0f 11 86 f8 02 00 00 48 8b 5c 24
0x00007fff2d3cd7c6:   40 48 8b 74 24 48 48 83 c4 30 5f c3 48 8b 07 48
0x00007fff2d3cd7d6:   8d 54 24 20 48 8b cf ff 50 38 48 8b 5c 24 40 48
0x00007fff2d3cd7e6:   8b 74 24 48 48 83 c4 30 5f c3 48 89 5c 24 08 57
0x00007fff2d3cd7f6:   48 83 ec 30 48 8b 02 48 8b f9 48 8b ca 48 8b da
0x00007fff2d3cd806:   ff 50 38 84 c0 74 3c 48 83 bb 00 03 00 00 00 74
0x00007fff2d3cd816:   32 0f 10 83 f8 02 00 00 48 8b 07 48 8d 54 24 20
0x00007fff2d3cd826:   48 8b cf 0f 29 44 24 20 ff 50 40 33 c0 48 89 44
0x00007fff2d3cd836:   24 20 48 89 44 24 28 0f 28 44 24 20 0f 11 83 f8
0x00007fff2d3cd846:   02 00 00 48 8b 5c 24 40 48 83 c4 30 5f c3 cc cc
0x00007fff2d3cd856:   cc cc cc cc cc cc cc cc cc cc 48 8b 49 40 48 8b
0x00007fff2d3cd866:   01 48 ff 60 28 cc cc cc cc cc 80 3d e1 b6 95 00
0x00007fff2d3cd876:   00 48 8b c1 74 1b 8b 51 08 8b 0d 43 3a 8f 00 48
0x00007fff2d3cd886:   d3 e2 48 8b c8 48 03 15 2e 3a 8f 00 e9 19 00 00
0x00007fff2d3cd896:   00 48 8b 51 08 48 8b c8 e9 0d 00 00 00 cc cc cc
0x00007fff2d3cd8a6:   cc cc cc cc cc cc cc cc cc cc 4c 8b ca 48 8b d1
0x00007fff2d3cd8b6:   45 8b 41 08 45 85 c0 7e 0e 41 f6 c0 01 75 56 41
0x00007fff2d3cd8c6:   c1 f8 03 41 8b c0 c3 79 4c 80 3d 82 b6 95 00 00
0x00007fff2d3cd8d6:   b8 0c 00 00 00 b9 10 00 00 00 0f 45 c8 8b 05 fb
0x00007fff2d3cd8e6:   48 8f 00 ff c8 4c 63 c8 48 63 14 11 41 8b c8 83
0x00007fff2d3cd8f6:   e1 3f 48 d3 e2 41 8b c8 48 c1 f9 10 0f b6 c1 49
0x00007fff2d3cd906:   8d 0c 11 49 f7 d1 48 03 c1 49 c1 e9 03 48 c1 e8
0x00007fff2d3cd916:   03 41 23 c1 c3 49 8b 01 49 8b c9 48 ff a0 00 01
0x00007fff2d3cd926:   00 00 cc cc cc cc cc cc cc cc 48 83 ec 38 0f 10
0x00007fff2d3cd936:   02 48 8b 49 40 48 8d 54 24 20 0f 29 44 24 20 e8
0x00007fff2d3cd946:   86 f2 ff ff 48 83 c4 38 c3 cc 48 83 ec 38 0f 10
0x00007fff2d3cd956:   02 48 8b 01 48 8d 54 24 20 0f 29 44 24 20 ff 50
0x00007fff2d3cd966:   38 48 83 c4 38 c3 cc cc cc cc 48 89 5c 24 08 55
0x00007fff2d3cd976:   56 57 41 54 41 55 41 56 41 57 48 8d 6c 24 e0 48
0x00007fff2d3cd986:   81 ec 20 01 00 00 48 8b 05 35 38 92 00 48 33 c4
0x00007fff2d3cd996:   48 89 45 10 48 8b 05 af ac 94 00 45 33 ed 4c 8b
0x00007fff2d3cd9a6:   b5 80 00 00 00 4c 8b fa 48 8b bd 88 00 00 00 4d 


Stack slot to memory mapping:
stack at sp + 0 slots: 0x00007fff2d523d4c jvm.dll
stack at sp + 1 slots: 0x0 is NULL
stack at sp + 2 slots: 0x000000070a25a5e0 is an oop: org.springframework.data.mapping.model.AnnotationBasedPersistentProperty$$Lambda$1365/0x000001cfdda23c40 
{0x000000070a25a5e0} - klass: 'org/springframework/data/mapping/model/AnnotationBasedPersistentProperty$$Lambda$1365+0x000001cfdda23c40'
 - ---- fields (total size 2 words):
 - private final 'arg$1' 'Lorg/springframework/data/mapping/model/AnnotationBasedPersistentProperty;' @12  a 'org/springframework/data/jpa/mapping/JpaPersistentPropertyImpl'{0x000000070a259b90} (e144b372)
stack at sp + 3 slots: 0x0000000000000003 is an unknown value
stack at sp + 4 slots: 0x0000000000000003 is an unknown value
stack at sp + 5 slots: 0x000001d02913e650 points into unknown readable memory: 0x00007fff2db1ef60 | 60 ef b1 2d ff 7f 00 00
stack at sp + 6 slots: 0x00007fff2d5223b0 jvm.dll
stack at sp + 7 slots: 0x0000000000000011 is an unknown value


---------------  P R O C E S S  ---------------

Threads class SMR info:
_java_thread_list=0x000001d034c08700, length=35, elements={
0x000001cfdb58c1a0, 0x000001cfdb58d8d0, 0x000001cfdb5a0ea0, 0x000001cfdb5a3a70,
0x000001cfdb5a6fb0, 0x000001cfdb5af980, 0x000001cfdb5c6e60, 0x000001cfdb5ccd10,
0x000001cfdb5ceb90, 0x000001cfdba439f0, 0x000001cfdbb13fd0, 0x000001cfdbbb2520,
0x000001cfdbbb2c00, 0x000001cfdbbed640, 0x000001cfdbc4b420, 0x000001d0259ed7f0,
0x000001d02aa5df10, 0x000001d027347d60, 0x000001d0273454e0, 0x000001d0273459f0,
0x000001d02e0f9260, 0x000001d02e0fd940, 0x000001d02e0fde50, 0x000001d02e0ff290,
0x000001d02e0ffcb0, 0x000001d02e0fc500, 0x000001d02e1001c0, 0x000001d02e1006d0,
0x000001d02e0fd430, 0x000001d02e1010f0, 0x000001d02e102530, 0x000001d02e101600,
0x000001d02e102020, 0x000001d02e100be0, 0x000001d02e102a40
}
_to_delete_list=0x000001d02891e8f0
Skipping _to_delete_list fields and contents for safety.

Java Threads: ( => current thread )
  0x000001cfdb58c1a0 JavaThread "Reference Handler" daemon [_thread_blocked, id=18524, stack(0x000000bb88700000,0x000000bb88800000)]
  0x000001cfdb58d8d0 JavaThread "Finalizer" daemon [_thread_blocked, id=11568, stack(0x000000bb88800000,0x000000bb88900000)]
  0x000001cfdb5a0ea0 JavaThread "Signal Dispatcher" daemon [_thread_blocked, id=21552, stack(0x000000bb88900000,0x000000bb88a00000)]
  0x000001cfdb5a3a70 JavaThread "Attach Listener" daemon [_thread_blocked, id=21644, stack(0x000000bb88a00000,0x000000bb88b00000)]
  0x000001cfdb5a6fb0 JavaThread "Service Thread" daemon [_thread_blocked, id=22492, stack(0x000000bb88b00000,0x000000bb88c00000)]
  0x000001cfdb5af980 JavaThread "Monitor Deflation Thread" daemon [_thread_blocked, id=22096, stack(0x000000bb88c00000,0x000000bb88d00000)]
  0x000001cfdb5c6e60 JavaThread "C2 CompilerThread0" daemon [_thread_blocked, id=11076, stack(0x000000bb88d00000,0x000000bb88e00000)]
  0x000001cfdb5ccd10 JavaThread "C1 CompilerThread0" daemon [_thread_blocked, id=14664, stack(0x000000bb88e00000,0x000000bb88f00000)]
  0x000001cfdb5ceb90 JavaThread "Sweeper thread" daemon [_thread_blocked, id=7344, stack(0x000000bb88f00000,0x000000bb89000000)]
  0x000001cfdba439f0 JavaThread "Common-Cleaner" daemon [_thread_blocked, id=22212, stack(0x000000bb89000000,0x000000bb89100000)]
  0x000001cfdbb13fd0 JavaThread "JDWP Transport Listener: dt_socket" daemon [_thread_blocked, id=18820, stack(0x000000bb89200000,0x000000bb89300000)]
  0x000001cfdbbb2520 JavaThread "JDWP Event Helper Thread" daemon [_thread_blocked, id=15504, stack(0x000000bb89300000,0x000000bb89400000)]
  0x000001cfdbbb2c00 JavaThread "JDWP Command Reader" daemon [_thread_in_native, id=17880, stack(0x000000bb89400000,0x000000bb89500000)]
  0x000001cfdbbed640 JavaThread "IntelliJ Suspend Helper" daemon [_thread_blocked, id=13864, stack(0x000000bb89500000,0x000000bb89600000)]
  0x000001cfdbc4b420 JavaThread "Notification Thread" daemon [_thread_blocked, id=10704, stack(0x000000bb89600000,0x000000bb89700000)]
  0x000001d0259ed7f0 JavaThread "mysql-cj-abandoned-connection-cleanup" daemon [_thread_blocked, id=20664, stack(0x000000bb8a200000,0x000000bb8a300000)]
  0x000001d02aa5df10 JavaThread "HikariPool-1 housekeeper" daemon [_thread_blocked, id=19576, stack(0x000000bb8a500000,0x000000bb8a600000)]
  0x000001d027347d60 JavaThread "Catalina-utility-1" [_thread_blocked, id=21724, stack(0x000000bb8a600000,0x000000bb8a700000)]
  0x000001d0273454e0 JavaThread "Catalina-utility-2" [_thread_blocked, id=21064, stack(0x000000bb8a700000,0x000000bb8a800000)]
  0x000001d0273459f0 JavaThread "container-0" [_thread_blocked, id=8320, stack(0x000000bb8a800000,0x000000bb8a900000)]
  0x000001d02e0f9260 JavaThread "File Watcher" daemon [_thread_blocked, id=16128, stack(0x000000bb87e00000,0x000000bb87f00000)]
  0x000001d02e0fd940 JavaThread "Live Reload Server" daemon [_thread_in_native, id=22476, stack(0x000000bb8aa00000,0x000000bb8ab00000)]
  0x000001d02e0fde50 JavaThread "http-nio-0.0.0.0-8085-exec-1" daemon [_thread_blocked, id=22508, stack(0x000000bb8a900000,0x000000bb8aa00000)]
  0x000001d02e0ff290 JavaThread "http-nio-0.0.0.0-8085-exec-2" daemon [_thread_blocked, id=22292, stack(0x000000bb8ab00000,0x000000bb8ac00000)]
  0x000001d02e0ffcb0 JavaThread "http-nio-0.0.0.0-8085-exec-3" daemon [_thread_blocked, id=21056, stack(0x000000bb8ac00000,0x000000bb8ad00000)]
  0x000001d02e0fc500 JavaThread "http-nio-0.0.0.0-8085-exec-4" daemon [_thread_blocked, id=12960, stack(0x000000bb8ad00000,0x000000bb8ae00000)]
  0x000001d02e1001c0 JavaThread "http-nio-0.0.0.0-8085-exec-5" daemon [_thread_blocked, id=7628, stack(0x000000bb8ae00000,0x000000bb8af00000)]
  0x000001d02e1006d0 JavaThread "http-nio-0.0.0.0-8085-exec-6" daemon [_thread_blocked, id=16284, stack(0x000000bb8af00000,0x000000bb8b000000)]
  0x000001d02e0fd430 JavaThread "http-nio-0.0.0.0-8085-exec-7" daemon [_thread_blocked, id=19500, stack(0x000000bb8b000000,0x000000bb8b100000)]
  0x000001d02e1010f0 JavaThread "http-nio-0.0.0.0-8085-exec-8" daemon [_thread_blocked, id=16996, stack(0x000000bb8b100000,0x000000bb8b200000)]
  0x000001d02e102530 JavaThread "http-nio-0.0.0.0-8085-exec-9" daemon [_thread_blocked, id=18544, stack(0x000000bb8b200000,0x000000bb8b300000)]
  0x000001d02e101600 JavaThread "http-nio-0.0.0.0-8085-exec-10" daemon [_thread_blocked, id=8124, stack(0x000000bb8b300000,0x000000bb8b400000)]
  0x000001d02e102020 JavaThread "http-nio-0.0.0.0-8085-Poller" daemon [_thread_in_native, id=20160, stack(0x000000bb8b400000,0x000000bb8b500000)]
  0x000001d02e100be0 JavaThread "http-nio-0.0.0.0-8085-Acceptor" daemon [_thread_in_native, id=3588, stack(0x000000bb8b500000,0x000000bb8b600000)]
  0x000001d02e102a40 JavaThread "DestroyJavaVM" [_thread_blocked, id=21772, stack(0x000000bb88000000,0x000000bb88100000)]

Other Threads:
  0x000001cfdb587b90 VMThread "VM Thread" [stack: 0x000000bb88600000,0x000000bb88700000] [id=2628]
  0x000001cfb6c7a6e0 WatcherThread [stack: 0x000000bb89700000,0x000000bb89800000] [id=10948]
  0x000001cfb6c5e6b0 GCTaskThread "GC Thread#0" [stack: 0x000000bb88100000,0x000000bb88200000] [id=3520]
  0x000001d021f49590 GCTaskThread "GC Thread#1" [stack: 0x000000bb89800000,0x000000bb89900000] [id=4580]
  0x000001d021b68780 GCTaskThread "GC Thread#2" [stack: 0x000000bb89900000,0x000000bb89a00000] [id=19620]
  0x000001d0219378b0 GCTaskThread "GC Thread#3" [stack: 0x000000bb89a00000,0x000000bb89b00000] [id=2976]
=>0x000001d021bd4b90 GCTaskThread "GC Thread#4" [stack: 0x000000bb89b00000,0x000000bb89c00000] [id=20328]
  0x000001d021f9d050 GCTaskThread "GC Thread#5" [stack: 0x000000bb89c00000,0x000000bb89d00000] [id=20512]
  0x000001d0221ebd10 GCTaskThread "GC Thread#6" [stack: 0x000000bb89d00000,0x000000bb89e00000] [id=11528]
  0x000001d021efb560 GCTaskThread "GC Thread#7" [stack: 0x000000bb89e00000,0x000000bb89f00000] [id=21124]
  0x000001cfb6c700e0 ConcurrentGCThread "G1 Main Marker" [stack: 0x000000bb88200000,0x000000bb88300000] [id=20484]
  0x000001cfb6c722a0 ConcurrentGCThread "G1 Conc#0" [stack: 0x000000bb88300000,0x000000bb88400000] [id=8160]
  0x000001d023d534a0 ConcurrentGCThread "G1 Conc#1" [stack: 0x000000bb8a300000,0x000000bb8a400000] [id=10792]
  0x000001cfb6cae140 ConcurrentGCThread "G1 Refine#0" [stack: 0x000000bb88400000,0x000000bb88500000] [id=16272]
  0x000001cfb6caeb70 ConcurrentGCThread "G1 Service" [stack: 0x000000bb88500000,0x000000bb88600000] [id=12352]

Threads with active compile tasks:

VM state: at safepoint (normal execution)

VM Mutex/Monitor currently owned by a thread:  ([mutex/lock_event])
[0x000001cfb6beaa50] Threads_lock - owner thread: 0x000001cfdb587b90
[0x000001cfb6bebbc0] Heap_lock - owner thread: 0x000001d02e0f9260

Heap address: 0x0000000701e00000, size: 4066 MB, Compressed Oops mode: Zero based, Oop shift amount: 3

CDS archive(s) mapped at: [0x000001cfdc000000-0x000001cfdcbd0000-0x000001cfdcbd0000), size 12386304, SharedBaseAddress: 0x000001cfdc000000, ArchiveRelocationMode: 1.
Compressed class space mapped at: 0x000001cfdd000000-0x000001d01d000000, reserved size: 1073741824
Narrow klass base: 0x000001cfdc000000, Narrow klass shift: 0, Narrow klass range: 0x100000000

GC Precious Log:
 CPUs: 8 total, 8 available
 Memory: 16259M
 Large Page Support: Disabled
 NUMA Support: Disabled
 Compressed Oops: Enabled (Zero based)
 Heap Region Size: 2M
 Heap Min Capacity: 8M
 Heap Initial Capacity: 256M
 Heap Max Capacity: 4066M
 Pre-touch: Disabled
 Parallel Workers: 8
 Concurrent Workers: 2
 Concurrent Refinement Workers: 8
 Periodic GC: Disabled

Heap:
 garbage-first heap   total 231424K, used 193930K [0x0000000701e00000, 0x0000000800000000)
  region size 2048K, 45 young (92160K), 3 survivors (6144K)
 Metaspace       used 110181K, committed 111040K, reserved 1179648K
  class space    used 13660K, committed 14080K, reserved 1048576K

Heap Regions: E=young(eden), S=young(survivor), O=old, HS=humongous(starts), HC=humongous(continues), CS=collection set, F=free, OA=open archive, CA=closed archive, TAMS=top-at-mark-start (previous, next)
|   0|0x0000000701e00000, 0x0000000702000000, 0x0000000702000000|100%| O|  |TAMS 0x0000000702000000, 0x0000000701e00000| Untracked 
|   1|0x0000000702000000, 0x0000000702200000, 0x0000000702200000|100%| O|  |TAMS 0x0000000702200000, 0x0000000702000000| Untracked 
|   2|0x0000000702200000, 0x0000000702400000, 0x0000000702400000|100%| O|  |TAMS 0x0000000702400000, 0x0000000702200000| Untracked 
|   3|0x0000000702400000, 0x0000000702576600, 0x0000000702600000| 73%| O|  |TAMS 0x0000000702576600, 0x0000000702400000| Untracked 
|   4|0x0000000702600000, 0x0000000702800000, 0x0000000702800000|100%| O|  |TAMS 0x0000000702800000, 0x0000000702600000| Untracked 
|   5|0x0000000702800000, 0x0000000702a00000, 0x0000000702a00000|100%| O|  |TAMS 0x0000000702a00000, 0x0000000702800000| Untracked 
|   6|0x0000000702a00000, 0x0000000702c00000, 0x0000000702c00000|100%| O|  |TAMS 0x0000000702c00000, 0x0000000702a00000| Untracked 
|   7|0x0000000702c00000, 0x0000000702e00000, 0x0000000702e00000|100%| O|  |TAMS 0x0000000702e00000, 0x0000000702c00000| Untracked 
|   8|0x0000000702e00000, 0x0000000703000000, 0x0000000703000000|100%| O|  |TAMS 0x0000000703000000, 0x0000000702e00000| Untracked 
|   9|0x0000000703000000, 0x0000000703200000, 0x0000000703200000|100%| O|  |TAMS 0x0000000703200000, 0x0000000703000000| Untracked 
|  10|0x0000000703200000, 0x000000070338e400, 0x0000000703400000| 77%| O|  |TAMS 0x000000070338e400, 0x0000000703200000| Untracked 
|  11|0x0000000703400000, 0x0000000703600000, 0x0000000703600000|100%| O|  |TAMS 0x0000000703600000, 0x0000000703400000| Untracked 
|  12|0x0000000703600000, 0x0000000703800000, 0x0000000703800000|100%| O|  |TAMS 0x0000000703800000, 0x0000000703600000| Untracked 
|  13|0x0000000703800000, 0x0000000703a00000, 0x0000000703a00000|100%| O|  |TAMS 0x0000000703a00000, 0x0000000703800000| Untracked 
|  14|0x0000000703a00000, 0x0000000703c00000, 0x0000000703c00000|100%| O|  |TAMS 0x0000000703c00000, 0x0000000703a00000| Untracked 
|  15|0x0000000703c00000, 0x0000000703e00000, 0x0000000703e00000|100%| O|  |TAMS 0x0000000703e00000, 0x0000000703c00000| Untracked 
|  16|0x0000000703e00000, 0x0000000704000000, 0x0000000704000000|100%| O|  |TAMS 0x0000000704000000, 0x0000000703e00000| Untracked 
|  17|0x0000000704000000, 0x0000000704200000, 0x0000000704200000|100%| O|  |TAMS 0x0000000704200000, 0x0000000704000000| Untracked 
|  18|0x0000000704200000, 0x0000000704400000, 0x0000000704400000|100%| O|  |TAMS 0x0000000704400000, 0x0000000704200000| Untracked 
|  19|0x0000000704400000, 0x0000000704600000, 0x0000000704600000|100%| O|  |TAMS 0x0000000704600000, 0x0000000704400000| Untracked 
|  20|0x0000000704600000, 0x0000000704800000, 0x0000000704800000|100%| O|  |TAMS 0x0000000704800000, 0x0000000704600000| Untracked 
|  21|0x0000000704800000, 0x0000000704a00000, 0x0000000704a00000|100%| O|  |TAMS 0x0000000704a00000, 0x0000000704800000| Untracked 
|  22|0x0000000704a00000, 0x0000000704c00000, 0x0000000704c00000|100%| O|  |TAMS 0x0000000704c00000, 0x0000000704a00000| Untracked 
|  23|0x0000000704c00000, 0x0000000704e00000, 0x0000000704e00000|100%| O|  |TAMS 0x0000000704e00000, 0x0000000704c00000| Untracked 
|  24|0x0000000704e00000, 0x0000000705000000, 0x0000000705000000|100%| O|  |TAMS 0x0000000705000000, 0x0000000704e00000| Untracked 
|  25|0x0000000705000000, 0x0000000705200000, 0x0000000705200000|100%| O|  |TAMS 0x0000000705200000, 0x0000000705000000| Untracked 
|  26|0x0000000705200000, 0x0000000705400000, 0x0000000705400000|100%| O|  |TAMS 0x0000000705400000, 0x0000000705200000| Untracked 
|  27|0x0000000705400000, 0x0000000705600000, 0x0000000705600000|100%| O|  |TAMS 0x0000000705600000, 0x0000000705400000| Untracked 
|  28|0x0000000705600000, 0x0000000705800000, 0x0000000705800000|100%| O|  |TAMS 0x0000000705800000, 0x0000000705600000| Untracked 
|  29|0x0000000705800000, 0x0000000705a00000, 0x0000000705a00000|100%| O|  |TAMS 0x00000007059b3200, 0x0000000705800000| Untracked 
|  30|0x0000000705a00000, 0x0000000705c00000, 0x0000000705c00000|100%| O|  |TAMS 0x0000000705a00000, 0x0000000705a00000| Untracked 
|  31|0x0000000705c00000, 0x0000000705e00000, 0x0000000705e00000|100%| O|  |TAMS 0x0000000705c00000, 0x0000000705c00000| Untracked 
|  32|0x0000000705e00000, 0x0000000706000000, 0x0000000706000000|100%| O|  |TAMS 0x0000000705e00000, 0x0000000705e00000| Untracked 
|  33|0x0000000706000000, 0x0000000706200000, 0x0000000706200000|100%| O|  |TAMS 0x0000000706000000, 0x0000000706000000| Untracked 
|  34|0x0000000706200000, 0x0000000706400000, 0x0000000706400000|100%| O|  |TAMS 0x0000000706200000, 0x0000000706200000| Untracked 
|  35|0x0000000706400000, 0x0000000706600000, 0x0000000706600000|100%| O|  |TAMS 0x0000000706400000, 0x0000000706400000| Untracked 
|  36|0x0000000706600000, 0x0000000706800000, 0x0000000706800000|100%| O|  |TAMS 0x0000000706600000, 0x0000000706600000| Untracked 
|  37|0x0000000706800000, 0x0000000706a00000, 0x0000000706a00000|100%| O|  |TAMS 0x0000000706800000, 0x0000000706800000| Untracked 
|  38|0x0000000706a00000, 0x0000000706c00000, 0x0000000706c00000|100%| O|  |TAMS 0x0000000706a00000, 0x0000000706a00000| Untracked 
|  39|0x0000000706c00000, 0x0000000706e00000, 0x0000000706e00000|100%| O|  |TAMS 0x0000000706c00000, 0x0000000706c00000| Untracked 
|  40|0x0000000706e00000, 0x0000000707000000, 0x0000000707000000|100%| O|  |TAMS 0x0000000706e00000, 0x0000000706e00000| Untracked 
|  41|0x0000000707000000, 0x0000000707200000, 0x0000000707200000|100%| O|  |TAMS 0x0000000707000000, 0x0000000707000000| Untracked 
|  42|0x0000000707200000, 0x0000000707400000, 0x0000000707400000|100%| O|  |TAMS 0x0000000707200000, 0x0000000707200000| Untracked 
|  43|0x0000000707400000, 0x0000000707600000, 0x0000000707600000|100%| O|  |TAMS 0x0000000707400000, 0x0000000707400000| Untracked 
|  44|0x0000000707600000, 0x0000000707800000, 0x0000000707800000|100%| O|  |TAMS 0x0000000707600000, 0x0000000707600000| Untracked 
|  45|0x0000000707800000, 0x0000000707a00000, 0x0000000707a00000|100%| O|  |TAMS 0x0000000707800000, 0x0000000707800000| Untracked 
|  46|0x0000000707a00000, 0x0000000707c00000, 0x0000000707c00000|100%| O|  |TAMS 0x0000000707a00000, 0x0000000707a00000| Untracked 
|  47|0x0000000707c00000, 0x0000000707e00000, 0x0000000707e00000|100%| O|  |TAMS 0x0000000707c00000, 0x0000000707c00000| Untracked 
|  48|0x0000000707e00000, 0x0000000708000000, 0x0000000708000000|100%| O|  |TAMS 0x0000000707e00000, 0x0000000707e00000| Untracked 
|  49|0x0000000708000000, 0x0000000708200000, 0x0000000708200000|100%| O|  |TAMS 0x0000000708000000, 0x0000000708000000| Untracked 
|  50|0x0000000708200000, 0x00000007083d5c90, 0x0000000708400000| 91%| O|  |TAMS 0x0000000708200000, 0x0000000708200000| Untracked 
|  51|0x0000000708400000, 0x0000000708400000, 0x0000000708600000|  0%| F|  |TAMS 0x0000000708400000, 0x0000000708400000| Untracked 
|  52|0x0000000708600000, 0x0000000708600000, 0x0000000708800000|  0%| F|  |TAMS 0x0000000708600000, 0x0000000708600000| Untracked 
|  53|0x0000000708800000, 0x0000000708800000, 0x0000000708a00000|  0%| F|  |TAMS 0x0000000708800000, 0x0000000708800000| Untracked 
|  54|0x0000000708a00000, 0x0000000708a00000, 0x0000000708c00000|  0%| F|  |TAMS 0x0000000708a00000, 0x0000000708a00000| Untracked 
|  55|0x0000000708c00000, 0x0000000708c00000, 0x0000000708e00000|  0%| F|  |TAMS 0x0000000708c00000, 0x0000000708c00000| Untracked 
|  56|0x0000000708e00000, 0x0000000708e00000, 0x0000000709000000|  0%| F|  |TAMS 0x0000000708e00000, 0x0000000708e00000| Untracked 
|  57|0x0000000709000000, 0x0000000709000000, 0x0000000709200000|  0%| F|  |TAMS 0x0000000709000000, 0x0000000709000000| Untracked 
|  58|0x0000000709200000, 0x0000000709200000, 0x0000000709400000|  0%| F|  |TAMS 0x0000000709200000, 0x0000000709200000| Untracked 
|  59|0x0000000709400000, 0x0000000709400000, 0x0000000709600000|  0%| F|  |TAMS 0x0000000709400000, 0x0000000709400000| Untracked 
|  60|0x0000000709600000, 0x0000000709600000, 0x0000000709800000|  0%| F|  |TAMS 0x0000000709600000, 0x0000000709600000| Untracked 
|  61|0x0000000709800000, 0x0000000709800000, 0x0000000709a00000|  0%| F|  |TAMS 0x0000000709800000, 0x0000000709800000| Untracked 
|  62|0x0000000709a00000, 0x0000000709a00000, 0x0000000709c00000|  0%| F|  |TAMS 0x0000000709a00000, 0x0000000709a00000| Untracked 
|  63|0x0000000709c00000, 0x0000000709c00000, 0x0000000709e00000|  0%| F|  |TAMS 0x0000000709c00000, 0x0000000709c00000| Untracked 
|  64|0x0000000709e00000, 0x0000000709ef6e10, 0x000000070a000000| 48%| S|  |TAMS 0x0000000709e00000, 0x0000000709e00000| Complete 
|  65|0x000000070a000000, 0x000000070a200000, 0x000000070a200000|100%| S|  |TAMS 0x000000070a000000, 0x000000070a000000| Complete 
|  66|0x000000070a200000, 0x000000070a3697c0, 0x000000070a400000| 70%| E|CS|TAMS 0x000000070a200000, 0x000000070a200000| Complete 
|  67|0x000000070a400000, 0x000000070a600000, 0x000000070a600000|100%| E|CS|TAMS 0x000000070a400000, 0x000000070a400000| Complete 
|  68|0x000000070a600000, 0x000000070a800000, 0x000000070a800000|100%| S|  |TAMS 0x000000070a600000, 0x000000070a600000| Complete 
|  69|0x000000070a800000, 0x000000070aa00000, 0x000000070aa00000|100%| E|CS|TAMS 0x000000070a800000, 0x000000070a800000| Complete 
|  70|0x000000070aa00000, 0x000000070ac00000, 0x000000070ac00000|100%| E|CS|TAMS 0x000000070aa00000, 0x000000070aa00000| Complete 
|  71|0x000000070ac00000, 0x000000070ae00000, 0x000000070ae00000|100%| E|CS|TAMS 0x000000070ac00000, 0x000000070ac00000| Complete 
|  72|0x000000070ae00000, 0x000000070b000000, 0x000000070b000000|100%| E|CS|TAMS 0x000000070ae00000, 0x000000070ae00000| Complete 
|  73|0x000000070b000000, 0x000000070b200000, 0x000000070b200000|100%| E|CS|TAMS 0x000000070b000000, 0x000000070b000000| Complete 
|  74|0x000000070b200000, 0x000000070b400000, 0x000000070b400000|100%| E|CS|TAMS 0x000000070b200000, 0x000000070b200000| Complete 
|  75|0x000000070b400000, 0x000000070b600000, 0x000000070b600000|100%| E|CS|TAMS 0x000000070b400000, 0x000000070b400000| Complete 
|  76|0x000000070b600000, 0x000000070b800000, 0x000000070b800000|100%| E|CS|TAMS 0x000000070b600000, 0x000000070b600000| Complete 
|  77|0x000000070b800000, 0x000000070ba00000, 0x000000070ba00000|100%| E|CS|TAMS 0x000000070b800000, 0x000000070b800000| Complete 
|  78|0x000000070ba00000, 0x000000070bc00000, 0x000000070bc00000|100%| E|CS|TAMS 0x000000070ba00000, 0x000000070ba00000| Complete 
|  79|0x000000070bc00000, 0x000000070be00000, 0x000000070be00000|100%| E|CS|TAMS 0x000000070bc00000, 0x000000070bc00000| Complete 
|  80|0x000000070be00000, 0x000000070c000000, 0x000000070c000000|100%| E|CS|TAMS 0x000000070be00000, 0x000000070be00000| Complete 
|  81|0x000000070c000000, 0x000000070c200000, 0x000000070c200000|100%| E|CS|TAMS 0x000000070c000000, 0x000000070c000000| Complete 
|  82|0x000000070c200000, 0x000000070c400000, 0x000000070c400000|100%| E|CS|TAMS 0x000000070c200000, 0x000000070c200000| Complete 
|  83|0x000000070c400000, 0x000000070c600000, 0x000000070c600000|100%| E|CS|TAMS 0x000000070c400000, 0x000000070c400000| Complete 
|  84|0x000000070c600000, 0x000000070c800000, 0x000000070c800000|100%| E|CS|TAMS 0x000000070c600000, 0x000000070c600000| Complete 
|  85|0x000000070c800000, 0x000000070ca00000, 0x000000070ca00000|100%| E|CS|TAMS 0x000000070c800000, 0x000000070c800000| Complete 
|  86|0x000000070ca00000, 0x000000070cc00000, 0x000000070cc00000|100%| E|CS|TAMS 0x000000070ca00000, 0x000000070ca00000| Complete 
|  87|0x000000070cc00000, 0x000000070ce00000, 0x000000070ce00000|100%| E|CS|TAMS 0x000000070cc00000, 0x000000070cc00000| Complete 
|  88|0x000000070ce00000, 0x000000070d000000, 0x000000070d000000|100%| E|CS|TAMS 0x000000070ce00000, 0x000000070ce00000| Complete 
|  89|0x000000070d000000, 0x000000070d200000, 0x000000070d200000|100%| E|CS|TAMS 0x000000070d000000, 0x000000070d000000| Complete 
|  90|0x000000070d200000, 0x000000070d400000, 0x000000070d400000|100%| E|CS|TAMS 0x000000070d200000, 0x000000070d200000| Complete 
|  91|0x000000070d400000, 0x000000070d600000, 0x000000070d600000|100%| E|CS|TAMS 0x000000070d400000, 0x000000070d400000| Complete 
|  92|0x000000070d600000, 0x000000070d800000, 0x000000070d800000|100%| E|CS|TAMS 0x000000070d600000, 0x000000070d600000| Complete 
|  93|0x000000070d800000, 0x000000070da00000, 0x000000070da00000|100%| E|CS|TAMS 0x000000070d800000, 0x000000070d800000| Complete 
|  94|0x000000070da00000, 0x000000070dc00000, 0x000000070dc00000|100%| E|CS|TAMS 0x000000070da00000, 0x000000070da00000| Complete 
|  95|0x000000070dc00000, 0x000000070de00000, 0x000000070de00000|100%| E|CS|TAMS 0x000000070dc00000, 0x000000070dc00000| Complete 
|  96|0x000000070de00000, 0x000000070e000000, 0x000000070e000000|100%| E|CS|TAMS 0x000000070de00000, 0x000000070de00000| Complete 
|  97|0x000000070e000000, 0x000000070e200000, 0x000000070e200000|100%| E|CS|TAMS 0x000000070e000000, 0x000000070e000000| Complete 
|  98|0x000000070e200000, 0x000000070e400000, 0x000000070e400000|100%| E|CS|TAMS 0x000000070e200000, 0x000000070e200000| Complete 
|  99|0x000000070e400000, 0x000000070e600000, 0x000000070e600000|100%| E|CS|TAMS 0x000000070e400000, 0x000000070e400000| Complete 
| 100|0x000000070e600000, 0x000000070e800000, 0x000000070e800000|100%| E|CS|TAMS 0x000000070e600000, 0x000000070e600000| Complete 
| 101|0x000000070e800000, 0x000000070ea00000, 0x000000070ea00000|100%| E|CS|TAMS 0x000000070e800000, 0x000000070e800000| Complete 
| 102|0x000000070ea00000, 0x000000070ec00000, 0x000000070ec00000|100%| E|CS|TAMS 0x000000070ea00000, 0x000000070ea00000| Complete 
| 103|0x000000070ec00000, 0x000000070ee00000, 0x000000070ee00000|100%| E|CS|TAMS 0x000000070ec00000, 0x000000070ec00000| Complete 
| 104|0x000000070ee00000, 0x000000070f000000, 0x000000070f000000|100%| E|CS|TAMS 0x000000070ee00000, 0x000000070ee00000| Complete 
| 105|0x000000070f000000, 0x000000070f200000, 0x000000070f200000|100%| E|CS|TAMS 0x000000070f000000, 0x000000070f000000| Complete 
| 106|0x000000070f200000, 0x000000070f400000, 0x000000070f400000|100%| E|CS|TAMS 0x000000070f200000, 0x000000070f200000| Complete 
| 107|0x000000070f400000, 0x000000070f600000, 0x000000070f600000|100%| E|CS|TAMS 0x000000070f400000, 0x000000070f400000| Complete 
| 108|0x000000070f600000, 0x000000070f800000, 0x000000070f800000|100%| E|CS|TAMS 0x000000070f600000, 0x000000070f600000| Complete 
| 109|0x000000070f800000, 0x000000070fa00000, 0x000000070fa00000|100%| E|CS|TAMS 0x000000070f800000, 0x000000070f800000| Complete 
| 110|0x000000070fa00000, 0x000000070fc00000, 0x000000070fc00000|100%| E|CS|TAMS 0x000000070fa00000, 0x000000070fa00000| Complete 
| 111|0x000000070fc00000, 0x000000070fe00000, 0x000000070fe00000|100%| E|CS|TAMS 0x000000070fc00000, 0x000000070fc00000| Complete 
| 127|0x0000000711c00000, 0x0000000711e00000, 0x0000000711e00000|100%| E|CS|TAMS 0x0000000711c00000, 0x0000000711c00000| Complete 

Card table byte_map: [0x000001cfcfee0000,0x000001cfd06e0000] _byte_map_base: 0x000001cfcc6d1000

Marking Bits (Prev, Next): (CMBitMap*) 0x000001cfb6c5ecd0, (CMBitMap*) 0x000001cfb6c5ed10
 Prev Bits: [0x000001cfd0ee0000, 0x000001cfd4e68000)
 Next Bits: [0x000001cfd4e70000, 0x000001cfd8df8000)

Polling page: 0x000001cfb6b50000

Metaspace:

Usage:
  Non-class:     94.26 MB used.
      Class:     13.34 MB used.
       Both:    107.60 MB used.

Virtual space:
  Non-class space:      128.00 MB reserved,      94.69 MB ( 74%) committed,  2 nodes.
      Class space:        1.00 GB reserved,      13.75 MB (  1%) committed,  1 nodes.
             Both:        1.12 GB reserved,     108.44 MB (  9%) committed. 

Chunk freelists:
   Non-Class:  733.00 KB
       Class:  2.23 MB
        Both:  2.95 MB

MaxMetaspaceSize: unlimited
CompressedClassSpaceSize: 1.00 GB
Initial GC threshold: 21.00 MB
Current GC threshold: 141.81 MB
CDS: on
MetaspaceReclaimPolicy: balanced
 - commit_granule_bytes: 65536.
 - commit_granule_words: 8192.
 - virtual_space_node_default_size: 8388608.
 - enlarge_chunks_in_place: 1.
 - new_chunks_are_fully_committed: 0.
 - uncommit_free_chunks: 1.
 - use_allocation_guard: 0.
 - handle_deallocations: 1.


Internal statistics:

num_allocs_failed_limit: 9.
num_arena_births: 1384.
num_arena_deaths: 0.
num_vsnodes_births: 3.
num_vsnodes_deaths: 0.
num_space_committed: 1735.
num_space_uncommitted: 0.
num_chunks_returned_to_freelist: 9.
num_chunks_taken_from_freelist: 5726.
num_chunk_merges: 6.
num_chunk_splits: 3836.
num_chunks_enlarged: 2677.
num_inconsistent_stats: 0.

CodeHeap 'non-profiled nmethods': size=120000Kb used=10698Kb max_used=10698Kb free=109301Kb
 bounds [0x000001cfc7740000, 0x000001cfc81c0000, 0x000001cfcec70000]
CodeHeap 'profiled nmethods': size=120000Kb used=25335Kb max_used=25335Kb free=94664Kb
 bounds [0x000001cfbfc70000, 0x000001cfc1530000, 0x000001cfc71a0000]
CodeHeap 'non-nmethods': size=5760Kb used=1483Kb max_used=1625Kb free=4276Kb
 bounds [0x000001cfc71a0000, 0x000001cfc7410000, 0x000001cfc7740000]
 total_blobs=13663 nmethods=12907 adapters=667
 compilation: enabled
              stopped_count=0, restarted_count=0
 full_count=0

Compilation events (20 events):
Event: 156.221 Thread 0x000001cfdb5ccd10 16452       3       java.util.concurrent.locks.LockSupport::parkNanos (29 bytes)
Event: 156.221 Thread 0x000001cfdb5ccd10 nmethod 16452 0x000001cfc152c990 code [0x000001cfc152cb60, 0x000001cfc152cd68]
Event: 157.565 Thread 0x000001cfdb5ccd10 16453       3       org.apache.tomcat.util.net.NioEndpoint$NioSocketWrapper::interestOpsHas (16 bytes)
Event: 157.565 Thread 0x000001cfdb5ccd10 nmethod 16453 0x000001cfc152ce90 code [0x000001cfc152d020, 0x000001cfc152d1b8]
Event: 164.621 Thread 0x000001cfdb5ccd10 16454       1       org.apache.tomcat.util.net.SocketProperties::getTimeoutInterval (5 bytes)
Event: 164.621 Thread 0x000001cfdb5ccd10 nmethod 16454 0x000001cfc81b1c90 code [0x000001cfc81b1e20, 0x000001cfc81b1ef8]
Event: 174.063 Thread 0x000001cfdb5ccd10 16455       3       org.springframework.boot.devtools.filewatch.FileSystemWatcher$Watcher::isDifferent (105 bytes)
Event: 174.064 Thread 0x000001cfdb5ccd10 nmethod 16455 0x000001cfc152d290 code [0x000001cfc152d520, 0x000001cfc152e308]
Event: 174.064 Thread 0x000001cfdb5ccd10 16456       3       org.springframework.boot.devtools.filewatch.DirectorySnapshot::equals (46 bytes)
Event: 174.065 Thread 0x000001cfdb5ccd10 nmethod 16456 0x000001cfc152e690 code [0x000001cfc152e8a0, 0x000001cfc152f018]
Event: 174.065 Thread 0x000001cfdb5ccd10 16457       3       java.util.Collections$UnmodifiableSet::equals (24 bytes)
Event: 174.065 Thread 0x000001cfdb5ccd10 nmethod 16457 0x000001cfc152f390 code [0x000001cfc152f540, 0x000001cfc152f7c8]
Event: 176.736 Thread 0x000001cfdb5ccd10 16458       1       java.nio.channels.SelectionKey::attachment (5 bytes)
Event: 176.736 Thread 0x000001cfdb5ccd10 nmethod 16458 0x000001cfc81b1f90 code [0x000001cfc81b2120, 0x000001cfc81b21f8]
Event: 191.139 Thread 0x000001cfdb5ccd10 16459       3       java.util.concurrent.ScheduledThreadPoolExecutor$ScheduledFutureTask::isPeriodic (15 bytes)
Event: 191.139 Thread 0x000001cfdb5ccd10 nmethod 16459 0x000001cfc152f890 code [0x000001cfc152fa20, 0x000001cfc152fb98]
Event: 199.903 Thread 0x000001cfdb5ccd10 16460       1       org.apache.tomcat.util.net.NioEndpoint$NioSocketWrapper::getLastRead (5 bytes)
Event: 199.903 Thread 0x000001cfdb5ccd10 nmethod 16460 0x000001cfc81b2290 code [0x000001cfc81b2420, 0x000001cfc81b24f8]
Event: 199.903 Thread 0x000001cfdb5ccd10 16461       1       org.apache.tomcat.util.net.SocketWrapperBase::getReadTimeout (5 bytes)
Event: 199.903 Thread 0x000001cfdb5ccd10 nmethod 16461 0x000001cfc81b2590 code [0x000001cfc81b2720, 0x000001cfc81b27f8]

GC Heap History (20 events):
Event: 26.154 GC heap after
{Heap after GC invocations=43 (full 0):
 garbage-first heap   total 192512K, used 85339K [0x0000000701e00000, 0x0000000800000000)
  region size 2048K, 4 young (8192K), 4 survivors (8192K)
 Metaspace       used 92093K, committed 92736K, reserved 1179648K
  class space    used 11641K, committed 11968K, reserved 1048576K
}
Event: 26.892 GC heap before
{Heap before GC invocations=43 (full 0):
 garbage-first heap   total 192512K, used 159067K [0x0000000701e00000, 0x0000000800000000)
  region size 2048K, 40 young (81920K), 4 survivors (8192K)
 Metaspace       used 92903K, committed 93568K, reserved 1179648K
  class space    used 11688K, committed 12032K, reserved 1048576K
}
Event: 26.902 GC heap after
{Heap after GC invocations=44 (full 0):
 garbage-first heap   total 192512K, used 86656K [0x0000000701e00000, 0x0000000800000000)
  region size 2048K, 4 young (8192K), 4 survivors (8192K)
 Metaspace       used 92903K, committed 93568K, reserved 1179648K
  class space    used 11688K, committed 12032K, reserved 1048576K
}
Event: 27.775 GC heap before
{Heap before GC invocations=44 (full 0):
 garbage-first heap   total 192512K, used 158336K [0x0000000701e00000, 0x0000000800000000)
  region size 2048K, 39 young (79872K), 4 survivors (8192K)
 Metaspace       used 93905K, committed 94592K, reserved 1179648K
  class space    used 11751K, committed 12096K, reserved 1048576K
}
Event: 27.785 GC heap after
{Heap after GC invocations=45 (full 0):
 garbage-first heap   total 231424K, used 90269K [0x0000000701e00000, 0x0000000800000000)
  region size 2048K, 4 young (8192K), 4 survivors (8192K)
 Metaspace       used 93905K, committed 94592K, reserved 1179648K
  class space    used 11751K, committed 12096K, reserved 1048576K
}
Event: 28.597 GC heap before
{Heap before GC invocations=45 (full 0):
 garbage-first heap   total 231424K, used 188573K [0x0000000701e00000, 0x0000000800000000)
  region size 2048K, 52 young (106496K), 4 survivors (8192K)
 Metaspace       used 95129K, committed 95808K, reserved 1179648K
  class space    used 11823K, committed 12160K, reserved 1048576K
}
Event: 28.604 GC heap after
{Heap after GC invocations=46 (full 0):
 garbage-first heap   total 231424K, used 93898K [0x0000000701e00000, 0x0000000800000000)
  region size 2048K, 5 young (10240K), 5 survivors (10240K)
 Metaspace       used 95129K, committed 95808K, reserved 1179648K
  class space    used 11823K, committed 12160K, reserved 1048576K
}
Event: 29.940 GC heap before
{Heap before GC invocations=46 (full 0):
 garbage-first heap   total 231424K, used 190154K [0x0000000701e00000, 0x0000000800000000)
  region size 2048K, 52 young (106496K), 5 survivors (10240K)
 Metaspace       used 99195K, committed 99840K, reserved 1179648K
  class space    used 12267K, committed 12608K, reserved 1048576K
}
Event: 29.950 GC heap after
{Heap after GC invocations=47 (full 0):
 garbage-first heap   total 231424K, used 99773K [0x0000000701e00000, 0x0000000800000000)
  region size 2048K, 7 young (14336K), 7 survivors (14336K)
 Metaspace       used 99195K, committed 99840K, reserved 1179648K
  class space    used 12267K, committed 12608K, reserved 1048576K
}
Event: 30.522 GC heap before
{Heap before GC invocations=47 (full 0):
 garbage-first heap   total 231424K, used 187837K [0x0000000701e00000, 0x0000000800000000)
  region size 2048K, 51 young (104448K), 7 survivors (14336K)
 Metaspace       used 100406K, committed 101056K, reserved 1179648K
  class space    used 12390K, committed 12736K, reserved 1048576K
}
Event: 30.537 GC heap after
{Heap after GC invocations=48 (full 0):
 garbage-first heap   total 231424K, used 105269K [0x0000000701e00000, 0x0000000800000000)
  region size 2048K, 6 young (12288K), 6 survivors (12288K)
 Metaspace       used 100406K, committed 101056K, reserved 1179648K
  class space    used 12390K, committed 12736K, reserved 1048576K
}
Event: 30.864 GC heap before
{Heap before GC invocations=48 (full 0):
 garbage-first heap   total 231424K, used 187189K [0x0000000701e00000, 0x0000000800000000)
  region size 2048K, 47 young (96256K), 6 survivors (12288K)
 Metaspace       used 100562K, committed 101248K, reserved 1179648K
  class space    used 12397K, committed 12736K, reserved 1048576K
}
Event: 30.869 GC heap after
{Heap after GC invocations=49 (full 0):
 garbage-first heap   total 231424K, used 102542K [0x0000000701e00000, 0x0000000800000000)
  region size 2048K, 2 young (4096K), 2 survivors (4096K)
 Metaspace       used 100562K, committed 101248K, reserved 1179648K
  class space    used 12397K, committed 12736K, reserved 1048576K
}
Event: 31.768 GC heap before
{Heap before GC invocations=49 (full 0):
 garbage-first heap   total 231424K, used 188558K [0x0000000701e00000, 0x0000000800000000)
  region size 2048K, 45 young (92160K), 2 survivors (4096K)
 Metaspace       used 102464K, committed 103232K, reserved 1179648K
  class space    used 12659K, committed 13056K, reserved 1048576K
}
Event: 31.775 GC heap after
{Heap after GC invocations=50 (full 0):
 garbage-first heap   total 231424K, used 103524K [0x0000000701e00000, 0x0000000800000000)
  region size 2048K, 2 young (4096K), 2 survivors (4096K)
 Metaspace       used 102464K, committed 103232K, reserved 1179648K
  class space    used 12659K, committed 13056K, reserved 1048576K
}
Event: 67.825 GC heap before
{Heap before GC invocations=50 (full 0):
 garbage-first heap   total 231424K, used 189540K [0x0000000701e00000, 0x0000000800000000)
  region size 2048K, 45 young (92160K), 2 survivors (4096K)
 Metaspace       used 107352K, committed 108160K, reserved 1179648K
  class space    used 13297K, committed 13696K, reserved 1048576K
}
Event: 67.834 GC heap after
{Heap after GC invocations=51 (full 0):
 garbage-first heap   total 231424K, used 106927K [0x0000000701e00000, 0x0000000800000000)
  region size 2048K, 4 young (8192K), 4 survivors (8192K)
 Metaspace       used 107352K, committed 108160K, reserved 1179648K
  class space    used 13297K, committed 13696K, reserved 1048576K
}
Event: 129.492 GC heap before
{Heap before GC invocations=51 (full 0):
 garbage-first heap   total 231424K, used 190895K [0x0000000701e00000, 0x0000000800000000)
  region size 2048K, 45 young (92160K), 4 survivors (8192K)
 Metaspace       used 110010K, committed 110848K, reserved 1179648K
  class space    used 13655K, committed 14080K, reserved 1048576K
}
Event: 129.505 GC heap after
{Heap after GC invocations=52 (full 0):
 garbage-first heap   total 231424K, used 107914K [0x0000000701e00000, 0x0000000800000000)
  region size 2048K, 4 young (8192K), 4 survivors (8192K)
 Metaspace       used 110010K, committed 110848K, reserved 1179648K
  class space    used 13655K, committed 14080K, reserved 1048576K
}
Event: 207.016 GC heap before
{Heap before GC invocations=52 (full 0):
 garbage-first heap   total 231424K, used 193930K [0x0000000701e00000, 0x0000000800000000)
  region size 2048K, 46 young (94208K), 4 survivors (8192K)
 Metaspace       used 110181K, committed 111040K, reserved 1179648K
  class space    used 13660K, committed 14080K, reserved 1048576K
}

Deoptimization events (20 events):
Event: 126.918 Thread 0x000001d02e1006d0 DEOPT PACKING pc=0x000001cfc03e852c sp=0x000000bb8aff8130
Event: 126.918 Thread 0x000001d02e1006d0 DEOPT UNPACKING pc=0x000001cfc71f2b43 sp=0x000000bb8aff76f0 mode 1
Event: 127.066 Thread 0x000001d02e1006d0 Uncommon trap: trap_request=0xffffffde fr.pc=0x000001cfc7cabf6c relative=0x000000000000144c
Event: 127.067 Thread 0x000001d02e1006d0 Uncommon trap: reason=class_check action=maybe_recompile pc=0x000001cfc7cabf6c method=org.springframework.core.MethodParameter.getGenericParameterType()Ljava/lang/reflect/Type; @ 17 c2
Event: 127.067 Thread 0x000001d02e1006d0 DEOPT PACKING pc=0x000001cfc7cabf6c sp=0x000000bb8affb580
Event: 127.067 Thread 0x000001d02e1006d0 DEOPT UNPACKING pc=0x000001cfc71f23a3 sp=0x000000bb8affb590 mode 2
Event: 129.491 Thread 0x000001d02e1010f0 Uncommon trap: trap_request=0xffffffde fr.pc=0x000001cfc7cabf6c relative=0x000000000000144c
Event: 129.491 Thread 0x000001d02e1010f0 Uncommon trap: reason=class_check action=maybe_recompile pc=0x000001cfc7cabf6c method=org.springframework.core.MethodParameter.getGenericParameterType()Ljava/lang/reflect/Type; @ 17 c2
Event: 129.491 Thread 0x000001d02e1010f0 DEOPT PACKING pc=0x000001cfc7cabf6c sp=0x000000bb8b1fb3d0
Event: 129.491 Thread 0x000001d02e1010f0 DEOPT UNPACKING pc=0x000001cfc71f23a3 sp=0x000000bb8b1fb3e0 mode 2
Event: 136.151 Thread 0x000001d02e0fd430 Uncommon trap: trap_request=0xffffff66 fr.pc=0x000001cfc80e691c relative=0x00000000000049dc
Event: 136.151 Thread 0x000001d02e0fd430 Uncommon trap: reason=speculate_class_check action=maybe_recompile pc=0x000001cfc80e691c method=org.springframework.transaction.interceptor.AbstractFallbackTransactionAttributeSource.getTransactionAttribute(Ljava/lang/reflect/Method;Ljava/lang/Class;)Lorg
Event: 136.151 Thread 0x000001d02e0fd430 DEOPT PACKING pc=0x000001cfc80e691c sp=0x000000bb8b0f9ba0
Event: 136.151 Thread 0x000001d02e0fd430 DEOPT UNPACKING pc=0x000001cfc71f23a3 sp=0x000000bb8b0f9cb8 mode 2
Event: 136.165 Thread 0x000001d02e0fd430 DEOPT PACKING pc=0x000001cfbfd8e256 sp=0x000000bb8b0f76b0
Event: 136.166 Thread 0x000001d02e0fd430 DEOPT UNPACKING pc=0x000001cfc71f2b43 sp=0x000000bb8b0f6b70 mode 0
Event: 136.212 Thread 0x000001d02e0fd430 Uncommon trap: trap_request=0xffffffde fr.pc=0x000001cfc7cabf6c relative=0x000000000000144c
Event: 136.212 Thread 0x000001d02e0fd430 Uncommon trap: reason=class_check action=maybe_recompile pc=0x000001cfc7cabf6c method=org.springframework.core.MethodParameter.getGenericParameterType()Ljava/lang/reflect/Type; @ 17 c2
Event: 136.212 Thread 0x000001d02e0fd430 DEOPT PACKING pc=0x000001cfc7cabf6c sp=0x000000bb8b0fb980
Event: 136.212 Thread 0x000001d02e0fd430 DEOPT UNPACKING pc=0x000001cfc71f23a3 sp=0x000000bb8b0fb990 mode 2

Classes unloaded (0 events):
No events

Classes redefined (1 events):
Event: 0.219 Thread 0x000001cfdb587b90 redefined class name=java.lang.Throwable, count=1

Internal exceptions (20 events):
Event: 30.871 Thread 0x000001d02e0f8d50 Exception <a 'sun/nio/fs/WindowsException'{0x0000000711c61190}> (0x0000000711c61190) 
thrown [s\open\src\hotspot\share\prims\jni.cpp, line 516]
Event: 30.871 Thread 0x000001d02e0f8d50 Exception <a 'sun/nio/fs/WindowsException'{0x0000000711c61420}> (0x0000000711c61420) 
thrown [s\open\src\hotspot\share\prims\jni.cpp, line 516]
Event: 31.239 Thread 0x000001d021d573c0 Exception <a 'java/lang/NoSuchMethodError'{0x000000070c840660}: 'java.lang.Object java.lang.invoke.DirectMethodHandle$Holder.invokeInterface(java.lang.Object, java.lang.Object, java.lang.Object, java.lang.Object)'> (0x000000070c840660) 
thrown [s\open\src\hotspot\share\interpreter\linkResolver.cpp, line 759]
Event: 31.359 Thread 0x000001d021d573c0 Exception <a 'java/lang/NoSuchMethodError'{0x000000070c408210}: 'void java.lang.invoke.DirectMethodHandle$Holder.invokeVirtual(java.lang.Object, java.lang.Object, long)'> (0x000000070c408210) 
thrown [s\open\src\hotspot\share\interpreter\linkResolver.cpp, line 759]
Event: 31.395 Thread 0x000001d021d573c0 Exception <a 'java/lang/NoSuchMethodError'{0x000000070c238988}: 'java.lang.Object java.lang.invoke.DirectMethodHandle$Holder.invokeSpecial(java.lang.Object, java.lang.Object, int, int, int, int)'> (0x000000070c238988) 
thrown [s\open\src\hotspot\share\interpreter\linkResolver.cpp, line 759]
Event: 31.631 Thread 0x000001d021d573c0 Exception <a 'java/lang/IncompatibleClassChangeError'{0x000000070b98b130}: Found class java.lang.Object, but interface was expected> (0x000000070b98b130) 
thrown [s\open\src\hotspot\share\interpreter\linkResolver.cpp, line 826]
Event: 31.646 Thread 0x000001d021d573c0 Implicit null exception at 0x000001cfc7fe65f3 to 0x000001cfc7fe6878
Event: 32.134 Thread 0x000001d021d573c0 Exception <a 'java/lang/NoSuchMethodError'{0x000000070e4425f0}: 'java.lang.Object java.lang.invoke.DirectMethodHandle$Holder.newInvokeSpecial(java.lang.Object, java.lang.Object, int, java.lang.Object, java.lang.Object)'> (0x000000070e4425f0) 
thrown [s\open\src\hotspot\share\interpreter\linkResolver.cpp, line 759]
Event: 32.135 Thread 0x000001d021d573c0 Exception <a 'java/lang/NoSuchMethodError'{0x000000070e44db90}: 'java.lang.Object java.lang.invoke.DirectMethodHandle$Holder.invokeSpecial(java.lang.Object, java.lang.Object, int, java.lang.Object, int, java.lang.Object)'> (0x000000070e44db90) 
thrown [s\open\src\hotspot\share\interpreter\linkResolver.cpp, line 759]
Event: 32.136 Thread 0x000001d021d573c0 Exception <a 'java/lang/NoSuchMethodError'{0x000000070e455c60}: 'java.lang.Object java.lang.invoke.DirectMethodHandle$Holder.newInvokeSpecial(java.lang.Object, java.lang.Object, int, java.lang.Object, int)'> (0x000000070e455c60) 
thrown [s\open\src\hotspot\share\interpreter\linkResolver.cpp, line 759]
Event: 32.136 Thread 0x000001d021d573c0 Exception <a 'java/lang/NoSuchMethodError'{0x000000070e459d80}: 'java.lang.Object java.lang.invoke.DirectMethodHandle$Holder.invokeSpecial(java.lang.Object, java.lang.Object, java.lang.Object, int, java.lang.Object, int)'> (0x000000070e459d80) 
thrown [s\open\src\hotspot\share\interpreter\linkResolver.cpp, line 759]
Event: 44.371 Thread 0x000001d02e0ff290 Exception <a 'java/lang/NoSuchMethodError'{0x000000070d1f5bb0}: 'java.lang.Object java.lang.invoke.DirectMethodHandle$Holder.invokeSpecial(java.lang.Object, java.lang.Object, java.lang.Object, java.lang.Object, java.lang.Object, long)'> (0x000000070d1f5bb0) 
thrown [s\open\src\hotspot\share\interpreter\linkResolver.cpp, line 759]
Event: 44.372 Thread 0x000001d02e0ff290 Exception <a 'java/lang/NoSuchMethodError'{0x000000070d1f9610}: 'java.lang.Object java.lang.invoke.Invokers$Holder.linkToTargetMethod(java.lang.Object, java.lang.Object, java.lang.Object, long, java.lang.Object)'> (0x000000070d1f9610) 
thrown [s\open\src\hotspot\share\interpreter\linkResolver.cpp, line 759]
Event: 44.841 Thread 0x000001d02e0ffcb0 Exception <a 'java/lang/NoSuchMethodError'{0x000000070c5f1110}: 'void java.lang.invoke.DirectMethodHandle$Holder.invokeSpecialIFC(java.lang.Object, java.lang.Object, int, java.lang.Object, java.lang.Object, java.lang.Object, java.lang.Object)'> (0x000000070c5f1110) 
thrown [s\open\src\hotspot\share\interpreter\linkResolver.cpp, line 759]
Event: 44.978 Thread 0x000001d02e0ffcb0 Exception <a 'java/lang/reflect/InvocationTargetException'{0x000000070c10dcd0}> (0x000000070c10dcd0) 
thrown [s\open\src\hotspot\share\runtime\reflection.cpp, line 1121]
Event: 125.074 Thread 0x000001d02e0fc500 Exception <a 'java/lang/NoSuchMethodError'{0x000000070c13be48}: 'java.lang.Object java.lang.invoke.DirectMethodHandle$Holder.invokeSpecial(java.lang.Object, java.lang.Object, long, java.lang.Object, java.lang.Object, java.lang.Object, int, java.lang.Object, java.lang.Object)'> (0x000000070c13be48) 
thrown [s\open\src\hotspot\share\interpreter\linkResolver.cpp, line 759]
Event: 125.075 Thread 0x000001d02e0fc500 Exception <a 'java/lang/NoSuchMethodError'{0x000000070c140e00}: 'java.lang.Object java.lang.invoke.DelegatingMethodHandle$Holder.reinvoke_L(java.lang.Object, long, java.lang.Object, java.lang.Object, java.lang.Object, int, java.lang.Object, java.lang.Object)'> (0x000000070c140e00) 
thrown [s\open\src\hotspot\share\interpreter\linkResolver.cpp, line 759]
Event: 125.260 Thread 0x000001d02e0fc500 Exception <a 'java/lang/NoSuchMethodError'{0x000000070bd27988}: 'int java.lang.invoke.DirectMethodHandle$Holder.invokeStatic(java.lang.Object, java.lang.Object, int, int)'> (0x000000070bd27988) 
thrown [s\open\src\hotspot\share\interpreter\linkResolver.cpp, line 759]
Event: 125.555 Thread 0x000001d02e0fc500 Exception <a 'java/lang/NoSuchMethodError'{0x000000070bb820d8}: 'java.lang.Object java.lang.invoke.DirectMethodHandle$Holder.invokeSpecial(java.lang.Object, java.lang.Object, java.lang.Object, java.lang.Object, java.lang.Object, int)'> (0x000000070bb820d8) 
thrown [s\open\src\hotspot\share\interpreter\linkResolver.cpp, line 759]
Event: 125.555 Thread 0x000001d02e0fc500 Exception <a 'java/lang/NoSuchMethodError'{0x000000070bb86130}: 'java.lang.Object java.lang.invoke.Invokers$Holder.linkToTargetMethod(java.lang.Object, java.lang.Object, java.lang.Object, int, java.lang.Object)'> (0x000000070bb86130) 
thrown [s\open\src\hotspot\share\interpreter\linkResolver.cpp, line 759]

VM Operations (20 events):
Event: 126.543 Executing VM operation: Cleanup done
Event: 127.026 Executing VM operation: HandshakeAllThreads
Event: 127.026 Executing VM operation: HandshakeAllThreads done
Event: 127.036 Executing VM operation: HandshakeAllThreads
Event: 127.036 Executing VM operation: HandshakeAllThreads done
Event: 128.040 Executing VM operation: Cleanup
Event: 128.040 Executing VM operation: Cleanup done
Event: 129.492 Executing VM operation: G1CollectForAllocation
Event: 129.505 Executing VM operation: G1CollectForAllocation done
Event: 136.560 Executing VM operation: Cleanup
Event: 136.560 Executing VM operation: Cleanup done
Event: 137.575 Executing VM operation: Cleanup
Event: 137.575 Executing VM operation: Cleanup done
Event: 145.647 Executing VM operation: Cleanup
Event: 145.647 Executing VM operation: Cleanup done
Event: 155.721 Executing VM operation: Cleanup
Event: 155.721 Executing VM operation: Cleanup done
Event: 180.350 Executing VM operation: HandshakeAllThreads
Event: 180.350 Executing VM operation: HandshakeAllThreads done
Event: 207.015 Executing VM operation: G1CollectForAllocation

Events (20 events):
Event: 129.472 loading class org/hibernate/query/sqm/internal/ConcreteSqmSelectQueryPlan$1 done
Event: 131.108 Thread 0x000001d035de9690 Thread exited: 0x000001d035de9690
Event: 136.026 Thread 0x000001d02d3013d0 Thread added: 0x000001d02d3013d0
Event: 136.122 loading class com/fasterxml/jackson/databind/cfg/CoercionConfigs$1
Event: 136.122 loading class com/fasterxml/jackson/databind/cfg/CoercionConfigs$1 done
Event: 136.183 loading class com/smartsolutions/eschool/global/exception/ResourceNotFoundException
Event: 136.183 loading class com/smartsolutions/eschool/global/exception/ResourceNotFoundException done
Event: 136.183 loading class com/smartsolutions/eschool/global/exception/ResourceNotFoundException
Event: 136.183 loading class com/smartsolutions/eschool/global/exception/ResourceNotFoundException done
Event: 136.187 loading class org/hibernate/event/spi/MergeEvent
Event: 136.187 loading class org/hibernate/event/spi/MergeEvent done
Event: 136.188 loading class org/hibernate/event/spi/MergeEvent
Event: 136.188 loading class org/hibernate/event/spi/MergeEvent done
Event: 136.188 loading class org/hibernate/event/spi/MergeEventListener
Event: 136.188 loading class org/hibernate/event/spi/MergeEventListener done
Event: 136.189 loading class org/hibernate/event/spi/MergeContext
Event: 136.189 loading class org/hibernate/event/spi/MergeContext done
Event: 136.190 loading class org/hibernate/event/internal/DefaultMergeEventListener$1
Event: 136.190 loading class org/hibernate/event/internal/DefaultMergeEventListener$1 done
Event: 137.223 Thread 0x000001d02d3013d0 Thread exited: 0x000001d02d3013d0


Dynamic libraries:
0x00007ff6a8880000 - 0x00007ff6a8890000 	C:\Program Files\Java\jdk-17\bin\java.exe
0x00007fffad0e0000 - 0x00007fffad348000 	C:\WINDOWS\SYSTEM32\ntdll.dll
0x00007fffabd50000 - 0x00007fffabe19000 	C:\WINDOWS\System32\KERNEL32.DLL
0x00007fffa9f50000 - 0x00007fffaa341000 	C:\WINDOWS\System32\KERNELBASE.dll
0x00007fffaa4c0000 - 0x00007fffaa60b000 	C:\WINDOWS\System32\ucrtbase.dll
0x00007fff97470000 - 0x00007fff97489000 	C:\Program Files\Java\jdk-17\bin\jli.dll
0x00007fffabe60000 - 0x00007fffabf14000 	C:\WINDOWS\System32\ADVAPI32.dll
0x00007fff97330000 - 0x00007fff9734b000 	C:\Program Files\Java\jdk-17\bin\VCRUNTIME140.dll
0x00007fffab7b0000 - 0x00007fffab859000 	C:\WINDOWS\System32\msvcrt.dll
0x00007fffac890000 - 0x00007fffac936000 	C:\WINDOWS\System32\sechost.dll
0x00007fffac6f0000 - 0x00007fffac808000 	C:\WINDOWS\System32\RPCRT4.dll
0x00007fffaae80000 - 0x00007fffab046000 	C:\WINDOWS\System32\USER32.dll
0x00007fffa9c60000 - 0x00007fffa9c87000 	C:\WINDOWS\System32\win32u.dll
0x00007fffab870000 - 0x00007fffab89b000 	C:\WINDOWS\System32\GDI32.dll
0x00007fffa99c0000 - 0x00007fffa9aeb000 	C:\WINDOWS\System32\gdi32full.dll
0x00007fffa9bb0000 - 0x00007fffa9c53000 	C:\WINDOWS\System32\msvcp_win.dll
0x00007fffa8ac0000 - 0x00007fffa8d53000 	C:\WINDOWS\WinSxS\amd64_microsoft.windows.common-controls_6595b64144ccf1df_6.0.26100.7824_none_3e0870b2e3345462\COMCTL32.dll
0x00007fff9d5b0000 - 0x00007fff9d5bb000 	C:\WINDOWS\SYSTEM32\VERSION.dll
0x00007fffabe20000 - 0x00007fffabe51000 	C:\WINDOWS\System32\IMM32.DLL
0x00007fff97320000 - 0x00007fff9732c000 	C:\Program Files\Java\jdk-17\bin\vcruntime140_1.dll
0x00007fff7ebc0000 - 0x00007fff7ec4e000 	C:\Program Files\Java\jdk-17\bin\msvcp140.dll
0x00007fff2d220000 - 0x00007fff2de00000 	C:\Program Files\Java\jdk-17\bin\server\jvm.dll
0x00007fffabd30000 - 0x00007fffabd38000 	C:\WINDOWS\System32\PSAPI.DLL
0x00007fff8f540000 - 0x00007fff8f54a000 	C:\WINDOWS\SYSTEM32\WSOCK32.dll
0x00007fff99350000 - 0x00007fff99385000 	C:\WINDOWS\SYSTEM32\WINMM.dll
0x00007fffab5d0000 - 0x00007fffab644000 	C:\WINDOWS\System32\WS2_32.dll
0x00007fffa8040000 - 0x00007fffa805b000 	C:\WINDOWS\SYSTEM32\kernel.appcore.dll
0x00007fff97310000 - 0x00007fff9731a000 	C:\Program Files\Java\jdk-17\bin\jimage.dll
0x00007fffa9190000 - 0x00007fffa93d2000 	C:\WINDOWS\SYSTEM32\DBGHELP.DLL
0x00007fffab050000 - 0x00007fffab3d6000 	C:\WINDOWS\System32\combase.dll
0x00007fffabf20000 - 0x00007fffabff7000 	C:\WINDOWS\System32\OLEAUT32.dll
0x00007fffa9060000 - 0x00007fffa909b000 	C:\WINDOWS\SYSTEM32\dbgcore.DLL
0x00007fffa9ea0000 - 0x00007fffa9f45000 	C:\WINDOWS\System32\bcryptPrimitives.dll
0x00007fff972d0000 - 0x00007fff9730b000 	C:\Program Files\Java\jdk-17\bin\jdwp.dll
0x00007fff929c0000 - 0x00007fff929ce000 	C:\Program Files\Java\jdk-17\bin\instrument.dll
0x00007fff8ff90000 - 0x00007fff8ffb5000 	C:\Program Files\Java\jdk-17\bin\java.dll
0x00007fff8ff70000 - 0x00007fff8ff88000 	C:\Program Files\Java\jdk-17\bin\zip.dll
0x00007fff7eae0000 - 0x00007fff7ebb7000 	C:\Program Files\Java\jdk-17\bin\jsvml.dll
0x00007fffac940000 - 0x00007fffad092000 	C:\WINDOWS\System32\SHELL32.dll
0x00007fffaa350000 - 0x00007fffaa4ba000 	C:\WINDOWS\System32\wintypes.dll
0x00007fffaa610000 - 0x00007fffaae73000 	C:\WINDOWS\System32\windows.storage.dll
0x00007fffab440000 - 0x00007fffab536000 	C:\WINDOWS\System32\SHCORE.dll
0x00007fffab650000 - 0x00007fffab6b7000 	C:\WINDOWS\System32\shlwapi.dll
0x00007fffa98e0000 - 0x00007fffa9909000 	C:\WINDOWS\SYSTEM32\profapi.dll
0x00007fff926b0000 - 0x00007fff926bc000 	C:\Program Files\Java\jdk-17\bin\dt_socket.dll
0x00007fffa7a60000 - 0x00007fffa7a94000 	C:\WINDOWS\SYSTEM32\IPHLPAPI.DLL
0x00007fffa8570000 - 0x00007fffa85db000 	C:\WINDOWS\system32\mswsock.dll
0x00007fff887c0000 - 0x00007fff887d9000 	C:\Program Files\Java\jdk-17\bin\net.dll
0x00007fff9d940000 - 0x00007fff9da67000 	C:\WINDOWS\SYSTEM32\WINHTTP.dll
0x00007fff887a0000 - 0x00007fff887b6000 	C:\Program Files\Java\jdk-17\bin\nio.dll
0x00007fff8ff30000 - 0x00007fff8ff3a000 	C:\Program Files\Java\jdk-17\bin\management.dll
0x00007fff8daa0000 - 0x00007fff8daab000 	C:\Program Files\Java\jdk-17\bin\management_ext.dll
0x00007fff8ff60000 - 0x00007fff8ff6e000 	C:\Program Files\Java\jdk-17\bin\sunmscapi.dll
0x00007fffa9d20000 - 0x00007fffa9e97000 	C:\WINDOWS\System32\CRYPT32.dll
0x00007fffa8a80000 - 0x00007fffa8ab0000 	C:\WINDOWS\SYSTEM32\ncrypt.dll
0x00007fffa8a30000 - 0x00007fffa8a6f000 	C:\WINDOWS\SYSTEM32\NTASN1.dll
0x00007fffa94e0000 - 0x00007fffa94fb000 	C:\WINDOWS\SYSTEM32\CRYPTSP.dll
0x00007fffa7fa0000 - 0x00007fffa7fd9000 	C:\WINDOWS\system32\rsaenh.dll
0x00007fffa8620000 - 0x00007fffa864b000 	C:\WINDOWS\SYSTEM32\USERENV.dll
0x00007fffa98b0000 - 0x00007fffa98da000 	C:\WINDOWS\SYSTEM32\bcrypt.dll
0x00007fffa8970000 - 0x00007fffa897c000 	C:\WINDOWS\SYSTEM32\CRYPTBASE.dll
0x00007fffac080000 - 0x00007fffac08a000 	C:\WINDOWS\System32\NSI.dll
0x00007fff9d8a0000 - 0x00007fff9d8be000 	C:\WINDOWS\SYSTEM32\dhcpcsvc6.DLL
0x00007fff9d670000 - 0x00007fff9d693000 	C:\WINDOWS\SYSTEM32\dhcpcsvc.DLL
0x00007fffa7aa0000 - 0x00007fffa7bcc000 	C:\WINDOWS\SYSTEM32\DNSAPI.dll
0x00007fff8d330000 - 0x00007fff8d340000 	C:\Program Files\Java\jdk-17\bin\verify.dll
0x00007fff97710000 - 0x00007fff9771b000 	C:\Windows\System32\rasadhlp.dll
0x00007fff9cee0000 - 0x00007fff9cf66000 	C:\WINDOWS\System32\fwpuclnt.dll
0x00007fff80b90000 - 0x00007fff80b98000 	C:\WINDOWS\system32\wshunix.dll

dbghelp: loaded successfully - version: 4.0.5 - missing functions: none
symbol engine: initialized successfully - sym options: 0x614 - pdb path: .;C:\Program Files\Java\jdk-17\bin;C:\WINDOWS\SYSTEM32;C:\WINDOWS\WinSxS\amd64_microsoft.windows.common-controls_6595b64144ccf1df_6.0.26100.7824_none_3e0870b2e3345462;C:\Program Files\Java\jdk-17\bin\server

VM Arguments:
jvm_args: -agentlib:jdwp=transport=dt_socket,address=127.0.0.1:57370,suspend=y,server=n -javaagent:C:\Users\Expertflow\AppData\Local\JetBrains\IdeaIC2025.2\captureAgent\debugger-agent.jar=file:///C:/Users/EXPERT~1/AppData/Local/Temp/capture17682131653467515785.props -Dkotlinx.coroutines.debug.enable.creation.stack.trace=false -Ddebugger.agent.enable.coroutines=true -Dkotlinx.coroutines.debug.enable.flows.stack.trace=true -Dkotlinx.coroutines.debug.enable.mutable.state.flows.stack.trace=true -Dfile.encoding=UTF-8 
java_command: com.smartsolutions.eschool.ESchoolApplication
java_class_path (initial): D:\SMS\sms\target\classes;C:\Users\Expertflow\.m2\repository\org\hibernate\orm\hibernate-core\6.4.1.Final\hibernate-core-6.4.1.Final.jar;C:\Users\Expertflow\.m2\repository\jakarta\persistence\jakarta.persistence-api\3.1.0\jakarta.persistence-api-3.1.0.jar;C:\Users\Expertflow\.m2\repository\jakarta\transaction\jakarta.transaction-api\2.0.1\jakarta.transaction-api-2.0.1.jar;C:\Users\Expertflow\.m2\repository\org\jboss\logging\jboss-logging\3.5.3.Final\jboss-logging-3.5.3.Final.jar;C:\Users\Expertflow\.m2\repository\org\hibernate\common\hibernate-commons-annotations\6.0.6.Final\hibernate-commons-annotations-6.0.6.Final.jar;C:\Users\Expertflow\.m2\repository\io\smallrye\jandex\3.1.2\jandex-3.1.2.jar;C:\Users\Expertflow\.m2\repository\com\fasterxml\classmate\1.6.0\classmate-1.6.0.jar;C:\Users\Expertflow\.m2\repository\net\bytebuddy\byte-buddy\1.14.13\byte-buddy-1.14.13.jar;C:\Users\Expertflow\.m2\repository\jakarta\xml\bind\jakarta.xml.bind-api\4.0.2\jakarta.xml.bind-api-4.0.2.jar;C:\Users\Expertflow\.m2\repository\jakarta\activation\jakarta.activation-api\2.1.3\jakarta.activation-api-2.1.3.jar;C:\Users\Expertflow\.m2\repository\org\glassfish\jaxb\jaxb-runtime\4.0.5\jaxb-runtime-4.0.5.jar;C:\Users\Expertflow\.m2\repository\org\glassfish\jaxb\jaxb-core\4.0.5\jaxb-core-4.0.5.jar;C:\Users\Expertflow\.m2\repository\org\eclipse\angus\angus-activation\2.0.2\angus-activation-2.0.2.jar;C:\Users\Expertflow\.m2\repository\org\glassfish\jaxb\txw2\4.0.5\txw2-4.0.5.jar;C:\Users\Expertflow\.m2\repository\com\sun\istack\istack-commons-runtime\4.1.2\istack-commons-runtime-4.1.2.jar;C:\Users\Expertflow\.m2\repository\jakarta\inject\jakarta.inject-api\2.0.1\jakarta.inject-api-2.0.1.jar;C:\Users\Expertflow\.m2\repository\org\antlr\antlr4-runtime\4.13.0\antlr4-runtime-4.13.0.jar;C:\Users\Expertflow\.m2\repository\org\springframework\boot\spring-boot-starter-data-jpa\3.2.5\spring-boot-starter-data-jpa-3.2.5.jar;C:\Users\Expertflow\.m2\repository\org\springframewo
Launcher Type: SUN_STANDARD

[Global flags]
     intx CICompilerCount                          = 4                                         {product} {ergonomic}
     uint ConcGCThreads                            = 2                                         {product} {ergonomic}
     uint G1ConcRefinementThreads                  = 8                                         {product} {ergonomic}
   size_t G1HeapRegionSize                         = 2097152                                   {product} {ergonomic}
    uintx GCDrainStackTargetSize                   = 64                                        {product} {ergonomic}
   size_t InitialHeapSize                          = 268435456                                 {product} {ergonomic}
   size_t MarkStackSize                            = 4194304                                   {product} {ergonomic}
   size_t MaxHeapSize                              = 4263510016                                {product} {ergonomic}
   size_t MaxNewSize                               = 2556428288                                {product} {ergonomic}
   size_t MinHeapDeltaBytes                        = 2097152                                   {product} {ergonomic}
   size_t MinHeapSize                              = 8388608                                   {product} {ergonomic}
    uintx NonNMethodCodeHeapSize                   = 5839372                                {pd product} {ergonomic}
    uintx NonProfiledCodeHeapSize                  = 122909434                              {pd product} {ergonomic}
    uintx ProfiledCodeHeapSize                     = 122909434                              {pd product} {ergonomic}
    uintx ReservedCodeCacheSize                    = 251658240                              {pd product} {ergonomic}
     bool SegmentedCodeCache                       = true                                      {product} {ergonomic}
   size_t SoftMaxHeapSize                          = 4263510016                             {manageable} {ergonomic}
     bool UseCompressedClassPointers               = true                           {product lp64_product} {ergonomic}
     bool UseCompressedOops                        = true                           {product lp64_product} {ergonomic}
     bool UseG1GC                                  = true                                      {product} {ergonomic}
     bool UseLargePagesIndividualAllocation        = false                                  {pd product} {ergonomic}

Logging:
Log output configuration:
 #0: stdout all=warning uptime,level,tags
 #1: stderr all=off uptime,level,tags

Environment Variables:
PATH=C:\Program Files\Common Files\Oracle\Java\javapath;C:\WINDOWS\system32;C:\WINDOWS;C:\WINDOWS\System32\Wbem;C:\WINDOWS\System32\WindowsPowerShell\v1.0\;C:\WINDOWS\System32\OpenSSH\;C:\Program Files\Java\jdk-17\bin;C:\WINDOWS\system32\config\systemprofile\.dnx\bin;C:\Program Files\Microsoft DNX\Dnvm\;C:\Program Files\Microsoft SQL Server\120\Tools\Binn\;C:\Program Files\Microsoft SQL Server\130\Tools\Binn\;C:\Program Files\Git\cmd;C:\Program Files\nodejs\;C:\Program Files\Docker\Docker\resources\bin;C:\Program Files\apache-maven-3.9.11-bin\apache-maven-3.9.11\bin;C:\Users\Expertflow\AppData\Local\Microsoft\WindowsApps;C:\Users\Expertflow\AppData\Local\Programs\Microsoft VS Code\bin;C:\Users\Expertflow\AppData\Roaming\npm;C:\Users\Expertflow\AppData\Local\Programs\Antigravity\bin
USERNAME=Expertflow
OS=Windows_NT
PROCESSOR_IDENTIFIER=Intel64 Family 6 Model 158 Stepping 9, GenuineIntel



---------------  S Y S T E M  ---------------

OS:
 Windows 11 , 64 bit Build 26100 (10.0.26100.7705)
OS uptime: 0 days 11:13 hours
Hyper-V role detected

CPU: total 8 (initial active 8) (4 cores per cpu, 2 threads per core) family 6 model 158 stepping 9 microcode 0xf8, cx8, cmov, fxsr, ht, mmx, 3dnowpref, sse, sse2, sse3, ssse3, sse4.1, sse4.2, popcnt, lzcnt, tsc, tscinvbit, avx, avx2, aes, erms, clmul, bmi1, bmi2, rtm, adx, fma, vzeroupper, clflush, clflushopt, hv

Memory: 4k page, system-wide physical 16259M (1432M free)
TotalPageFile size 33667M (AvailPageFile size 10014M)
current process WorkingSet (physical memory assigned to process): 567M, peak: 690M
current process commit charge ("private bytes"): 607M, peak: 732M

vm_info: Java HotSpot(TM) 64-Bit Server VM (17.0.12+8-LTS-286) for windows-amd64 JRE (17.0.12+8-LTS-286), built on Jun  5 2024 06:46:59 by "mach5one" with MS VC++ 17.6 (VS2022)

END.
