#
# A fatal error has been detected by the Java Runtime Environment:
#
#  EXCEPTION_ACCESS_VIOLATION (0xc0000005) at pc=0x00007fff214f4c09, pid=9060, tid=23080
#
# JRE version: Java(TM) SE Runtime Environment (17.0.12+8) (build 17.0.12+8-LTS-286)
# Java VM: Java HotSpot(TM) 64-Bit Server VM (17.0.12+8-LTS-286, mixed mode, sharing, tiered, compressed oops, compressed class ptrs, g1 gc, windows-amd64)
# Problematic frame:
# V  [jvm.dll+0x304c09]
#
# No core dump will be written. Minidumps are not enabled by default on client versions of Windows
#
# If you would like to submit a bug report, please visit:
#   https://bugreport.java.com/bugreport/crash.jsp
#

---------------  S U M M A R Y ------------

Command Line: -agentlib:jdwp=transport=dt_socket,address=127.0.0.1:19334,suspend=y,server=n -javaagent:C:\Users\Expertflow\AppData\Local\JetBrains\IdeaIC2025.2\captureAgent\debugger-agent.jar=file:///C:/Users/EXPERT~1/AppData/Local/Temp/capture6584667899126558992.props -Dkotlinx.coroutines.debug.enable.creation.stack.trace=false -Ddebugger.agent.enable.coroutines=true -Dkotlinx.coroutines.debug.enable.flows.stack.trace=true -Dkotlinx.coroutines.debug.enable.mutable.state.flows.stack.trace=true -Dfile.encoding=UTF-8 com.smartsolutions.eschool.ESchoolApplication

Host: Intel(R) Core(TM) i7-7820HQ CPU @ 2.90GHz, 8 cores, 15G,  Windows 11 , 64 bit Build 26100 (10.0.26100.7705)
Time: Mon Feb 23 11:44:25 2026 Pakistan Standard Time elapsed time: 70941.329985 seconds (0d 19h 42m 21s)

---------------  T H R E A D  ---------------

Current thread (0x0000022fedf84140):  GCTaskThread "GC Thread#4" [stack: 0x000000d582c00000,0x000000d582d00000] [id=23080]

Stack: [0x000000d582c00000,0x000000d582d00000],  sp=0x000000d582cff740,  free space=1021k
Native frames: (J=compiled Java code, j=interpreted, Vv=VM code, C=native code)
V  [jvm.dll+0x304c09]
V  [jvm.dll+0x30190e]
V  [jvm.dll+0x310113]
V  [jvm.dll+0x311f2b]
V  [jvm.dll+0x31070d]
V  [jvm.dll+0x311ada]
V  [jvm.dll+0x2dc663]
V  [jvm.dll+0x2ddf0b]
V  [jvm.dll+0x80832b]
V  [jvm.dll+0x808376]
V  [jvm.dll+0x78abea]
V  [jvm.dll+0x678f35]
C  [ucrtbase.dll+0x37b0]
C  [KERNEL32.DLL+0x2e8d7]
C  [ntdll.dll+0x8c40c]


siginfo: EXCEPTION_ACCESS_VIOLATION (0xc0000005), reading address 0x0000000100000000


Registers:
RAX=0x0000000000000000, RBX=0x00000007103fd66d, RCX=0x0000000000000015, RDX=0x0000000000000000
RSP=0x000000d582cff740, RBP=0x0000000000004ab3, RSI=0x00000007103fd66c, RDI=0x0000022ff5c660e0
R8 =0x00000007103f8020, R9 =0x00007fff211f0000, R10=0x0000000100000000, R11=0x00007fff904515c1
R12=0x000000d582cff9a0, R13=0x0000022f84dd0c40, R14=0x0000000000000040, R15=0x0000000000000000
RIP=0x00007fff214f4c09, EFLAGS=0x0000000000010246


Register to memory mapping:

RIP=0x00007fff214f4c09 jvm.dll
RAX=0x0 is NULL
RBX=0x00000007103fd66d is pointing into object: org.springframework.data.util.Lazy 
{0x00000007103fd658} - klass: 'org/springframework/data/util/Lazy'
 - ---- fields (total size 3 words):
 - private volatile 'resolved' 'Z' @12  false
 - private final 'supplier' 'Ljava/util/function/Supplier;' @16  a 'org/springframework/data/mapping/model/AbstractPersistentProperty$$Lambda$1353+0x0000022fa9a1fd40'{0x00000007103fd670} (e207face)
 - private 'value' 'Ljava/lang/Object;' @20  
[error occurred during error reporting (printing register info), id 0xc0000005, EXCEPTION_ACCESS_VIOLATION (0xc0000005) at pc=0x00007fff2157eb3e]

Top of Stack: (sp=0x000000d582cff740)
0x000000d582cff740:   000000070f6c0000 0000000000000001
0x000000d582cff750:   0000000000000010 0000000000000009
0x000000d582cff760:   0000022f9c1c1e40 000000000000000e
0x000000d582cff770:   0000000000000380 000000d582cff9a0
0x000000d582cff780:   00000007061cba00 00007fff214f190e
0x000000d582cff790:   00000007061c2a00 0000022ff5c660e0
0x000000d582cff7a0:   0000022f84dd0c40 0000022f9c1c1e40
0x000000d582cff7b0:   000000a52c37b9ec 000033ef50b16f6c
0x000000d582cff7c0:   000000d582cff9a0 00000007061cba00
0x000000d582cff7d0:   00000007061cd608 00007fff21500113
0x000000d582cff7e0:   00000007061cba00 000000d582cff800
0x000000d582cff7f0:   000000d582cff810 000000d582cff9a0
0x000000d582cff800:   00000007061cba00 0000000000000380
0x000000d582cff810:   00007fff21aefe88 0000000000000000
0x000000d582cff820:   0000022f84dd3fc0 0000022ff5c660e0
0x000000d582cff830:   0000022f9c1c1e80 00007fff21501f2b 

Instructions: (pc=0x00007fff214f4c09)
0x00007fff214f4b09:   ff 48 8d 53 fe 48 8b cf e8 aa f6 ff ff e9 35 fd
0x00007fff214f4b19:   ff ff 0f 1f 44 00 00 48 8b 77 10 8b ae 80 00 00
0x00007fff214f4b29:   00 8b cd 8b 86 00 01 00 00 2b c8 81 e1 ff ff 01
0x00007fff214f4b39:   00 41 3b ce 0f 86 e9 02 00 00 ff cd 81 e5 ff ff
0x00007fff214f4b49:   01 00 89 ae 80 00 00 00 e8 ba 6c 36 00 90 8b d5
0x00007fff214f4b59:   8b 86 00 01 00 00 8b cd 48 8b 9e 80 01 00 00 2b
0x00007fff214f4b69:   c8 81 e1 ff ff 01 00 81 f9 ff ff 01 00 48 8b 1c
0x00007fff214f4b79:   eb 41 0f 44 cf 85 c9 75 3d 90 89 6c 24 50 48 8b
0x00007fff214f4b89:   86 00 01 00 00 48 8b c8 48 c1 e9 20 ff c1 89 4c
0x00007fff214f4b99:   24 54 3b e8 0f 85 77 02 00 00 48 c1 e1 20 48 0b
0x00007fff214f4ba9:   ca f0 48 0f b1 8e 00 01 00 00 0f 85 61 02 00 00
0x00007fff214f4bb9:   8b 86 00 01 00 00 f6 c3 01 0f 84 2f 01 00 00 8b
0x00007fff214f4bc9:   0d ea c6 79 00 48 8d 73 ff 48 8b 47 08 44 8b 16
0x00007fff214f4bd9:   49 d3 e2 4c 03 15 cd c6 79 00 8b 88 90 05 00 00
0x00007fff214f4be9:   49 8b d2 48 8b 80 80 05 00 00 48 d3 ea 0f b7 14
0x00007fff214f4bf9:   50 0f b7 c2 66 c1 e8 08 84 c0 0f 88 17 ff ff ff
0x00007fff214f4c09:   4d 8b 02 41 0f b6 c0 24 03 3c 03 75 1e 44 38 3d
0x00007fff214f4c19:   c4 43 80 00 74 0f 41 0f b6 c0 24 07 3c 05 75 05
0x00007fff214f4c29:   4d 8b c7 eb 17 49 83 e0 fc eb 11 4d 8b c8 48 8b
0x00007fff214f4c39:   cf 4d 8b c2 e8 be f0 ff ff 4c 8b c0 8b 0d 6d c6
0x00007fff214f4c49:   79 00 49 8b d0 48 2b 15 5b c6 79 00 48 d3 ea 89
0x00007fff214f4c59:   16 48 8b d6 8b 0d 0d 4c 80 00 49 33 d0 48 d3 ea
0x00007fff214f4c69:   48 85 d2 0f 84 ae fe ff ff 48 8b 47 08 48 8b d6
0x00007fff214f4c79:   8b 88 c0 01 00 00 48 8b 80 b0 01 00 00 48 d3 ea
0x00007fff214f4c89:   48 8b 0c d0 8b 81 94 00 00 00 d1 e8 a8 01 0f 85
0x00007fff214f4c99:   83 fe ff ff 48 8b 47 08 8b 88 90 05 00 00 48 8b
0x00007fff214f4ca9:   80 80 05 00 00 49 d3 e8 46 38 3c 40 0f 84 65 fe
0x00007fff214f4cb9:   ff ff 48 8b 47 60 48 c1 ee 09 48 8b 58 40 48 8b
0x00007fff214f4cc9:   48 38 48 03 de 48 2b d9 48 39 9f b0 01 00 00 0f
0x00007fff214f4cd9:   84 42 fe ff ff 48 8d 14 19 48 8d 4f 18 e8 45 40
0x00007fff214f4ce9:   00 00 48 89 9f b0 01 00 00 e9 29 fe ff ff f6 c3
0x00007fff214f4cf9:   03 0f 85 09 01 00 00 48 8b 47 08 4c 8b 13 49 8b 


Stack slot to memory mapping:
stack at sp + 0 slots: 0x000000070f6c0000 is an oop: java.util.ArrayList 
{0x000000070f6c0000} - klass: 'java/util/ArrayList'
 - ---- fields (total size 3 words):
 - protected transient 'modCount' 'I' @12  1
 - private 'size' 'I' @16  1
 - transient 'elementData' '[Ljava/lang/Object;' @20  a 'java/lang/Object'[10] {0x000000070f6c0018} (e1ed8003)
stack at sp + 1 slots: 0x0000000000000001 is an unknown value
stack at sp + 2 slots: 0x0000000000000010 is an unknown value
stack at sp + 3 slots: 0x0000000000000009 is an unknown value
stack at sp + 4 slots: 0x0000022f9c1c1e40 points into unknown readable memory: 0xffffffffffffffff | ff ff ff ff ff ff ff ff
stack at sp + 5 slots: 0x000000000000000e is an unknown value
stack at sp + 6 slots: 0x0000000000000380 is an unknown value
stack at sp + 7 slots: 0x000000d582cff9a0 points into unknown readable memory: 0x00007fff21af0078 | 78 00 af 21 ff 7f 00 00


---------------  P R O C E S S  ---------------

Threads class SMR info:
_java_thread_list=0x0000022ff3c3acb0, length=27, elements={
0x0000022fa7b499a0, 0x0000022fa7b4b870, 0x0000022fa7b5e040, 0x0000022fed0080c0,
0x0000022fed00a510, 0x0000022fed00c1e0, 0x0000022fed017690, 0x0000022fed01bde0,
0x0000022fed01d390, 0x0000022fa7b365c0, 0x0000022fed1f57c0, 0x0000022fed1abac0,
0x0000022fed1adfc0, 0x0000022fed2e20f0, 0x0000022fed2b36d0, 0x0000022feff5d4e0,
0x0000022ff2f1f540, 0x0000022ff2f213a0, 0x0000022ff937a210, 0x0000022ff2f1a440,
0x0000022ff8942760, 0x0000022ff937e3e0, 0x0000022ff93797f0, 0x0000022ff937c070,
0x0000022ff937c580, 0x0000022ff9380c60, 0x0000022ff9382ac0
}

Java Threads: ( => current thread )
  0x0000022fa7b499a0 JavaThread "Reference Handler" daemon [_thread_blocked, id=20328, stack(0x000000d581800000,0x000000d581900000)]
  0x0000022fa7b4b870 JavaThread "Finalizer" daemon [_thread_blocked, id=2148, stack(0x000000d581900000,0x000000d581a00000)]
  0x0000022fa7b5e040 JavaThread "Signal Dispatcher" daemon [_thread_blocked, id=10948, stack(0x000000d581a00000,0x000000d581b00000)]
  0x0000022fed0080c0 JavaThread "Attach Listener" daemon [_thread_blocked, id=3292, stack(0x000000d581b00000,0x000000d581c00000)]
  0x0000022fed00a510 JavaThread "Service Thread" daemon [_thread_blocked, id=4008, stack(0x000000d581c00000,0x000000d581d00000)]
  0x0000022fed00c1e0 JavaThread "Monitor Deflation Thread" daemon [_thread_blocked, id=26752, stack(0x000000d581d00000,0x000000d581e00000)]
  0x0000022fed017690 JavaThread "C2 CompilerThread0" daemon [_thread_blocked, id=25804, stack(0x000000d581e00000,0x000000d581f00000)]
  0x0000022fed01bde0 JavaThread "C1 CompilerThread0" daemon [_thread_blocked, id=5696, stack(0x000000d581f00000,0x000000d582000000)]
  0x0000022fed01d390 JavaThread "Sweeper thread" daemon [_thread_blocked, id=23560, stack(0x000000d582000000,0x000000d582100000)]
  0x0000022fa7b365c0 JavaThread "Common-Cleaner" daemon [_thread_blocked, id=21108, stack(0x000000d582100000,0x000000d582200000)]
  0x0000022fed1f57c0 JavaThread "JDWP Transport Listener: dt_socket" daemon [_thread_blocked, id=24136, stack(0x000000d582200000,0x000000d582300000)]
  0x0000022fed1abac0 JavaThread "JDWP Event Helper Thread" daemon [_thread_blocked, id=16904, stack(0x000000d582300000,0x000000d582400000)]
  0x0000022fed1adfc0 JavaThread "JDWP Command Reader" daemon [_thread_in_native, id=26200, stack(0x000000d582400000,0x000000d582500000)]
  0x0000022fed2e20f0 JavaThread "IntelliJ Suspend Helper" daemon [_thread_blocked, id=6284, stack(0x000000d582500000,0x000000d582600000)]
  0x0000022fed2b36d0 JavaThread "Notification Thread" daemon [_thread_blocked, id=18108, stack(0x000000d582600000,0x000000d582700000)]
  0x0000022feff5d4e0 JavaThread "mysql-cj-abandoned-connection-cleanup" daemon [_thread_blocked, id=26856, stack(0x000000d583300000,0x000000d583400000)]
  0x0000022ff2f1f540 JavaThread "Live Reload Server" daemon [_thread_in_native, id=25056, stack(0x000000d584000000,0x000000d584100000)]
  0x0000022ff2f213a0 JavaThread "DestroyJavaVM" [_thread_blocked, id=24992, stack(0x000000d581100000,0x000000d581200000)]
  0x0000022ff937a210 JavaThread "File Watcher" daemon [_thread_blocked, id=24424, stack(0x000000d580f00000,0x000000d581000000)]
  0x0000022ff2f1a440 JavaThread "File Watcher" daemon [_thread_blocked, id=10292, stack(0x000000d583100000,0x000000d583200000)]
  0x0000022ff8942760 JavaThread "File Watcher" daemon [_thread_blocked, id=27216, stack(0x000000d582800000,0x000000d582900000)]
  0x0000022ff937e3e0 JavaThread "Thread-32" [_thread_blocked, id=25652, stack(0x000000d580e00000,0x000000d580f00000)]
  0x0000022ff93797f0 JavaThread "restartedMain" [_thread_blocked, id=26348, stack(0x000000d581000000,0x000000d581100000)]
  0x0000022ff937c070 JavaThread "HikariPool-10 housekeeper" daemon [_thread_blocked, id=24564, stack(0x000000d583200000,0x000000d583300000)]
  0x0000022ff937c580 JavaThread "Catalina-utility-1" [_thread_blocked, id=23156, stack(0x000000d583800000,0x000000d583900000)]
  0x0000022ff9380c60 JavaThread "Catalina-utility-2" [_thread_blocked, id=26140, stack(0x000000d583900000,0x000000d583a00000)]
  0x0000022ff9382ac0 JavaThread "container-3" [_thread_blocked, id=26204, stack(0x000000d583a00000,0x000000d583b00000)]

Other Threads:
  0x0000022fa7b44bf0 VMThread "VM Thread" [stack: 0x000000d581700000,0x000000d581800000] [id=27060]
  0x0000022fed2df3e0 WatcherThread [stack: 0x000000d582700000,0x000000d582800000] [id=7528]
  0x0000022f84e2e810 GCTaskThread "GC Thread#0" [stack: 0x000000d581200000,0x000000d581300000] [id=19060]
  0x0000022fee2a54d0 GCTaskThread "GC Thread#1" [stack: 0x000000d582900000,0x000000d582a00000] [id=22592]
  0x0000022fedfe8980 GCTaskThread "GC Thread#2" [stack: 0x000000d582a00000,0x000000d582b00000] [id=26152]
  0x0000022fedfc8120 GCTaskThread "GC Thread#3" [stack: 0x000000d582b00000,0x000000d582c00000] [id=18872]
=>0x0000022fedf84140 GCTaskThread "GC Thread#4" [stack: 0x000000d582c00000,0x000000d582d00000] [id=23080]
  0x0000022fedf87530 GCTaskThread "GC Thread#5" [stack: 0x000000d582d00000,0x000000d582e00000] [id=9484]
  0x0000022fee2524f0 GCTaskThread "GC Thread#6" [stack: 0x000000d582e00000,0x000000d582f00000] [id=3432]
  0x0000022fee0452f0 GCTaskThread "GC Thread#7" [stack: 0x000000d582f00000,0x000000d583000000] [id=23644]
  0x0000022f84e3f570 ConcurrentGCThread "G1 Main Marker" [stack: 0x000000d581300000,0x000000d581400000] [id=9196]
  0x0000022f84e40c50 ConcurrentGCThread "G1 Conc#0" [stack: 0x000000d581400000,0x000000d581500000] [id=6052]
  0x0000022fef75b8f0 ConcurrentGCThread "G1 Conc#1" [stack: 0x000000d583500000,0x000000d583600000] [id=25096]
  0x0000022fa7a00160 ConcurrentGCThread "G1 Refine#0" [stack: 0x000000d581500000,0x000000d581600000] [id=16428]
  0x0000022feea5e6c0 ConcurrentGCThread "G1 Refine#1" [stack: 0x000000d583600000,0x000000d583700000] [id=7128]
  0x0000022feea5f280 ConcurrentGCThread "G1 Refine#2" [stack: 0x000000d583700000,0x000000d583800000] [id=24144]
  0x0000022fa7a009a0 ConcurrentGCThread "G1 Service" [stack: 0x000000d581600000,0x000000d581700000] [id=10764]

Threads with active compile tasks:
C2 CompilerThread0  70941420 30092       4       org.springframework.util.ClassUtils::findMethodCandidatesByName (68 bytes)

VM state: at safepoint (normal execution)

VM Mutex/Monitor currently owned by a thread:  ([mutex/lock_event])
[0x0000022f84dbbdf0] Threads_lock - owner thread: 0x0000022fa7b44bf0
[0x0000022f84dbd2c0] Heap_lock - owner thread: 0x0000022ff93797f0

Heap address: 0x0000000701e00000, size: 4066 MB, Compressed Oops mode: Zero based, Oop shift amount: 3

CDS archive(s) mapped at: [0x0000022fa8000000-0x0000022fa8bd0000-0x0000022fa8bd0000), size 12386304, SharedBaseAddress: 0x0000022fa8000000, ArchiveRelocationMode: 1.
Compressed class space mapped at: 0x0000022fa9000000-0x0000022fe9000000, reserved size: 1073741824
Narrow klass base: 0x0000022fa8000000, Narrow klass shift: 0, Narrow klass range: 0x100000000

GC Precious Log:
 CPUs: 8 total, 8 available
 Memory: 16259M
 Large Page Support: Disabled
 NUMA Support: Disabled
 Compressed Oops: Enabled (Zero based)
 Heap Region Size: 2M
 Heap Min Capacity: 8M
 Heap Initial Capacity: 256M
 Heap Max Capacity: 4066M
 Pre-touch: Disabled
 Parallel Workers: 8
 Concurrent Workers: 2
 Concurrent Refinement Workers: 8
 Periodic GC: Disabled

Heap:
 garbage-first heap   total 589824K, used 442546K [0x0000000701e00000, 0x0000000800000000)
  region size 2048K, 179 young (366592K), 18 survivors (36864K)
 Metaspace       used 166703K, committed 167872K, reserved 1245184K
  class space    used 17987K, committed 18560K, reserved 1048576K

Heap Regions: E=young(eden), S=young(survivor), O=old, HS=humongous(starts), HC=humongous(continues), CS=collection set, F=free, OA=open archive, CA=closed archive, TAMS=top-at-mark-start (previous, next)
|   0|0x0000000701e00000, 0x0000000702000000, 0x0000000702000000|100%| O|  |TAMS 0x0000000702000000, 0x0000000701e00000| Untracked 
|   1|0x0000000702000000, 0x00000007021e0fd0, 0x0000000702200000| 93%| O|  |TAMS 0x00000007021e0fd0, 0x0000000702000000| Untracked 
|   2|0x0000000702200000, 0x00000007023ffff0, 0x0000000702400000| 99%| O|  |TAMS 0x00000007023ffff0, 0x0000000702200000| Untracked 
|   3|0x0000000702400000, 0x00000007025fffe0, 0x0000000702600000| 99%| O|  |TAMS 0x00000007025fffe0, 0x0000000702400000| Untracked 
|   4|0x0000000702600000, 0x00000007027ffff8, 0x0000000702800000| 99%| O|  |TAMS 0x00000007027ffff8, 0x0000000702600000| Untracked 
|   5|0x0000000702800000, 0x0000000702a00000, 0x0000000702a00000|100%| O|  |TAMS 0x0000000702a00000, 0x0000000702800000| Untracked 
|   6|0x0000000702a00000, 0x0000000702bfffe0, 0x0000000702c00000| 99%| O|  |TAMS 0x0000000702bfffe0, 0x0000000702a00000| Untracked 
|   7|0x0000000702c00000, 0x0000000702e00000, 0x0000000702e00000|100%| O|  |TAMS 0x0000000702e00000, 0x0000000702c00000| Untracked 
|   8|0x0000000702e00000, 0x0000000702fffff8, 0x0000000703000000| 99%| O|  |TAMS 0x0000000702fffff8, 0x0000000702e00000| Untracked 
|   9|0x0000000703000000, 0x00000007031fffd8, 0x0000000703200000| 99%| O|  |TAMS 0x00000007031fffd8, 0x0000000703000000| Untracked 
|  10|0x0000000703200000, 0x00000007033fffd8, 0x0000000703400000| 99%| O|  |TAMS 0x00000007033fffd8, 0x0000000703200000| Untracked 
|  11|0x0000000703400000, 0x00000007035ffff0, 0x0000000703600000| 99%| O|  |TAMS 0x00000007035ffff0, 0x0000000703400000| Untracked 
|  12|0x0000000703600000, 0x00000007037ffff8, 0x0000000703800000| 99%| O|  |TAMS 0x00000007037ffff8, 0x0000000703600000| Untracked 
|  13|0x0000000703800000, 0x00000007039f83d8, 0x0000000703a00000| 98%| O|  |TAMS 0x00000007039f83d8, 0x0000000703800000| Untracked 
|  14|0x0000000703a00000, 0x0000000703bfffe8, 0x0000000703c00000| 99%| O|  |TAMS 0x0000000703bfffe8, 0x0000000703a00000| Untracked 
|  15|0x0000000703c00000, 0x0000000703dffff0, 0x0000000703e00000| 99%| O|  |TAMS 0x0000000703dffff0, 0x0000000703c00000| Untracked 
|  16|0x0000000703e00000, 0x0000000703fffe78, 0x0000000704000000| 99%| O|  |TAMS 0x0000000703fffe78, 0x0000000703e00000| Untracked 
|  17|0x0000000704000000, 0x00000007041fffe0, 0x0000000704200000| 99%| O|  |TAMS 0x00000007041fffe0, 0x0000000704000000| Untracked 
|  18|0x0000000704200000, 0x00000007043fffe8, 0x0000000704400000| 99%| O|  |TAMS 0x00000007043fffe8, 0x0000000704200000| Untracked 
|  19|0x0000000704400000, 0x00000007045fffb8, 0x0000000704600000| 99%| O|  |TAMS 0x00000007045fffb8, 0x0000000704400000| Untracked 
|  20|0x0000000704600000, 0x00000007047ffff0, 0x0000000704800000| 99%| O|  |TAMS 0x00000007047ffff0, 0x0000000704600000| Untracked 
|  21|0x0000000704800000, 0x00000007049fffe0, 0x0000000704a00000| 99%| O|  |TAMS 0x00000007049fffe0, 0x0000000704800000| Untracked 
|  22|0x0000000704a00000, 0x0000000704bfffe0, 0x0000000704c00000| 99%| O|  |TAMS 0x0000000704bfffe0, 0x0000000704a00000| Untracked 
|  23|0x0000000704c00000, 0x0000000704dfffe0, 0x0000000704e00000| 99%| O|  |TAMS 0x0000000704dfffe0, 0x0000000704c00000| Untracked 
|  24|0x0000000704e00000, 0x0000000704fffff0, 0x0000000705000000| 99%| O|  |TAMS 0x0000000704fffff0, 0x0000000704e00000| Untracked 
|  25|0x0000000705000000, 0x00000007051fffb8, 0x0000000705200000| 99%| O|  |TAMS 0x00000007051fffb8, 0x0000000705000000| Untracked 
|  26|0x0000000705200000, 0x00000007053fffe8, 0x0000000705400000| 99%| O|  |TAMS 0x00000007053fffe8, 0x0000000705200000| Untracked 
|  27|0x0000000705400000, 0x00000007055fff68, 0x0000000705600000| 99%| O|  |TAMS 0x00000007055fff68, 0x0000000705400000| Untracked 
|  28|0x0000000705600000, 0x0000000705738ec8, 0x0000000705800000| 61%| O|  |TAMS 0x0000000705738ec8, 0x0000000705600000| Untracked 
|  29|0x0000000705800000, 0x00000007059119e0, 0x0000000705a00000| 53%| O|  |TAMS 0x00000007059119e0, 0x0000000705800000| Untracked 
|  30|0x0000000705a00000, 0x0000000705bfffd8, 0x0000000705c00000| 99%| O|  |TAMS 0x0000000705bfffd8, 0x0000000705a00000| Untracked 
|  31|0x0000000705c00000, 0x0000000705e00000, 0x0000000705e00000|100%| O|  |TAMS 0x0000000705e00000, 0x0000000705c00000| Untracked 
|  32|0x0000000705e00000, 0x0000000705e93918, 0x0000000706000000| 28%| O|  |TAMS 0x0000000705e93918, 0x0000000705e00000| Untracked 
|  33|0x0000000706000000, 0x0000000706200000, 0x0000000706200000|100%| O|  |TAMS 0x0000000706000000, 0x0000000706000000| Untracked 
|  34|0x0000000706200000, 0x000000070625e248, 0x0000000706400000| 18%| O|  |TAMS 0x000000070625e248, 0x0000000706200000| Untracked 
|  35|0x0000000706400000, 0x00000007065ffff0, 0x0000000706600000| 99%| O|  |TAMS 0x00000007065ffff0, 0x0000000706400000| Untracked 
|  36|0x0000000706600000, 0x000000070667d1a0, 0x0000000706800000| 24%| O|  |TAMS 0x000000070667d1a0, 0x0000000706600000| Untracked 
|  37|0x0000000706800000, 0x000000070683fd08, 0x0000000706a00000| 12%| O|  |TAMS 0x000000070683fd08, 0x0000000706800000| Untracked 
|  38|0x0000000706a00000, 0x0000000706c00000, 0x0000000706c00000|100%| O|  |TAMS 0x0000000706a00000, 0x0000000706a00000| Untracked 
|  39|0x0000000706c00000, 0x0000000706e00000, 0x0000000706e00000|100%| O|  |TAMS 0x0000000706c00000, 0x0000000706c00000| Untracked 
|  40|0x0000000706e00000, 0x0000000707000000, 0x0000000707000000|100%| O|  |TAMS 0x0000000706e00000, 0x0000000706e00000| Untracked 
|  41|0x0000000707000000, 0x0000000707200000, 0x0000000707200000|100%| O|  |TAMS 0x0000000707200000, 0x0000000707000000| Untracked 
|  42|0x0000000707200000, 0x0000000707400000, 0x0000000707400000|100%| O|  |TAMS 0x0000000707400000, 0x0000000707200000| Untracked 
|  43|0x0000000707400000, 0x0000000707600000, 0x0000000707600000|100%| O|  |TAMS 0x0000000707600000, 0x0000000707400000| Untracked 
|  44|0x0000000707600000, 0x0000000707800000, 0x0000000707800000|100%| O|  |TAMS 0x0000000707800000, 0x0000000707600000| Untracked 
|  45|0x0000000707800000, 0x0000000707a00000, 0x0000000707a00000|100%| O|  |TAMS 0x0000000707800000, 0x0000000707800000| Untracked 
|  46|0x0000000707a00000, 0x0000000707b68820, 0x0000000707c00000| 70%| O|  |TAMS 0x0000000707b68820, 0x0000000707a00000| Untracked 
|  47|0x0000000707c00000, 0x0000000707cae090, 0x0000000707e00000| 33%| O|  |TAMS 0x0000000707cae090, 0x0000000707c00000| Untracked 
|  48|0x0000000707e00000, 0x0000000708000000, 0x0000000708000000|100%| O|  |TAMS 0x0000000707e00000, 0x0000000707e00000| Untracked 
|  49|0x0000000708000000, 0x0000000708043e00, 0x0000000708200000| 13%| O|  |TAMS 0x0000000708000000, 0x0000000708000000| Untracked 
|  50|0x0000000708200000, 0x0000000708200000, 0x0000000708400000|  0%| F|  |TAMS 0x0000000708200000, 0x0000000708200000| Untracked 
|  51|0x0000000708400000, 0x0000000708400000, 0x0000000708600000|  0%| F|  |TAMS 0x0000000708400000, 0x0000000708400000| Untracked 
|  52|0x0000000708600000, 0x0000000708600000, 0x0000000708800000|  0%| F|  |TAMS 0x0000000708600000, 0x0000000708600000| Untracked 
|  53|0x0000000708800000, 0x0000000708800000, 0x0000000708a00000|  0%| F|  |TAMS 0x0000000708800000, 0x0000000708800000| Untracked 
|  54|0x0000000708a00000, 0x0000000708a00000, 0x0000000708c00000|  0%| F|  |TAMS 0x0000000708a00000, 0x0000000708a00000| Untracked 
|  55|0x0000000708c00000, 0x0000000708c00000, 0x0000000708e00000|  0%| F|  |TAMS 0x0000000708c00000, 0x0000000708c00000| Untracked 
|  56|0x0000000708e00000, 0x0000000708e00000, 0x0000000709000000|  0%| F|  |TAMS 0x0000000708e00000, 0x0000000708e00000| Untracked 
|  57|0x0000000709000000, 0x0000000709000000, 0x0000000709200000|  0%| F|  |TAMS 0x0000000709000000, 0x0000000709000000| Untracked 
|  58|0x0000000709200000, 0x0000000709200000, 0x0000000709400000|  0%| F|  |TAMS 0x0000000709200000, 0x0000000709200000| Untracked 
|  59|0x0000000709400000, 0x0000000709400000, 0x0000000709600000|  0%| F|  |TAMS 0x0000000709400000, 0x0000000709400000| Untracked 
|  60|0x0000000709600000, 0x0000000709600000, 0x0000000709800000|  0%| F|  |TAMS 0x0000000709600000, 0x0000000709600000| Untracked 
|  61|0x0000000709800000, 0x0000000709800000, 0x0000000709a00000|  0%| F|  |TAMS 0x0000000709800000, 0x0000000709800000| Untracked 
|  62|0x0000000709a00000, 0x0000000709a00000, 0x0000000709c00000|  0%| F|  |TAMS 0x0000000709a00000, 0x0000000709a00000| Untracked 
|  63|0x0000000709c00000, 0x0000000709c00000, 0x0000000709e00000|  0%| F|  |TAMS 0x0000000709c00000, 0x0000000709c00000| Untracked 
|  64|0x0000000709e00000, 0x0000000709e00000, 0x000000070a000000|  0%| F|  |TAMS 0x0000000709e00000, 0x0000000709e00000| Untracked 
|  65|0x000000070a000000, 0x000000070a000000, 0x000000070a200000|  0%| F|  |TAMS 0x000000070a000000, 0x000000070a000000| Untracked 
|  66|0x000000070a200000, 0x000000070a200000, 0x000000070a400000|  0%| F|  |TAMS 0x000000070a200000, 0x000000070a200000| Untracked 
|  67|0x000000070a400000, 0x000000070a400000, 0x000000070a600000|  0%| F|  |TAMS 0x000000070a400000, 0x000000070a400000| Untracked 
|  68|0x000000070a600000, 0x000000070a600000, 0x000000070a800000|  0%| F|  |TAMS 0x000000070a600000, 0x000000070a600000| Untracked 
|  69|0x000000070a800000, 0x000000070a800000, 0x000000070aa00000|  0%| F|  |TAMS 0x000000070a800000, 0x000000070a800000| Untracked 
|  70|0x000000070aa00000, 0x000000070aa00000, 0x000000070ac00000|  0%| F|  |TAMS 0x000000070aa00000, 0x000000070aa00000| Untracked 
|  71|0x000000070ac00000, 0x000000070ac00000, 0x000000070ae00000|  0%| F|  |TAMS 0x000000070ac00000, 0x000000070ac00000| Untracked 
|  72|0x000000070ae00000, 0x000000070ae00000, 0x000000070b000000|  0%| F|  |TAMS 0x000000070ae00000, 0x000000070ae00000| Untracked 
|  73|0x000000070b000000, 0x000000070b000000, 0x000000070b200000|  0%| F|  |TAMS 0x000000070b000000, 0x000000070b000000| Untracked 
|  74|0x000000070b200000, 0x000000070b200000, 0x000000070b400000|  0%| F|  |TAMS 0x000000070b200000, 0x000000070b200000| Untracked 
|  75|0x000000070b400000, 0x000000070b400000, 0x000000070b600000|  0%| F|  |TAMS 0x000000070b400000, 0x000000070b400000| Untracked 
|  76|0x000000070b600000, 0x000000070b600000, 0x000000070b800000|  0%| F|  |TAMS 0x000000070b600000, 0x000000070b600000| Untracked 
|  77|0x000000070b800000, 0x000000070b800000, 0x000000070ba00000|  0%| F|  |TAMS 0x000000070b800000, 0x000000070b800000| Untracked 
|  78|0x000000070ba00000, 0x000000070ba00000, 0x000000070bc00000|  0%| F|  |TAMS 0x000000070ba00000, 0x000000070ba00000| Untracked 
|  79|0x000000070bc00000, 0x000000070bc00000, 0x000000070be00000|  0%| F|  |TAMS 0x000000070bc00000, 0x000000070bc00000| Untracked 
|  80|0x000000070be00000, 0x000000070be00000, 0x000000070c000000|  0%| F|  |TAMS 0x000000070be00000, 0x000000070be00000| Untracked 
|  81|0x000000070c000000, 0x000000070c000000, 0x000000070c200000|  0%| F|  |TAMS 0x000000070c000000, 0x000000070c000000| Untracked 
|  82|0x000000070c200000, 0x000000070c200000, 0x000000070c400000|  0%| F|  |TAMS 0x000000070c200000, 0x000000070c200000| Untracked 
|  83|0x000000070c400000, 0x000000070c400000, 0x000000070c600000|  0%| F|  |TAMS 0x000000070c400000, 0x000000070c400000| Untracked 
|  84|0x000000070c600000, 0x000000070c600000, 0x000000070c800000|  0%| F|  |TAMS 0x000000070c600000, 0x000000070c600000| Untracked 
|  85|0x000000070c800000, 0x000000070c800000, 0x000000070ca00000|  0%| F|  |TAMS 0x000000070c800000, 0x000000070c800000| Untracked 
|  86|0x000000070ca00000, 0x000000070ca00000, 0x000000070cc00000|  0%| F|  |TAMS 0x000000070ca00000, 0x000000070ca00000| Untracked 
|  87|0x000000070cc00000, 0x000000070cc00000, 0x000000070ce00000|  0%| F|  |TAMS 0x000000070cc00000, 0x000000070cc00000| Untracked 
|  88|0x000000070ce00000, 0x000000070ce00000, 0x000000070d000000|  0%| F|  |TAMS 0x000000070ce00000, 0x000000070ce00000| Untracked 
|  89|0x000000070d000000, 0x000000070d000000, 0x000000070d200000|  0%| F|  |TAMS 0x000000070d000000, 0x000000070d000000| Untracked 
|  90|0x000000070d200000, 0x000000070d200000, 0x000000070d400000|  0%| F|  |TAMS 0x000000070d200000, 0x000000070d200000| Untracked 
|  91|0x000000070d400000, 0x000000070d400000, 0x000000070d600000|  0%| F|  |TAMS 0x000000070d400000, 0x000000070d400000| Untracked 
|  92|0x000000070d600000, 0x000000070d600000, 0x000000070d800000|  0%| F|  |TAMS 0x000000070d600000, 0x000000070d600000| Untracked 
|  93|0x000000070d800000, 0x000000070d800000, 0x000000070da00000|  0%| F|  |TAMS 0x000000070d800000, 0x000000070d800000| Untracked 
|  94|0x000000070da00000, 0x000000070da00000, 0x000000070dc00000|  0%| F|  |TAMS 0x000000070da00000, 0x000000070da00000| Untracked 
|  95|0x000000070dc00000, 0x000000070dc00000, 0x000000070de00000|  0%| F|  |TAMS 0x000000070dc00000, 0x000000070dc00000| Untracked 
|  96|0x000000070de00000, 0x000000070de00000, 0x000000070e000000|  0%| F|  |TAMS 0x000000070de00000, 0x000000070de00000| Untracked 
|  97|0x000000070e000000, 0x000000070e000000, 0x000000070e200000|  0%| F|  |TAMS 0x000000070e000000, 0x000000070e000000| Untracked 
|  98|0x000000070e200000, 0x000000070e360350, 0x000000070e400000| 68%| S|  |TAMS 0x000000070e200000, 0x000000070e200000| Complete 
|  99|0x000000070e400000, 0x000000070e600000, 0x000000070e600000|100%| S|  |TAMS 0x000000070e400000, 0x000000070e400000| Complete 
| 100|0x000000070e600000, 0x000000070e800000, 0x000000070e800000|100%| S|  |TAMS 0x000000070e600000, 0x000000070e600000| Complete 
| 101|0x000000070e800000, 0x000000070ea00000, 0x000000070ea00000|100%| S|  |TAMS 0x000000070e800000, 0x000000070e800000| Complete 
| 102|0x000000070ea00000, 0x000000070ec00000, 0x000000070ec00000|100%| S|  |TAMS 0x000000070ea00000, 0x000000070ea00000| Complete 
| 103|0x000000070ec00000, 0x000000070ee00000, 0x000000070ee00000|100%| S|  |TAMS 0x000000070ec00000, 0x000000070ec00000| Complete 
| 104|0x000000070ee00000, 0x000000070f000000, 0x000000070f000000|100%| S|  |TAMS 0x000000070ee00000, 0x000000070ee00000| Complete 
| 105|0x000000070f000000, 0x000000070f200000, 0x000000070f200000|100%| E|CS|TAMS 0x000000070f000000, 0x000000070f000000| Complete 
| 106|0x000000070f200000, 0x000000070f400000, 0x000000070f400000|100%| E|CS|TAMS 0x000000070f200000, 0x000000070f200000| Complete 
| 107|0x000000070f400000, 0x000000070f600000, 0x000000070f600000|100%| E|CS|TAMS 0x000000070f400000, 0x000000070f400000| Complete 
| 108|0x000000070f600000, 0x000000070f800000, 0x000000070f800000|100%| E|CS|TAMS 0x000000070f600000, 0x000000070f600000| Complete 
| 109|0x000000070f800000, 0x000000070fa00000, 0x000000070fa00000|100%| E|CS|TAMS 0x000000070f800000, 0x000000070f800000| Complete 
| 110|0x000000070fa00000, 0x000000070fc00000, 0x000000070fc00000|100%| E|CS|TAMS 0x000000070fa00000, 0x000000070fa00000| Complete 
| 111|0x000000070fc00000, 0x000000070fe00000, 0x000000070fe00000|100%| E|CS|TAMS 0x000000070fc00000, 0x000000070fc00000| Complete 
| 112|0x000000070fe00000, 0x0000000710000000, 0x0000000710000000|100%| E|CS|TAMS 0x000000070fe00000, 0x000000070fe00000| Complete 
| 113|0x0000000710000000, 0x0000000710200000, 0x0000000710200000|100%| E|CS|TAMS 0x0000000710000000, 0x0000000710000000| Complete 
| 114|0x0000000710200000, 0x0000000710400000, 0x0000000710400000|100%| S|  |TAMS 0x0000000710200000, 0x0000000710200000| Complete 
| 115|0x0000000710400000, 0x0000000710600000, 0x0000000710600000|100%| S|  |TAMS 0x0000000710400000, 0x0000000710400000| Complete 
| 116|0x0000000710600000, 0x0000000710800000, 0x0000000710800000|100%| S|  |TAMS 0x0000000710600000, 0x0000000710600000| Complete 
| 117|0x0000000710800000, 0x0000000710a00000, 0x0000000710a00000|100%| S|  |TAMS 0x0000000710800000, 0x0000000710800000| Complete 
| 118|0x0000000710a00000, 0x0000000710c00000, 0x0000000710c00000|100%| S|  |TAMS 0x0000000710a00000, 0x0000000710a00000| Complete 
| 119|0x0000000710c00000, 0x0000000710e00000, 0x0000000710e00000|100%| S|  |TAMS 0x0000000710c00000, 0x0000000710c00000| Complete 
| 120|0x0000000710e00000, 0x0000000711000000, 0x0000000711000000|100%| E|CS|TAMS 0x0000000710e00000, 0x0000000710e00000| Complete 
| 121|0x0000000711000000, 0x0000000711200000, 0x0000000711200000|100%| E|CS|TAMS 0x0000000711000000, 0x0000000711000000| Complete 
| 122|0x0000000711200000, 0x0000000711400000, 0x0000000711400000|100%| S|  |TAMS 0x0000000711200000, 0x0000000711200000| Complete 
| 123|0x0000000711400000, 0x0000000711600000, 0x0000000711600000|100%| S|  |TAMS 0x0000000711400000, 0x0000000711400000| Complete 
| 124|0x0000000711600000, 0x0000000711800000, 0x0000000711800000|100%| S|  |TAMS 0x0000000711600000, 0x0000000711600000| Complete 
| 125|0x0000000711800000, 0x0000000711a00000, 0x0000000711a00000|100%| S|  |TAMS 0x0000000711800000, 0x0000000711800000| Complete 
| 126|0x0000000711a00000, 0x0000000711c00000, 0x0000000711c00000|100%| S|  |TAMS 0x0000000711a00000, 0x0000000711a00000| Complete 
| 127|0x0000000711c00000, 0x0000000711e00000, 0x0000000711e00000|100%| E|CS|TAMS 0x0000000711c00000, 0x0000000711c00000| Complete 
| 128|0x0000000711e00000, 0x0000000712000000, 0x0000000712000000|100%| E|CS|TAMS 0x0000000711e00000, 0x0000000711e00000| Complete 
| 129|0x0000000712000000, 0x0000000712200000, 0x0000000712200000|100%| E|CS|TAMS 0x0000000712000000, 0x0000000712000000| Complete 
| 130|0x0000000712200000, 0x0000000712400000, 0x0000000712400000|100%| E|CS|TAMS 0x0000000712200000, 0x0000000712200000| Complete 
| 131|0x0000000712400000, 0x0000000712600000, 0x0000000712600000|100%| E|CS|TAMS 0x0000000712400000, 0x0000000712400000| Complete 
| 132|0x0000000712600000, 0x0000000712800000, 0x0000000712800000|100%| E|CS|TAMS 0x0000000712600000, 0x0000000712600000| Complete 
| 133|0x0000000712800000, 0x0000000712a00000, 0x0000000712a00000|100%| E|CS|TAMS 0x0000000712800000, 0x0000000712800000| Complete 
| 134|0x0000000712a00000, 0x0000000712c00000, 0x0000000712c00000|100%| E|CS|TAMS 0x0000000712a00000, 0x0000000712a00000| Complete 
| 135|0x0000000712c00000, 0x0000000712e00000, 0x0000000712e00000|100%| E|CS|TAMS 0x0000000712c00000, 0x0000000712c00000| Complete 
| 136|0x0000000712e00000, 0x0000000713000000, 0x0000000713000000|100%| E|CS|TAMS 0x0000000712e00000, 0x0000000712e00000| Complete 
| 137|0x0000000713000000, 0x0000000713200000, 0x0000000713200000|100%| E|CS|TAMS 0x0000000713000000, 0x0000000713000000| Complete 
| 138|0x0000000713200000, 0x0000000713400000, 0x0000000713400000|100%| E|CS|TAMS 0x0000000713200000, 0x0000000713200000| Complete 
| 139|0x0000000713400000, 0x0000000713600000, 0x0000000713600000|100%| E|CS|TAMS 0x0000000713400000, 0x0000000713400000| Complete 
| 140|0x0000000713600000, 0x0000000713800000, 0x0000000713800000|100%| E|CS|TAMS 0x0000000713600000, 0x0000000713600000| Complete 
| 141|0x0000000713800000, 0x0000000713a00000, 0x0000000713a00000|100%| E|CS|TAMS 0x0000000713800000, 0x0000000713800000| Complete 
| 142|0x0000000713a00000, 0x0000000713c00000, 0x0000000713c00000|100%| E|CS|TAMS 0x0000000713a00000, 0x0000000713a00000| Complete 
| 143|0x0000000713c00000, 0x0000000713e00000, 0x0000000713e00000|100%| E|CS|TAMS 0x0000000713c00000, 0x0000000713c00000| Complete 
| 144|0x0000000713e00000, 0x0000000714000000, 0x0000000714000000|100%| E|CS|TAMS 0x0000000713e00000, 0x0000000713e00000| Complete 
| 145|0x0000000714000000, 0x0000000714200000, 0x0000000714200000|100%| E|CS|TAMS 0x0000000714000000, 0x0000000714000000| Complete 
| 146|0x0000000714200000, 0x0000000714400000, 0x0000000714400000|100%| E|CS|TAMS 0x0000000714200000, 0x0000000714200000| Complete 
| 147|0x0000000714400000, 0x0000000714600000, 0x0000000714600000|100%| E|CS|TAMS 0x0000000714400000, 0x0000000714400000| Complete 
| 148|0x0000000714600000, 0x0000000714800000, 0x0000000714800000|100%| E|CS|TAMS 0x0000000714600000, 0x0000000714600000| Complete 
| 149|0x0000000714800000, 0x0000000714a00000, 0x0000000714a00000|100%| E|CS|TAMS 0x0000000714800000, 0x0000000714800000| Complete 
| 150|0x0000000714a00000, 0x0000000714c00000, 0x0000000714c00000|100%| E|CS|TAMS 0x0000000714a00000, 0x0000000714a00000| Complete 
| 151|0x0000000714c00000, 0x0000000714e00000, 0x0000000714e00000|100%| E|CS|TAMS 0x0000000714c00000, 0x0000000714c00000| Complete 
| 152|0x0000000714e00000, 0x0000000715000000, 0x0000000715000000|100%| E|CS|TAMS 0x0000000714e00000, 0x0000000714e00000| Complete 
| 153|0x0000000715000000, 0x0000000715200000, 0x0000000715200000|100%| E|CS|TAMS 0x0000000715000000, 0x0000000715000000| Complete 
| 154|0x0000000715200000, 0x0000000715400000, 0x0000000715400000|100%| E|CS|TAMS 0x0000000715200000, 0x0000000715200000| Complete 
| 155|0x0000000715400000, 0x0000000715600000, 0x0000000715600000|100%| E|CS|TAMS 0x0000000715400000, 0x0000000715400000| Complete 
| 156|0x0000000715600000, 0x0000000715800000, 0x0000000715800000|100%| E|CS|TAMS 0x0000000715600000, 0x0000000715600000| Complete 
| 157|0x0000000715800000, 0x0000000715a00000, 0x0000000715a00000|100%| E|CS|TAMS 0x0000000715800000, 0x0000000715800000| Complete 
| 158|0x0000000715a00000, 0x0000000715c00000, 0x0000000715c00000|100%| E|CS|TAMS 0x0000000715a00000, 0x0000000715a00000| Complete 
| 159|0x0000000715c00000, 0x0000000715e00000, 0x0000000715e00000|100%| E|CS|TAMS 0x0000000715c00000, 0x0000000715c00000| Complete 
| 160|0x0000000715e00000, 0x0000000716000000, 0x0000000716000000|100%| E|CS|TAMS 0x0000000715e00000, 0x0000000715e00000| Complete 
| 161|0x0000000716000000, 0x0000000716200000, 0x0000000716200000|100%| E|CS|TAMS 0x0000000716000000, 0x0000000716000000| Complete 
| 162|0x0000000716200000, 0x0000000716400000, 0x0000000716400000|100%| E|CS|TAMS 0x0000000716200000, 0x0000000716200000| Complete 
| 163|0x0000000716400000, 0x0000000716600000, 0x0000000716600000|100%| E|CS|TAMS 0x0000000716400000, 0x0000000716400000| Complete 
| 164|0x0000000716600000, 0x0000000716800000, 0x0000000716800000|100%| E|CS|TAMS 0x0000000716600000, 0x0000000716600000| Complete 
| 165|0x0000000716800000, 0x0000000716a00000, 0x0000000716a00000|100%| E|CS|TAMS 0x0000000716800000, 0x0000000716800000| Complete 
| 166|0x0000000716a00000, 0x0000000716c00000, 0x0000000716c00000|100%| E|CS|TAMS 0x0000000716a00000, 0x0000000716a00000| Complete 
| 167|0x0000000716c00000, 0x0000000716e00000, 0x0000000716e00000|100%| E|CS|TAMS 0x0000000716c00000, 0x0000000716c00000| Complete 
| 168|0x0000000716e00000, 0x0000000717000000, 0x0000000717000000|100%| E|CS|TAMS 0x0000000716e00000, 0x0000000716e00000| Complete 
| 169|0x0000000717000000, 0x0000000717200000, 0x0000000717200000|100%| E|CS|TAMS 0x0000000717000000, 0x0000000717000000| Complete 
| 170|0x0000000717200000, 0x0000000717400000, 0x0000000717400000|100%| E|CS|TAMS 0x0000000717200000, 0x0000000717200000| Complete 
| 171|0x0000000717400000, 0x0000000717600000, 0x0000000717600000|100%| E|CS|TAMS 0x0000000717400000, 0x0000000717400000| Complete 
| 172|0x0000000717600000, 0x0000000717800000, 0x0000000717800000|100%| E|CS|TAMS 0x0000000717600000, 0x0000000717600000| Complete 
| 173|0x0000000717800000, 0x0000000717a00000, 0x0000000717a00000|100%| E|CS|TAMS 0x0000000717800000, 0x0000000717800000| Complete 
| 174|0x0000000717a00000, 0x0000000717c00000, 0x0000000717c00000|100%| E|CS|TAMS 0x0000000717a00000, 0x0000000717a00000| Complete 
| 175|0x0000000717c00000, 0x0000000717e00000, 0x0000000717e00000|100%| E|CS|TAMS 0x0000000717c00000, 0x0000000717c00000| Complete 
| 176|0x0000000717e00000, 0x0000000718000000, 0x0000000718000000|100%| E|CS|TAMS 0x0000000717e00000, 0x0000000717e00000| Complete 
| 177|0x0000000718000000, 0x0000000718200000, 0x0000000718200000|100%| E|CS|TAMS 0x0000000718000000, 0x0000000718000000| Complete 
| 178|0x0000000718200000, 0x0000000718400000, 0x0000000718400000|100%| E|CS|TAMS 0x0000000718200000, 0x0000000718200000| Complete 
| 179|0x0000000718400000, 0x0000000718600000, 0x0000000718600000|100%| E|CS|TAMS 0x0000000718400000, 0x0000000718400000| Complete 
| 180|0x0000000718600000, 0x0000000718800000, 0x0000000718800000|100%| E|CS|TAMS 0x0000000718600000, 0x0000000718600000| Complete 
| 181|0x0000000718800000, 0x0000000718a00000, 0x0000000718a00000|100%| E|CS|TAMS 0x0000000718800000, 0x0000000718800000| Complete 
| 182|0x0000000718a00000, 0x0000000718c00000, 0x0000000718c00000|100%| E|CS|TAMS 0x0000000718a00000, 0x0000000718a00000| Complete 
| 183|0x0000000718c00000, 0x0000000718e00000, 0x0000000718e00000|100%| E|CS|TAMS 0x0000000718c00000, 0x0000000718c00000| Complete 
| 184|0x0000000718e00000, 0x0000000719000000, 0x0000000719000000|100%| E|CS|TAMS 0x0000000718e00000, 0x0000000718e00000| Complete 
| 185|0x0000000719000000, 0x0000000719200000, 0x0000000719200000|100%| E|CS|TAMS 0x0000000719000000, 0x0000000719000000| Complete 
| 186|0x0000000719200000, 0x0000000719400000, 0x0000000719400000|100%| E|CS|TAMS 0x0000000719200000, 0x0000000719200000| Complete 
| 187|0x0000000719400000, 0x0000000719600000, 0x0000000719600000|100%| E|CS|TAMS 0x0000000719400000, 0x0000000719400000| Complete 
| 188|0x0000000719600000, 0x0000000719800000, 0x0000000719800000|100%| E|CS|TAMS 0x0000000719600000, 0x0000000719600000| Complete 
| 189|0x0000000719800000, 0x0000000719a00000, 0x0000000719a00000|100%| E|CS|TAMS 0x0000000719800000, 0x0000000719800000| Complete 
| 190|0x0000000719a00000, 0x0000000719c00000, 0x0000000719c00000|100%| E|CS|TAMS 0x0000000719a00000, 0x0000000719a00000| Complete 
| 191|0x0000000719c00000, 0x0000000719e00000, 0x0000000719e00000|100%| E|CS|TAMS 0x0000000719c00000, 0x0000000719c00000| Complete 
| 192|0x0000000719e00000, 0x000000071a000000, 0x000000071a000000|100%| E|CS|TAMS 0x0000000719e00000, 0x0000000719e00000| Complete 
| 193|0x000000071a000000, 0x000000071a200000, 0x000000071a200000|100%| E|CS|TAMS 0x000000071a000000, 0x000000071a000000| Complete 
| 194|0x000000071a200000, 0x000000071a400000, 0x000000071a400000|100%| E|CS|TAMS 0x000000071a200000, 0x000000071a200000| Complete 
| 195|0x000000071a400000, 0x000000071a600000, 0x000000071a600000|100%| E|CS|TAMS 0x000000071a400000, 0x000000071a400000| Complete 
| 196|0x000000071a600000, 0x000000071a800000, 0x000000071a800000|100%| E|CS|TAMS 0x000000071a600000, 0x000000071a600000| Complete 
| 197|0x000000071a800000, 0x000000071aa00000, 0x000000071aa00000|100%| E|CS|TAMS 0x000000071a800000, 0x000000071a800000| Complete 
| 198|0x000000071aa00000, 0x000000071ac00000, 0x000000071ac00000|100%| E|CS|TAMS 0x000000071aa00000, 0x000000071aa00000| Complete 
| 199|0x000000071ac00000, 0x000000071ae00000, 0x000000071ae00000|100%| E|CS|TAMS 0x000000071ac00000, 0x000000071ac00000| Complete 
| 200|0x000000071ae00000, 0x000000071b000000, 0x000000071b000000|100%| E|CS|TAMS 0x000000071ae00000, 0x000000071ae00000| Complete 
| 201|0x000000071b000000, 0x000000071b200000, 0x000000071b200000|100%| E|CS|TAMS 0x000000071b000000, 0x000000071b000000| Complete 
| 202|0x000000071b200000, 0x000000071b400000, 0x000000071b400000|100%| E|CS|TAMS 0x000000071b200000, 0x000000071b200000| Complete 
| 203|0x000000071b400000, 0x000000071b600000, 0x000000071b600000|100%| E|CS|TAMS 0x000000071b400000, 0x000000071b400000| Complete 
| 204|0x000000071b600000, 0x000000071b800000, 0x000000071b800000|100%| E|CS|TAMS 0x000000071b600000, 0x000000071b600000| Complete 
| 205|0x000000071b800000, 0x000000071ba00000, 0x000000071ba00000|100%| E|CS|TAMS 0x000000071b800000, 0x000000071b800000| Complete 
| 206|0x000000071ba00000, 0x000000071bc00000, 0x000000071bc00000|100%| E|CS|TAMS 0x000000071ba00000, 0x000000071ba00000| Complete 
| 207|0x000000071bc00000, 0x000000071be00000, 0x000000071be00000|100%| E|CS|TAMS 0x000000071bc00000, 0x000000071bc00000| Complete 
| 208|0x000000071be00000, 0x000000071c000000, 0x000000071c000000|100%| E|CS|TAMS 0x000000071be00000, 0x000000071be00000| Complete 
| 209|0x000000071c000000, 0x000000071c200000, 0x000000071c200000|100%| E|CS|TAMS 0x000000071c000000, 0x000000071c000000| Complete 
| 210|0x000000071c200000, 0x000000071c400000, 0x000000071c400000|100%| E|CS|TAMS 0x000000071c200000, 0x000000071c200000| Complete 
| 211|0x000000071c400000, 0x000000071c600000, 0x000000071c600000|100%| E|CS|TAMS 0x000000071c400000, 0x000000071c400000| Complete 
| 212|0x000000071c600000, 0x000000071c800000, 0x000000071c800000|100%| E|CS|TAMS 0x000000071c600000, 0x000000071c600000| Complete 
| 213|0x000000071c800000, 0x000000071ca00000, 0x000000071ca00000|100%| E|CS|TAMS 0x000000071c800000, 0x000000071c800000| Complete 
| 214|0x000000071ca00000, 0x000000071cc00000, 0x000000071cc00000|100%| E|CS|TAMS 0x000000071ca00000, 0x000000071ca00000| Complete 
| 215|0x000000071cc00000, 0x000000071ce00000, 0x000000071ce00000|100%| E|CS|TAMS 0x000000071cc00000, 0x000000071cc00000| Complete 
| 216|0x000000071ce00000, 0x000000071d000000, 0x000000071d000000|100%| E|CS|TAMS 0x000000071ce00000, 0x000000071ce00000| Complete 
| 217|0x000000071d000000, 0x000000071d200000, 0x000000071d200000|100%| E|CS|TAMS 0x000000071d000000, 0x000000071d000000| Complete 
| 218|0x000000071d200000, 0x000000071d400000, 0x000000071d400000|100%| E|CS|TAMS 0x000000071d200000, 0x000000071d200000| Complete 
| 219|0x000000071d400000, 0x000000071d600000, 0x000000071d600000|100%| E|CS|TAMS 0x000000071d400000, 0x000000071d400000| Complete 
| 220|0x000000071d600000, 0x000000071d800000, 0x000000071d800000|100%| E|CS|TAMS 0x000000071d600000, 0x000000071d600000| Complete 
| 221|0x000000071d800000, 0x000000071da00000, 0x000000071da00000|100%| E|CS|TAMS 0x000000071d800000, 0x000000071d800000| Complete 
| 222|0x000000071da00000, 0x000000071dc00000, 0x000000071dc00000|100%| E|CS|TAMS 0x000000071da00000, 0x000000071da00000| Complete 
| 223|0x000000071dc00000, 0x000000071de00000, 0x000000071de00000|100%| E|CS|TAMS 0x000000071dc00000, 0x000000071dc00000| Complete 
| 224|0x000000071de00000, 0x000000071e000000, 0x000000071e000000|100%| E|CS|TAMS 0x000000071de00000, 0x000000071de00000| Complete 
| 225|0x000000071e000000, 0x000000071e200000, 0x000000071e200000|100%| E|CS|TAMS 0x000000071e000000, 0x000000071e000000| Complete 
| 226|0x000000071e200000, 0x000000071e400000, 0x000000071e400000|100%| E|CS|TAMS 0x000000071e200000, 0x000000071e200000| Complete 
| 227|0x000000071e400000, 0x000000071e600000, 0x000000071e600000|100%| E|CS|TAMS 0x000000071e400000, 0x000000071e400000| Complete 
| 228|0x000000071e600000, 0x000000071e800000, 0x000000071e800000|100%| E|CS|TAMS 0x000000071e600000, 0x000000071e600000| Complete 
| 229|0x000000071e800000, 0x000000071ea00000, 0x000000071ea00000|100%| E|CS|TAMS 0x000000071e800000, 0x000000071e800000| Complete 
| 230|0x000000071ea00000, 0x000000071ec00000, 0x000000071ec00000|100%| E|CS|TAMS 0x000000071ea00000, 0x000000071ea00000| Complete 
| 231|0x000000071ec00000, 0x000000071ee00000, 0x000000071ee00000|100%| E|CS|TAMS 0x000000071ec00000, 0x000000071ec00000| Complete 
| 232|0x000000071ee00000, 0x000000071f000000, 0x000000071f000000|100%| E|CS|TAMS 0x000000071ee00000, 0x000000071ee00000| Complete 
| 233|0x000000071f000000, 0x000000071f200000, 0x000000071f200000|100%| E|CS|TAMS 0x000000071f000000, 0x000000071f000000| Complete 
| 234|0x000000071f200000, 0x000000071f400000, 0x000000071f400000|100%| E|CS|TAMS 0x000000071f200000, 0x000000071f200000| Complete 
| 235|0x000000071f400000, 0x000000071f600000, 0x000000071f600000|100%| E|CS|TAMS 0x000000071f400000, 0x000000071f400000| Complete 
| 236|0x000000071f600000, 0x000000071f800000, 0x000000071f800000|100%| E|CS|TAMS 0x000000071f600000, 0x000000071f600000| Complete 
| 237|0x000000071f800000, 0x000000071fa00000, 0x000000071fa00000|100%| E|CS|TAMS 0x000000071f800000, 0x000000071f800000| Complete 
| 238|0x000000071fa00000, 0x000000071fc00000, 0x000000071fc00000|100%| E|CS|TAMS 0x000000071fa00000, 0x000000071fa00000| Complete 
| 239|0x000000071fc00000, 0x000000071fe00000, 0x000000071fe00000|100%| E|CS|TAMS 0x000000071fc00000, 0x000000071fc00000| Complete 
| 240|0x000000071fe00000, 0x0000000720000000, 0x0000000720000000|100%| E|CS|TAMS 0x000000071fe00000, 0x000000071fe00000| Complete 
| 241|0x0000000720000000, 0x0000000720200000, 0x0000000720200000|100%| E|CS|TAMS 0x0000000720000000, 0x0000000720000000| Complete 
| 242|0x0000000720200000, 0x0000000720400000, 0x0000000720400000|100%| E|CS|TAMS 0x0000000720200000, 0x0000000720200000| Complete 
| 243|0x0000000720400000, 0x0000000720600000, 0x0000000720600000|100%| E|CS|TAMS 0x0000000720400000, 0x0000000720400000| Complete 
| 244|0x0000000720600000, 0x0000000720800000, 0x0000000720800000|100%| E|CS|TAMS 0x0000000720600000, 0x0000000720600000| Complete 
| 245|0x0000000720800000, 0x0000000720a00000, 0x0000000720a00000|100%| E|CS|TAMS 0x0000000720800000, 0x0000000720800000| Complete 
| 246|0x0000000720a00000, 0x0000000720c00000, 0x0000000720c00000|100%| E|CS|TAMS 0x0000000720a00000, 0x0000000720a00000| Complete 
| 247|0x0000000720c00000, 0x0000000720e00000, 0x0000000720e00000|100%| E|CS|TAMS 0x0000000720c00000, 0x0000000720c00000| Complete 
| 248|0x0000000720e00000, 0x0000000721000000, 0x0000000721000000|100%| E|CS|TAMS 0x0000000720e00000, 0x0000000720e00000| Complete 
| 249|0x0000000721000000, 0x0000000721200000, 0x0000000721200000|100%| E|CS|TAMS 0x0000000721000000, 0x0000000721000000| Complete 
| 250|0x0000000721200000, 0x0000000721400000, 0x0000000721400000|100%| E|CS|TAMS 0x0000000721200000, 0x0000000721200000| Complete 
| 251|0x0000000721400000, 0x0000000721600000, 0x0000000721600000|100%| E|CS|TAMS 0x0000000721400000, 0x0000000721400000| Complete 
| 252|0x0000000721600000, 0x0000000721800000, 0x0000000721800000|100%| E|CS|TAMS 0x0000000721600000, 0x0000000721600000| Complete 
| 253|0x0000000721800000, 0x0000000721a00000, 0x0000000721a00000|100%| E|CS|TAMS 0x0000000721800000, 0x0000000721800000| Complete 
| 254|0x0000000721a00000, 0x0000000721c00000, 0x0000000721c00000|100%| E|CS|TAMS 0x0000000721a00000, 0x0000000721a00000| Complete 
| 255|0x0000000721c00000, 0x0000000721e00000, 0x0000000721e00000|100%| E|CS|TAMS 0x0000000721c00000, 0x0000000721c00000| Complete 
| 256|0x0000000721e00000, 0x0000000722000000, 0x0000000722000000|100%| E|CS|TAMS 0x0000000721e00000, 0x0000000721e00000| Complete 
| 257|0x0000000722000000, 0x0000000722200000, 0x0000000722200000|100%| E|CS|TAMS 0x0000000722000000, 0x0000000722000000| Complete 
| 258|0x0000000722200000, 0x0000000722400000, 0x0000000722400000|100%| E|CS|TAMS 0x0000000722200000, 0x0000000722200000| Complete 
| 259|0x0000000722400000, 0x0000000722600000, 0x0000000722600000|100%| E|CS|TAMS 0x0000000722400000, 0x0000000722400000| Complete 
| 260|0x0000000722600000, 0x0000000722800000, 0x0000000722800000|100%| E|CS|TAMS 0x0000000722600000, 0x0000000722600000| Complete 
| 261|0x0000000722800000, 0x0000000722a00000, 0x0000000722a00000|100%| E|CS|TAMS 0x0000000722800000, 0x0000000722800000| Complete 
| 262|0x0000000722a00000, 0x0000000722c00000, 0x0000000722c00000|100%| E|CS|TAMS 0x0000000722a00000, 0x0000000722a00000| Complete 
| 263|0x0000000722c00000, 0x0000000722e00000, 0x0000000722e00000|100%| E|CS|TAMS 0x0000000722c00000, 0x0000000722c00000| Complete 
| 264|0x0000000722e00000, 0x0000000723000000, 0x0000000723000000|100%| E|CS|TAMS 0x0000000722e00000, 0x0000000722e00000| Complete 
| 265|0x0000000723000000, 0x0000000723200000, 0x0000000723200000|100%| E|CS|TAMS 0x0000000723000000, 0x0000000723000000| Complete 
| 266|0x0000000723200000, 0x0000000723400000, 0x0000000723400000|100%| E|CS|TAMS 0x0000000723200000, 0x0000000723200000| Complete 
| 267|0x0000000723400000, 0x0000000723600000, 0x0000000723600000|100%| E|CS|TAMS 0x0000000723400000, 0x0000000723400000| Complete 
| 268|0x0000000723600000, 0x0000000723800000, 0x0000000723800000|100%| E|CS|TAMS 0x0000000723600000, 0x0000000723600000| Complete 
| 269|0x0000000723800000, 0x0000000723a00000, 0x0000000723a00000|100%| E|CS|TAMS 0x0000000723800000, 0x0000000723800000| Complete 
| 270|0x0000000723a00000, 0x0000000723c00000, 0x0000000723c00000|100%| E|CS|TAMS 0x0000000723a00000, 0x0000000723a00000| Complete 
| 271|0x0000000723c00000, 0x0000000723e00000, 0x0000000723e00000|100%| E|CS|TAMS 0x0000000723c00000, 0x0000000723c00000| Complete 
| 272|0x0000000723e00000, 0x0000000724000000, 0x0000000724000000|100%| E|CS|TAMS 0x0000000723e00000, 0x0000000723e00000| Complete 
| 273|0x0000000724000000, 0x0000000724200000, 0x0000000724200000|100%| E|CS|TAMS 0x0000000724000000, 0x0000000724000000| Complete 
| 274|0x0000000724200000, 0x0000000724400000, 0x0000000724400000|100%| E|CS|TAMS 0x0000000724200000, 0x0000000724200000| Complete 
| 275|0x0000000724400000, 0x0000000724600000, 0x0000000724600000|100%| E|CS|TAMS 0x0000000724400000, 0x0000000724400000| Complete 
| 276|0x0000000724600000, 0x0000000724800000, 0x0000000724800000|100%| E|CS|TAMS 0x0000000724600000, 0x0000000724600000| Complete 
| 277|0x0000000724800000, 0x0000000724a00000, 0x0000000724a00000|100%| E|CS|TAMS 0x0000000724800000, 0x0000000724800000| Complete 
| 278|0x0000000724a00000, 0x0000000724c00000, 0x0000000724c00000|100%| E|CS|TAMS 0x0000000724a00000, 0x0000000724a00000| Complete 
| 279|0x0000000724c00000, 0x0000000724e00000, 0x0000000724e00000|100%| E|CS|TAMS 0x0000000724c00000, 0x0000000724c00000| Complete 
| 280|0x0000000724e00000, 0x0000000725000000, 0x0000000725000000|100%| E|CS|TAMS 0x0000000724e00000, 0x0000000724e00000| Complete 
| 281|0x0000000725000000, 0x0000000725200000, 0x0000000725200000|100%| E|CS|TAMS 0x0000000725000000, 0x0000000725000000| Complete 
| 282|0x0000000725200000, 0x0000000725400000, 0x0000000725400000|100%| E|CS|TAMS 0x0000000725200000, 0x0000000725200000| Complete 
| 283|0x0000000725400000, 0x0000000725600000, 0x0000000725600000|100%| E|CS|TAMS 0x0000000725400000, 0x0000000725400000| Complete 
| 284|0x0000000725600000, 0x0000000725800000, 0x0000000725800000|100%| E|CS|TAMS 0x0000000725600000, 0x0000000725600000| Complete 
| 285|0x0000000725800000, 0x0000000725a00000, 0x0000000725a00000|100%| E|CS|TAMS 0x0000000725800000, 0x0000000725800000| Complete 
| 286|0x0000000725a00000, 0x0000000725c00000, 0x0000000725c00000|100%| E|CS|TAMS 0x0000000725a00000, 0x0000000725a00000| Complete 
| 287|0x0000000725c00000, 0x0000000725e00000, 0x0000000725e00000|100%| E|CS|TAMS 0x0000000725c00000, 0x0000000725c00000| Complete 

Card table byte_map: [0x0000022f9c1a0000,0x0000022f9c9a0000] _byte_map_base: 0x0000022f98991000

Marking Bits (Prev, Next): (CMBitMap*) 0x0000022f84e2ee30, (CMBitMap*) 0x0000022f84e2ee70
 Prev Bits: [0x0000022f9d1a0000, 0x0000022fa1128000)
 Next Bits: [0x0000022fa1130000, 0x0000022fa50b8000)

Polling page: 0x0000022f84580000

Metaspace:

Usage:
  Non-class:    145.23 MB used.
      Class:     17.57 MB used.
       Both:    162.80 MB used.

Virtual space:
  Non-class space:      192.00 MB reserved,     145.81 MB ( 76%) committed,  3 nodes.
      Class space:        1.00 GB reserved,      18.12 MB (  2%) committed,  1 nodes.
             Both:        1.19 GB reserved,     163.94 MB ( 13%) committed. 

Chunk freelists:
   Non-Class:  30.00 MB
       Class:  13.91 MB
        Both:  43.91 MB

MaxMetaspaceSize: unlimited
CompressedClassSpaceSize: 1.00 GB
Initial GC threshold: 21.00 MB
Current GC threshold: 288.25 MB
CDS: on
MetaspaceReclaimPolicy: balanced
 - commit_granule_bytes: 65536.
 - commit_granule_words: 8192.
 - virtual_space_node_default_size: 8388608.
 - enlarge_chunks_in_place: 1.
 - new_chunks_are_fully_committed: 0.
 - uncommit_free_chunks: 1.
 - use_allocation_guard: 0.
 - handle_deallocations: 1.


Internal statistics:

num_allocs_failed_limit: 11.
num_arena_births: 4920.
num_arena_deaths: 2960.
num_vsnodes_births: 4.
num_vsnodes_deaths: 0.
num_space_committed: 3109.
num_space_uncommitted: 486.
num_chunks_returned_to_freelist: 6659.
num_chunks_taken_from_freelist: 17602.
num_chunk_merges: 1879.
num_chunk_splits: 9020.
num_chunks_enlarged: 5221.
num_inconsistent_stats: 0.

CodeHeap 'non-profiled nmethods': size=120000Kb used=33628Kb max_used=33628Kb free=86371Kb
 bounds [0x0000022f94140000, 0x0000022f96220000, 0x0000022f9b670000]
CodeHeap 'profiled nmethods': size=120000Kb used=43203Kb max_used=43675Kb free=76796Kb
 bounds [0x0000022f8c670000, 0x0000022f8f140000, 0x0000022f93ba0000]
CodeHeap 'non-nmethods': size=5760Kb used=1531Kb max_used=1690Kb free=4228Kb
 bounds [0x0000022f93ba0000, 0x0000022f93e10000, 0x0000022f94140000]
 total_blobs=22935 nmethods=22134 adapters=711
 compilation: enabled
              stopped_count=0, restarted_count=0
 full_count=0

Compilation events (20 events):
Event: 70940.816 Thread 0x0000022fed01bde0 nmethod 30083 0x0000022f8e81c010 code [0x0000022f8e81c320, 0x0000022f8e81d738]
Event: 70940.816 Thread 0x0000022fed01bde0 30085       3       org.springframework.boot.context.properties.bind.MapBinder$EntryBinder$$Lambda$329/0x0000022fa91d6228::apply (17 bytes)
Event: 70940.816 Thread 0x0000022fed01bde0 nmethod 30085 0x0000022f8e020090 code [0x0000022f8e020240, 0x0000022f8e0205c8]
Event: 70940.816 Thread 0x0000022fed01bde0 30086       3       org.springframework.context.support.AbstractApplicationContext::getBeanProvider (15 bytes)
Event: 70940.817 Thread 0x0000022fed01bde0 nmethod 30086 0x0000022f8d924a90 code [0x0000022f8d924ca0, 0x0000022f8d9252b8]
Event: 70940.831 Thread 0x0000022fed01bde0 30087       3       org.hibernate.query.sqm.internal.SqmCriteriaNodeBuilder::and (22 bytes)
Event: 70940.832 Thread 0x0000022fed01bde0 nmethod 30087 0x0000022f8de80410 code [0x0000022f8de80640, 0x0000022f8de81288]
Event: 70940.833 Thread 0x0000022fed017690 30088       4       java.util.regex.Pattern::family (667 bytes)
Event: 70940.873 Thread 0x0000022fed017690 nmethod 30088 0x0000022f9620f390 code [0x0000022f9620f5e0, 0x0000022f96210af0]
Event: 70940.873 Thread 0x0000022fed017690 30089       4       org.springframework.boot.context.properties.ConfigurationPropertiesBindingPostProcessor::postProcessBeforeInitialization (23 bytes)
Event: 70940.969 Thread 0x0000022fed017690 nmethod 30089 0x0000022f96211890 code [0x0000022f96211c60, 0x0000022f96214e70]
Event: 70940.970 Thread 0x0000022fed017690 30092       4       org.springframework.util.ClassUtils::findMethodCandidatesByName (68 bytes)
Event: 70940.972 Thread 0x0000022fed01bde0 30093       3       org.hibernate.query.hql.internal.SemanticQueryBuilder::visitCurrentTimestampFunction (6 bytes)
Event: 70940.973 Thread 0x0000022fed01bde0 nmethod 30093 0x0000022f8dd44490 code [0x0000022f8dd44740, 0x0000022f8dd454e8]
Event: 70940.973 Thread 0x0000022fed01bde0 30094       3       org.hibernate.query.hql.internal.SemanticQueryBuilder::visitCurrentTimestampFunction (29 bytes)
Event: 70940.974 Thread 0x0000022fed01bde0 nmethod 30094 0x0000022f8ed98b10 code [0x0000022f8ed98de0, 0x0000022f8ed99e08]
Event: 70941.005 Thread 0x0000022fed01bde0 30095       3       org.springframework.http.converter.AbstractHttpMessageConverter::setSupportedMediaTypes (15 bytes)
Event: 70941.005 Thread 0x0000022fed01bde0 nmethod 30095 0x0000022f8c7a8690 code [0x0000022f8c7a8880, 0x0000022f8c7a8da8]
Event: 70941.054 Thread 0x0000022fed01bde0 30097       2       org.springframework.data.jpa.repository.query.JpaQueryParsingToken$$Lambda$1517/0x0000022fa9ab8220::<init> (10 bytes)
Event: 70941.054 Thread 0x0000022fed01bde0 nmethod 30097 0x0000022f8d23dd10 code [0x0000022f8d23dea0, 0x0000022f8d23dff8]

GC Heap History (20 events):
Event: 70855.928 GC heap after
{Heap after GC invocations=308 (full 5):
 garbage-first heap   total 1472512K, used 102871K [0x0000000701e00000, 0x0000000800000000)
  region size 2048K, 8 young (16384K), 8 survivors (16384K)
 Metaspace       used 149911K, committed 160704K, reserved 1245184K
  class space    used 16714K, committed 18368K, reserved 1048576K
}
Event: 70860.213 GC heap before
{Heap before GC invocations=308 (full 5):
 garbage-first heap   total 1472512K, used 365015K [0x0000000701e00000, 0x0000000800000000)
  region size 2048K, 136 young (278528K), 8 survivors (16384K)
 Metaspace       used 151736K, committed 160704K, reserved 1245184K
  class space    used 16837K, committed 18368K, reserved 1048576K
}
Event: 70860.435 GC heap after
{Heap after GC invocations=309 (full 5):
 garbage-first heap   total 1472512K, used 116209K [0x0000000701e00000, 0x0000000800000000)
  region size 2048K, 14 young (28672K), 14 survivors (28672K)
 Metaspace       used 151736K, committed 160704K, reserved 1245184K
  class space    used 16837K, committed 18368K, reserved 1048576K
}
Event: 70862.709 GC heap before
{Heap before GC invocations=309 (full 5):
 garbage-first heap   total 1472512K, used 321009K [0x0000000701e00000, 0x0000000800000000)
  region size 2048K, 114 young (233472K), 14 survivors (28672K)
 Metaspace       used 153874K, committed 160704K, reserved 1245184K
  class space    used 16979K, committed 18368K, reserved 1048576K
}
Event: 70862.980 GC heap after
{Heap after GC invocations=310 (full 5):
 garbage-first heap   total 1472512K, used 126098K [0x0000000701e00000, 0x0000000800000000)
  region size 2048K, 13 young (26624K), 13 survivors (26624K)
 Metaspace       used 153874K, committed 160704K, reserved 1245184K
  class space    used 16979K, committed 18368K, reserved 1048576K
}
Event: 70863.696 GC heap before
{Heap before GC invocations=310 (full 5):
 garbage-first heap   total 1472512K, used 171154K [0x0000000701e00000, 0x0000000800000000)
  region size 2048K, 35 young (71680K), 13 survivors (26624K)
 Metaspace       used 154303K, committed 160704K, reserved 1245184K
  class space    used 17005K, committed 18368K, reserved 1048576K
}
Event: 70863.868 GC heap after
{Heap after GC invocations=311 (full 5):
 garbage-first heap   total 1472512K, used 127653K [0x0000000701e00000, 0x0000000800000000)
  region size 2048K, 2 young (4096K), 2 survivors (4096K)
 Metaspace       used 154303K, committed 160704K, reserved 1245184K
  class space    used 17005K, committed 18368K, reserved 1048576K
}
Event: 70907.250 GC heap before
{Heap before GC invocations=311 (full 5):
 garbage-first heap   total 1472512K, used 823973K [0x0000000701e00000, 0x0000000800000000)
  region size 2048K, 342 young (700416K), 2 survivors (4096K)
 Metaspace       used 157746K, committed 160704K, reserved 1245184K
  class space    used 17230K, committed 18368K, reserved 1048576K
}
Event: 70907.416 GC heap after
{Heap after GC invocations=312 (full 5):
 garbage-first heap   total 1472512K, used 141178K [0x0000000701e00000, 0x0000000800000000)
  region size 2048K, 9 young (18432K), 9 survivors (18432K)
 Metaspace       used 157746K, committed 160704K, reserved 1245184K
  class space    used 17230K, committed 18368K, reserved 1048576K
}
Event: 70924.242 GC heap before
{Heap before GC invocations=312 (full 5):
 garbage-first heap   total 1472512K, used 223098K [0x0000000701e00000, 0x0000000800000000)
  region size 2048K, 50 young (102400K), 9 survivors (18432K)
 Metaspace       used 157751K, committed 160704K, reserved 1245184K
  class space    used 17230K, committed 18368K, reserved 1048576K
}
Event: 70924.491 GC heap after
{Heap after GC invocations=313 (full 6):
 garbage-first heap   total 294912K, used 77730K [0x0000000701e00000, 0x0000000800000000)
  region size 2048K, 0 young (0K), 0 survivors (0K)
 Metaspace       used 157311K, committed 160704K, reserved 1245184K
  class space    used 17160K, committed 18368K, reserved 1048576K
}
Event: 70928.245 GC heap before
{Heap before GC invocations=313 (full 6):
 garbage-first heap   total 294912K, used 239522K [0x0000000701e00000, 0x0000000800000000)
  region size 2048K, 79 young (161792K), 0 survivors (0K)
 Metaspace       used 160589K, committed 161984K, reserved 1245184K
  class space    used 17495K, committed 18368K, reserved 1048576K
}
Event: 70928.376 GC heap after
{Heap after GC invocations=314 (full 6):
 garbage-first heap   total 294912K, used 92886K [0x0000000701e00000, 0x0000000800000000)
  region size 2048K, 8 young (16384K), 8 survivors (16384K)
 Metaspace       used 160589K, committed 161984K, reserved 1245184K
  class space    used 17495K, committed 18368K, reserved 1048576K
}
Event: 70934.402 GC heap before
{Heap before GC invocations=315 (full 6):
 garbage-first heap   total 294912K, used 232150K [0x0000000701e00000, 0x0000000800000000)
  region size 2048K, 76 young (155648K), 8 survivors (16384K)
 Metaspace       used 160975K, committed 162368K, reserved 1245184K
  class space    used 17532K, committed 18368K, reserved 1048576K
}
Event: 70934.494 GC heap after
{Heap after GC invocations=316 (full 6):
 garbage-first heap   total 589824K, used 97814K [0x0000000701e00000, 0x0000000800000000)
  region size 2048K, 4 young (8192K), 4 survivors (8192K)
 Metaspace       used 160975K, committed 162368K, reserved 1245184K
  class space    used 17532K, committed 18368K, reserved 1048576K
}
Event: 70936.935 GC heap before
{Heap before GC invocations=316 (full 6):
 garbage-first heap   total 589824K, used 441878K [0x0000000701e00000, 0x0000000800000000)
  region size 2048K, 172 young (352256K), 4 survivors (8192K)
 Metaspace       used 161359K, committed 162752K, reserved 1245184K
  class space    used 17578K, committed 18368K, reserved 1048576K
}
Event: 70936.962 GC heap after
{Heap after GC invocations=317 (full 6):
 garbage-first heap   total 589824K, used 102445K [0x0000000701e00000, 0x0000000800000000)
  region size 2048K, 6 young (12288K), 6 survivors (12288K)
 Metaspace       used 161359K, committed 162752K, reserved 1245184K
  class space    used 17578K, committed 18368K, reserved 1048576K
}
Event: 70938.795 GC heap before
{Heap before GC invocations=317 (full 6):
 garbage-first heap   total 589824K, used 442413K [0x0000000701e00000, 0x0000000800000000)
  region size 2048K, 172 young (352256K), 6 survivors (12288K)
 Metaspace       used 163340K, committed 164544K, reserved 1245184K
  class space    used 17766K, committed 18368K, reserved 1048576K
}
Event: 70938.827 GC heap after
{Heap after GC invocations=318 (full 6):
 garbage-first heap   total 589824K, used 112818K [0x0000000701e00000, 0x0000000800000000)
  region size 2048K, 11 young (22528K), 11 survivors (22528K)
 Metaspace       used 163340K, committed 164544K, reserved 1245184K
  class space    used 17766K, committed 18368K, reserved 1048576K
}
Event: 70941.139 GC heap before
{Heap before GC invocations=318 (full 6):
 garbage-first heap   total 589824K, used 442546K [0x0000000701e00000, 0x0000000800000000)
  region size 2048K, 172 young (352256K), 11 survivors (22528K)
 Metaspace       used 166703K, committed 167872K, reserved 1245184K
  class space    used 17987K, committed 18560K, reserved 1048576K
}

Deoptimization events (20 events):
Event: 70941.136 Thread 0x0000022ff93797f0 DEOPT PACKING pc=0x0000022f95138f08 sp=0x000000d5810f89a0
Event: 70941.136 Thread 0x0000022ff93797f0 DEOPT UNPACKING pc=0x0000022f93bf2b43 sp=0x000000d5810f7dd8 mode 1
Event: 70941.136 Thread 0x0000022ff93797f0 DEOPT PACKING pc=0x0000022f8da65e14 sp=0x000000d5810f8a90
Event: 70941.136 Thread 0x0000022ff93797f0 DEOPT UNPACKING pc=0x0000022f93bf2b43 sp=0x000000d5810f7f68 mode 1
Event: 70941.136 Thread 0x0000022ff93797f0 DEOPT PACKING pc=0x0000022f8e78f68c sp=0x000000d5810f8b10
Event: 70941.136 Thread 0x0000022ff93797f0 DEOPT UNPACKING pc=0x0000022f93bf2b43 sp=0x000000d5810f8068 mode 1
Event: 70941.139 Thread 0x0000022ff93797f0 DEOPT PACKING pc=0x0000022f8e95f67c sp=0x000000d5810f86e0
Event: 70941.139 Thread 0x0000022ff93797f0 DEOPT UNPACKING pc=0x0000022f93bf2b43 sp=0x000000d5810f7bd8 mode 1
Event: 70941.139 Thread 0x0000022ff93797f0 DEOPT PACKING pc=0x0000022f8e8c70ec sp=0x000000d5810f87a0
Event: 70941.139 Thread 0x0000022ff93797f0 DEOPT UNPACKING pc=0x0000022f93bf2b43 sp=0x000000d5810f7cf8 mode 1
Event: 70941.139 Thread 0x0000022ff93797f0 DEOPT PACKING pc=0x0000022f8e8c5f1c sp=0x000000d5810f88b0
Event: 70941.139 Thread 0x0000022ff93797f0 DEOPT UNPACKING pc=0x0000022f93bf2b43 sp=0x000000d5810f7d00 mode 1
Event: 70941.139 Thread 0x0000022ff93797f0 DEOPT PACKING pc=0x0000022f8cddf184 sp=0x000000d5810f8910
Event: 70941.139 Thread 0x0000022ff93797f0 DEOPT UNPACKING pc=0x0000022f93bf2b43 sp=0x000000d5810f7df0 mode 1
Event: 70941.139 Thread 0x0000022ff93797f0 DEOPT PACKING pc=0x0000022f95138f08 sp=0x000000d5810f89a0
Event: 70941.139 Thread 0x0000022ff93797f0 DEOPT UNPACKING pc=0x0000022f93bf2b43 sp=0x000000d5810f7dd8 mode 1
Event: 70941.139 Thread 0x0000022ff93797f0 DEOPT PACKING pc=0x0000022f8da65e14 sp=0x000000d5810f8a90
Event: 70941.139 Thread 0x0000022ff93797f0 DEOPT UNPACKING pc=0x0000022f93bf2b43 sp=0x000000d5810f7f68 mode 1
Event: 70941.139 Thread 0x0000022ff93797f0 DEOPT PACKING pc=0x0000022f8e78f68c sp=0x000000d5810f8b10
Event: 70941.139 Thread 0x0000022ff93797f0 DEOPT UNPACKING pc=0x0000022f93bf2b43 sp=0x000000d5810f8068 mode 1

Classes unloaded (20 events):
Event: 70924.270 Thread 0x0000022fa7b44bf0 Unloading class 0x0000022faa22b400 'jdk/internal/reflect/GeneratedSerializationConstructorAccessor688'
Event: 70924.270 Thread 0x0000022fa7b44bf0 Unloading class 0x0000022faa20ac00 'jdk/internal/reflect/GeneratedSerializationConstructorAccessor687'
Event: 70924.270 Thread 0x0000022fa7b44bf0 Unloading class 0x0000022faa1fdc00 'jdk/internal/reflect/GeneratedSerializationConstructorAccessor686'
Event: 70924.270 Thread 0x0000022fa7b44bf0 Unloading class 0x0000022faa189c00 'jdk/internal/reflect/GeneratedSerializationConstructorAccessor685'
Event: 70924.270 Thread 0x0000022fa7b44bf0 Unloading class 0x0000022faa188400 'jdk/internal/reflect/GeneratedSerializationConstructorAccessor684'
Event: 70924.270 Thread 0x0000022fa7b44bf0 Unloading class 0x0000022faa327400 'jdk/internal/reflect/GeneratedSerializationConstructorAccessor683'
Event: 70924.270 Thread 0x0000022fa7b44bf0 Unloading class 0x0000022faa32a000 'jdk/internal/reflect/GeneratedSerializationConstructorAccessor682'
Event: 70924.270 Thread 0x0000022fa7b44bf0 Unloading class 0x0000022faa32dc00 'jdk/internal/reflect/GeneratedSerializationConstructorAccessor681'
Event: 70924.270 Thread 0x0000022fa7b44bf0 Unloading class 0x0000022faa330c00 'jdk/internal/reflect/GeneratedSerializationConstructorAccessor680'
Event: 70924.270 Thread 0x0000022fa7b44bf0 Unloading class 0x0000022faa333800 'jdk/internal/reflect/GeneratedSerializationConstructorAccessor679'
Event: 70924.270 Thread 0x0000022fa7b44bf0 Unloading class 0x0000022faa336800 'jdk/internal/reflect/GeneratedSerializationConstructorAccessor678'
Event: 70924.270 Thread 0x0000022fa7b44bf0 Unloading class 0x0000022faa33b400 'jdk/internal/reflect/GeneratedSerializationConstructorAccessor677'
Event: 70924.270 Thread 0x0000022fa7b44bf0 Unloading class 0x0000022faa345800 'jdk/internal/reflect/GeneratedSerializationConstructorAccessor676'
Event: 70924.271 Thread 0x0000022fa7b44bf0 Unloading class 0x0000022fa9011400 'jdk/internal/reflect/GeneratedSerializationConstructorAccessor675'
Event: 70924.271 Thread 0x0000022fa7b44bf0 Unloading class 0x0000022faa479000 'org/apache/catalina/loader/JdbcLeakPrevention'
Event: 70924.271 Thread 0x0000022fa7b44bf0 Unloading class 0x0000022faa188800 'jdk/internal/reflect/GeneratedMethodAccessor190'
Event: 70924.271 Thread 0x0000022fa7b44bf0 Unloading class 0x0000022faa188000 'jdk/internal/reflect/GeneratedMethodAccessor188'
Event: 70924.271 Thread 0x0000022fa7b44bf0 Unloading class 0x0000022fa9b73c00 'jdk/internal/reflect/GeneratedMethodAccessor42'
Event: 70924.271 Thread 0x0000022fa7b44bf0 Unloading class 0x0000022fa9b71c00 'jdk/internal/reflect/GeneratedMethodAccessor34'
Event: 70924.271 Thread 0x0000022fa7b44bf0 Unloading class 0x0000022fa9b71800 'jdk/internal/reflect/GeneratedMethodAccessor33'

Classes redefined (8 events):
Event: 1.635 Thread 0x0000022fa7b44bf0 redefined class name=java.lang.Throwable, count=1
Event: 6036.007 Thread 0x0000022fa7b44bf0 redefined class name=com.smartsolutions.eschool.academic.repository.StudentExamAttendanceRepository, count=1
Event: 6043.917 Thread 0x0000022fa7b44bf0 redefined class name=com.smartsolutions.eschool.academic.repository.StudentExamAttendanceRepository, count=1
Event: 70930.439 Thread 0x0000022fa7b44bf0 redefined class name=com.smartsolutions.eschool.academic.dto.response.reports.ExamAttendanceSummaryDTO, count=1
Event: 70932.491 Thread 0x0000022fa7b44bf0 redefined class name=com.smartsolutions.eschool.academic.repository.StudentExamAttendanceRepository, count=2
Event: 70932.595 Thread 0x0000022fa7b44bf0 redefined class name=com.smartsolutions.eschool.academic.repository.StudentExamAttendanceRepository, count=1
Event: 70932.695 Thread 0x0000022fa7b44bf0 redefined class name=com.smartsolutions.eschool.academic.repository.StudentExamAttendanceRepository, count=1
Event: 70932.806 Thread 0x0000022fa7b44bf0 redefined class name=com.smartsolutions.eschool.academic.repository.StudentExamAttendanceRepository, count=1

Internal exceptions (20 events):
Event: 70867.442 Thread 0x0000022ff93783b0 Exception <a 'sun/nio/fs/WindowsException'{0x0000000742009500}> (0x0000000742009500) 
thrown [s\open\src\hotspot\share\prims\jni.cpp, line 516]
Event: 70867.442 Thread 0x0000022ff93783b0 Exception <a 'sun/nio/fs/WindowsException'{0x0000000742009790}> (0x0000000742009790) 
thrown [s\open\src\hotspot\share\prims\jni.cpp, line 516]
Event: 70924.172 Thread 0x0000022fff43c450 Exception <a 'java/lang/InterruptedException'{0x0000000756b3f360}: sleep interrupted> (0x0000000756b3f360) 
thrown [s\open\src\hotspot\share\prims\jvm.cpp, line 3064]
Event: 70924.506 Thread 0x0000022ff93797f0 Exception <a 'sun/nio/fs/WindowsException'{0x0000000713cfdaf8}> (0x0000000713cfdaf8) 
thrown [s\open\src\hotspot\share\prims\jni.cpp, line 516]
Event: 70924.585 Thread 0x0000022ff93797f0 Exception <a 'sun/nio/fs/WindowsException'{0x000000071386aa78}> (0x000000071386aa78) 
thrown [s\open\src\hotspot\share\prims\jni.cpp, line 516]
Event: 70926.911 Thread 0x0000022ff93797f0 Exception <a 'sun/nio/fs/WindowsException'{0x000000070d686098}> (0x000000070d686098) 
thrown [s\open\src\hotspot\share\prims\jni.cpp, line 516]
Event: 70927.680 Thread 0x0000022ff93797f0 Exception <a 'sun/nio/fs/WindowsException'{0x000000070c49a9a0}> (0x000000070c49a9a0) 
thrown [s\open\src\hotspot\share\prims\jni.cpp, line 516]
Event: 70928.573 Thread 0x0000022ff93797f0 Exception <a 'java/lang/NoClassDefFoundError'{0x00000007135ea720}: org/flywaydb/core/Flyway> (0x00000007135ea720) 
thrown [s\open\src\hotspot\share\oops\constantPool.cpp, line 837]
Event: 70928.573 Thread 0x0000022ff93797f0 Exception <a 'java/lang/NoClassDefFoundError'{0x00000007135eadb0}: liquibase/integration/spring/SpringLiquibase> (0x00000007135eadb0) 
thrown [s\open\src\hotspot\share\oops\constantPool.cpp, line 837]
Event: 70928.579 Thread 0x0000022ff93797f0 Exception <a 'java/lang/NoClassDefFoundError'{0x0000000713025290}: org/jooq/DSLContext> (0x0000000713025290) 
thrown [s\open\src\hotspot\share\oops\constantPool.cpp, line 837]
Event: 70928.580 Thread 0x0000022ff93797f0 Exception <a 'java/lang/NoClassDefFoundError'{0x00000007130680c0}: org/springframework/batch/core/repository/JobRepository> (0x00000007130680c0) 
thrown [s\open\src\hotspot\share\oops\constantPool.cpp, line 837]
Event: 70928.580 Thread 0x0000022ff93797f0 Exception <a 'java/lang/NoClassDefFoundError'{0x0000000713068748}: org/quartz/Scheduler> (0x0000000713068748) 
thrown [s\open\src\hotspot\share\oops\constantPool.cpp, line 837]
Event: 70928.580 Thread 0x0000022ff93797f0 Exception <a 'java/lang/NoClassDefFoundError'{0x0000000713068df8}: org/springframework/session/jdbc/JdbcIndexedSessionRepository> (0x0000000713068df8) 
thrown [s\open\src\hotspot\share\oops\constantPool.cpp, line 837]
Event: 70932.896 Thread 0x0000022ff93797f0 Exception <a 'sun/nio/fs/WindowsException'{0x000000071214e208}> (0x000000071214e208) 
thrown [s\open\src\hotspot\share\prims\jni.cpp, line 516]
Event: 70932.897 Thread 0x0000022ff93797f0 Exception <a 'sun/nio/fs/WindowsException'{0x000000071214e940}> (0x000000071214e940) 
thrown [s\open\src\hotspot\share\prims\jni.cpp, line 516]
Event: 70932.897 Thread 0x0000022ff93797f0 Exception <a 'sun/nio/fs/WindowsException'{0x000000071214f058}> (0x000000071214f058) 
thrown [s\open\src\hotspot\share\prims\jni.cpp, line 516]
Event: 70932.911 Thread 0x0000022ff93797f0 Exception <a 'java/io/FileNotFoundException'{0x0000000712198178}> (0x0000000712198178) 
thrown [s\open\src\hotspot\share\prims\jni.cpp, line 516]
Event: 70933.000 Thread 0x0000022ff93797f0 Exception <a 'sun/nio/fs/WindowsException'{0x000000071151a8b0}> (0x000000071151a8b0) 
thrown [s\open\src\hotspot\share\prims\jni.cpp, line 516]
Event: 70938.360 Thread 0x0000022ff93797f0 Exception <a 'java/io/FileNotFoundException'{0x000000071545bf50}> (0x000000071545bf50) 
thrown [s\open\src\hotspot\share\prims\jni.cpp, line 516]
Event: 70940.778 Thread 0x0000022ff93797f0 Exception <a 'sun/nio/fs/WindowsException'{0x0000000716bb11e0}> (0x0000000716bb11e0) 
thrown [s\open\src\hotspot\share\prims\jni.cpp, line 516]

VM Operations (20 events):
Event: 70932.553 Executing VM operation: RedefineClasses done
Event: 70932.554 Executing VM operation: RedefineClasses
Event: 70932.648 Executing VM operation: RedefineClasses done
Event: 70932.649 Executing VM operation: RedefineClasses
Event: 70932.750 Executing VM operation: RedefineClasses done
Event: 70932.751 Executing VM operation: RedefineClasses
Event: 70932.854 Executing VM operation: RedefineClasses done
Event: 70933.860 Executing VM operation: Cleanup
Event: 70933.860 Executing VM operation: Cleanup done
Event: 70934.402 Executing VM operation: G1CollectForAllocation
Event: 70934.494 Executing VM operation: G1CollectForAllocation done
Event: 70936.935 Executing VM operation: G1CollectForAllocation
Event: 70936.962 Executing VM operation: G1CollectForAllocation done
Event: 70938.795 Executing VM operation: G1CollectForAllocation
Event: 70938.827 Executing VM operation: G1CollectForAllocation done
Event: 70939.204 Executing VM operation: HandshakeAllThreads
Event: 70939.289 Executing VM operation: HandshakeAllThreads done
Event: 70940.296 Executing VM operation: Cleanup
Event: 70940.328 Executing VM operation: Cleanup done
Event: 70941.139 Executing VM operation: G1CollectForAllocation

Events (20 events):
Event: 70940.731 loading class com/smartsolutions/eschool/employee/service/SalaryStructureService$$SpringCGLIB$$0
Event: 70940.731 loading class com/smartsolutions/eschool/employee/service/SalaryStructureService$$SpringCGLIB$$0 done
Event: 70940.838 loading class com/smartsolutions/eschool/institute/service/impl/InstituteFinancialSettingsServiceImpl$$SpringCGLIB$$0
Event: 70940.838 loading class com/smartsolutions/eschool/institute/service/impl/InstituteFinancialSettingsServiceImpl$$SpringCGLIB$$0 done
Event: 70940.861 loading class com/smartsolutions/eschool/lookups/service/CurrencyService$$SpringCGLIB$$0
Event: 70940.861 loading class com/smartsolutions/eschool/lookups/service/CurrencyService$$SpringCGLIB$$0 done
Event: 70940.884 loading class com/smartsolutions/eschool/lookups/service/CurriculumService$$SpringCGLIB$$0
Event: 70940.884 loading class com/smartsolutions/eschool/lookups/service/CurriculumService$$SpringCGLIB$$0 done
Event: 70940.910 loading class com/smartsolutions/eschool/lookups/service/EducationLevelService$$SpringCGLIB$$0
Event: 70940.910 loading class com/smartsolutions/eschool/lookups/service/EducationLevelService$$SpringCGLIB$$0 done
Event: 70940.937 loading class com/smartsolutions/eschool/lookups/service/FacilityTypeService$$SpringCGLIB$$0
Event: 70940.937 loading class com/smartsolutions/eschool/lookups/service/FacilityTypeService$$SpringCGLIB$$0 done
Event: 70940.958 loading class com/smartsolutions/eschool/lookups/service/FeeRecurrenceRuleService$$SpringCGLIB$$0
Event: 70940.958 loading class com/smartsolutions/eschool/lookups/service/FeeRecurrenceRuleService$$SpringCGLIB$$0 done
Event: 70940.979 loading class com/smartsolutions/eschool/lookups/service/LanguageService$$SpringCGLIB$$0
Event: 70940.979 loading class com/smartsolutions/eschool/lookups/service/LanguageService$$SpringCGLIB$$0 done
Event: 70941.026 loading class com/smartsolutions/eschool/school/repository/DashBoardDaoImp$$SpringCGLIB$$0
Event: 70941.026 loading class com/smartsolutions/eschool/school/repository/DashBoardDaoImp$$SpringCGLIB$$0 done
Event: 70941.029 loading class com/smartsolutions/eschool/school/service/DashBoardService$$SpringCGLIB$$0
Event: 70941.029 loading class com/smartsolutions/eschool/school/service/DashBoardService$$SpringCGLIB$$0 done


Dynamic libraries:
0x00007ff6bf1c0000 - 0x00007ff6bf1d0000 	C:\Program Files\Java\jdk-17\bin\java.exe
0x00007fffabca0000 - 0x00007fffabf08000 	C:\WINDOWS\SYSTEM32\ntdll.dll
0x00007fffaaf50000 - 0x00007fffab019000 	C:\WINDOWS\System32\KERNEL32.DLL
0x00007fffa8580000 - 0x00007fffa8971000 	C:\WINDOWS\System32\KERNELBASE.dll
0x00007fffa8ab0000 - 0x00007fffa8bfb000 	C:\WINDOWS\System32\ucrtbase.dll
0x00007fff903e0000 - 0x00007fff903f9000 	C:\Program Files\Java\jdk-17\bin\jli.dll
0x00007fff90450000 - 0x00007fff9046b000 	C:\Program Files\Java\jdk-17\bin\VCRUNTIME140.dll
0x00007fffa9f10000 - 0x00007fffa9fc4000 	C:\WINDOWS\System32\ADVAPI32.dll
0x00007fffa9fd0000 - 0x00007fffaa079000 	C:\WINDOWS\System32\msvcrt.dll
0x00007fffaa110000 - 0x00007fffaa1b6000 	C:\WINDOWS\System32\sechost.dll
0x00007fffab550000 - 0x00007fffab668000 	C:\WINDOWS\System32\RPCRT4.dll
0x00007fffab8b0000 - 0x00007fffaba76000 	C:\WINDOWS\System32\USER32.dll
0x00007fffa7640000 - 0x00007fffa78d3000 	C:\WINDOWS\WinSxS\amd64_microsoft.windows.common-controls_6595b64144ccf1df_6.0.26100.7824_none_3e0870b2e3345462\COMCTL32.dll
0x00007fffa8cb0000 - 0x00007fffa8cd7000 	C:\WINDOWS\System32\win32u.dll
0x00007fffab3d0000 - 0x00007fffab3fb000 	C:\WINDOWS\System32\GDI32.dll
0x00007fffa8980000 - 0x00007fffa8aab000 	C:\WINDOWS\System32\gdi32full.dll
0x00007fffa95e0000 - 0x00007fffa9683000 	C:\WINDOWS\System32\msvcp_win.dll
0x00007fff9c4b0000 - 0x00007fff9c4bb000 	C:\WINDOWS\SYSTEM32\VERSION.dll
0x00007fffaa650000 - 0x00007fffaa681000 	C:\WINDOWS\System32\IMM32.DLL
0x00007fff8f950000 - 0x00007fff8f95c000 	C:\Program Files\Java\jdk-17\bin\vcruntime140_1.dll
0x00007fff79690000 - 0x00007fff7971e000 	C:\Program Files\Java\jdk-17\bin\msvcp140.dll
0x00007fff211f0000 - 0x00007fff21dd0000 	C:\Program Files\Java\jdk-17\bin\server\jvm.dll
0x00007fffab410000 - 0x00007fffab418000 	C:\WINDOWS\System32\PSAPI.DLL
0x00007fff98870000 - 0x00007fff988a5000 	C:\WINDOWS\SYSTEM32\WINMM.dll
0x00007fff9ba90000 - 0x00007fff9ba9a000 	C:\WINDOWS\SYSTEM32\WSOCK32.dll
0x00007fffaa090000 - 0x00007fffaa104000 	C:\WINDOWS\System32\WS2_32.dll
0x00007fffa6a80000 - 0x00007fffa6a9b000 	C:\WINDOWS\SYSTEM32\kernel.appcore.dll
0x00007fff8f940000 - 0x00007fff8f94a000 	C:\Program Files\Java\jdk-17\bin\jimage.dll
0x00007fffa7cf0000 - 0x00007fffa7f32000 	C:\WINDOWS\SYSTEM32\DBGHELP.DLL
0x00007fffa9b80000 - 0x00007fffa9f06000 	C:\WINDOWS\System32\combase.dll
0x00007fffa9aa0000 - 0x00007fffa9b77000 	C:\WINDOWS\System32\OLEAUT32.dll
0x00007fffa7c20000 - 0x00007fffa7c5b000 	C:\WINDOWS\SYSTEM32\dbgcore.DLL
0x00007fffa8c00000 - 0x00007fffa8ca5000 	C:\WINDOWS\System32\bcryptPrimitives.dll
0x00007fff79820000 - 0x00007fff7985b000 	C:\Program Files\Java\jdk-17\bin\jdwp.dll
0x00007fff872b0000 - 0x00007fff872be000 	C:\Program Files\Java\jdk-17\bin\instrument.dll
0x00007fff79860000 - 0x00007fff79885000 	C:\Program Files\Java\jdk-17\bin\java.dll
0x00007fff7f520000 - 0x00007fff7f538000 	C:\Program Files\Java\jdk-17\bin\zip.dll
0x00007fff3c150000 - 0x00007fff3c227000 	C:\Program Files\Java\jdk-17\bin\jsvml.dll
0x00007fffaa7f0000 - 0x00007fffaaf42000 	C:\WINDOWS\System32\SHELL32.dll
0x00007fffa98d0000 - 0x00007fffa9a3a000 	C:\WINDOWS\System32\wintypes.dll
0x00007fffa8d70000 - 0x00007fffa95d3000 	C:\WINDOWS\System32\windows.storage.dll
0x00007fffab2d0000 - 0x00007fffab3c6000 	C:\WINDOWS\System32\SHCORE.dll
0x00007fffab4e0000 - 0x00007fffab547000 	C:\WINDOWS\System32\shlwapi.dll
0x00007fffa84a0000 - 0x00007fffa84c9000 	C:\WINDOWS\SYSTEM32\profapi.dll
0x00007fff7de40000 - 0x00007fff7de4c000 	C:\Program Files\Java\jdk-17\bin\dt_socket.dll
0x00007fffa6450000 - 0x00007fffa6484000 	C:\WINDOWS\SYSTEM32\IPHLPAPI.DLL
0x00007fffa7130000 - 0x00007fffa719b000 	C:\WINDOWS\system32\mswsock.dll
0x00007fff8ef50000 - 0x00007fff8ef69000 	C:\Program Files\Java\jdk-17\bin\net.dll
0x00007fff9c760000 - 0x00007fff9c887000 	C:\WINDOWS\SYSTEM32\WINHTTP.dll
0x00007fff88340000 - 0x00007fff88356000 	C:\Program Files\Java\jdk-17\bin\nio.dll
0x00007fff7dbb0000 - 0x00007fff7dbba000 	C:\Program Files\Java\jdk-17\bin\management.dll
0x00007fff7dba0000 - 0x00007fff7dbab000 	C:\Program Files\Java\jdk-17\bin\management_ext.dll
0x00007fff879c0000 - 0x00007fff879ce000 	C:\Program Files\Java\jdk-17\bin\sunmscapi.dll
0x00007fffa9750000 - 0x00007fffa98c7000 	C:\WINDOWS\System32\CRYPT32.dll
0x00007fffa78e0000 - 0x00007fffa7910000 	C:\WINDOWS\SYSTEM32\ncrypt.dll
0x00007fffa75f0000 - 0x00007fffa762f000 	C:\WINDOWS\SYSTEM32\NTASN1.dll
0x00007fffa80a0000 - 0x00007fffa80bb000 	C:\WINDOWS\SYSTEM32\CRYPTSP.dll
0x00007fffa6990000 - 0x00007fffa69c9000 	C:\WINDOWS\system32\rsaenh.dll
0x00007fffa71e0000 - 0x00007fffa720b000 	C:\WINDOWS\SYSTEM32\USERENV.dll
0x00007fffa8470000 - 0x00007fffa849a000 	C:\WINDOWS\SYSTEM32\bcrypt.dll
0x00007fffa7530000 - 0x00007fffa753c000 	C:\WINDOWS\SYSTEM32\CRYPTBASE.dll
0x00007fffab400000 - 0x00007fffab40a000 	C:\WINDOWS\System32\NSI.dll
0x00007fff9c8c0000 - 0x00007fff9c8de000 	C:\WINDOWS\SYSTEM32\dhcpcsvc6.DLL
0x00007fff9c6a0000 - 0x00007fff9c6c3000 	C:\WINDOWS\SYSTEM32\dhcpcsvc.DLL
0x00007fffa64e0000 - 0x00007fffa660c000 	C:\WINDOWS\SYSTEM32\DNSAPI.dll
0x00007fff7c650000 - 0x00007fff7c660000 	C:\Program Files\Java\jdk-17\bin\verify.dll
0x00007fff9a5b0000 - 0x00007fff9a5bb000 	C:\Windows\System32\rasadhlp.dll
0x00007fff9bb60000 - 0x00007fff9bbe6000 	C:\WINDOWS\System32\fwpuclnt.dll
0x00007fff99d80000 - 0x00007fff99d88000 	C:\WINDOWS\system32\wshunix.dll

dbghelp: loaded successfully - version: 4.0.5 - missing functions: none
symbol engine: initialized successfully - sym options: 0x614 - pdb path: .;C:\Program Files\Java\jdk-17\bin;C:\WINDOWS\SYSTEM32;C:\WINDOWS\WinSxS\amd64_microsoft.windows.common-controls_6595b64144ccf1df_6.0.26100.7824_none_3e0870b2e3345462;C:\Program Files\Java\jdk-17\bin\server

VM Arguments:
jvm_args: -agentlib:jdwp=transport=dt_socket,address=127.0.0.1:19334,suspend=y,server=n -javaagent:C:\Users\Expertflow\AppData\Local\JetBrains\IdeaIC2025.2\captureAgent\debugger-agent.jar=file:///C:/Users/EXPERT~1/AppData/Local/Temp/capture6584667899126558992.props -Dkotlinx.coroutines.debug.enable.creation.stack.trace=false -Ddebugger.agent.enable.coroutines=true -Dkotlinx.coroutines.debug.enable.flows.stack.trace=true -Dkotlinx.coroutines.debug.enable.mutable.state.flows.stack.trace=true -Dfile.encoding=UTF-8 
java_command: com.smartsolutions.eschool.ESchoolApplication
java_class_path (initial): D:\SMS\sms\target\classes;C:\Users\Expertflow\.m2\repository\org\hibernate\orm\hibernate-core\6.4.1.Final\hibernate-core-6.4.1.Final.jar;C:\Users\Expertflow\.m2\repository\jakarta\persistence\jakarta.persistence-api\3.1.0\jakarta.persistence-api-3.1.0.jar;C:\Users\Expertflow\.m2\repository\jakarta\transaction\jakarta.transaction-api\2.0.1\jakarta.transaction-api-2.0.1.jar;C:\Users\Expertflow\.m2\repository\org\jboss\logging\jboss-logging\3.5.3.Final\jboss-logging-3.5.3.Final.jar;C:\Users\Expertflow\.m2\repository\org\hibernate\common\hibernate-commons-annotations\6.0.6.Final\hibernate-commons-annotations-6.0.6.Final.jar;C:\Users\Expertflow\.m2\repository\io\smallrye\jandex\3.1.2\jandex-3.1.2.jar;C:\Users\Expertflow\.m2\repository\com\fasterxml\classmate\1.6.0\classmate-1.6.0.jar;C:\Users\Expertflow\.m2\repository\net\bytebuddy\byte-buddy\1.14.13\byte-buddy-1.14.13.jar;C:\Users\Expertflow\.m2\repository\jakarta\xml\bind\jakarta.xml.bind-api\4.0.2\jakarta.xml.bind-api-4.0.2.jar;C:\Users\Expertflow\.m2\repository\jakarta\activation\jakarta.activation-api\2.1.3\jakarta.activation-api-2.1.3.jar;C:\Users\Expertflow\.m2\repository\org\glassfish\jaxb\jaxb-runtime\4.0.5\jaxb-runtime-4.0.5.jar;C:\Users\Expertflow\.m2\repository\org\glassfish\jaxb\jaxb-core\4.0.5\jaxb-core-4.0.5.jar;C:\Users\Expertflow\.m2\repository\org\eclipse\angus\angus-activation\2.0.2\angus-activation-2.0.2.jar;C:\Users\Expertflow\.m2\repository\org\glassfish\jaxb\txw2\4.0.5\txw2-4.0.5.jar;C:\Users\Expertflow\.m2\repository\com\sun\istack\istack-commons-runtime\4.1.2\istack-commons-runtime-4.1.2.jar;C:\Users\Expertflow\.m2\repository\jakarta\inject\jakarta.inject-api\2.0.1\jakarta.inject-api-2.0.1.jar;C:\Users\Expertflow\.m2\repository\org\antlr\antlr4-runtime\4.13.0\antlr4-runtime-4.13.0.jar;C:\Users\Expertflow\.m2\repository\org\springframework\boot\spring-boot-starter-data-jpa\3.2.5\spring-boot-starter-data-jpa-3.2.5.jar;C:\Users\Expertflow\.m2\repository\org\springframewo
Launcher Type: SUN_STANDARD

[Global flags]
     intx CICompilerCount                          = 4                                         {product} {ergonomic}
     uint ConcGCThreads                            = 2                                         {product} {ergonomic}
     uint G1ConcRefinementThreads                  = 8                                         {product} {ergonomic}
   size_t G1HeapRegionSize                         = 2097152                                   {product} {ergonomic}
    uintx GCDrainStackTargetSize                   = 64                                        {product} {ergonomic}
   size_t InitialHeapSize                          = 268435456                                 {product} {ergonomic}
   size_t MarkStackSize                            = 4194304                                   {product} {ergonomic}
   size_t MaxHeapSize                              = 4263510016                                {product} {ergonomic}
   size_t MaxNewSize                               = 2556428288                                {product} {ergonomic}
   size_t MinHeapDeltaBytes                        = 2097152                                   {product} {ergonomic}
   size_t MinHeapSize                              = 8388608                                   {product} {ergonomic}
    uintx NonNMethodCodeHeapSize                   = 5839372                                {pd product} {ergonomic}
    uintx NonProfiledCodeHeapSize                  = 122909434                              {pd product} {ergonomic}
    uintx ProfiledCodeHeapSize                     = 122909434                              {pd product} {ergonomic}
    uintx ReservedCodeCacheSize                    = 251658240                              {pd product} {ergonomic}
     bool SegmentedCodeCache                       = true                                      {product} {ergonomic}
   size_t SoftMaxHeapSize                          = 4263510016                             {manageable} {ergonomic}
     bool UseCompressedClassPointers               = true                           {product lp64_product} {ergonomic}
     bool UseCompressedOops                        = true                           {product lp64_product} {ergonomic}
     bool UseG1GC                                  = true                                      {product} {ergonomic}
     bool UseLargePagesIndividualAllocation        = false                                  {pd product} {ergonomic}

Logging:
Log output configuration:
 #0: stdout all=warning uptime,level,tags
 #1: stderr all=off uptime,level,tags

Environment Variables:
PATH=C:\Program Files\Common Files\Oracle\Java\javapath;C:\WINDOWS\system32;C:\WINDOWS;C:\WINDOWS\System32\Wbem;C:\WINDOWS\System32\WindowsPowerShell\v1.0\;C:\WINDOWS\System32\OpenSSH\;C:\Program Files\Java\jdk-17\bin;C:\Users\Expertflow\.dnx\bin;C:\Program Files\Microsoft DNX\Dnvm\;C:\Program Files\Microsoft SQL Server\120\Tools\Binn\;C:\Program Files\Microsoft SQL Server\130\Tools\Binn\;C:\Program Files\Git\cmd;C:\Program Files\nodejs\;C:\Program Files\Docker\Docker\resources\bin;C:\Program Files\apache-maven-3.9.11-bin\apache-maven-3.9.11\bin;C:\Users\Expertflow\AppData\Local\Microsoft\WindowsApps;C:\Users\Expertflow\AppData\Local\Programs\Microsoft VS Code\bin;C:\Users\Expertflow\AppData\Roaming\npm;C:\Users\Expertflow\AppData\Local\Programs\Antigravity\bin
USERNAME=Expertflow
OS=Windows_NT
PROCESSOR_IDENTIFIER=Intel64 Family 6 Model 158 Stepping 9, GenuineIntel



---------------  S Y S T E M  ---------------

OS:
 Windows 11 , 64 bit Build 26100 (10.0.26100.7705)
OS uptime: 2 days 11:14 hours
Hyper-V role detected

CPU: total 8 (initial active 8) (4 cores per cpu, 2 threads per core) family 6 model 158 stepping 9 microcode 0xf8, cx8, cmov, fxsr, ht, mmx, 3dnowpref, sse, sse2, sse3, ssse3, sse4.1, sse4.2, popcnt, lzcnt, tsc, tscinvbit, avx, avx2, aes, erms, clmul, bmi1, bmi2, rtm, adx, fma, vzeroupper, clflush, clflushopt, hv

Memory: 4k page, system-wide physical 16259M (2464M free)
TotalPageFile size 34701M (AvailPageFile size 11067M)
current process WorkingSet (physical memory assigned to process): 997M, peak: 1975M
current process commit charge ("private bytes"): 1169M, peak: 3346M

vm_info: Java HotSpot(TM) 64-Bit Server VM (17.0.12+8-LTS-286) for windows-amd64 JRE (17.0.12+8-LTS-286), built on Jun  5 2024 06:46:59 by "mach5one" with MS VC++ 17.6 (VS2022)

END.
